4 4 -1
-1 44 4
-1 -1 -1
-1 15 4
4 4 -1
-1 14 4
4 4 -1
-1 13 4
4 4 -1
13 7 -1
-1 12 4
4 4 -1
12 6 -1
-1 5 4
4 4 -1
-1 3 4
4 4 -1
4 4 -1
44 -1 7
0 44 -1
44 0 -1
-1 -1 -1
5 -1 7
44 5 -1
-1 -1 -1
44 -1 7
6 44 -1
44 -1 -1
4 4 -1
-1 44 4
-1 -1 -1
-1 15 4
4 4 -1
8 -1 -1
-1 14 4
4 4 -1
14 7 -1
-1 13 4
4 4 -1
-1 12 4
4 4 -1
-1 5 4
4 4 -1
-1 3 4
4 4 -1
4 4 -1
44 7 7
-1 6 4
-1 -1 -1
44 -1 14
0 44 -1
6 0 -1
0 0 -1
44 0 -1
-1 -1 -1
0 0 -1
44 0 -1
-1 44 -1
3 -1 14
44 3 -1
-1 -1 -1
45 -1 -1
45 -1 45
44 45 14
-1 -1 -1
45 -1 -1
45 -1 45
44 45 14
-1 -1 -1
45 -1 -1
45 -1 45
44 45 14
-1 -1 -1
45 -1 -1
45 -1 45
44 45 14
-1 -1 -1
45 -1 -1
45 -1 45
44 45 14
-1 -1 -1
0 3 -1
45 -1 0
44 45 -1
-1 -1 -1
45 -1 0
44 45 -1
-1 -1 -1
45 -1 -1
45 -1 45
44 3 45
-1 -1 -1
0 3 -1
0 0 -1
0 0 3
0 0 -1
0 0 -1
2 -1 0
5 -1 0
44 2 2
-1 -1 -1
45 -1 2
44 3 45
-1 -1 -1
-1 -1 -1
44 -1 -1
-1 3 44
44 -1 -1
-1 2 44
0 -1 2
0 0 -1
8 8 0
-1 -1 -1
4 4 -1
0 8 -1
3 -1 4
4 4 -1
5 -1 4
4 4 -1
12 -1 4
4 4 -1
13 -1 4
4 4 -1
14 -1 4
4 4 -1
15 -1 4
4 4 -1
44 -1 4
4 4 -1
-1 44 -1
12 0 -1
12 12 -1
-1 -1 -1
45 -1 -1
45 -1 45
44 5 45
-1 -1 -1
44 -1 -1
2 -1 44
44 2 2
-1 -1 -1
0 -1 2
44 5 0
-1 -1 -1
45 -1 -1
45 -1 45
44 5 45
-1 -1 -1
44 -1 -1
2 -1 44
44 2 2
-1 -1 -1
45 -1 2
44 45 -1
-1 44 2
44 5 -1
12 12 -1
-1 -1 -1
7 -1 -1
1 5 -1
44 -1 -1
6 -1 44
7 7 1
0 -1 5
14 7 -1
14 14 6
44 0 -1
-1 -1 -1
0 -1 5
44 0 -1
-1 -1 -1
0 -1 5
44 0 -1
-1 -1 -1
0 -1 5
44 0 -1
-1 -1 -1
44 -1 13
0 44 -1
44 0 -1
-1 -1 -1
44 0 -1
-1 -1 -1
0 0 -1
45 -1 -1
45 -1 45
44 45 -1
1 -1 -1
44 -1 0
0 44 -1
2 -1 0
-1 -1 -1
2 -1 0
1 -1 -1
0 2 -1
2 2 -1
44 0 2
44 44 1
0 44 -1
2 44 -1
1 0 -1
-1 -1 -1
13 5 1
0 7 -1
3 -1 5
0 0 -1
6 6 0
44 13 3
44 -1 -1
-1 6 44
-1 -1 -1
44 14 14
-1 -1 -1
4 4 -1
3 -1 4
4 4 -1
5 -1 4
4 4 -1
12 -1 4
4 4 -1
13 -1 4
4 4 -1
14 -1 4
4 4 -1
15 -1 4
4 4 -1
44 -1 4
4 4 -1
-1 44 -1
-1 -1 -1
3 3 -1
44 3 -1
-1 -1 -1
2 -1 5
0 3 -1
0 0 2
45 -1 0
44 45 -1
-1 -1 -1
3 3 -1
44 3 -1
-1 -1 -1
4 4 -1
3 -1 4
4 4 -1
5 -1 4
4 4 -1
44 -1 4
4 4 -1
-1 44 -1
1 -1 5
45 -1 1
44 45 -1
-1 -1 -1
3 -1 5
44 3 3
-1 -1 -1
45 -1 5
44 45 -1
3 -1 5
13 -1 -1
13 -1 -1
45 -1 5
44 45 3
3 -1 5
0 -1 -1
0 -1 -1
12 -1 -1
13 13 0
-1 -1 -1
0 -1 3
44 0 0
-1 -1 -1
7 -1 0
44 -1 7
0 44 -1
44 0 -1
-1 -1 -1
6 -1 -1
44 -1 -1
4 4 -1
-1 44 4
-1 -1 -1
-1 15 4
4 4 -1
-1 14 4
4 4 -1
-1 13 4
4 4 -1
13 7 -1
-1 12 4
4 4 -1
12 6 -1
-1 5 4
4 4 -1
-1 3 4
4 4 -1
4 4 -1
44 -1 7
0 44 -1
44 0 -1
-1 -1 -1
5 -1 7
44 5 -1
-1 -1 -1
45 -1 -1
45 -1 45
44 5 45
-1 -1 -1
0 5 -1
0 0 -1
0 0 5
0 0 -1
0 0 -1
2 -1 0
3 -1 0
44 2 2
-1 -1 -1
45 -1 2
44 5 45
-1 -1 -1
-1 -1 -1
44 -1 -1
-1 5 44
44 -1 -1
-1 2 44
12 -1 2
12 12 -1
45 -1 -1
45 -1 45
44 5 45
-1 -1 -1
44 -1 -1
2 -1 44
44 2 2
-1 -1 -1
0 -1 2
44 5 0
-1 -1 -1
45 -1 -1
45 -1 45
44 5 45
-1 -1 -1
44 -1 -1
2 -1 44
44 2 2
-1 -1 -1
45 -1 2
44 45 -1
-1 44 2
44 5 -1
12 12 -1
-1 -1 -1
45 -1 13
44 45 -1
44 -1 13
5 44 -1
-1 -1 -1
3 12 -1
2 -1 13
44 3 3
-1 -1 -1
0 -1 3
45 -1 0
44 45 -1
-1 -1 -1
3 -1 3
44 3 3
-1 -1 -1
4 4 -1
3 -1 4
4 4 -1
5 -1 4
4 4 -1
12 -1 4
4 4 -1
13 -1 4
4 4 -1
14 -1 4
4 4 -1
15 -1 4
4 4 -1
44 -1 4
4 4 -1
-1 44 -1
-1 -1 -1
12 12 -1
3 3 -1
45 -1 5
44 12 45
-1 -1 -1
0 -1 5
45 -1 0
44 45 -1
-1 -1 -1
0 -1 0
0 -1 0
0 0 -1
44 0 -1
-1 -1 -1
11 -1 5
44 11 11
-1 -1 -1
1 -1 5
-1 -1 5
-1 1 5
-1 -1 -1
3 -1 5
0 -1 3
44 0 0
-1 -1 -1
7 -1 0
45 -1 7
44 45 -1
-1 -1 -1
1 -1 7
44 1 -1
-1 -1 -1
0 -1 -1
-1 -1 -1
0 0 1
44 1 0
-1 -1 -1
13 1 -1
45 -1 -1
45 -1 45
44 45 13
-1 0 5
-1 -1 -1
44 -1 -1
2 -1 44
44 2 2
-1 -1 -1
10 -1 2
44 10 10
-1 -1 -1
13 13 -1
45 -1 5
44 45 13
-1 -1 -1
45 -1 5
44 45 -1
-1 44 5
45 -1 5
44 45 -1
-1 44 5
0 -1 5
45 -1 5
44 45 0
-1 -1 -1
1 -1 5
6 -1 -1
-1 -1 -1
-1 -1 -1
45 -1 1
44 45 -1
-1 -1 -1
0 -1 1
44 0 0
-1 -1 -1
45 -1 0
44 45 -1
-1 -1 -1
6 6 -1
1 1 -1
45 -1 5
44 6 45
-1 -1 -1
1 -1 5
-1 -1 5
-1 1 5
-1 -1 -1
2 -1 5
0 -1 2
44 0 0
-1 -1 -1
44 -1 -1
9 -1 44
12 -1 0
14 -1 2
44 9 9
-1 -1 -1
44 -1 12
2 44 -1
44 2 -1
-1 -1 -1
45 -1 5
44 45 -1
-1 -1 -1
1 -1 5
6 -1 1
44 6 6
-1 -1 -1
-1 -1 -1
44 -1 12
0 44 -1
44 0 -1
-1 -1 -1
44 0 -1
-1 -1 -1
44 0 -1
-1 -1 -1
2 -1 -1
7 12 -1
44 -1 -1
4 4 -1
-1 44 4
-1 -1 -1
-1 14 4
4 4 -1
14 2 -1
-1 13 4
4 4 -1
13 6 -1
-1 12 4
4 4 -1
-1 5 4
4 4 -1
5 7 -1
-1 3 4
4 4 -1
44 -1 7
0 44 -1
44 0 -1
-1 -1 -1
3 -1 7
45 -1 -1
45 -1 45
44 3 45
-1 -1 -1
44 -1 -1
2 -1 44
44 2 2
-1 -1 -1
45 -1 2
44 45 3
-1 -1 -1
44 13 13
-1 -1 -1
1 -1 13
44 1 1
-1 -1 -1
2 -1 1
45 -1 2
44 45 -1
-1 -1 -1
1 -1 1
44 1 1
-1 -1 -1
44 14 14
-1 -1 -1
44 -1 -1
1 -1 44
45 -1 -1
45 -1 45
44 1 45
44 -1 5
12 44 -1
-1 -1 -1
45 -1 -1
45 -1 45
44 3 45
-1 -1 -1
44 -1 -1
2 -1 44
44 2 2
-1 -1 -1
0 -1 1
-1 1 2
2 12 -1
44 -1 -1
-1 0 44
0 1 -1
0 0 0
0 0 -1
44 -1 -1
44 -1 44
0 0 44
-1 3 0
-1 3 0
-1 2 0
-1 -1 0
-1 -1 0
-1 -1 0
0 3 -1
0 0 -1
44 -1 -1
44 -1 44
0 0 44
44 -1 -1
-1 44 0
44 -1 -1
-1 44 0
0 -1 -1
3 -1 4
4 4 -1
5 -1 4
4 4 -1
12 -1 4
4 4 -1
13 -1 4
4 4 -1
14 -1 4
4 4 -1
44 -1 4
4 4 -1
-1 44 -1
44 0 0
-1 -1 -1
7 12 -1
44 -1 -1
4 4 -1
-1 44 4
-1 -1 -1
-1 15 4
4 4 -1
15 7 -1
-1 14 4
4 4 -1
-1 13 4
4 4 -1
-1 12 4
4 4 -1
-1 5 4
4 4 -1
-1 3 4
4 4 -1
4 4 -1
45 -1 7
44 45 -1
-1 -1 -1
45 -1 15
44 45 -1
-1 -1 -1
3 -1 15
45 -1 -1
45 -1 45
44 3 45
-1 -1 -1
44 -1 -1
2 -1 44
44 2 2
-1 -1 -1
5 -1 2
44 5 5
-1 -1 -1
4 4 -1
3 -1 4
4 4 -1
5 -1 4
4 4 -1
12 -1 4
4 4 -1
13 -1 4
4 4 -1
14 -1 4
4 4 -1
15 -1 4
4 4 -1
44 -1 4
4 4 -1
-1 44 -1
45 -1 12
44 45 -1
-1 -1 -1
3 -1 12
44 3 -1
-1 -1 -1
45 -1 -1
45 -1 45
44 3 45
-1 -1 -1
44 -1 -1
2 -1 44
44 2 2
-1 -1 -1
0 -1 2
0 0 -1
2 -1 5
-1 0 2
-1 -1 -1
45 -1 14
44 45 -1
-1 -1 -1
0 -1 5
44 -1 12
1 44 -1
7 12 -1
2 -1 0
6 -1 0
44 -1 -1
4 4 -1
-1 44 4
-1 -1 -1
-1 15 4
4 4 -1
15 2 -1
-1 14 4
4 4 -1
14 6 -1
-1 13 4
4 4 -1
-1 12 4
4 4 -1
-1 5 4
4 4 -1
5 7 -1
-1 3 4
4 4 -1
4 4 -1
45 -1 7
44 45 -1
-1 1 4
-1 -1 -1
3 -1 7
45 -1 -1
45 -1 45
44 3 45
-1 -1 -1
44 -1 -1
2 -1 44
44 2 2
-1 -1 -1
45 -1 2
44 45 3
-1 -1 -1
45 -1 5
44 45 -1
-1 -1 -1
44 3 -1
-1 -1 -1
44 -1 -1
13 -1 44
44 13 13
-1 -1 -1
0 -1 13
44 -1 -1
-1 0 44
-1 5 13
-1 -1 13
44 -1 5
0 44 -1
44 0 -1
-1 -1 -1
0 -1 -1
-1 -1 -1
-1 0 13
7 5 -1
44 -1 -1
4 4 -1
-1 44 4
-1 -1 -1
-1 12 4
4 4 -1
-1 5 4
4 4 -1
5 -1 -1
-1 3 4
4 4 -1
3 -1 -1
4 4 -1
12 -1 4
-1 7 4
7 12 -1
44 -1 -1
4 4 -1
-1 44 4
-1 -1 -1
0 7 -1
-1 -1 7
-1 -1 7
44 -1 4
4 4 -1
-1 44 -1
7 -1 4
2 12 -1
6 -1 -1
44 -1 -1
4 4 -1
-1 44 4
-1 -1 -1
-1 15 4
4 4 -1
15 6 -1
6 2 -1
-1 14 4
4 4 -1
14 2 -1
-1 13 4
4 4 -1
-1 12 4
4 4 -1
-1 5 4
4 4 -1
-1 3 4
4 4 -1
4 4 -1
-1 7 4
44 -1 -1
4 4 -1
-1 44 4
-1 15 -1
4 4 -1
0 -1 7
2 6 -1
44 0 0
-1 -1 -1
45 -1 0
44 45 -1
-1 -1 -1
6 -1 0
7 2 -1
44 -1 -1
4 4 -1
-1 44 4
-1 -1 -1
-1 12 4
4 4 -1
12 6 -1
12 12 -1
-1 5 4
4 4 -1
5 7 -1
-1 3 4
4 4 -1
7 -1 7
3 6 -1
44 7 7
-1 -1 -1
44 -1 -1
6 -1 44
44 6 6
-1 -1 -1
0 -1 6
44 -1 -1
-1 0 44
2 3 -1
3 3 -1
0 -1 -1
2 2 -1
1 3 -1
-1 -1 6
-1 -1 6
2 2 -1
0 0 1
45 -1 5
44 45 -1
-1 12 6
44 2 6
-1 0 44
-1 -1 -1
-1 -1 6
-1 -1 6
-1 6 5
-1 -1 -1
-1 6 5
-1 12 5
3 -1 4
4 4 -1
5 -1 4
4 4 -1
12 -1 4
4 4 -1
44 -1 4
4 4 -1
-1 44 -1
0 -1 -1
4 4 -1
44 -1 4
4 4 -1
-1 44 -1
-1 0 4
0 0 -1
-1 -1 -1
11 -1 4
44 11 11
-1 -1 -1
2 -1 4
0 -1 2
44 0 0
-1 -1 -1
44 -1 0
0 44 -1
1 0 -1
44 -1 0
0 44 -1
-1 1 4
44 0 0
-1 -1 -1
0 0 -1
-1 -1 4
0 0 -1
-1 0 4
3 -1 4
1 -1 4
2 -1 4
44 1 3
0 44 -1
44 0 -1
-1 -1 -1
44 0 -1
-1 -1 -1
44 0 -1
-1 -1 -1
45 -1 4
44 45 -1
-1 44 4
0 -1 4
45 -1 4
44 45 0
-1 -1 -1
3 -1 4
1 -1 4
2 -1 4
44 1 3
0 44 -1
44 0 -1
-1 -1 -1
44 0 -1
-1 -1 -1
44 0 -1
-1 -1 -1
45 -1 4
44 45 -1
-1 44 4
0 -1 4
45 -1 4
44 45 0
-1 -1 -1
-1 -1 -1
0 -1 4
4 4 -1
3 -1 4
4 4 -1
5 -1 4
4 4 -1
12 -1 4
4 4 -1
13 -1 4
4 4 -1
14 -1 4
4 4 -1
15 -1 4
4 4 -1
44 -1 4
4 4 -1
-1 44 -1
8 -1 4
44 8 8
-1 -1 -1
9 -1 -1
6 9 8
10 9 -1
44 6 6
-1 -1 -1
7 -1 -1
11 -1 -1
-1 -1 -1
1 7 -1
0 11 -1
0 0 1
44 0 6
-1 -1 -1
7 7 -1
44 7 -1
-1 -1 -1
1 7 -1
0 11 -1
0 0 1
44 0 6
-1 -1 -1
7 7 -1
44 7 -1
-1 -1 -1
1 7 -1
0 11 -1
0 0 1
44 0 6
-1 -1 -1
7 7 -1
44 7 -1
-1 -1 -1
1 7 -1
0 11 -1
0 0 1
44 0 6
-1 -1 -1
7 7 -1
44 7 -1
-1 -1 -1
1 7 -1
0 11 -1
0 0 1
44 0 6
-1 -1 -1
7 7 -1
44 7 -1
-1 -1 -1
1 7 -1
0 11 -1
0 0 1
44 0 6
-1 -1 -1
7 7 -1
44 7 -1
-1 -1 -1
1 7 -1
0 11 -1
0 0 1
44 0 6
-1 -1 -1
7 7 -1
44 7 -1
-1 -1 -1
1 7 -1
0 11 -1
0 0 1
44 0 6
-1 -1 -1
7 7 -1
44 7 -1
-1 -1 -1
1 7 -1
0 11 -1
0 0 1
44 0 6
-1 -1 -1
7 7 -1
44 7 -1
-1 -1 -1
1 7 -1
0 11 -1
0 0 1
44 0 6
-1 -1 -1
7 7 -1
44 7 -1
-1 -1 -1
1 7 -1
0 11 -1
0 0 1
44 0 6
-1 -1 -1
7 7 -1
44 7 -1
-1 -1 -1
1 7 -1
0 11 -1
0 0 1
44 0 6
-1 -1 -1
7 7 -1
44 7 -1
-1 -1 -1
1 7 -1
0 11 -1
0 0 1
44 0 6
-1 -1 -1
7 7 -1
44 7 -1
-1 -1 -1
1 7 -1
0 11 -1
0 0 1
44 0 6
-1 -1 -1
7 7 -1
44 7 -1
-1 -1 -1
1 7 -1
0 11 -1
0 0 1
44 0 6
-1 -1 -1
7 7 -1
44 7 -1
-1 -1 -1
1 7 -1
0 11 -1
0 0 1
44 0 6
-1 -1 -1
7 7 -1
44 7 -1
-1 -1 -1
1 7 -1
0 11 -1
0 0 1
44 0 6
-1 -1 -1
7 7 -1
44 7 -1
-1 -1 -1
1 7 -1
0 11 -1
0 0 1
44 0 6
-1 -1 -1
7 7 -1
44 7 -1
-1 -1 -1
1 7 -1
0 11 -1
0 0 1
44 0 6
-1 -1 -1
7 7 -1
44 7 -1
-1 -1 -1
1 7 -1
0 11 -1
0 0 1
44 0 6
-1 -1 -1
7 7 -1
44 7 -1
-1 -1 -1
1 7 -1
0 11 -1
0 0 1
44 0 6
-1 -1 -1
0 0 -1
6 6 0
0 -1 8
0 0 10
0 0 -1
2 1 0
44 2 -1
-1 -1 -1
44 2 -1
-1 -1 -1
44 2 -1
-1 -1 -1
44 2 -1
-1 -1 -1
0 -1 2
44 0 -1
-1 -1 -1
44 2 -1
0 -1 -1
-1 -1 -1
3 3 0
44 6 6
-1 -1 -1
9 9 -1
44 9 -1
-1 -1 -1
6 9 8
10 9 -1
44 6 6
-1 -1 -1
9 9 -1
44 9 -1
-1 -1 -1
8 -1 8
44 8 8
-1 -1 -1
7 12 -1
44 -1 -1
4 4 -1
-1 44 4
-1 -1 -1
0 -1 7
44 0 0
-1 -1 -1
44 -1 -1
1 -1 44
-1 -1 -1
2 -1 0
-1 1 0
44 2 2
-1 -1 -1
44 -1 -1
-1 0 44
-1 -1 7
-1 -1 7
44 -1 4
4 4 -1
-1 44 -1
44 5 5
-1 -1 -1
4 4 -1
0 3 -1
3 -1 4
4 4 -1
5 -1 4
4 4 -1
12 -1 4
4 4 -1
44 -1 4
4 4 -1
-1 44 -1
2 15 -1
-1 0 13
-1 -1 13
-1 -1 13
6 2 -1
-1 -1 13
0 -1 4
-1 -1 13
-1 -1 13
-1 6 13
-1 0 13
44 -1 5
1 44 -1
0 -1 1
44 0 -1
-1 -1 -1
44 1 -1
-1 -1 -1
44 1 -1
-1 -1 -1
44 1 -1
-1 -1 -1
-1 -1 -1
44 1 -1
-1 -1 -1
-1 -1 -1
44 1 -1
-1 -1 -1
44 1 -1
-1 -1 -1
0 -1 5
0 0 -1
44 0 -1
-1 -1 -1
44 -1 -1
8 -1 44
44 5 8
-1 -1 -1
44 -1 -1
7 -1 44
44 5 7
-1 -1 -1
44 -1 -1
11 -1 44
44 5 11
-1 -1 -1
44 -1 -1
9 -1 44
44 5 9
-1 -1 -1
44 -1 -1
10 -1 44
44 5 10
-1 -1 -1
44 1 -1
-1 -1 -1
44 1 -1
1 -1 -1
1 -1 -1
-1 -1 -1
44 6 6
-1 1 13
-1 -1 -1
44 14 14
44 2 -1
-1 13 44
-1 -1 -1
12 -1 14
6 -1 13
8 -1 13
0 -1 12
2 -1 12
44 0 6
-1 -1 -1
44 6 -1
-1 -1 -1
44 0 -1
-1 -1 -1
44 2 8
-1 -1 -1
44 0 6
-1 -1 -1
-1 -1 -1
2 6 -1
2 2 0
0 2 -1
44 0 0
-1 -1 -1
-1 12 13
-1 13 12
0 12 -1
-1 13 13
-1 13 0
0 -1 0
44 0 0
-1 -1 -1
-1 -1 -1
45 -1 13
44 45 -1
-1 -1 -1
45 -1 5
44 45 -1
-1 -1 -1
3 -1 5
45 -1 -1
45 -1 45
44 3 45
-1 -1 -1
44 -1 -1
2 -1 44
44 2 2
-1 -1 -1
44 -1 2
0 44 -1
44 -1 -1
2 -1 44
0 0 0
0 0 -1
45 2 0
44 45 -1
-1 -1 -1
45 -1 13
44 45 -1
-1 -1 -1
3 12 -1
-1 -1 -1
45 -1 3
44 45 -1
-1 -1 -1
3 -1 3
44 3 3
-1 -1 -1
45 -1 5
44 45 -1
-1 -1 -1
4 4 -1
0 13 -1
3 -1 4
4 4 -1
5 -1 4
4 4 -1
12 -1 4
4 4 -1
13 -1 4
4 4 -1
14 -1 4
4 4 -1
15 -1 4
4 4 -1
44 -1 4
4 4 -1
-1 44 -1
10 0 -1
2 -1 5
0 -1 2
45 -1 0
44 45 -1
-1 -1 -1
0 -1 -1
-1 0 10
45 -1 12
44 45 -1
-1 -1 -1
45 -1 5
44 45 -1
-1 44 5
45 -1 5
44 45 -1
-1 44 5
0 -1 5
45 -1 5
44 45 0
-1 -1 -1
0 0 -1
-1 -1 -1
2 -1 5
1 -1 2
44 1 1
-1 -1 -1
0 -1 1
45 -1 0
44 45 -1
-1 -1 -1
3 -1 5
0 -1 3
14 -1 0
44 14 3
-1 -1 -1
0 -1 1
45 -1 0
44 45 -1
-1 -1 -1
0 -1 5
44 -1 -1
-1 -1 44
45 -1 0
44 45 -1
-1 -1 -1
1 -1 5
44 -1 -1
-1 1 44
4 -1 5
3 -1 4
4 4 -1
12 -1 4
4 4 -1
13 -1 4
4 4 -1
14 -1 4
4 4 -1
15 -1 4
4 4 -1
4 5 -1
5 -1 4
44 -1 4
4 4 -1
-1 44 -1
45 -1 5
44 45 -1
-1 -1 -1
44 -1 -1
10 -1 44
44 10 10
-1 -1 -1
7 -1 5
2 5 -1
6 -1 -1
44 -1 -1
4 4 -1
-1 44 4
-1 -1 -1
-1 15 4
4 4 -1
15 6 -1
6 2 -1
-1 14 4
4 4 -1
14 2 -1
-1 13 4
4 4 -1
-1 12 4
4 4 -1
-1 5 4
4 4 -1
-1 3 4
4 4 -1
4 4 -1
-1 7 4
44 -1 -1
4 4 -1
-1 44 4
-1 15 -1
4 4 -1
2 -1 7
1 6 -1
0 -1 2
0 0 -1
44 0 -1
-1 -1 -1
0 -1 -1
4 4 -1
44 -1 4
4 4 -1
-1 44 -1
-1 0 4
0 0 -1
-1 -1 -1
11 -1 4
44 11 11
-1 -1 -1
2 -1 4
0 -1 2
44 0 0
-1 -1 -1
44 -1 0
0 44 -1
1 0 -1
44 -1 0
0 44 -1
-1 1 4
44 0 0
-1 -1 -1
0 0 -1
-1 -1 4
0 0 -1
-1 0 4
3 -1 4
1 -1 4
2 -1 4
44 1 3
0 44 -1
44 0 -1
-1 -1 -1
44 0 -1
-1 -1 -1
44 0 -1
-1 -1 -1
1 -1 4
2 2 -1
-1 2 4
0 -1 1
0 2 0
44 0 0
-1 -1 -1
7 -1 0
44 7 7
-1 -1 -1
-1 -1 4
2 -1 4
6 14 -1
3 2 0
1 -1 3
-1 1 4
7 1 -1
44 -1 -1
4 4 -1
-1 44 4
-1 15 -1
4 4 -1
2 -1 7
1 6 -1
0 -1 2
0 0 -1
44 0 -1
-1 -1 -1
0 -1 -1
4 4 -1
44 -1 4
4 4 -1
-1 44 -1
44 0 -1
-1 -1 -1
44 0 0
-1 -1 -1
0 -1 3
44 0 0
-1 -1 -1
44 -1 0
0 44 -1
3 0 -1
44 -1 0
0 44 -1
-1 3 4
44 0 0
-1 -1 -1
0 0 -1
-1 -1 4
0 0 -1
-1 0 4
1 -1 4
3 -1 4
2 -1 4
44 3 1
0 44 -1
44 0 -1
-1 -1 -1
44 0 -1
-1 -1 -1
0 2 -1
6 14 -1
3 0 -1
0 -1 4
44 -1 0
3 3 44
12 -1 3
7 12 -1
44 -1 -1
4 4 -1
-1 44 4
-1 15 -1
4 4 -1
2 -1 7
1 6 -1
0 -1 2
0 0 -1
44 0 -1
-1 -1 -1
0 -1 -1
4 4 -1
44 -1 4
4 4 -1
-1 44 -1
44 0 -1
-1 -1 -1
44 0 0
-1 -1 -1
0 -1 3
44 0 0
-1 -1 -1
44 -1 0
0 44 -1
2 0 -1
44 -1 0
0 44 -1
-1 2 4
44 0 0
-1 -1 -1
0 0 -1
13 -1 -1
0 0 -1
-1 0 4
1 -1 4
2 13 -1
44 1 13
0 44 -1
44 0 -1
-1 -1 -1
44 0 -1
-1 -1 -1
44 0 -1
-1 -1 -1
13 13 -1
45 -1 4
44 45 13
-1 -1 -1
1 -1 4
2 13 -1
44 1 13
0 44 -1
44 0 -1
-1 -1 -1
44 0 -1
-1 -1 -1
44 0 -1
-1 -1 -1
13 13 -1
45 -1 4
44 45 13
-1 -1 -1
-1 -1 -1
45 -1 4
44 45 -1
-1 44 4
0 -1 4
45 -1 4
44 45 0
-1 -1 -1
1 -1 4
3 -1 4
2 -1 4
44 3 1
0 44 -1
44 0 -1
-1 -1 -1
44 0 -1
-1 -1 -1
0 2 -1
6 14 -1
3 0 -1
0 -1 4
44 -1 0
3 3 44
12 -1 3
7 12 -1
44 -1 -1
4 4 -1
-1 44 4
-1 15 -1
4 4 -1
2 -1 7
1 6 -1
0 -1 2
0 0 -1
44 0 -1
-1 -1 -1
0 -1 -1
4 4 -1
44 -1 4
4 4 -1
-1 44 -1
44 0 -1
-1 -1 -1
44 0 0
-1 -1 -1
0 -1 3
44 0 0
-1 -1 -1
44 -1 0
0 44 -1
2 0 -1
44 -1 0
0 44 -1
-1 2 4
44 0 0
-1 -1 -1
0 0 -1
13 -1 -1
0 0 -1
-1 0 4
1 -1 4
2 13 -1
44 1 13
0 44 -1
44 0 -1
-1 -1 -1
44 0 -1
-1 -1 -1
7 13 -1
2 14 -1
6 15 -1
7 7 -1
44 -1 12
7 7 44
7 7 -1
44 -1 -1
4 4 -1
-1 44 4
-1 -1 -1
-1 15 4
4 4 -1
15 6 -1
6 2 -1
-1 14 4
4 4 -1
14 2 -1
-1 13 4
4 4 -1
-1 12 4
4 4 -1
-1 5 4
4 4 -1
-1 3 4
4 4 -1
4 4 -1
-1 7 4
44 -1 -1
4 4 -1
-1 44 4
-1 15 -1
4 4 -1
2 -1 7
1 6 -1
0 -1 2
0 0 -1
44 0 -1
-1 -1 -1
0 -1 -1
4 4 -1
44 -1 4
4 4 -1
-1 44 -1
-1 0 4
0 0 -1
-1 -1 -1
11 -1 4
44 11 11
-1 -1 -1
2 -1 4
0 -1 2
44 0 0
-1 -1 -1
44 -1 0
0 44 -1
1 0 -1
44 -1 0
0 44 -1
-1 1 4
44 0 0
-1 -1 -1
0 0 -1
-1 -1 4
0 0 -1
-1 0 4
3 -1 4
1 -1 4
2 -1 4
44 1 3
0 44 -1
44 0 -1
-1 -1 -1
44 0 -1
-1 -1 -1
44 0 -1
-1 -1 -1
45 -1 4
44 45 -1
-1 44 4
0 -1 4
45 -1 4
44 45 0
-1 -1 -1
3 -1 4
1 -1 4
2 -1 4
44 1 3
0 44 -1
44 0 -1
-1 -1 -1
44 0 -1
-1 -1 -1
44 0 -1
-1 -1 -1
45 -1 4
44 45 -1
-1 44 4
0 -1 4
45 -1 4
44 45 0
-1 -1 -1
-1 -1 -1
0 -1 4
4 4 -1
3 -1 4
4 4 -1
5 -1 4
4 4 -1
12 -1 4
4 4 -1
13 -1 4
4 4 -1
14 -1 4
4 4 -1
15 -1 4
4 4 -1
44 -1 4
4 4 -1
-1 44 -1
44 0 0
-1 -1 -1
13 13 -1
45 -1 4
44 45 13
-1 -1 -1
1 -1 4
2 13 -1
44 1 13
0 44 -1
44 0 -1
-1 -1 -1
44 0 -1
-1 -1 -1
7 13 -1
2 14 -1
6 15 -1
7 7 -1
44 -1 12
7 7 44
7 7 -1
44 -1 -1
4 4 -1
-1 44 4
-1 -1 -1
-1 15 4
4 4 -1
15 6 -1
6 2 -1
-1 14 4
4 4 -1
14 2 -1
-1 13 4
4 4 -1
-1 12 4
4 4 -1
-1 5 4
4 4 -1
-1 3 4
4 4 -1
4 4 -1
-1 7 4
44 -1 -1
4 4 -1
-1 44 4
-1 15 -1
4 4 -1
2 -1 7
1 6 -1
0 -1 2
0 0 -1
44 0 -1
-1 -1 -1
0 -1 -1
4 4 -1
44 -1 4
4 4 -1
-1 44 -1
-1 0 4
0 0 -1
-1 -1 -1
11 -1 4
44 11 11
-1 -1 -1
2 -1 4
0 -1 2
44 0 0
-1 -1 -1
44 -1 0
0 44 -1
1 0 -1
44 -1 0
0 44 -1
-1 1 4
44 0 0
-1 -1 -1
0 0 -1
-1 -1 4
0 0 -1
-1 0 4
3 -1 4
1 -1 4
2 -1 4
44 1 3
0 44 -1
44 0 -1
-1 -1 -1
44 0 -1
-1 -1 -1
44 0 -1
-1 -1 -1
45 -1 4
44 45 -1
-1 44 4
0 -1 4
45 -1 4
44 45 0
-1 -1 -1
-1 -1 -1
0 -1 4
4 4 -1
3 -1 4
4 4 -1
5 -1 4
4 4 -1
12 -1 4
4 4 -1
13 -1 4
4 4 -1
14 -1 4
4 4 -1
15 -1 4
4 4 -1
44 -1 4
4 4 -1
-1 44 -1
44 0 0
-1 -1 -1
13 13 -1
45 -1 4
44 45 13
-1 -1 -1
-1 -1 -1
45 -1 4
44 45 -1
-1 44 4
0 -1 4
45 -1 4
44 45 0
-1 -1 -1
1 -1 4
3 -1 4
2 -1 4
0 -1 1
2 2 -1
0 3 0
45 -1 4
44 45 -1
-1 44 4
45 -1 0
44 2 45
-1 -1 -1
2 -1 4
6 14 -1
3 2 0
1 -1 3
-1 1 4
7 1 -1
44 -1 -1
4 4 -1
-1 44 4
-1 15 -1
4 4 -1
2 -1 7
1 6 -1
0 -1 2
0 0 -1
44 0 -1
-1 -1 -1
0 -1 -1
4 4 -1
44 -1 4
4 4 -1
-1 44 -1
44 0 -1
-1 -1 -1
44 0 0
-1 -1 -1
0 -1 3
44 0 0
-1 -1 -1
44 -1 0
0 44 -1
3 0 -1
44 -1 0
0 44 -1
-1 3 4
44 0 0
-1 -1 -1
0 0 -1
-1 -1 4
0 0 -1
-1 0 4
1 -1 4
3 -1 4
2 -1 4
44 3 1
0 44 -1
44 0 -1
-1 -1 -1
44 0 -1
-1 -1 -1
0 2 -1
6 14 -1
3 0 -1
0 -1 4
44 -1 0
3 3 44
12 -1 3
7 12 -1
44 -1 -1
4 4 -1
-1 44 4
-1 15 -1
4 4 -1
2 -1 7
1 6 -1
0 -1 2
0 0 -1
44 0 -1
-1 -1 -1
0 -1 -1
4 4 -1
44 -1 4
4 4 -1
-1 44 -1
44 0 -1
-1 -1 -1
44 0 0
-1 -1 -1
0 -1 3
44 0 0
-1 -1 -1
44 -1 0
0 44 -1
2 0 -1
44 -1 0
0 44 -1
-1 2 4
44 0 0
-1 -1 -1
0 0 -1
13 -1 -1
0 0 -1
-1 0 4
1 -1 4
2 13 -1
44 1 13
0 44 -1
44 0 -1
-1 -1 -1
44 0 -1
-1 -1 -1
44 0 -1
-1 -1 -1
13 13 -1
45 -1 4
44 45 13
-1 -1 -1
1 -1 4
2 13 -1
44 1 13
0 44 -1
44 0 -1
-1 -1 -1
44 0 -1
-1 -1 -1
44 0 -1
-1 -1 -1
13 13 -1
45 -1 4
44 45 13
-1 -1 -1
-1 -1 -1
45 -1 4
44 45 -1
-1 44 4
0 -1 4
45 -1 4
44 45 0
-1 -1 -1
1 -1 4
3 -1 4
2 -1 4
0 -1 1
2 2 -1
0 3 0
45 -1 4
44 45 -1
-1 44 4
45 -1 0
44 2 45
-1 -1 -1
-1 -1 -1
45 -1 4
44 45 -1
-1 44 4
0 -1 4
45 -1 4
44 45 0
-1 -1 -1
-1 -1 -1
0 -1 4
4 4 -1
3 -1 4
4 4 -1
5 -1 4
4 4 -1
12 -1 4
4 4 -1
13 -1 4
4 4 -1
14 -1 4
4 4 -1
15 -1 4
4 4 -1
44 -1 4
4 4 -1
-1 44 -1
2 -1 -1
44 0 0
44 -1 -1
44 -1 44
2 44 -1
44 -1 -1
-1 2 44
-1 -1 -1
7 5 -1
44 -1 -1
4 4 -1
-1 44 4
-1 -1 -1
45 -1 7
44 45 -1
-1 -1 -1
0 -1 -1
44 -1 4
4 4 -1
-1 44 -1
44 0 0
-1 -1 -1
44 13 13
-1 -1 -1
12 -1 5
44 12 13
-1 -1 -1
5 12 -1
44 -1 5
12 44 -1
44 12 -1
-1 -1 -1
3 -1 -1
44 14 -1
-1 -1 -1
14 14 -1
0 -1 4
0 -1 0
44 0 5
-1 0 4
-1 -1 -1
45 -1 5
44 45 -1
-1 -1 -1
0 12 -1
45 -1 0
44 45 -1
-1 -1 -1
7 -1 5
44 7 7
-1 -1 -1
6 15 -1
7 5 -1
44 -1 -1
4 4 -1
-1 44 4
-1 -1 -1
-1 5 4
4 4 -1
5 4 -1
-1 15 4
4 4 -1
-1 14 4
4 4 -1
-1 13 4
4 4 -1
-1 12 4
4 4 -1
-1 3 4
4 4 -1
4 4 -1
45 -1 7
44 45 -1
-1 7 5
-1 6 5
0 -1 7
44 -1 -1
-1 7 44
-1 0 5
-1 -1 -1
1 -1 5
44 -1 1
0 44 -1
44 0 -1
-1 -1 -1
4 4 -1
3 -1 4
3 3 -1
-1 1 3
-1 3 5
44 -1 -1
0 -1 44
45 -1 1
44 45 0
-1 -1 -1
2 -1 5
7 -1 2
45 -1 7
44 45 -1
44 -1 -1
-1 44 5
-1 -1 -1
0 -1 5
45 -1 0
44 45 -1
-1 -1 -1
-1 -1 5
2 -1 5
44 2 2
-1 -1 -1
14 -1 5
15 -1 -1
0 -1 14
6 -1 5
12 -1 0
3 -1 0
7 12 -1
44 -1 -1
4 4 -1
-1 44 4
-1 -1 -1
-1 15 4
4 4 -1
-1 14 4
4 4 -1
-1 13 4
4 4 -1
-1 12 4
4 4 -1
-1 5 4
4 4 -1
-1 3 4
4 4 -1
4 4 -1
44 7 7
-1 7 4
-1 6 4
-1 -1 -1
44 -1 7
0 44 -1
1 -1 0
44 1 -1
-1 -1 -1
0 0 -1
2 0 -1
44 -1 0
0 44 -1
14 0 -1
14 14 -1
-1 -1 -1
0 14 -1
15 0 2
-1 -1 -1
44 -1 15
0 44 -1
44 0 -1
-1 -1 -1
2 -1 4
13 14 -1
6 -1 4
7 13 2
44 -1 -1
4 4 -1
-1 44 4
-1 -1 -1
-1 15 4
4 4 -1
-1 14 4
4 4 -1
-1 13 4
4 4 -1
-1 12 4
4 4 -1
-1 5 4
4 4 -1
-1 3 4
4 4 -1
4 4 -1
44 7 7
-1 7 4
-1 6 4
-1 -1 -1
44 -1 7
0 44 -1
1 -1 0
44 1 -1
-1 -1 -1
2 -1 -1
2 2 1
44 2 -1
-1 -1 -1
0 -1 4
4 4 -1
3 -1 4
4 4 -1
5 -1 4
4 4 -1
12 -1 4
4 4 -1
13 -1 4
4 4 -1
14 -1 4
4 4 -1
15 -1 4
4 4 -1
44 -1 4
4 4 -1
-1 44 -1
45 -1 4
44 45 -1
3 0 -1
-1 -1 -1
44 0 0
-1 -1 -1
45 -1 0
44 45 -1
-1 -1 -1
-1 -1 -1
2 -1 4
44 13 2
-1 3 44
-1 -1 -1
14 14 -1
15 15 -1
44 14 -1
-1 -1 -1
44 -1 15
0 44 -1
44 0 -1
-1 -1 -1
2 -1 4
13 14 -1
6 -1 4
7 13 2
44 -1 -1
4 4 -1
-1 44 4
-1 -1 -1
-1 15 4
4 4 -1
-1 14 4
4 4 -1
-1 13 4
4 4 -1
-1 12 4
4 4 -1
-1 5 4
4 4 -1
-1 3 4
4 4 -1
4 4 -1
44 7 7
-1 7 4
-1 6 4
-1 -1 -1
44 -1 7
0 44 -1
1 -1 0
44 1 -1
-1 -1 -1
2 -1 -1
2 2 1
44 2 -1
-1 -1 -1
44 2 -1
-1 -1 -1
3 -1 7
44 3 -1
-1 -1 -1
45 -1 -1
45 -1 45
44 3 45
-1 -1 -1
0 3 -1
0 0 -1
0 0 3
0 0 -1
0 0 -1
2 -1 0
5 -1 0
44 2 2
-1 -1 -1
45 -1 2
44 3 45
-1 -1 -1
-1 -1 -1
0 -1 4
44 -1 -1
-1 3 44
44 -1 -1
-1 2 44
3 -1 0
45 -1 2
44 45 3
-1 -1 -1
45 -1 -1
45 -1 45
44 3 45
-1 -1 -1
44 -1 -1
2 -1 44
44 2 2
-1 -1 -1
44 -1 2
0 44 -1
2 0 0
2 2 -1
44 -1 -1
44 -1 44
2 2 44
6 -1 2
44 6 -1
-1 -1 -1
44 -1 -1
0 -1 44
2 6 -1
0 -1 0
0 -1 0
2 2 0
-1 2 4
-1 -1 -1
0 -1 4
4 4 -1
3 -1 4
4 4 -1
5 -1 4
4 4 -1
12 -1 4
4 4 -1
13 -1 4
4 4 -1
14 -1 4
4 4 -1
15 -1 4
4 4 -1
44 -1 4
4 4 -1
-1 44 -1
45 -1 4
44 45 -1
3 0 -1
-1 -1 -1
44 0 0
-1 -1 -1
45 -1 0
44 45 -1
-1 -1 -1
-1 -1 -1
2 -1 4
0 13 2
45 -1 0
44 45 -1
-1 -1 -1
45 -1 3
44 45 -1
2 -1 -1
2 -1 -1
45 -1 0
44 45 -1
0 -1 -1
0 -1 -1
44 2 0
-1 -1 -1
2 -1 4
0 -1 2
44 0 0
-1 -1 -1
0 0 -1
0 0 0
45 0 -1
44 45 -1
-1 -1 -1
2 -1 4
44 13 2
-1 3 44
-1 -1 -1
14 14 -1
15 15 -1
44 14 -1
-1 -1 -1
0 -1 4
4 4 -1
3 -1 4
4 4 -1
5 -1 4
4 4 -1
12 -1 4
4 4 -1
13 -1 4
4 4 -1
14 -1 4
4 4 -1
15 -1 4
4 4 -1
44 -1 4
4 4 -1
-1 44 -1
-1 12 14
45 -1 0
44 45 -1
13 0 -1
-1 -1 -1
2 -1 5
0 -1 2
44 0 0
-1 -1 -1
0 0 -1
0 0 0
45 0 -1
44 45 -1
-1 -1 -1
0 -1 14
-1 13 0
-1 -1 -1
44 -1 3
0 44 -1
0 0 -1
44 0 -1
-1 -1 -1
44 -1 3
2 44 -1
0 -1 2
44 0 -1
-1 -1 -1
44 2 -1
-1 -1 -1
44 2 -1
-1 -1 -1
44 2 -1
-1 -1 -1
15 15 -1
14 14 -1
45 -1 5
44 45 15
-1 -1 -1
44 -1 -1
4 4 -1
-1 44 4
-1 -1 -1
-1 14 4
4 4 -1
44 -1 -1
1 -1 44
-1 13 4
4 4 -1
13 -1 -1
44 1 1
-1 12 4
4 4 -1
-1 5 4
4 4 -1
-1 3 4
4 4 -1
-1 -1 -1
44 -1 -1
7 -1 44
44 7 13
-1 -1 -1
3 -1 4
4 4 -1
5 -1 4
4 4 -1
12 -1 4
4 4 -1
13 -1 4
4 4 -1
14 -1 4
4 4 -1
0 -1 -1
44 -1 -1
-1 -1 44
44 -1 4
4 4 -1
-1 44 -1
45 -1 5
44 45 -1
15 -1 5
-1 -1 5
-1 -1 5
-1 -1 5
-1 -1 5
-1 -1 5
44 -1 -1
44 -1 -1
-1 44 5
15 15 -1
0 -1 15
1 -1 0
-1 1 5
0 -1 0
-1 0 5
44 -1 0
0 44 -1
44 0 0
-1 -1 -1
0 0 -1
-1 0 5
-1 -1 -1
45 -1 5
44 45 -1
2 -1 5
-1 2 15
-1 -1 -1
3 -1 5
0 -1 -1
6 -1 5
7 -1 5
45 -1 3
44 45 -1
44 -1 5
0 44 -1
-1 0 5
44 -1 -1
4 4 -1
-1 44 4
-1 -1 -1
-1 15 4
4 4 -1
-1 14 4
4 4 -1
-1 13 4
4 4 -1
-1 12 4
4 4 -1
-1 5 4
4 4 -1
-1 3 4
4 4 -1
4 4 -1
44 7 7
-1 7 4
-1 6 4
-1 -1 -1
44 -1 7
2 44 -1
44 -1 7
0 44 -1
-1 0 4
0 2 -1
1 2 -1
0 0 -1
-1 2 4
-1 1 4
44 0 -1
-1 -1 -1
0 0 -1
44 0 -1
-1 44 -1
-1 -1 4
44 -1 4
1 44 -1
-1 -1 4
44 -1 1
0 44 -1
-1 1 4
6 1 -1
2 0 -1
-1 0 4
1 2 -1
1 1 -1
-1 -1 -1
0 -1 4
44 -1 -1
-1 44 4
-1 -1 4
-1 -1 4
-1 -1 4
-1 -1 4
0 0 -1
45 -1 4
44 45 -1
-1 -1 4
-1 0 4
-1 -1 4
44 -1 -1
44 -1 -1
-1 44 4
45 -1 4
44 45 -1
0 -1 -1
0 -1 -1
45 -1 4
44 45 2
-1 44 4
45 -1 4
44 45 0
-1 44 4
0 1 -1
14 0 6
-1 -1 -1
44 -1 4
0 44 -1
45 -1 14
44 45 -1
2 -1 4
13 2 0
-1 -1 -1
1 -1 4
15 13 -1
5 15 1
44 -1 5
1 44 -1
44 -1 5
6 44 -1
1 1 -1
-1 6 4
44 1 -1
-1 -1 -1
0 -1 -1
0 0 1
44 0 -1
-1 -1 -1
2 -1 -1
44 13 -1
12 5 -1
3 5 -1
0 -1 -1
-1 -1 -1
-1 3 4
-1 12 4
-1 -1 -1
44 0 0
-1 -1 -1
5 3 -1
13 12 -1
2 -1 4
45 15 2
44 5 45
-1 -1 -1
45 -1 4
44 45 -1
-1 44 4
14 14 -1
45 -1 4
44 45 -1
-1 44 4
45 -1 4
44 45 -1
-1 -1 -1
44 -1 4
0 44 -1
45 -1 14
44 45 -1
2 -1 4
13 2 0
-1 -1 -1
1 -1 4
15 13 -1
5 15 1
44 -1 5
1 44 -1
44 -1 5
6 44 -1
1 1 -1
-1 6 4
44 1 -1
-1 -1 -1
0 -1 -1
0 0 1
44 0 -1
-1 -1 -1
44 0 -1
-1 -1 -1
3 -1 5
45 -1 -1
45 -1 45
44 3 45
-1 -1 -1
44 -1 -1
2 -1 44
44 2 2
-1 -1 -1
45 -1 2
44 45 3
-1 -1 -1
45 -1 -1
45 -1 45
44 3 45
-1 -1 -1
44 -1 -1
2 -1 44
44 2 2
-1 -1 -1
44 -1 2
0 44 -1
44 -1 -1
2 -1 44
0 0 0
0 0 -1
3 2 0
44 3 3
-1 -1 -1
3 5 -1
12 -1 -1
2 -1 -1
0 -1 -1
-1 -1 -1
44 13 -1
-1 -1 -1
44 13 -1
-1 -1 -1
44 13 13
-1 -1 -1
44 -1 4
5 44 -1
-1 3 4
-1 12 4
-1 5 4
-1 -1 -1
44 0 0
-1 -1 -1
44 2 2
-1 -1 -1
-1 -1 -1
5 3 -1
13 12 -1
2 -1 4
45 15 2
44 5 45
-1 -1 -1
45 -1 4
44 45 -1
-1 44 4
14 14 -1
45 -1 4
44 45 -1
-1 44 4
45 -1 4
44 45 -1
-1 -1 -1
0 -1 4
0 0 -1
44 0 -1
-1 -1 -1
6 -1 4
45 -1 6
44 45 -1
-1 -1 -1
45 -1 4
44 45 -1
-1 -1 -1
45 -1 4
44 45 -1
-1 -1 -1
45 -1 4
44 45 -1
-1 -1 -1
45 -1 4
44 45 -1
-1 -1 -1
2 -1 4
44 -1 2
0 44 -1
0 0 -1
44 0 -1
-1 -1 -1
0 0 -1
44 0 -1
-1 44 -1
44 -1 4
1 44 -1
1 1 -1
44 1 -1
-1 -1 -1
45 -1 4
44 45 -1
-1 -1 -1
45 -1 4
44 45 -1
6 -1 4
44 -1 4
6 44 -1
1 -1 4
7 -1 4
2 6 -1
6 -1 4
44 -1 -1
4 4 -1
-1 44 4
-1 -1 -1
-1 5 4
5 6 -1
-1 12 4
-1 14 4
-1 3 4
12 7 -1
-1 13 4
-1 15 4
4 4 -1
44 5 5
0 44 -1
45 -1 2
44 45 -1
14 2 -1
-1 6 4
-1 1 4
-1 0 4
-1 -1 -1
-1 14 4
2 -1 4
45 -1 2
44 45 -1
-1 -1 -1
13 -1 4
0 12 -1
44 -1 0
0 44 -1
44 0 -1
-1 -1 -1
44 0 -1
-1 -1 -1
15 5 -1
44 -1 4
3 44 -1
44 15 -1
-1 -1 -1
44 15 -1
44 -1 -1
44 -1 -1
-1 44 4
45 -1 4
44 45 -1
-1 -1 -1
44 -1 14
2 44 -1
44 2 -1
-1 -1 -1
0 -1 12
44 0 -1
-1 -1 -1
0 0 -1
44 0 -1
-1 44 -1
44 2 -1
-1 -1 -1
44 2 -1
-1 -1 -1
-1 -1 -1
14 -1 -1
0 14 -1
3 -1 4
5 -1 4
12 -1 4
13 -1 4
14 -1 4
15 -1 4
4 4 -1
44 -1 4
4 4 -1
-1 44 -1
-1 0 4
-1 -1 -1
45 -1 4
44 45 -1
-1 -1 -1
0 -1 4
4 4 -1
3 -1 4
4 4 -1
5 -1 4
4 4 -1
12 -1 4
4 4 -1
13 -1 4
4 4 -1
14 -1 4
4 4 -1
15 -1 4
4 4 -1
44 -1 4
4 4 -1
-1 44 -1
2 -1 5
-1 0 5
44 -1 -1
-1 -1 44
44 -1 -1
-1 -1 44
-1 2 15
45 -1 2
44 45 -1
-1 -1 -1
6 -1 5
7 -1 5
44 -1 -1
4 4 -1
-1 44 4
-1 -1 -1
-1 15 4
4 4 -1
8 -1 -1
-1 14 4
4 4 -1
14 7 -1
-1 13 4
4 4 -1
-1 12 4
4 4 -1
-1 5 4
4 4 -1
-1 3 4
4 4 -1
4 4 -1
44 7 7
-1 6 4
-1 -1 -1
44 -1 14
0 44 -1
6 0 -1
0 0 -1
44 0 -1
-1 -1 -1
0 0 -1
44 0 -1
-1 44 -1
1 6 -1
44 -1 14
0 44 -1
44 -1 1
2 44 -1
1 1 -1
0 0 6
-1 2 4
2 2 -1
5 2 -1
8 8 0
5 5 -1
-1 -1 -1
0 5 -1
15 -1 -1
13 0 1
44 -1 13
0 44 -1
44 0 -1
-1 -1 -1
0 5 -1
7 0 14
44 -1 4
0 44 -1
0 0 15
0 0 -1
-1 -1 -1
6 -1 -1
-1 8 4
44 -1 -1
4 4 -1
-1 44 4
-1 -1 -1
-1 15 4
4 4 -1
8 -1 -1
-1 14 4
4 4 -1
14 7 -1
-1 13 4
4 4 -1
-1 12 4
4 4 -1
-1 5 4
4 4 -1
-1 3 4
4 4 -1
4 4 -1
44 7 7
-1 6 4
-1 -1 -1
44 -1 14
0 44 -1
6 0 -1
0 0 -1
44 0 -1
-1 -1 -1
0 0 -1
44 0 -1
-1 44 -1
0 -1 14
45 -1 4
44 45 0
-1 44 4
2 -1 4
8 8 2
-1 -1 -1
4 4 -1
0 8 -1
3 -1 4
4 4 -1
5 -1 4
4 4 -1
12 -1 4
4 4 -1
13 -1 4
4 4 -1
14 -1 4
4 4 -1
15 -1 4
4 4 -1
44 -1 4
4 4 -1
-1 44 -1
8 -1 4
8 8 0
5 5 -1
13 13 -1
15 15 -1
44 5 -1
-1 -1 -1
44 -1 13
0 44 -1
44 0 -1
-1 -1 -1
0 5 -1
7 0 14
44 -1 4
0 44 -1
0 0 15
0 0 -1
-1 -1 -1
14 7 -1
-1 -1 -1
44 14 14
-1 -1 -1
44 -1 14
0 44 -1
6 0 -1
0 0 -1
44 0 -1
-1 -1 -1
0 0 -1
44 0 -1
-1 44 -1
3 -1 14
44 3 -1
-1 -1 -1
45 -1 -1
45 -1 45
44 3 45
-1 -1 -1
44 -1 -1
2 -1 44
44 2 2
-1 -1 -1
0 -1 2
0 0 -1
8 8 0
-1 -1 -1
4 4 -1
0 8 -1
3 -1 4
4 4 -1
5 -1 4
4 4 -1
12 -1 4
4 4 -1
13 -1 4
4 4 -1
14 -1 4
4 4 -1
15 -1 4
4 4 -1
44 -1 4
4 4 -1
-1 44 -1
0 0 -1
-1 0 15
44 -1 -1
0 -1 44
-1 0 15
44 -1 -1
0 -1 44
-1 0 15
1 -1 5
45 -1 1
44 45 -1
-1 -1 -1
45 -1 15
44 45 -1
-1 -1 -1
0 -1 15
14 0 -1
44 14 14
-1 -1 -1
0 -1 5
45 -1 14
44 0 45
-1 -1 -1
14 -1 14
44 14 14
-1 -1 -1
-1 -1 15
14 -1 -1
45 -1 5
44 45 -1
-1 -1 -1
44 14 14
-1 -1 -1
-1 -1 5
3 -1 -1
1 -1 5
44 -1 1
2 44 -1
0 -1 2
44 0 -1
-1 -1 -1
44 2 -1
-1 -1 -1
44 2 -1
-1 -1 -1
44 2 -1
-1 -1 -1
-1 -1 -1
44 2 -1
-1 -1 -1
-1 -1 -1
44 2 -1
-1 -1 -1
44 2 -1
-1 -1 -1
44 2 -1
-1 -1 -1
-1 -1 -1
45 -1 5
44 45 -1
44 -1 -1
44 -1 -1
-1 44 5
45 -1 5
44 45 -1
-1 -1 -1
-1 -1 5
44 3 3
-1 -1 -1
-1 -1 -1
45 -1 5
44 45 -1
-1 -1 -1
2 -1 5
44 3 3
-1 3 15
-1 2 15
-1 -1 -1
45 -1 5
44 45 -1
-1 -1 5
-1 -1 -1
44 -1 -1
0 -1 44
44 0 0
-1 -1 -1
0 -1 5
45 -1 0
44 45 -1
-1 -1 -1
0 -1 5
45 -1 5
44 45 0
0 -1 -1
44 -1 5
0 44 -1
44 14 14
-1 0 5
-1 -1 -1
6 -1 5
7 -1 5
44 -1 -1
4 4 -1
-1 44 4
-1 -1 -1
-1 3 4
-1 5 4
3 6 -1
-1 12 4
-1 13 4
5 7 -1
-1 14 4
-1 15 4
4 4 -1
44 7 6
-1 -1 -1
44 7 7
-1 -1 -1
44 6 6
-1 -1 -1
44 -1 7
2 44 -1
45 -1 6
44 45 2
1 2 -1
-1 -1 -1
0 -1 -1
3 -1 4
5 -1 4
12 -1 4
13 -1 4
14 -1 4
15 -1 4
4 4 -1
44 -1 4
4 4 -1
-1 44 -1
2 -1 -1
44 0 0
44 -1 -1
-1 44 5
-1 2 5
-1 -1 -1
1 -1 5
44 -1 1
0 44 -1
44 0 -1
-1 -1 -1
44 0 -1
-1 -1 -1
7 -1 5
6 -1 -1
44 -1 -1
4 4 -1
-1 44 4
-1 -1 -1
-1 15 4
4 4 -1
-1 14 4
4 4 -1
-1 13 4
4 4 -1
-1 12 4
4 4 -1
-1 5 4
4 4 -1
5 6 -1
-1 3 4
4 4 -1
4 4 -1
44 7 7
-1 7 4
-1 -1 4
-1 -1 -1
44 -1 -1
13 -1 44
0 -1 4
44 -1 0
3 44 -1
44 3 -1
-1 -1 -1
-1 -1 -1
44 3 -1
-1 -1 -1
0 -1 3
15 -1 -1
44 0 -1
-1 -1 -1
0 0 -1
44 0 -1
-1 44 -1
14 3 -1
0 14 -1
2 0 -1
44 -1 0
0 44 -1
12 0 -1
12 12 -1
-1 -1 -1
0 12 -1
5 0 2
-1 -1 -1
44 -1 5
0 44 -1
44 0 -1
-1 -1 -1
1 -1 4
0 12 -1
6 14 -1
7 0 1
44 -1 -1
4 4 -1
-1 44 4
-1 -1 -1
-1 15 4
4 4 -1
-1 14 4
4 4 -1
-1 13 4
4 4 -1
-1 12 4
4 4 -1
-1 5 4
4 4 -1
5 6 -1
-1 3 4
4 4 -1
4 4 -1
44 7 7
-1 7 4
-1 -1 4
-1 -1 -1
44 -1 -1
13 -1 44
0 -1 4
44 -1 0
3 44 -1
44 3 -1
-1 -1 -1
-1 -1 -1
44 3 -1
-1 -1 -1
0 -1 3
15 -1 -1
44 0 -1
-1 -1 -1
0 0 -1
44 0 -1
-1 44 -1
45 -1 -1
45 -1 45
44 45 -1
-1 -1 -1
7 -1 4
44 -1 -1
4 4 -1
-1 44 4
-1 -1 -1
-1 3 4
-1 5 4
4 4 -1
44 -1 7
0 44 -1
44 0 -1
-1 -1 -1
-1 -1 -1
44 0 -1
-1 -1 -1
7 -1 7
6 -1 -1
44 -1 -1
4 4 -1
-1 44 4
-1 -1 -1
0 6 -1
6 6 -1
44 0 0
0 44 -1
-1 -1 -1
0 0 -1
1 -1 0
44 1 -1
-1 -1 -1
0 7 -1
44 -1 4
4 4 -1
-1 44 -1
6 -1 -1
3 0 -1
7 0 -1
44 -1 -1
4 4 -1
-1 44 4
-1 -1 -1
0 6 -1
6 6 -1
44 0 0
0 44 -1
-1 -1 -1
0 0 -1
1 -1 0
44 1 -1
-1 -1 -1
0 -1 -1
0 0 1
2 0 0
7 7 2
7 7 0
7 7 0
0 7 -1
44 -1 4
4 4 -1
-1 44 -1
44 3 0
0 -1 -1
0 -1 -1
0 0 -1
-1 -1 -1
3 -1 4
5 -1 4
4 4 -1
44 -1 4
4 4 -1
-1 44 -1
44 0 0
-1 -1 -1
45 -1 -1
45 -1 45
44 45 -1
-1 -1 -1
7 -1 4
44 -1 -1
4 4 -1
-1 44 4
-1 -1 -1
-1 3 4
4 4 -1
44 -1 7
0 44 -1
44 0 -1
-1 -1 -1
-1 -1 -1
44 0 -1
-1 -1 -1
0 -1 -1
45 -1 7
44 0 45
3 -1 4
4 4 -1
0 -1 -1
0 -1 -1
0 0 -1
44 -1 4
4 4 -1
-1 44 -1
44 0 0
-1 -1 -1
45 -1 4
44 45 -1
-1 44 4
-1 -1 -1
0 -1 4
4 4 -1
3 -1 4
4 4 -1
5 -1 4
4 4 -1
12 -1 4
4 4 -1
13 -1 4
4 4 -1
14 -1 4
4 4 -1
15 -1 4
4 4 -1
44 -1 4
4 4 -1
-1 44 -1
15 15 0
-1 -1 -1
12 12 -1
5 5 -1
44 12 -1
-1 -1 -1
44 -1 5
0 44 -1
44 0 -1
-1 -1 -1
1 -1 4
0 12 -1
6 14 -1
7 0 1
44 -1 -1
4 4 -1
-1 44 4
-1 -1 -1
-1 15 4
4 4 -1
-1 14 4
4 4 -1
-1 13 4
4 4 -1
-1 12 4
4 4 -1
-1 5 4
4 4 -1
5 6 -1
-1 3 4
4 4 -1
4 4 -1
44 7 7
-1 7 4
-1 -1 4
-1 -1 -1
44 -1 -1
13 -1 44
0 -1 4
44 -1 0
3 44 -1
44 3 -1
-1 -1 -1
-1 -1 -1
44 3 -1
-1 -1 -1
0 -1 3
15 -1 -1
44 0 -1
-1 -1 -1
0 0 -1
44 0 -1
-1 44 -1
0 -1 4
4 4 -1
3 -1 4
4 4 -1
5 -1 4
4 4 -1
12 -1 4
4 4 -1
13 -1 4
4 4 -1
14 -1 4
4 4 -1
15 -1 4
4 4 -1
44 -1 4
4 4 -1
-1 44 -1
15 15 0
-1 -1 -1
12 12 -1
5 5 -1
44 12 -1
-1 -1 -1
45 -1 4
44 45 15
-1 44 4
-1 -1 -1
0 -1 4
4 4 -1
3 -1 4
4 4 -1
5 -1 4
4 4 -1
12 -1 4
4 4 -1
13 -1 4
4 4 -1
14 -1 4
4 4 -1
15 -1 4
4 4 -1
44 -1 4
4 4 -1
-1 44 -1
0 0 0
-1 0 5
7 -1 5
44 -1 -1
4 4 -1
-1 44 4
-1 -1 -1
-1 12 4
4 4 -1
-1 5 4
4 4 -1
5 -1 -1
-1 3 4
4 4 -1
3 -1 -1
4 4 -1
12 -1 4
-1 7 4
7 12 -1
44 -1 -1
4 4 -1
-1 44 4
-1 -1 -1
0 7 -1
-1 -1 7
-1 -1 7
44 -1 4
4 4 -1
-1 44 -1
7 -1 4
2 12 -1
6 -1 -1
44 -1 -1
4 4 -1
-1 44 4
-1 -1 -1
-1 15 4
4 4 -1
15 6 -1
6 2 -1
-1 14 4
4 4 -1
14 2 -1
-1 13 4
4 4 -1
-1 12 4
4 4 -1
-1 5 4
4 4 -1
-1 3 4
4 4 -1
4 4 -1
-1 7 4
44 -1 -1
4 4 -1
-1 44 4
-1 15 -1
4 4 -1
0 -1 7
2 6 -1
44 0 0
-1 -1 -1
45 -1 0
44 45 -1
-1 -1 -1
0 -1 -1
4 4 -1
44 -1 4
4 4 -1
-1 44 -1
-1 0 4
0 0 -1
-1 -1 -1
11 -1 4
44 11 11
-1 -1 -1
2 -1 4
0 -1 2
44 0 0
-1 -1 -1
44 -1 0
0 44 -1
1 0 -1
44 -1 0
0 44 -1
-1 1 4
44 0 0
-1 -1 -1
0 0 -1
-1 -1 4
0 0 -1
-1 0 4
3 -1 4
1 -1 4
2 -1 4
44 1 3
0 44 -1
44 0 -1
-1 -1 -1
44 0 -1
-1 -1 -1
0 2 -1
6 14 -1
3 0 -1
0 -1 4
44 -1 0
3 3 44
2 -1 3
-1 2 4
7 2 -1
44 -1 -1
4 4 -1
-1 44 4
-1 15 -1
4 4 -1
0 -1 7
2 6 -1
44 0 0
-1 -1 -1
45 -1 0
44 45 -1
-1 -1 -1
6 -1 0
7 2 -1
44 -1 -1
4 4 -1
-1 44 4
-1 -1 -1
-1 12 4
4 4 -1
12 6 -1
12 12 -1
-1 5 4
4 4 -1
5 7 -1
-1 3 4
4 4 -1
7 -1 7
3 6 -1
44 7 7
-1 -1 -1
44 -1 -1
6 -1 44
44 6 6
-1 -1 -1
0 -1 6
44 -1 -1
-1 0 44
2 3 -1
3 3 -1
0 -1 -1
2 2 -1
1 3 -1
-1 -1 6
-1 -1 6
2 2 -1
0 0 1
45 -1 5
44 45 -1
-1 12 6
44 2 6
-1 0 44
-1 -1 -1
-1 -1 6
-1 -1 6
-1 6 5
-1 -1 -1
-1 6 5
-1 12 5
3 -1 4
4 4 -1
5 -1 4
4 4 -1
12 -1 4
4 4 -1
44 -1 4
4 4 -1
-1 44 -1
0 -1 -1
4 4 -1
44 -1 4
4 4 -1
-1 44 -1
44 0 -1
-1 -1 -1
44 0 0
-1 -1 -1
0 -1 3
44 0 0
-1 -1 -1
-1 -1 -1
44 -1 0
0 44 -1
1 0 -1
44 -1 0
0 44 -1
-1 1 4
44 0 0
-1 -1 -1
0 0 -1
-1 -1 4
0 0 -1
-1 0 4
3 -1 4
1 -1 4
2 -1 4
44 1 3
0 44 -1
44 0 -1
-1 -1 -1
44 0 -1
-1 -1 -1
44 0 -1
-1 -1 -1
45 -1 4
44 45 -1
-1 44 4
0 -1 4
45 -1 4
44 45 0
-1 -1 -1
3 -1 4
1 -1 4
2 -1 4
44 1 3
0 44 -1
44 0 -1
-1 -1 -1
44 0 -1
-1 -1 -1
44 0 -1
-1 -1 -1
45 -1 4
44 45 -1
-1 44 4
0 -1 4
45 -1 4
44 45 0
-1 -1 -1
-1 -1 -1
45 -1 4
44 45 -1
-1 44 4
0 -1 4
45 -1 4
44 45 0
-1 -1 -1
3 -1 4
1 -1 4
2 -1 4
44 1 3
0 44 -1
44 0 -1
-1 -1 -1
44 0 -1
-1 -1 -1
0 2 -1
6 14 -1
3 0 -1
0 -1 4
44 -1 0
3 3 44
2 -1 3
-1 2 4
7 2 -1
44 -1 -1
4 4 -1
-1 44 4
-1 15 -1
4 4 -1
0 -1 7
2 6 -1
44 0 0
-1 -1 -1
45 -1 0
44 45 -1
-1 -1 -1
0 -1 -1
4 4 -1
44 -1 4
4 4 -1
-1 44 -1
44 0 -1
-1 -1 -1
44 0 0
-1 -1 -1
0 -1 3
44 0 0
-1 -1 -1
-1 -1 -1
44 -1 0
0 44 -1
1 0 -1
44 -1 0
0 44 -1
-1 1 4
44 0 0
-1 -1 -1
0 0 -1
-1 -1 4
0 0 -1
-1 0 4
3 -1 4
1 -1 4
2 -1 4
44 1 3
0 44 -1
44 0 -1
-1 -1 -1
44 0 -1
-1 -1 -1
44 0 -1
-1 -1 -1
45 -1 4
44 45 -1
-1 44 4
0 -1 4
45 -1 4
44 45 0
-1 -1 -1
-1 -1 -1
45 -1 4
44 45 -1
-1 44 4
0 -1 4
45 -1 4
44 45 0
-1 -1 -1
-1 -1 -1
0 -1 4
4 4 -1
3 -1 4
4 4 -1
5 -1 4
4 4 -1
12 -1 4
4 4 -1
13 -1 4
4 4 -1
14 -1 4
4 4 -1
15 -1 4
4 4 -1
44 -1 4
4 4 -1
-1 44 -1
8 -1 4
44 8 8
-1 -1 -1
9 -1 -1
6 9 8
10 9 -1
44 6 6
-1 -1 -1
9 9 -1
44 9 -1
-1 -1 -1
6 9 8
10 9 -1
44 6 6
-1 -1 -1
7 -1 -1
11 -1 -1
-1 -1 -1
1 7 -1
0 11 -1
0 0 1
44 0 6
-1 -1 -1
7 7 -1
44 7 -1
-1 -1 -1
1 7 -1
0 11 -1
0 0 1
44 0 6
-1 -1 -1
7 7 -1
44 7 -1
-1 -1 -1
1 7 -1
0 11 -1
0 0 1
44 0 6
-1 -1 -1
7 7 -1
44 7 -1
-1 -1 -1
1 7 -1
0 11 -1
0 0 1
44 0 6
-1 -1 -1
7 7 -1
44 7 -1
-1 -1 -1
1 7 -1
0 11 -1
0 0 1
44 0 6
-1 -1 -1
7 7 -1
44 7 -1
-1 -1 -1
1 7 -1
0 11 -1
0 0 1
44 0 6
-1 -1 -1
7 7 -1
44 7 -1
-1 -1 -1
1 7 -1
0 11 -1
0 0 1
44 0 6
-1 -1 -1
7 7 -1
44 7 -1
-1 -1 -1
1 7 -1
0 11 -1
0 0 1
44 0 6
-1 -1 -1
7 7 -1
44 7 -1
-1 -1 -1
1 7 -1
0 11 -1
0 0 1
44 0 6
-1 -1 -1
7 7 -1
44 7 -1
-1 -1 -1
1 7 -1
0 11 -1
0 0 1
44 0 6
-1 -1 -1
7 7 -1
44 7 -1
-1 -1 -1
1 7 -1
0 11 -1
0 0 1
44 0 6
-1 -1 -1
7 7 -1
44 7 -1
-1 -1 -1
1 7 -1
0 11 -1
0 0 1
44 0 6
-1 -1 -1
7 7 -1
44 7 -1
-1 -1 -1
1 7 -1
0 11 -1
0 0 1
44 0 6
-1 -1 -1
7 7 -1
44 7 -1
-1 -1 -1
1 7 -1
0 11 -1
0 0 1
44 0 6
-1 -1 -1
7 7 -1
44 7 -1
-1 -1 -1
1 7 -1
0 11 -1
0 0 1
44 0 6
-1 -1 -1
7 7 -1
44 7 -1
-1 -1 -1
1 7 -1
0 11 -1
0 0 1
44 0 6
-1 -1 -1
7 7 -1
44 7 -1
-1 -1 -1
1 7 -1
0 11 -1
0 0 1
44 0 6
-1 -1 -1
7 7 -1
44 7 -1
-1 -1 -1
1 7 -1
0 11 -1
0 0 1
44 0 6
-1 -1 -1
7 7 -1
44 7 -1
-1 -1 -1
1 7 -1
0 11 -1
0 0 1
44 0 6
-1 -1 -1
7 7 -1
44 7 -1
-1 -1 -1
1 7 -1
0 11 -1
0 0 1
44 0 6
-1 -1 -1
7 7 -1
44 7 -1
-1 -1 -1
1 7 -1
0 11 -1
0 0 1
44 0 6
-1 -1 -1
7 7 -1
44 7 -1
-1 -1 -1
1 7 -1
0 11 -1
0 0 1
44 0 6
-1 -1 -1
7 7 -1
44 7 -1
-1 -1 -1
1 7 -1
0 11 -1
0 0 1
44 0 6
-1 -1 -1
7 7 -1
44 7 -1
-1 -1 -1
1 7 -1
0 11 -1
0 0 1
44 0 6
-1 -1 -1
7 7 -1
44 7 -1
-1 -1 -1
1 7 -1
0 11 -1
0 0 1
44 0 6
-1 -1 -1
7 7 -1
44 7 -1
-1 -1 -1
1 7 -1
0 11 -1
0 0 1
44 0 6
-1 -1 -1
7 7 -1
44 7 -1
-1 -1 -1
1 7 -1
0 11 -1
0 0 1
44 0 6
-1 -1 -1
0 0 -1
6 6 0
0 -1 8
0 0 10
0 0 -1
2 1 0
44 2 -1
-1 -1 -1
44 2 -1
-1 -1 -1
44 2 -1
-1 -1 -1
44 2 -1
-1 -1 -1
0 -1 2
44 0 -1
-1 -1 -1
44 2 -1
0 -1 -1
-1 -1 -1
3 3 0
44 6 6
-1 -1 -1
9 9 -1
44 9 -1
-1 -1 -1
8 -1 8
44 8 8
-1 -1 -1
7 12 -1
44 -1 -1
4 4 -1
-1 44 4
-1 -1 -1
0 -1 7
44 0 0
-1 -1 -1
44 -1 -1
1 -1 44
-1 -1 -1
2 -1 0
-1 1 0
44 2 2
-1 -1 -1
44 -1 -1
-1 0 44
-1 -1 7
-1 -1 7
44 -1 4
4 4 -1
-1 44 -1
44 5 5
-1 -1 -1
4 4 -1
0 3 -1
3 -1 4
4 4 -1
5 -1 4
4 4 -1
12 -1 4
4 4 -1
44 -1 4
4 4 -1
-1 44 -1
-1 0 5
45 -1 5
44 45 -1
44 -1 -1
-1 44 5
44 -1 -1
-1 44 5
-1 -1 -1
45 -1 5
44 45 -1
44 -1 -1
-1 44 5
44 -1 -1
-1 44 5
-1 -1 -1
45 -1 5
44 45 -1
44 -1 -1
-1 44 5
13 -1 -1
-1 -1 -1
1 -1 5
45 -1 -1
45 -1 45
44 1 45
-1 -1 -1
44 -1 -1
-1 44 5
12 -1 -1
-1 -1 5
44 14 14
-1 -1 -1
45 -1 5
44 45 -1
-1 -1 -1
45 -1 5
44 45 -1
-1 -1 -1
2 -1 5
45 -1 5
44 45 2
-1 -1 -1
45 -1 5
44 45 -1
-1 -1 -1
44 2 -1
-1 -1 -1
2 -1 5
45 -1 5
44 45 2
-1 -1 -1
45 -1 5
44 45 -1
-1 -1 -1
44 2 -1
-1 -1 -1
3 -1 5
45 -1 5
44 45 3
-1 -1 -1
45 -1 5
44 45 -1
-1 -1 -1
44 3 -1
-1 -1 -1
3 -1 5
44 -1 -1
-1 44 5
-1 -1 -1
45 -1 5
44 45 -1
-1 -1 -1
0 -1 5
45 -1 -1
45 -1 45
44 0 45
-1 -1 -1
6 -1 15
7 -1 5
1 -1 -1
2 3 -1
6 6 -1
44 -1 -1
4 4 -1
-1 44 4
-1 -1 -1
-1 3 4
-1 12 4
3 2 -1
-1 13 4
-1 14 4
13 7 -1
-1 5 4
4 4 -1
5 -1 6
12 6 -1
14 1 -1
44 5 2
-1 -1 -1
3 -1 4
5 -1 4
0 -1 -1
12 -1 4
13 -1 4
14 -1 4
4 4 -1
44 -1 4
4 4 -1
-1 44 -1
44 0 0
-1 -1 -1
45 -1 5
44 45 -1
-1 -1 -1
0 -1 15
6 -1 5
7 -1 0
44 -1 -1
4 4 -1
-1 44 4
-1 -1 -1
-1 15 4
4 4 -1
-1 14 4
4 4 -1
-1 13 4
4 4 -1
-1 12 4
4 4 -1
-1 5 4
4 4 -1
-1 3 4
4 4 -1
4 4 -1
44 7 7
-1 7 4
-1 6 4
-1 -1 -1
44 -1 7
0 44 -1
1 -1 0
44 1 -1
-1 -1 -1
0 0 -1
2 0 -1
44 -1 0
0 44 -1
14 0 -1
14 14 -1
-1 -1 -1
0 14 -1
15 0 2
-1 -1 -1
44 -1 15
0 44 -1
44 0 -1
-1 -1 -1
2 -1 4
13 14 -1
6 -1 4
7 13 2
44 -1 -1
4 4 -1
-1 44 4
-1 -1 -1
-1 15 4
4 4 -1
-1 14 4
4 4 -1
-1 13 4
4 4 -1
-1 12 4
4 4 -1
-1 5 4
4 4 -1
-1 3 4
4 4 -1
4 4 -1
44 7 7
-1 7 4
-1 6 4
-1 -1 -1
44 -1 7
0 44 -1
1 -1 0
44 1 -1
-1 -1 -1
2 -1 -1
2 2 1
44 2 -1
-1 -1 -1
0 -1 4
4 4 -1
3 -1 4
4 4 -1
5 -1 4
4 4 -1
12 -1 4
4 4 -1
13 -1 4
4 4 -1
14 -1 4
4 4 -1
15 -1 4
4 4 -1
44 -1 4
4 4 -1
-1 44 -1
45 -1 4
44 45 -1
3 0 -1
-1 -1 -1
44 0 0
-1 -1 -1
45 -1 0
44 45 -1
-1 -1 -1
-1 -1 -1
2 -1 4
44 13 2
-1 3 44
-1 -1 -1
14 14 -1
15 15 -1
44 14 -1
-1 -1 -1
44 -1 15
0 44 -1
44 0 -1
-1 -1 -1
2 -1 4
13 14 -1
6 -1 4
7 13 2
44 -1 -1
4 4 -1
-1 44 4
-1 -1 -1
-1 15 4
4 4 -1
-1 14 4
4 4 -1
-1 13 4
4 4 -1
-1 12 4
4 4 -1
-1 5 4
4 4 -1
-1 3 4
4 4 -1
4 4 -1
44 7 7
-1 7 4
-1 6 4
-1 -1 -1
44 -1 7
0 44 -1
1 -1 0
44 1 -1
-1 -1 -1
2 -1 -1
2 2 1
44 2 -1
-1 -1 -1
44 2 -1
-1 -1 -1
3 -1 7
44 3 -1
-1 -1 -1
45 -1 -1
45 -1 45
44 3 45
-1 -1 -1
44 -1 -1
2 -1 44
44 2 2
-1 -1 -1
45 -1 2
44 45 3
-1 -1 -1
45 -1 -1
45 -1 45
44 3 45
-1 -1 -1
44 -1 -1
2 -1 44
44 2 2
-1 -1 -1
44 -1 2
0 44 -1
2 0 0
2 2 -1
44 -1 -1
44 -1 44
2 2 44
6 -1 2
44 6 -1
-1 -1 -1
44 -1 -1
0 -1 44
2 6 -1
0 -1 0
0 -1 0
2 2 0
-1 2 4
-1 -1 -1
0 -1 4
4 4 -1
3 -1 4
4 4 -1
5 -1 4
4 4 -1
12 -1 4
4 4 -1
13 -1 4
4 4 -1
14 -1 4
4 4 -1
15 -1 4
4 4 -1
44 -1 4
4 4 -1
-1 44 -1
45 -1 4
44 45 -1
3 0 -1
-1 -1 -1
44 0 0
-1 -1 -1
45 -1 0
44 45 -1
-1 -1 -1
-1 -1 -1
2 -1 4
0 13 2
45 -1 0
44 45 -1
-1 -1 -1
45 -1 3
44 45 -1
2 -1 -1
2 -1 -1
45 -1 0
44 45 -1
0 -1 -1
0 -1 -1
44 2 0
-1 -1 -1
2 -1 4
0 -1 2
44 0 0
-1 -1 -1
0 0 -1
0 0 0
45 0 -1
44 45 -1
-1 -1 -1
2 -1 4
44 13 2
-1 3 44
-1 -1 -1
14 14 -1
15 15 -1
44 14 -1
-1 -1 -1
0 -1 4
4 4 -1
3 -1 4
4 4 -1
5 -1 4
4 4 -1
12 -1 4
4 4 -1
13 -1 4
4 4 -1
14 -1 4
4 4 -1
15 -1 4
4 4 -1
44 -1 4
4 4 -1
-1 44 -1
6 -1 15
7 -1 5
1 -1 -1
2 0 -1
6 6 -1
44 -1 -1
4 4 -1
-1 44 4
-1 -1 -1
-1 3 4
-1 12 4
3 2 -1
-1 13 4
-1 14 4
13 7 -1
-1 5 4
4 4 -1
5 -1 6
12 6 -1
14 1 -1
44 5 2
-1 -1 -1
3 -1 4
5 -1 4
0 -1 -1
12 -1 4
13 -1 4
14 -1 4
4 4 -1
44 -1 4
4 4 -1
-1 44 -1
44 -1 -1
4 4 -1
-1 44 4
-1 -1 -1
-1 14 4
4 4 -1
44 -1 -1
1 -1 44
-1 13 4
4 4 -1
13 -1 -1
44 1 1
-1 12 4
4 4 -1
-1 5 4
4 4 -1
-1 3 4
4 4 -1
-1 -1 -1
44 -1 -1
7 -1 44
44 7 13
-1 -1 -1
3 -1 4
4 4 -1
5 -1 4
4 4 -1
12 -1 4
4 4 -1
13 -1 4
4 4 -1
14 -1 4
4 4 -1
0 -1 -1
44 -1 -1
-1 -1 44
44 -1 4
4 4 -1
-1 44 -1
2 -1 5
0 -1 15
45 -1 2
44 45 -1
12 -1 0
-1 -1 -1
3 -1 2
45 -1 -1
45 -1 45
44 3 45
-1 -1 -1
0 3 -1
0 0 -1
0 0 3
0 0 -1
0 0 -1
2 -1 0
13 -1 0
44 2 2
-1 -1 -1
45 -1 2
44 3 45
-1 -1 -1
-1 -1 -1
-1 -1 -1
1 -1 5
44 -1 -1
-1 3 44
44 -1 -1
-1 2 44
3 -1 1
45 -1 2
44 45 3
-1 -1 -1
45 -1 15
44 12 45
-1 -1 -1
45 -1 5
44 45 -1
-1 -1 -1
45 -1 5
44 45 -1
-1 -1 -1
0 -1 5
44 -1 -1
-1 -1 44
-1 -1 -1
44 -1 0
2 44 -1
0 -1 2
44 0 -1
-1 -1 -1
44 2 -1
-1 -1 -1
44 2 -1
-1 -1 -1
2 -1 5
-1 2 15
45 -1 2
44 45 -1
-1 -1 -1
3 -1 5
45 -1 3
44 45 -1
-1 -1 -1
3 -1 3
44 3 -1
-1 -1 -1
6 -1 5
7 -1 5
44 -1 -1
4 4 -1
-1 44 4
-1 -1 -1
-1 15 4
4 4 -1
8 -1 -1
-1 14 4
4 4 -1
14 7 -1
-1 13 4
4 4 -1
-1 12 4
4 4 -1
-1 5 4
4 4 -1
-1 3 4
4 4 -1
4 4 -1
44 7 7
-1 6 4
-1 -1 -1
44 -1 14
0 44 -1
6 0 -1
0 0 -1
44 0 -1
-1 -1 -1
0 0 -1
44 0 -1
-1 44 -1
3 -1 14
44 3 -1
-1 -1 -1
45 -1 -1
45 -1 45
44 45 14
-1 -1 -1
45 -1 -1
45 -1 45
44 45 14
-1 -1 -1
45 -1 -1
45 -1 45
44 45 14
-1 -1 -1
45 -1 -1
45 -1 45
44 45 14
-1 -1 -1
45 -1 -1
45 -1 45
44 45 14
-1 -1 -1
0 3 -1
45 -1 0
44 45 -1
-1 -1 -1
45 -1 0
44 45 -1
-1 -1 -1
45 -1 -1
45 -1 45
44 3 45
-1 -1 -1
44 -1 -1
2 -1 44
44 2 2
-1 -1 -1
0 -1 2
0 0 -1
8 8 0
-1 -1 -1
4 4 -1
0 8 -1
3 -1 4
4 4 -1
5 -1 4
4 4 -1
12 -1 4
4 4 -1
13 -1 4
4 4 -1
14 -1 4
4 4 -1
15 -1 4
4 4 -1
44 -1 4
4 4 -1
-1 44 -1
0 0 -1
6 -1 15
-1 0 15
2 -1 6
44 -1 2
0 44 -1
0 0 -1
44 0 -1
-1 -1 -1
45 -1 5
44 45 -1
-1 -1 -1
1 -1 5
45 -1 -1
45 -1 45
44 1 45
-1 -1 -1
44 -1 -1
0 -1 44
44 0 0
-1 -1 -1
44 6 6
-1 -1 -1
7 -1 6
45 -1 5
44 45 7
-1 -1 -1
45 -1 5
44 45 -1
-1 44 5
15 15 -1
1 -1 5
45 -1 5
44 45 1
-1 -1 -1
45 -1 5
44 45 -1
0 -1 -1
0 -1 -1
-1 -1 -1
45 -1 5
44 45 -1
-1 -1 -1
12 -1 5
44 12 12
-1 -1 -1
-1 -1 -1
12 -1 5
15 -1 -1
-1 -1 -1
0 -1 12
44 0 0
-1 -1 -1
45 -1 12
44 45 -1
-1 -1 -1
6 -1 0
7 -1 0
44 -1 -1
4 4 -1
-1 44 4
-1 -1 -1
-1 3 4
-1 5 4
3 6 -1
-1 12 4
-1 13 4
5 7 -1
-1 14 4
-1 15 4
4 4 -1
44 7 6
-1 -1 -1
44 7 7
-1 -1 -1
44 6 6
-1 -1 -1
44 -1 7
2 44 -1
45 -1 6
44 45 2
1 2 -1
-1 -1 -1
0 -1 -1
3 -1 4
5 -1 4
12 -1 4
13 -1 4
14 -1 4
15 -1 4
4 4 -1
44 -1 4
4 4 -1
-1 44 -1
44 0 0
-1 -1 -1
0 -1 12
2 -1 0
45 -1 2
44 45 -1
-1 -1 -1
13 -1 12
44 -1 13
0 44 -1
44 0 0
-1 -1 -1
0 0 -1
-1 0 5
-1 -1 -1
45 -1 12
44 45 -1
3 -1 5
-1 -1 -1
7 -1 5
2 -1 -1
6 -1 -1
44 -1 -1
4 4 -1
-1 44 4
-1 -1 -1
44 -1 7
0 44 -1
1 -1 -1
45 -1 0
44 45 -1
-1 -1 -1
1 -1 7
44 1 1
-1 -1 -1
0 1 -1
44 -1 4
4 4 -1
-1 44 -1
44 0 0
-1 -1 -1
2 -1 -1
6 3 -1
7 13 -1
44 -1 -1
4 4 -1
-1 44 4
-1 -1 -1
-1 14 4
4 4 -1
14 2 -1
-1 13 4
4 4 -1
13 6 -1
-1 12 4
4 4 -1
-1 5 4
4 4 -1
5 7 -1
-1 3 4
4 4 -1
44 -1 7
0 44 -1
44 0 -1
-1 -1 -1
44 0 -1
-1 -1 -1
3 -1 4
4 4 -1
7 5 -1
5 -1 4
4 4 -1
12 -1 4
4 4 -1
13 -1 4
4 4 -1
14 -1 4
4 4 -1
-1 -1 -1
-1 15 4
4 4 -1
-1 14 4
4 4 -1
14 7 -1
-1 13 4
4 4 -1
-1 12 4
4 4 -1
-1 5 4
4 4 -1
-1 3 4
4 4 -1
4 4 -1
44 7 7
-1 -1 -1
44 -1 7
0 44 -1
44 0 -1
-1 -1 -1
44 0 -1
2 0 -1
-1 -1 -1
44 0 -1
-1 -1 -1
12 2 -1
7 -1 14
45 -1 7
44 45 -1
-1 -1 -1
3 -1 7
45 -1 -1
45 -1 45
44 3 45
-1 -1 -1
0 3 -1
0 0 -1
0 0 3
0 0 -1
0 0 -1
2 -1 0
5 -1 0
44 2 2
-1 -1 -1
45 -1 2
44 3 45
-1 -1 -1
7 -1 14
44 -1 -1
-1 3 44
44 -1 -1
-1 2 44
0 -1 2
45 -1 7
44 0 45
-1 -1 -1
15 -1 -1
7 -1 14
45 -1 7
44 45 -1
-1 -1 -1
44 -1 12
0 44 -1
2 12 -1
5 0 -1
5 5 -1
-1 -1 -1
0 5 -1
12 0 2
-1 -1 -1
44 -1 12
0 44 -1
44 0 -1
-1 -1 -1
0 5 -1
7 0 14
44 -1 -1
4 4 -1
-1 44 4
-1 -1 -1
-1 15 4
4 4 -1
-1 14 4
4 4 -1
14 7 -1
-1 13 4
4 4 -1
-1 12 4
4 4 -1
-1 5 4
4 4 -1
-1 3 4
4 4 -1
4 4 -1
44 7 7
-1 -1 -1
44 -1 7
0 44 -1
44 0 -1
-1 -1 -1
44 0 -1
2 0 -1
-1 -1 -1
44 0 -1
-1 -1 -1
12 2 -1
15 -1 -1
45 -1 12
44 45 -1
-1 -1 -1
44 -1 12
0 44 -1
2 12 -1
5 0 -1
5 5 -1
-1 -1 -1
0 5 -1
12 0 2
-1 -1 -1
44 -1 12
0 44 -1
44 0 -1
-1 -1 -1
44 0 -1
-1 -1 -1
5 5 -1
12 12 -1
44 5 -1
-1 -1 -1
4 4 -1
0 15 -1
3 -1 4
4 4 -1
5 -1 4
4 4 -1
12 -1 4
4 4 -1
13 -1 4
4 4 -1
14 -1 4
4 4 -1
15 -1 4
4 4 -1
44 -1 4
4 4 -1
-1 44 -1
15 15 0
-1 -1 -1
5 5 -1
12 12 -1
44 5 -1
-1 -1 -1
44 -1 12
0 44 -1
44 0 -1
-1 -1 -1
0 5 -1
7 0 14
44 -1 -1
4 4 -1
-1 44 4
-1 -1 -1
-1 15 4
4 4 -1
-1 14 4
4 4 -1
14 7 -1
-1 13 4
4 4 -1
-1 12 4
4 4 -1
-1 5 4
4 4 -1
-1 3 4
4 4 -1
4 4 -1
44 7 7
-1 -1 -1
44 -1 7
0 44 -1
44 0 -1
-1 -1 -1
0 -1 7
44 0 -1
-1 0 4
-1 -1 -1
0 -1 -1
2 -1 4
15 2 0
44 2 15
-1 -1 -1
12 2 -1
45 -1 -1
45 -1 45
44 45 12
-1 -1 -1
44 -1 -1
2 -1 44
44 2 2
-1 -1 -1
0 -1 2
44 0 0
-1 -1 -1
45 -1 -1
45 -1 45
44 45 12
-1 -1 -1
44 -1 -1
2 -1 44
44 2 2
-1 -1 -1
0 -1 2
45 -1 2
44 45 0
-1 -1 -1
45 -1 -1
45 -1 45
44 45 12
-1 -1 -1
44 -1 -1
2 -1 44
44 2 2
-1 -1 -1
0 -1 2
12 12 -1
44 15 12
-1 0 2
-1 -1 -1
15 -1 -1
-1 -1 -1
4 4 -1
0 15 -1
3 -1 4
4 4 -1
5 -1 4
4 4 -1
12 -1 4
4 4 -1
13 -1 4
4 4 -1
14 -1 4
4 4 -1
15 -1 4
4 4 -1
44 -1 4
4 4 -1
-1 44 -1
15 15 0
-1 -1 -1
5 5 -1
12 12 -1
44 5 -1
-1 -1 -1
4 4 -1
0 15 -1
3 -1 4
4 4 -1
5 -1 4
4 4 -1
12 -1 4
4 4 -1
13 -1 4
4 4 -1
14 -1 4
4 4 -1
15 -1 4
4 4 -1
44 -1 4
4 4 -1
-1 44 -1
44 0 0
-1 -1 -1
6 -1 5
2 -1 12
7 13 -1
1 -1 5
44 -1 -1
4 4 -1
-1 44 4
-1 -1 -1
-1 15 4
4 4 -1
15 2 -1
-1 14 4
4 4 -1
14 6 -1
-1 13 4
4 4 -1
-1 12 4
4 4 -1
-1 5 4
4 4 -1
5 7 -1
-1 3 4
4 4 -1
4 4 -1
45 -1 7
44 45 -1
-1 1 4
-1 -1 -1
44 -1 -1
13 -1 44
44 13 13
-1 -1 -1
0 -1 13
44 -1 -1
-1 0 44
-1 5 13
-1 -1 13
44 -1 5
0 44 -1
44 0 -1
-1 -1 -1
44 0 -1
-1 -1 -1
6 -1 -1
7 5 -1
44 -1 -1
4 4 -1
-1 44 4
-1 -1 -1
-1 15 4
4 4 -1
-1 14 4
4 4 -1
-1 13 4
4 4 -1
-1 12 4
4 4 -1
-1 5 4
4 4 -1
5 6 -1
-1 3 4
4 4 -1
4 4 -1
44 7 7
-1 7 4
-1 -1 4
-1 -1 -1
44 -1 -1
13 -1 44
0 -1 4
44 -1 0
3 44 -1
44 3 -1
-1 -1 -1
-1 -1 -1
44 3 -1
-1 -1 -1
0 -1 3
15 -1 -1
44 0 -1
-1 -1 -1
0 0 -1
44 0 -1
-1 44 -1
14 3 -1
0 14 -1
2 0 -1
44 -1 0
0 44 -1
12 0 -1
12 12 -1
-1 -1 -1
0 12 -1
5 0 2
-1 -1 -1
44 -1 5
0 44 -1
44 0 -1
-1 -1 -1
1 -1 4
0 12 -1
6 14 -1
7 0 1
44 -1 -1
4 4 -1
-1 44 4
-1 -1 -1
-1 15 4
4 4 -1
-1 14 4
4 4 -1
-1 13 4
4 4 -1
-1 12 4
4 4 -1
-1 5 4
4 4 -1
5 6 -1
-1 3 4
4 4 -1
4 4 -1
44 7 7
-1 7 4
-1 -1 4
-1 -1 -1
44 -1 -1
13 -1 44
0 -1 4
44 -1 0
3 44 -1
44 3 -1
-1 -1 -1
-1 -1 -1
44 3 -1
-1 -1 -1
0 -1 3
15 -1 -1
44 0 -1
-1 -1 -1
0 0 -1
44 0 -1
-1 44 -1
45 -1 -1
45 -1 45
44 45 -1
-1 -1 -1
7 -1 4
44 -1 -1
4 4 -1
-1 44 4
-1 -1 -1
-1 3 4
-1 5 4
4 4 -1
44 -1 7
0 44 -1
44 0 -1
-1 -1 -1
-1 -1 -1
44 0 -1
-1 -1 -1
7 -1 7
6 -1 -1
44 -1 -1
4 4 -1
-1 44 4
-1 -1 -1
0 6 -1
6 6 -1
44 0 0
0 44 -1
-1 -1 -1
0 0 -1
1 -1 0
44 1 -1
-1 -1 -1
0 7 -1
44 -1 4
4 4 -1
-1 44 -1
6 -1 -1
3 0 -1
7 0 -1
44 -1 -1
4 4 -1
-1 44 4
-1 -1 -1
0 6 -1
6 6 -1
44 0 0
0 44 -1
-1 -1 -1
0 0 -1
1 -1 0
44 1 -1
-1 -1 -1
0 -1 -1
0 0 1
2 0 0
7 7 2
7 7 0
7 7 0
0 7 -1
44 -1 4
4 4 -1
-1 44 -1
44 3 0
0 -1 -1
0 -1 -1
0 0 -1
-1 -1 -1
3 -1 4
5 -1 4
4 4 -1
44 -1 4
4 4 -1
-1 44 -1
44 0 0
-1 -1 -1
45 -1 -1
45 -1 45
44 45 -1
-1 -1 -1
7 -1 4
44 -1 -1
4 4 -1
-1 44 4
-1 -1 -1
-1 3 4
4 4 -1
44 -1 7
0 44 -1
44 0 -1
-1 -1 -1
-1 -1 -1
44 0 -1
-1 -1 -1
0 -1 -1
45 -1 7
44 0 45
3 -1 4
4 4 -1
0 -1 -1
0 -1 -1
0 0 -1
44 -1 4
4 4 -1
-1 44 -1
44 0 0
-1 -1 -1
45 -1 4
44 45 -1
-1 44 4
-1 -1 -1
0 -1 4
4 4 -1
3 -1 4
4 4 -1
5 -1 4
4 4 -1
12 -1 4
4 4 -1
13 -1 4
4 4 -1
14 -1 4
4 4 -1
15 -1 4
4 4 -1
44 -1 4
4 4 -1
-1 44 -1
15 15 0
-1 -1 -1
12 12 -1
5 5 -1
44 12 -1
-1 -1 -1
44 -1 5
0 44 -1
44 0 -1
-1 -1 -1
1 -1 4
0 12 -1
6 14 -1
7 0 1
44 -1 -1
4 4 -1
-1 44 4
-1 -1 -1
-1 15 4
4 4 -1
-1 14 4
4 4 -1
-1 13 4
4 4 -1
-1 12 4
4 4 -1
-1 5 4
4 4 -1
5 6 -1
-1 3 4
4 4 -1
4 4 -1
44 7 7
-1 7 4
-1 -1 4
-1 -1 -1
44 -1 -1
13 -1 44
0 -1 4
44 -1 0
3 44 -1
44 3 -1
-1 -1 -1
-1 -1 -1
44 3 -1
-1 -1 -1
0 -1 3
15 -1 -1
44 0 -1
-1 -1 -1
0 0 -1
44 0 -1
-1 44 -1
0 -1 4
4 4 -1
3 -1 4
4 4 -1
5 -1 4
4 4 -1
12 -1 4
4 4 -1
13 -1 4
4 4 -1
14 -1 4
4 4 -1
15 -1 4
4 4 -1
44 -1 4
4 4 -1
-1 44 -1
15 15 0
-1 -1 -1
12 12 -1
5 5 -1
44 12 -1
-1 -1 -1
45 -1 4
44 45 15
-1 44 4
-1 -1 -1
0 -1 4
4 4 -1
3 -1 4
4 4 -1
5 -1 4
4 4 -1
12 -1 4
4 4 -1
13 -1 4
4 4 -1
14 -1 4
4 4 -1
15 -1 4
4 4 -1
44 -1 4
4 4 -1
-1 44 -1
0 0 0
-1 0 13
7 5 -1
44 -1 -1
4 4 -1
-1 44 4
-1 -1 -1
-1 12 4
4 4 -1
-1 5 4
4 4 -1
5 -1 -1
-1 3 4
4 4 -1
3 -1 -1
4 4 -1
12 -1 4
-1 7 4
7 12 -1
44 -1 -1
4 4 -1
-1 44 4
-1 -1 -1
0 7 -1
-1 -1 7
-1 -1 7
44 -1 4
4 4 -1
-1 44 -1
7 -1 4
2 12 -1
6 -1 -1
44 -1 -1
4 4 -1
-1 44 4
-1 -1 -1
-1 15 4
4 4 -1
15 6 -1
6 2 -1
-1 14 4
4 4 -1
14 2 -1
-1 13 4
4 4 -1
-1 12 4
4 4 -1
-1 5 4
4 4 -1
-1 3 4
4 4 -1
4 4 -1
-1 7 4
44 -1 -1
4 4 -1
-1 44 4
-1 15 -1
4 4 -1
0 -1 7
2 6 -1
44 0 0
-1 -1 -1
45 -1 0
44 45 -1
-1 -1 -1
0 -1 -1
4 4 -1
44 -1 4
4 4 -1
-1 44 -1
-1 0 4
0 0 -1
-1 -1 -1
11 -1 4
44 11 11
-1 -1 -1
2 -1 4
0 -1 2
44 0 0
-1 -1 -1
44 -1 0
0 44 -1
1 0 -1
44 -1 0
0 44 -1
-1 1 4
44 0 0
-1 -1 -1
0 0 -1
-1 -1 4
0 0 -1
-1 0 4
3 -1 4
1 -1 4
2 -1 4
44 1 3
0 44 -1
44 0 -1
-1 -1 -1
44 0 -1
-1 -1 -1
0 2 -1
6 14 -1
3 0 -1
0 -1 4
44 -1 0
3 3 44
2 -1 3
-1 2 4
7 2 -1
44 -1 -1
4 4 -1
-1 44 4
-1 15 -1
4 4 -1
0 -1 7
2 6 -1
44 0 0
-1 -1 -1
45 -1 0
44 45 -1
-1 -1 -1
6 -1 0
7 2 -1
44 -1 -1
4 4 -1
-1 44 4
-1 -1 -1
-1 12 4
4 4 -1
12 6 -1
12 12 -1
-1 5 4
4 4 -1
5 7 -1
-1 3 4
4 4 -1
7 -1 7
3 6 -1
44 7 7
-1 -1 -1
44 -1 -1
6 -1 44
44 6 6
-1 -1 -1
0 -1 6
44 -1 -1
-1 0 44
2 3 -1
3 3 -1
0 -1 -1
2 2 -1
1 3 -1
-1 -1 6
-1 -1 6
2 2 -1
0 0 1
45 -1 5
44 45 -1
-1 12 6
44 2 6
-1 0 44
-1 -1 -1
-1 -1 6
-1 -1 6
-1 6 5
-1 -1 -1
-1 6 5
-1 12 5
3 -1 4
4 4 -1
5 -1 4
4 4 -1
12 -1 4
4 4 -1
44 -1 4
4 4 -1
-1 44 -1
0 -1 -1
4 4 -1
44 -1 4
4 4 -1
-1 44 -1
44 0 -1
-1 -1 -1
44 0 0
-1 -1 -1
0 -1 3
44 0 0
-1 -1 -1
-1 -1 -1
44 -1 0
0 44 -1
1 0 -1
44 -1 0
0 44 -1
-1 1 4
44 0 0
-1 -1 -1
0 0 -1
-1 -1 4
0 0 -1
-1 0 4
3 -1 4
1 -1 4
2 -1 4
44 1 3
0 44 -1
44 0 -1
-1 -1 -1
44 0 -1
-1 -1 -1
44 0 -1
-1 -1 -1
45 -1 4
44 45 -1
-1 44 4
0 -1 4
45 -1 4
44 45 0
-1 -1 -1
3 -1 4
1 -1 4
2 -1 4
44 1 3
0 44 -1
44 0 -1
-1 -1 -1
44 0 -1
-1 -1 -1
44 0 -1
-1 -1 -1
45 -1 4
44 45 -1
-1 44 4
0 -1 4
45 -1 4
44 45 0
-1 -1 -1
-1 -1 -1
45 -1 4
44 45 -1
-1 44 4
0 -1 4
45 -1 4
44 45 0
-1 -1 -1
3 -1 4
1 -1 4
2 -1 4
44 1 3
0 44 -1
44 0 -1
-1 -1 -1
44 0 -1
-1 -1 -1
0 2 -1
6 14 -1
3 0 -1
0 -1 4
44 -1 0
3 3 44
2 -1 3
-1 2 4
7 2 -1
44 -1 -1
4 4 -1
-1 44 4
-1 15 -1
4 4 -1
0 -1 7
2 6 -1
44 0 0
-1 -1 -1
45 -1 0
44 45 -1
-1 -1 -1
0 -1 -1
4 4 -1
44 -1 4
4 4 -1
-1 44 -1
44 0 -1
-1 -1 -1
44 0 0
-1 -1 -1
0 -1 3
44 0 0
-1 -1 -1
-1 -1 -1
44 -1 0
0 44 -1
1 0 -1
44 -1 0
0 44 -1
-1 1 4
44 0 0
-1 -1 -1
0 0 -1
-1 -1 4
0 0 -1
-1 0 4
3 -1 4
1 -1 4
2 -1 4
44 1 3
0 44 -1
44 0 -1
-1 -1 -1
44 0 -1
-1 -1 -1
44 0 -1
-1 -1 -1
45 -1 4
44 45 -1
-1 44 4
0 -1 4
45 -1 4
44 45 0
-1 -1 -1
-1 -1 -1
45 -1 4
44 45 -1
-1 44 4
0 -1 4
45 -1 4
44 45 0
-1 -1 -1
-1 -1 -1
0 -1 4
4 4 -1
3 -1 4
4 4 -1
5 -1 4
4 4 -1
12 -1 4
4 4 -1
13 -1 4
4 4 -1
14 -1 4
4 4 -1
15 -1 4
4 4 -1
44 -1 4
4 4 -1
-1 44 -1
8 -1 4
44 8 8
-1 -1 -1
9 -1 -1
6 9 8
10 9 -1
44 6 6
-1 -1 -1
9 9 -1
44 9 -1
-1 -1 -1
6 9 8
10 9 -1
44 6 6
-1 -1 -1
7 -1 -1
11 -1 -1
-1 -1 -1
1 7 -1
0 11 -1
0 0 1
44 0 6
-1 -1 -1
7 7 -1
44 7 -1
-1 -1 -1
1 7 -1
0 11 -1
0 0 1
44 0 6
-1 -1 -1
7 7 -1
44 7 -1
-1 -1 -1
1 7 -1
0 11 -1
0 0 1
44 0 6
-1 -1 -1
7 7 -1
44 7 -1
-1 -1 -1
1 7 -1
0 11 -1
0 0 1
44 0 6
-1 -1 -1
7 7 -1
44 7 -1
-1 -1 -1
1 7 -1
0 11 -1
0 0 1
44 0 6
-1 -1 -1
7 7 -1
44 7 -1
-1 -1 -1
1 7 -1
0 11 -1
0 0 1
44 0 6
-1 -1 -1
7 7 -1
44 7 -1
-1 -1 -1
1 7 -1
0 11 -1
0 0 1
44 0 6
-1 -1 -1
7 7 -1
44 7 -1
-1 -1 -1
1 7 -1
0 11 -1
0 0 1
44 0 6
-1 -1 -1
7 7 -1
44 7 -1
-1 -1 -1
1 7 -1
0 11 -1
0 0 1
44 0 6
-1 -1 -1
7 7 -1
44 7 -1
-1 -1 -1
1 7 -1
0 11 -1
0 0 1
44 0 6
-1 -1 -1
7 7 -1
44 7 -1
-1 -1 -1
1 7 -1
0 11 -1
0 0 1
44 0 6
-1 -1 -1
7 7 -1
44 7 -1
-1 -1 -1
1 7 -1
0 11 -1
0 0 1
44 0 6
-1 -1 -1
7 7 -1
44 7 -1
-1 -1 -1
1 7 -1
0 11 -1
0 0 1
44 0 6
-1 -1 -1
7 7 -1
44 7 -1
-1 -1 -1
1 7 -1
0 11 -1
0 0 1
44 0 6
-1 -1 -1
7 7 -1
44 7 -1
-1 -1 -1
1 7 -1
0 11 -1
0 0 1
44 0 6
-1 -1 -1
7 7 -1
44 7 -1
-1 -1 -1
1 7 -1
0 11 -1
0 0 1
44 0 6
-1 -1 -1
7 7 -1
44 7 -1
-1 -1 -1
1 7 -1
0 11 -1
0 0 1
44 0 6
-1 -1 -1
7 7 -1
44 7 -1
-1 -1 -1
1 7 -1
0 11 -1
0 0 1
44 0 6
-1 -1 -1
7 7 -1
44 7 -1
-1 -1 -1
1 7 -1
0 11 -1
0 0 1
44 0 6
-1 -1 -1
7 7 -1
44 7 -1
-1 -1 -1
1 7 -1
0 11 -1
0 0 1
44 0 6
-1 -1 -1
7 7 -1
44 7 -1
-1 -1 -1
1 7 -1
0 11 -1
0 0 1
44 0 6
-1 -1 -1
7 7 -1
44 7 -1
-1 -1 -1
1 7 -1
0 11 -1
0 0 1
44 0 6
-1 -1 -1
7 7 -1
44 7 -1
-1 -1 -1
1 7 -1
0 11 -1
0 0 1
44 0 6
-1 -1 -1
7 7 -1
44 7 -1
-1 -1 -1
1 7 -1
0 11 -1
0 0 1
44 0 6
-1 -1 -1
7 7 -1
44 7 -1
-1 -1 -1
1 7 -1
0 11 -1
0 0 1
44 0 6
-1 -1 -1
7 7 -1
44 7 -1
-1 -1 -1
1 7 -1
0 11 -1
0 0 1
44 0 6
-1 -1 -1
7 7 -1
44 7 -1
-1 -1 -1
1 7 -1
0 11 -1
0 0 1
44 0 6
-1 -1 -1
0 0 -1
6 6 0
0 -1 8
0 0 10
0 0 -1
2 1 0
44 2 -1
-1 -1 -1
44 2 -1
-1 -1 -1
44 2 -1
-1 -1 -1
44 2 -1
-1 -1 -1
0 -1 2
44 0 -1
-1 -1 -1
44 2 -1
0 -1 -1
-1 -1 -1
3 3 0
44 6 6
-1 -1 -1
9 9 -1
44 9 -1
-1 -1 -1
8 -1 8
44 8 8
-1 -1 -1
7 12 -1
44 -1 -1
4 4 -1
-1 44 4
-1 -1 -1
0 -1 7
44 0 0
-1 -1 -1
44 -1 -1
1 -1 44
-1 -1 -1
2 -1 0
-1 1 0
44 2 2
-1 -1 -1
44 -1 -1
-1 0 44
-1 -1 7
-1 -1 7
44 -1 4
4 4 -1
-1 44 -1
44 5 5
-1 -1 -1
4 4 -1
0 3 -1
3 -1 4
4 4 -1
5 -1 4
4 4 -1
12 -1 4
4 4 -1
44 -1 4
4 4 -1
-1 44 -1
2 15 -1
-1 0 13
-1 -1 13
-1 -1 13
6 2 -1
-1 -1 13
0 -1 4
-1 -1 13
-1 -1 13
-1 6 13
-1 0 13
44 -1 5
1 44 -1
0 -1 1
44 0 -1
-1 -1 -1
44 1 -1
-1 -1 -1
44 1 -1
-1 -1 -1
44 1 -1
-1 -1 -1
-1 -1 -1
44 1 -1
-1 -1 -1
-1 -1 -1
44 1 -1
-1 -1 -1
44 1 -1
-1 -1 -1
0 -1 5
0 0 -1
44 0 -1
-1 -1 -1
44 -1 -1
8 -1 44
44 5 8
-1 -1 -1
44 -1 -1
7 -1 44
44 5 7
-1 -1 -1
44 -1 -1
11 -1 44
44 5 11
-1 -1 -1
44 -1 -1
9 -1 44
44 5 9
-1 -1 -1
44 -1 -1
10 -1 44
44 5 10
-1 -1 -1
44 1 -1
-1 -1 -1
44 1 -1
1 -1 -1
1 -1 -1
-1 -1 -1
44 6 6
-1 1 13
-1 -1 -1
-1 13 6
44 14 14
44 2 -1
-1 13 44
-1 -1 -1
45 -1 5
44 45 -1
-1 13 13
-1 -1 -1
-1 -1 -1
45 -1 5
44 45 -1
-1 -1 -1
4 4 -1
0 13 -1
3 -1 4
4 4 -1
5 -1 4
4 4 -1
12 -1 4
4 4 -1
13 -1 4
4 4 -1
14 -1 4
4 4 -1
15 -1 4
4 4 -1
44 -1 4
4 4 -1
-1 44 -1
6 0 -1
44 -1 12
0 44 -1
3 6 -1
-1 0 6
-1 6 12
-1 -1 -1
7 -1 12
44 7 7
-1 -1 -1
15 15 -1
12 12 -1
45 -1 5
44 45 15
-1 -1 -1
7 -1 5
44 -1 -1
4 4 -1
-1 44 4
-1 -1 -1
-1 5 4
4 4 -1
5 7 -1
-1 3 4
4 4 -1
4 4 -1
44 -1 7
0 44 -1
44 0 -1
-1 -1 -1
44 0 -1
-1 -1 -1
4 4 -1
3 -1 4
4 4 -1
5 -1 4
4 4 -1
44 -1 4
4 4 -1
-1 44 -1
1 -1 5
45 -1 1
44 45 -1
-1 -1 -1
3 -1 5
44 3 3
-1 -1 -1
45 -1 5
44 45 -1
3 -1 5
13 -1 -1
13 -1 -1
45 -1 5
44 45 3
3 -1 5
0 -1 -1
0 -1 -1
12 -1 -1
13 13 0
-1 -1 -1
0 -1 3
44 0 0
-1 -1 -1
7 -1 0
44 -1 7
0 44 -1
44 0 -1
-1 -1 -1
6 -1 -1
44 -1 -1
4 4 -1
-1 44 4
-1 -1 -1
-1 15 4
4 4 -1
-1 14 4
4 4 -1
-1 13 4
4 4 -1
13 7 -1
-1 12 4
4 4 -1
12 6 -1
-1 5 4
4 4 -1
-1 3 4
4 4 -1
4 4 -1
44 -1 7
0 44 -1
44 0 -1
-1 -1 -1
5 -1 7
44 5 -1
-1 -1 -1
44 -1 7
6 44 -1
44 -1 -1
4 4 -1
-1 44 4
-1 -1 -1
-1 15 4
4 4 -1
8 -1 -1
-1 14 4
4 4 -1
14 7 -1
-1 13 4
4 4 -1
-1 12 4
4 4 -1
-1 5 4
4 4 -1
-1 3 4
4 4 -1
4 4 -1
44 7 7
-1 6 4
-1 -1 -1
44 -1 14
0 44 -1
6 0 -1
0 0 -1
44 0 -1
-1 -1 -1
0 0 -1
44 0 -1
-1 44 -1
3 -1 14
44 3 -1
-1 -1 -1
45 -1 -1
45 -1 45
44 45 14
-1 -1 -1
45 -1 -1
45 -1 45
44 45 14
-1 -1 -1
45 -1 -1
45 -1 45
44 45 14
-1 -1 -1
45 -1 -1
45 -1 45
44 45 14
-1 -1 -1
45 -1 -1
45 -1 45
44 45 14
-1 -1 -1
0 3 -1
45 -1 0
44 45 -1
-1 -1 -1
45 -1 0
44 45 -1
-1 -1 -1
45 -1 -1
45 -1 45
44 3 45
-1 -1 -1
0 3 -1
0 0 -1
0 0 3
0 0 -1
0 0 -1
2 -1 0
5 -1 0
44 2 2
-1 -1 -1
45 -1 2
44 3 45
-1 -1 -1
-1 -1 -1
44 -1 -1
-1 3 44
44 -1 -1
-1 2 44
0 -1 2
0 0 -1
8 8 0
-1 -1 -1
4 4 -1
0 8 -1
3 -1 4
4 4 -1
5 -1 4
4 4 -1
12 -1 4
4 4 -1
13 -1 4
4 4 -1
14 -1 4
4 4 -1
15 -1 4
4 4 -1
44 -1 4
4 4 -1
-1 44 -1
12 0 -1
12 12 -1
-1 -1 -1
45 -1 -1
45 -1 45
44 5 45
-1 -1 -1
44 -1 -1
2 -1 44
44 2 2
-1 -1 -1
0 -1 2
44 5 0
-1 -1 -1
45 -1 -1
45 -1 45
44 5 45
-1 -1 -1
44 -1 -1
2 -1 44
44 2 2
-1 -1 -1
45 -1 2
44 45 -1
-1 44 2
44 5 -1
12 12 -1
-1 -1 -1
7 -1 -1
1 5 -1
44 -1 -1
6 -1 44
7 7 1
0 -1 5
14 7 -1
14 14 6
44 0 -1
-1 -1 -1
0 -1 5
44 0 -1
-1 -1 -1
0 -1 5
44 0 -1
-1 -1 -1
0 -1 5
44 0 -1
-1 -1 -1
44 -1 13
0 44 -1
44 0 -1
-1 -1 -1
44 0 -1
-1 -1 -1
0 0 -1
45 -1 -1
45 -1 45
44 45 -1
1 -1 -1
44 -1 0
0 44 -1
2 -1 0
-1 -1 -1
2 -1 0
1 -1 -1
0 2 -1
2 2 -1
44 0 2
44 44 1
0 44 -1
2 44 -1
1 0 -1
-1 -1 -1
13 5 1
0 7 -1
3 -1 5
0 0 -1
6 6 0
44 13 3
44 -1 -1
-1 6 44
-1 -1 -1
44 14 14
-1 -1 -1
4 4 -1
3 -1 4
4 4 -1
5 -1 4
4 4 -1
12 -1 4
4 4 -1
13 -1 4
4 4 -1
14 -1 4
4 4 -1
15 -1 4
4 4 -1
44 -1 4
4 4 -1
-1 44 -1
-1 -1 -1
12 12 -1
3 3 -1
45 -1 5
44 12 45
-1 -1 -1
0 -1 5
45 -1 0
44 45 -1
-1 -1 -1
0 -1 0
0 -1 0
0 0 -1
44 0 -1
-1 -1 -1
11 -1 5
44 11 11
-1 -1 -1
1 -1 5
-1 -1 5
-1 1 5
-1 -1 -1
3 -1 5
0 -1 3
44 0 0
-1 -1 -1
7 -1 0
45 -1 7
44 45 -1
-1 -1 -1
1 -1 7
44 1 -1
-1 -1 -1
0 -1 1
44 0 -1
-1 -1 -1
0 -1 1
44 0 -1
-1 -1 -1
0 -1 1
44 0 -1
-1 -1 -1
0 -1 1
44 0 -1
-1 -1 -1
44 -1 7
0 44 -1
44 0 -1
-1 -1 -1
44 0 -1
-1 -1 -1
45 -1 -1
45 -1 45
44 45 -1
0 0 -1
44 -1 0
0 44 -1
-1 -1 -1
2 -1 0
0 -1 -1
3 0 -1
0 2 -1
2 2 -1
44 0 2
44 44 3
0 44 -1
2 44 -1
0 0 1
44 1 0
-1 -1 -1
13 1 -1
45 -1 -1
45 -1 45
44 45 13
-1 0 5
-1 -1 -1
44 -1 -1
2 -1 44
44 2 2
-1 -1 -1
10 -1 2
44 10 10
-1 -1 -1
13 13 -1
45 -1 5
44 45 13
-1 -1 -1
45 -1 5
44 45 -1
-1 44 5
45 -1 5
44 45 -1
-1 44 5
0 -1 5
45 -1 5
44 45 0
-1 -1 -1
1 -1 5
6 -1 -1
-1 -1 -1
-1 -1 -1
45 -1 1
44 45 -1
-1 -1 -1
0 -1 1
44 0 0
-1 -1 -1
45 -1 0
44 45 -1
-1 -1 -1
6 6 -1
1 1 -1
45 -1 5
44 6 45
-1 -1 -1
1 -1 5
-1 -1 5
-1 1 5
-1 -1 -1
2 -1 5
0 -1 2
44 0 0
-1 -1 -1
44 -1 -1
9 -1 44
12 -1 0
14 -1 2
44 9 9
-1 -1 -1
44 -1 12
2 44 -1
44 2 -1
-1 -1 -1
45 -1 5
44 45 -1
-1 -1 -1
1 -1 5
6 -1 1
44 6 6
-1 -1 -1
-1 -1 -1
44 -1 12
0 44 -1
44 0 -1
-1 -1 -1
44 0 -1
-1 -1 -1
44 0 -1
-1 -1 -1
2 -1 -1
7 12 -1
44 -1 -1
4 4 -1
-1 44 4
-1 -1 -1
-1 14 4
4 4 -1
14 2 -1
-1 13 4
4 4 -1
13 6 -1
-1 12 4
4 4 -1
-1 5 4
4 4 -1
5 7 -1
-1 3 4
4 4 -1
44 -1 7
0 44 -1
44 0 -1
-1 -1 -1
3 -1 7
45 -1 -1
45 -1 45
44 3 45
-1 -1 -1
44 -1 -1
2 -1 44
44 2 2
-1 -1 -1
45 -1 2
44 45 3
-1 -1 -1
44 13 13
-1 -1 -1
1 -1 13
44 1 1
-1 -1 -1
2 -1 1
45 -1 2
44 45 -1
-1 -1 -1
1 -1 1
44 1 1
-1 -1 -1
44 14 14
-1 -1 -1
44 -1 -1
1 -1 44
45 -1 -1
45 -1 45
44 1 45
44 -1 5
12 44 -1
-1 -1 -1
45 -1 -1
45 -1 45
44 3 45
-1 -1 -1
44 -1 -1
2 -1 44
44 2 2
-1 -1 -1
0 -1 1
-1 1 2
2 12 -1
44 -1 -1
-1 0 44
0 1 -1
0 0 0
0 0 -1
44 -1 -1
44 -1 44
0 0 44
-1 3 0
-1 3 0
-1 2 0
-1 -1 0
-1 -1 0
-1 -1 0
0 3 -1
0 0 -1
44 -1 -1
44 -1 44
0 0 44
44 -1 -1
-1 44 0
44 -1 -1
-1 44 0
0 -1 -1
3 -1 4
4 4 -1
5 -1 4
4 4 -1
12 -1 4
4 4 -1
13 -1 4
4 4 -1
14 -1 4
4 4 -1
44 -1 4
4 4 -1
-1 44 -1
44 0 0
-1 -1 -1
7 12 -1
44 -1 -1
4 4 -1
-1 44 4
-1 -1 -1
-1 15 4
4 4 -1
15 7 -1
-1 14 4
4 4 -1
-1 13 4
4 4 -1
-1 12 4
4 4 -1
-1 5 4
4 4 -1
-1 3 4
4 4 -1
4 4 -1
45 -1 7
44 45 -1
-1 -1 -1
45 -1 15
44 45 -1
-1 -1 -1
3 -1 15
45 -1 -1
45 -1 45
44 3 45
-1 -1 -1
44 -1 -1
2 -1 44
44 2 2
-1 -1 -1
5 -1 2
44 5 5
-1 -1 -1
4 4 -1
3 -1 4
4 4 -1
5 -1 4
4 4 -1
12 -1 4
4 4 -1
13 -1 4
4 4 -1
14 -1 4
4 4 -1
15 -1 4
4 4 -1
44 -1 4
4 4 -1
-1 44 -1
45 -1 12
44 45 -1
-1 -1 -1
3 -1 12
44 3 -1
-1 -1 -1
44 -1 12
6 44 -1
7 12 -1
44 -1 -1
4 4 -1
-1 44 4
-1 -1 -1
-1 15 4
4 4 -1
8 -1 -1
-1 14 4
4 4 -1
14 7 -1
-1 13 4
4 4 -1
-1 12 4
4 4 -1
-1 5 4
4 4 -1
-1 3 4
4 4 -1
4 4 -1
44 7 7
-1 6 4
-1 -1 -1
44 -1 14
0 44 -1
6 0 -1
0 0 -1
44 0 -1
-1 -1 -1
0 0 -1
44 0 -1
-1 44 -1
3 -1 14
44 3 -1
-1 -1 -1
45 -1 -1
45 -1 45
44 45 14
-1 -1 -1
45 -1 -1
45 -1 45
44 45 14
-1 -1 -1
45 -1 -1
45 -1 45
44 45 14
-1 -1 -1
45 -1 -1
45 -1 45
44 45 14
-1 -1 -1
45 -1 -1
45 -1 45
44 45 14
-1 -1 -1
0 3 -1
45 -1 0
44 45 -1
-1 -1 -1
45 -1 0
44 45 -1
-1 -1 -1
45 -1 -1
45 -1 45
44 3 45
-1 -1 -1
44 -1 -1
2 -1 44
44 2 2
-1 -1 -1
0 -1 2
0 0 -1
8 8 0
-1 -1 -1
4 4 -1
0 8 -1
3 -1 4
4 4 -1
5 -1 4
4 4 -1
12 -1 4
4 4 -1
13 -1 4
4 4 -1
14 -1 4
4 4 -1
15 -1 4
4 4 -1
44 -1 4
4 4 -1
-1 44 -1
0 0 -1
-1 -1 -1
2 -1 5
-1 0 2
-1 -1 -1
45 -1 14
44 45 -1
-1 -1 -1
0 -1 5
44 -1 12
1 44 -1
7 12 -1
2 -1 0
6 -1 0
44 -1 -1
4 4 -1
-1 44 4
-1 -1 -1
-1 15 4
4 4 -1
15 2 -1
-1 14 4
4 4 -1
14 6 -1
-1 13 4
4 4 -1
-1 12 4
4 4 -1
-1 5 4
4 4 -1
5 7 -1
-1 3 4
4 4 -1
4 4 -1
45 -1 7
44 45 -1
-1 1 4
-1 -1 -1
3 -1 7
45 -1 -1
45 -1 45
44 3 45
-1 -1 -1
44 -1 -1
2 -1 44
44 2 2
-1 -1 -1
45 -1 2
44 45 3
-1 -1 -1
45 -1 5
44 45 -1
-1 -1 -1
44 3 -1
-1 -1 -1
0 -1 3
44 0 -1
-1 -1 -1
0 -1 3
44 0 -1
-1 -1 -1
0 -1 3
44 0 -1
-1 -1 -1
0 -1 3
44 0 -1
-1 -1 -1
44 -1 5
0 44 -1
44 0 -1
-1 -1 -1
44 0 -1
-1 -1 -1
0 0 -1
45 -1 -1
45 -1 45
44 45 -1
1 -1 -1
44 -1 0
0 44 -1
2 -1 0
-1 -1 -1
2 -1 0
1 -1 -1
0 2 -1
2 2 -1
44 0 2
44 44 1
0 44 -1
2 44 -1
1 0 -1
0 3 1
44 0 3
-1 -1 -1
44 -1 -1
6 -1 44
1 3 -1
7 -1 -1
2 0 -1
0 7 -1
0 0 1
1 1 -1
6 6 0
44 1 2
-1 -1 -1
44 -1 -1
-1 6 44
-1 -1 -1
44 -1 -1
13 -1 44
44 13 13
-1 -1 -1
0 -1 13
44 -1 -1
-1 0 44
-1 5 13
-1 -1 13
44 -1 5
0 44 -1
44 0 -1
-1 -1 -1
0 -1 -1
-1 -1 -1
-1 0 13
7 5 -1
44 -1 -1
4 4 -1
-1 44 4
-1 -1 -1
-1 12 4
4 4 -1
-1 5 4
4 4 -1
5 -1 -1
-1 3 4
4 4 -1
3 -1 -1
4 4 -1
12 -1 4
-1 7 4
7 12 -1
44 -1 -1
4 4 -1
-1 44 4
-1 -1 -1
0 7 -1
-1 -1 7
-1 -1 7
44 -1 4
4 4 -1
-1 44 -1
7 -1 4
2 12 -1
6 -1 -1
44 -1 -1
4 4 -1
-1 44 4
-1 -1 -1
-1 15 4
4 4 -1
15 6 -1
6 2 -1
-1 14 4
4 4 -1
14 2 -1
-1 13 4
4 4 -1
-1 12 4
4 4 -1
-1 5 4
4 4 -1
-1 3 4
4 4 -1
4 4 -1
-1 7 4
44 -1 -1
4 4 -1
-1 44 4
-1 15 -1
4 4 -1
0 -1 7
2 6 -1
44 0 0
-1 -1 -1
45 -1 0
44 45 -1
-1 -1 -1
6 -1 0
7 2 -1
44 -1 -1
4 4 -1
-1 44 4
-1 -1 -1
-1 12 4
4 4 -1
12 6 -1
12 12 -1
-1 5 4
4 4 -1
5 7 -1
-1 3 4
4 4 -1
7 -1 7
3 6 -1
44 7 7
-1 -1 -1
44 -1 -1
6 -1 44
44 6 6
-1 -1 -1
0 -1 6
44 -1 -1
-1 0 44
2 3 -1
3 3 -1
0 -1 -1
2 2 -1
1 3 -1
-1 -1 6
-1 -1 6
2 2 -1
0 0 1
45 -1 5
44 45 -1
-1 12 6
44 2 6
-1 0 44
-1 -1 -1
-1 -1 6
-1 -1 6
-1 6 5
-1 -1 -1
-1 6 5
-1 12 5
3 -1 4
4 4 -1
5 -1 4
4 4 -1
12 -1 4
4 4 -1
44 -1 4
4 4 -1
-1 44 -1
0 -1 -1
4 4 -1
44 -1 4
4 4 -1
-1 44 -1
-1 0 4
0 0 -1
-1 -1 -1
11 -1 4
44 11 11
-1 -1 -1
2 -1 4
0 -1 2
44 0 0
-1 -1 -1
44 -1 0
0 44 -1
1 0 -1
44 -1 0
0 44 -1
-1 1 4
44 0 0
-1 -1 -1
0 0 -1
-1 -1 4
0 0 -1
-1 0 4
3 -1 4
1 -1 4
2 -1 4
44 1 3
0 44 -1
44 0 -1
-1 -1 -1
44 0 -1
-1 -1 -1
44 0 -1
-1 -1 -1
45 -1 4
44 45 -1
-1 44 4
0 -1 4
45 -1 4
44 45 0
-1 -1 -1
3 -1 4
1 -1 4
2 -1 4
44 1 3
0 44 -1
44 0 -1
-1 -1 -1
44 0 -1
-1 -1 -1
44 0 -1
-1 -1 -1
45 -1 4
44 45 -1
-1 44 4
0 -1 4
45 -1 4
44 45 0
-1 -1 -1
-1 -1 -1
0 -1 4
4 4 -1
3 -1 4
4 4 -1
5 -1 4
4 4 -1
12 -1 4
4 4 -1
13 -1 4
4 4 -1
14 -1 4
4 4 -1
15 -1 4
4 4 -1
44 -1 4
4 4 -1
-1 44 -1
8 -1 4
44 8 8
-1 -1 -1
9 -1 -1
6 9 8
10 9 -1
44 6 6
-1 -1 -1
7 -1 -1
11 -1 -1
-1 -1 -1
1 7 -1
0 11 -1
0 0 1
44 0 6
-1 -1 -1
7 7 -1
44 7 -1
-1 -1 -1
1 7 -1
0 11 -1
0 0 1
44 0 6
-1 -1 -1
7 7 -1
44 7 -1
-1 -1 -1
1 7 -1
0 11 -1
0 0 1
44 0 6
-1 -1 -1
7 7 -1
44 7 -1
-1 -1 -1
1 7 -1
0 11 -1
0 0 1
44 0 6
-1 -1 -1
7 7 -1
44 7 -1
-1 -1 -1
1 7 -1
0 11 -1
0 0 1
44 0 6
-1 -1 -1
7 7 -1
44 7 -1
-1 -1 -1
1 7 -1
0 11 -1
0 0 1
44 0 6
-1 -1 -1
7 7 -1
44 7 -1
-1 -1 -1
1 7 -1
0 11 -1
0 0 1
44 0 6
-1 -1 -1
7 7 -1
44 7 -1
-1 -1 -1
1 7 -1
0 11 -1
0 0 1
44 0 6
-1 -1 -1
7 7 -1
44 7 -1
-1 -1 -1
1 7 -1
0 11 -1
0 0 1
44 0 6
-1 -1 -1
7 7 -1
44 7 -1
-1 -1 -1
1 7 -1
0 11 -1
0 0 1
44 0 6
-1 -1 -1
7 7 -1
44 7 -1
-1 -1 -1
1 7 -1
0 11 -1
0 0 1
44 0 6
-1 -1 -1
7 7 -1
44 7 -1
-1 -1 -1
1 7 -1
0 11 -1
0 0 1
44 0 6
-1 -1 -1
7 7 -1
44 7 -1
-1 -1 -1
1 7 -1
0 11 -1
0 0 1
44 0 6
-1 -1 -1
7 7 -1
44 7 -1
-1 -1 -1
1 7 -1
0 11 -1
0 0 1
44 0 6
-1 -1 -1
7 7 -1
44 7 -1
-1 -1 -1
1 7 -1
0 11 -1
0 0 1
44 0 6
-1 -1 -1
7 7 -1
44 7 -1
-1 -1 -1
1 7 -1
0 11 -1
0 0 1
44 0 6
-1 -1 -1
7 7 -1
44 7 -1
-1 -1 -1
1 7 -1
0 11 -1
0 0 1
44 0 6
-1 -1 -1
7 7 -1
44 7 -1
-1 -1 -1
1 7 -1
0 11 -1
0 0 1
44 0 6
-1 -1 -1
0 0 -1
6 6 0
0 -1 8
0 0 10
0 0 -1
2 1 0
44 2 -1
-1 -1 -1
44 2 -1
-1 -1 -1
44 2 -1
-1 -1 -1
44 2 -1
-1 -1 -1
0 -1 2
44 0 -1
-1 -1 -1
44 2 -1
0 -1 -1
-1 -1 -1
0 2 -1
45 -1 0
44 45 -1
-1 -1 -1
0 0 -1
44 0 0
-1 -1 -1
-1 -1 -1
5 5 -1
0 -1 -1
3 3 0
44 6 6
-1 -1 -1
9 9 -1
44 9 -1
-1 -1 -1
6 9 8
10 9 -1
44 6 6
-1 -1 -1
9 9 -1
44 9 -1
-1 -1 -1
8 -1 8
44 8 8
-1 -1 -1
7 12 -1
44 -1 -1
4 4 -1
-1 44 4
-1 -1 -1
0 -1 7
44 0 0
-1 -1 -1
44 -1 -1
1 -1 44
-1 -1 -1
2 -1 0
-1 1 0
44 2 2
-1 -1 -1
44 -1 -1
-1 0 44
-1 -1 7
-1 -1 7
44 -1 4
4 4 -1
-1 44 -1
44 5 5
-1 -1 -1
3 -1 -1
4 4 -1
0 3 -1
3 -1 4
4 4 -1
5 -1 4
4 4 -1
12 -1 4
4 4 -1
44 -1 4
4 4 -1
-1 44 -1
2 15 -1
-1 0 13
-1 -1 13
-1 -1 13
6 2 -1
-1 -1 13
0 -1 4
-1 -1 13
-1 -1 13
-1 6 13
-1 0 13
44 -1 5
1 44 -1
0 -1 1
44 0 -1
-1 -1 -1
44 1 -1
-1 -1 -1
44 1 -1
-1 -1 -1
44 1 -1
-1 -1 -1
-1 -1 -1
44 1 -1
-1 -1 -1
-1 -1 -1
44 1 -1
-1 -1 -1
44 1 -1
-1 -1 -1
0 -1 5
0 0 -1
44 0 -1
-1 -1 -1
44 -1 -1
8 -1 44
44 5 8
-1 -1 -1
44 -1 -1
7 -1 44
44 5 7
-1 -1 -1
44 -1 -1
11 -1 44
44 5 11
-1 -1 -1
44 -1 -1
9 -1 44
44 5 9
-1 -1 -1
44 -1 -1
10 -1 44
44 5 10
-1 -1 -1
44 1 -1
-1 -1 -1
44 1 -1
1 -1 -1
1 -1 -1
-1 -1 -1
44 6 6
-1 1 13
-1 -1 -1
44 14 14
44 2 -1
-1 13 44
-1 -1 -1
12 -1 14
6 -1 13
8 -1 13
0 -1 12
2 -1 12
44 0 6
-1 -1 -1
44 6 -1
-1 -1 -1
44 0 -1
-1 -1 -1
44 2 8
-1 -1 -1
44 8 -1
-1 -1 -1
44 6 -1
7 12 -1
-1 -1 -1
1 -1 7
44 1 1
-1 -1 -1
-1 -1 13
-1 -1 -1
-1 7 13
-1 13 7
-1 12 13
45 -1 13
44 45 -1
-1 -1 -1
45 -1 5
44 45 -1
-1 -1 -1
3 -1 5
45 -1 -1
45 -1 45
44 3 45
-1 -1 -1
44 -1 -1
2 -1 44
44 2 2
-1 -1 -1
44 -1 2
0 44 -1
44 -1 -1
2 -1 44
0 0 0
0 0 -1
45 2 0
44 45 -1
-1 -1 -1
45 -1 13
44 45 -1
-1 -1 -1
3 12 -1
-1 -1 -1
45 -1 3
44 45 -1
-1 -1 -1
3 -1 3
44 3 3
-1 -1 -1
45 -1 3
44 45 -1
-1 -1 -1
3 -1 3
44 3 3
-1 -1 -1
45 -1 5
44 45 -1
-1 -1 -1
4 4 -1
0 13 -1
3 -1 4
4 4 -1
5 -1 4
4 4 -1
12 -1 4
4 4 -1
13 -1 4
4 4 -1
14 -1 4
4 4 -1
15 -1 4
4 4 -1
44 -1 4
4 4 -1
-1 44 -1
10 0 -1
2 -1 5
0 -1 2
45 -1 0
44 45 -1
-1 -1 -1
0 -1 -1
-1 0 10
45 -1 12
44 45 -1
-1 -1 -1
45 -1 5
44 45 -1
-1 44 5
45 -1 5
44 45 -1
-1 44 5
0 -1 5
45 -1 5
44 45 0
-1 -1 -1
0 0 -1
-1 -1 -1
2 -1 5
1 -1 2
44 1 1
-1 -1 -1
0 -1 1
45 -1 0
44 45 -1
-1 -1 -1
3 -1 5
0 -1 3
14 -1 0
44 14 3
-1 -1 -1
0 -1 1
45 -1 0
44 45 -1
-1 -1 -1
0 -1 5
44 -1 -1
-1 -1 44
45 -1 0
44 45 -1
-1 -1 -1
1 -1 5
44 -1 -1
-1 1 44
4 -1 5
3 -1 4
4 4 -1
12 -1 4
4 4 -1
13 -1 4
4 4 -1
14 -1 4
4 4 -1
15 -1 4
4 4 -1
4 5 -1
5 -1 4
44 -1 4
4 4 -1
-1 44 -1
45 -1 5
44 45 -1
-1 -1 -1
44 -1 -1
10 -1 44
44 10 10
-1 -1 -1
7 -1 5
2 5 -1
6 -1 -1
44 -1 -1
4 4 -1
-1 44 4
-1 -1 -1
-1 15 4
4 4 -1
15 6 -1
6 2 -1
-1 14 4
4 4 -1
14 2 -1
-1 13 4
4 4 -1
-1 12 4
4 4 -1
-1 5 4
4 4 -1
-1 3 4
4 4 -1
4 4 -1
-1 7 4
44 -1 -1
4 4 -1
-1 44 4
-1 15 -1
4 4 -1
2 -1 7
1 6 -1
0 -1 2
0 0 -1
44 0 -1
-1 -1 -1
0 -1 -1
4 4 -1
44 -1 4
4 4 -1
-1 44 -1
-1 0 4
0 0 -1
-1 -1 -1
11 -1 4
44 11 11
-1 -1 -1
2 -1 4
0 -1 2
44 0 0
-1 -1 -1
44 -1 0
0 44 -1
1 0 -1
44 -1 0
0 44 -1
-1 1 4
44 0 0
-1 -1 -1
0 0 -1
-1 -1 4
0 0 -1
-1 0 4
3 -1 4
1 -1 4
2 -1 4
44 1 3
0 44 -1
44 0 -1
-1 -1 -1
44 0 -1
-1 -1 -1
0 2 -1
6 14 -1
3 0 -1
0 -1 4
44 -1 0
3 3 44
2 -1 3
-1 2 4
7 2 -1
44 -1 -1
4 4 -1
-1 44 4
-1 15 -1
4 4 -1
2 -1 7
1 6 -1
0 -1 2
0 0 -1
44 0 -1
-1 -1 -1
0 -1 -1
4 4 -1
44 -1 4
4 4 -1
-1 44 -1
44 0 -1
-1 -1 -1
44 0 0
-1 -1 -1
0 -1 3
44 0 0
-1 -1 -1
-1 -1 -1
44 -1 0
0 44 -1
1 0 -1
44 -1 0
0 44 -1
-1 1 4
44 0 0
-1 -1 -1
0 0 -1
-1 -1 4
0 0 -1
-1 0 4
3 -1 4
1 -1 4
2 -1 4
44 1 3
0 44 -1
44 0 -1
-1 -1 -1
44 0 -1
-1 -1 -1
44 0 -1
-1 -1 -1
45 -1 4
44 45 -1
-1 44 4
0 -1 4
45 -1 4
44 45 0
-1 -1 -1
3 -1 4
1 -1 4
2 -1 4
44 1 3
0 44 -1
44 0 -1
-1 -1 -1
44 0 -1
-1 -1 -1
44 0 -1
-1 -1 -1
45 -1 4
44 45 -1
-1 44 4
0 -1 4
45 -1 4
44 45 0
-1 -1 -1
-1 -1 -1
45 -1 4
44 45 -1
-1 44 4
0 -1 4
45 -1 4
44 45 0
-1 -1 -1
3 -1 4
1 -1 4
2 -1 4
44 1 3
0 44 -1
44 0 -1
-1 -1 -1
44 0 -1
-1 -1 -1
0 2 -1
6 14 -1
3 0 -1
0 -1 4
44 -1 0
3 3 44
2 -1 3
-1 2 4
7 2 -1
44 -1 -1
4 4 -1
-1 44 4
-1 15 -1
4 4 -1
2 -1 7
1 6 -1
0 -1 2
0 0 -1
44 0 -1
-1 -1 -1
0 -1 -1
4 4 -1
44 -1 4
4 4 -1
-1 44 -1
44 0 -1
-1 -1 -1
44 0 0
-1 -1 -1
0 -1 3
44 0 0
-1 -1 -1
-1 -1 -1
44 -1 0
0 44 -1
1 0 -1
44 -1 0
0 44 -1
-1 1 4
44 0 0
-1 -1 -1
0 0 -1
-1 -1 4
0 0 -1
-1 0 4
3 -1 4
1 -1 4
2 -1 4
44 1 3
0 44 -1
44 0 -1
-1 -1 -1
44 0 -1
-1 -1 -1
0 2 -1
6 14 -1
3 0 -1
0 -1 4
44 -1 0
3 3 44
12 -1 3
7 12 -1
44 -1 -1
4 4 -1
-1 44 4
-1 15 -1
4 4 -1
2 -1 7
1 6 -1
0 -1 2
0 0 -1
44 0 -1
-1 -1 -1
0 -1 -1
4 4 -1
44 -1 4
4 4 -1
-1 44 -1
44 0 -1
-1 -1 -1
44 0 0
-1 -1 -1
0 -1 3
44 0 0
-1 -1 -1
44 -1 0
0 44 -1
2 0 -1
44 -1 0
0 44 -1
-1 2 4
44 0 0
-1 -1 -1
0 0 -1
13 -1 -1
0 0 -1
-1 0 4
1 -1 4
2 13 -1
44 1 13
0 44 -1
44 0 -1
-1 -1 -1
44 0 -1
-1 -1 -1
44 0 -1
-1 -1 -1
13 13 -1
45 -1 4
44 45 13
-1 -1 -1
-1 -1 -1
1 -1 4
2 13 -1
44 1 13
0 44 -1
44 0 -1
-1 -1 -1
44 0 -1
-1 -1 -1
44 0 -1
-1 -1 -1
13 13 -1
45 -1 4
44 45 13
-1 -1 -1
-1 -1 -1
-1 -1 -1
45 -1 4
44 45 -1
-1 44 4
0 -1 4
45 -1 4
44 45 0
-1 -1 -1
3 -1 4
1 -1 4
2 -1 4
44 1 3
0 44 -1
44 0 -1
-1 -1 -1
44 0 -1
-1 -1 -1
0 2 -1
6 14 -1
3 0 -1
0 -1 4
44 -1 0
3 3 44
12 -1 3
7 12 -1
44 -1 -1
4 4 -1
-1 44 4
-1 15 -1
4 4 -1
2 -1 7
1 6 -1
0 -1 2
0 0 -1
44 0 -1
-1 -1 -1
0 -1 -1
4 4 -1
44 -1 4
4 4 -1
-1 44 -1
44 0 -1
-1 -1 -1
44 0 0
-1 -1 -1
0 -1 3
44 0 0
-1 -1 -1
44 -1 0
0 44 -1
2 0 -1
44 -1 0
0 44 -1
-1 2 4
44 0 0
-1 -1 -1
0 0 -1
13 -1 -1
0 0 -1
-1 0 4
1 -1 4
2 13 -1
44 1 13
0 44 -1
44 0 -1
-1 -1 -1
44 0 -1
-1 -1 -1
44 0 -1
-1 -1 -1
13 13 -1
45 -1 4
44 45 13
-1 -1 -1
-1 -1 -1
-1 -1 -1
45 -1 4
44 45 -1
-1 44 4
0 -1 4
45 -1 4
44 45 0
-1 -1 -1
-1 -1 -1
45 -1 4
44 45 -1
-1 44 4
0 -1 4
45 -1 4
44 45 0
-1 -1 -1
-1 -1 -1
0 -1 4
4 4 -1
3 -1 4
4 4 -1
5 -1 4
4 4 -1
12 -1 4
4 4 -1
13 -1 4
4 4 -1
14 -1 4
4 4 -1
15 -1 4
4 4 -1
44 -1 4
4 4 -1
-1 44 -1
2 -1 -1
44 0 0
44 -1 -1
44 -1 44
2 44 -1
44 -1 -1
-1 2 44
-1 -1 -1
7 5 -1
44 -1 -1
4 4 -1
-1 44 4
-1 -1 -1
45 -1 7
44 45 -1
-1 -1 -1
0 -1 -1
44 -1 4
4 4 -1
-1 44 -1
44 0 0
-1 -1 -1
44 13 13
-1 -1 -1
12 -1 5
44 12 13
-1 -1 -1
5 12 -1
44 -1 5
12 44 -1
44 12 -1
-1 -1 -1
3 -1 -1
44 14 -1
-1 -1 -1
14 14 -1
0 -1 4
0 -1 0
44 0 5
-1 0 4
-1 -1 -1
45 -1 5
44 45 -1
-1 -1 -1
0 12 -1
45 -1 0
44 45 -1
-1 -1 -1
7 -1 5
44 7 7
-1 -1 -1
6 15 -1
7 5 -1
44 -1 -1
4 4 -1
-1 44 4
-1 -1 -1
-1 5 4
4 4 -1
5 4 -1
-1 15 4
4 4 -1
-1 14 4
4 4 -1
-1 13 4
4 4 -1
-1 12 4
4 4 -1
-1 3 4
4 4 -1
4 4 -1
45 -1 7
44 45 -1
-1 7 5
-1 6 5
0 -1 7
44 -1 -1
-1 7 44
-1 0 5
-1 -1 -1
1 -1 5
44 -1 1
0 44 -1
44 0 -1
-1 -1 -1
4 4 -1
3 -1 4
3 3 -1
-1 1 3
-1 3 5
44 -1 -1
0 -1 44
45 -1 1
44 45 0
-1 -1 -1
2 -1 5
7 -1 2
45 -1 7
44 45 -1
44 -1 -1
-1 44 5
-1 -1 -1
0 -1 5
45 -1 0
44 45 -1
-1 -1 -1
-1 -1 5
2 -1 5
44 2 2
-1 -1 -1
14 -1 5
15 -1 -1
0 -1 14
6 -1 5
12 -1 0
3 -1 0
7 12 -1
44 -1 -1
4 4 -1
-1 44 4
-1 -1 -1
-1 15 4
4 4 -1
-1 14 4
4 4 -1
-1 13 4
4 4 -1
-1 12 4
4 4 -1
-1 5 4
4 4 -1
-1 3 4
4 4 -1
4 4 -1
44 7 7
-1 7 4
-1 6 4
-1 -1 -1
44 -1 7
0 44 -1
1 -1 0
44 1 -1
-1 -1 -1
0 0 -1
2 0 -1
44 -1 0
0 44 -1
14 0 -1
14 14 -1
-1 -1 -1
0 14 -1
15 0 2
-1 -1 -1
44 -1 15
0 44 -1
44 0 -1
-1 -1 -1
2 -1 4
13 14 -1
6 -1 4
7 13 2
44 -1 -1
4 4 -1
-1 44 4
-1 -1 -1
-1 15 4
4 4 -1
-1 14 4
4 4 -1
-1 13 4
4 4 -1
-1 12 4
4 4 -1
-1 5 4
4 4 -1
-1 3 4
4 4 -1
4 4 -1
44 7 7
-1 7 4
-1 6 4
-1 -1 -1
44 -1 7
0 44 -1
1 -1 0
44 1 -1
-1 -1 -1
2 -1 -1
2 2 1
44 2 -1
-1 -1 -1
44 2 -1
-1 -1 -1
3 -1 7
44 3 -1
-1 -1 -1
45 -1 -1
45 -1 45
44 3 45
-1 -1 -1
0 3 -1
0 0 -1
0 0 3
0 0 -1
0 0 -1
2 -1 0
5 -1 0
44 2 2
-1 -1 -1
45 -1 2
44 3 45
-1 -1 -1
-1 -1 -1
0 -1 4
44 -1 -1
-1 3 44
44 -1 -1
-1 2 44
3 -1 0
45 -1 2
44 45 3
-1 -1 -1
45 -1 -1
45 -1 45
44 3 45
-1 -1 -1
44 -1 -1
2 -1 44
44 2 2
-1 -1 -1
44 -1 2
0 44 -1
2 0 0
2 2 -1
44 -1 -1
44 -1 44
2 2 44
6 -1 2
44 6 -1
-1 -1 -1
44 -1 -1
0 -1 44
2 6 -1
0 -1 0
0 -1 0
2 2 0
-1 2 4
-1 -1 -1
0 -1 4
4 4 -1
3 -1 4
4 4 -1
5 -1 4
4 4 -1
12 -1 4
4 4 -1
13 -1 4
4 4 -1
14 -1 4
4 4 -1
15 -1 4
4 4 -1
44 -1 4
4 4 -1
-1 44 -1
45 -1 4
44 45 -1
3 0 -1
-1 -1 -1
44 0 0
-1 -1 -1
45 -1 0
44 45 -1
-1 -1 -1
-1 -1 -1
2 -1 4
0 13 2
45 -1 0
44 45 -1
-1 -1 -1
45 -1 3
44 45 -1
2 -1 -1
2 -1 -1
45 -1 0
44 45 -1
0 -1 -1
0 -1 -1
44 2 0
-1 -1 -1
2 -1 4
0 -1 2
44 0 0
-1 -1 -1
0 0 -1
0 0 0
45 0 -1
44 45 -1
-1 -1 -1
2 -1 4
44 13 2
-1 3 44
-1 -1 -1
14 14 -1
15 15 -1
44 14 -1
-1 -1 -1
44 -1 15
0 44 -1
44 0 -1
-1 -1 -1
2 -1 4
13 14 -1
6 -1 4
7 13 2
44 -1 -1
4 4 -1
-1 44 4
-1 -1 -1
-1 15 4
4 4 -1
-1 14 4
4 4 -1
-1 13 4
4 4 -1
-1 12 4
4 4 -1
-1 5 4
4 4 -1
-1 3 4
4 4 -1
4 4 -1
44 7 7
-1 7 4
-1 6 4
-1 -1 -1
44 -1 7
0 44 -1
1 -1 0
44 1 -1
-1 -1 -1
2 -1 -1
2 2 1
44 2 -1
-1 -1 -1
44 2 -1
-1 -1 -1
3 -1 7
44 3 -1
-1 -1 -1
45 -1 -1
45 -1 45
44 3 45
-1 -1 -1
0 3 -1
0 0 -1
0 0 3
0 0 -1
0 0 -1
2 -1 0
5 -1 0
44 2 2
-1 -1 -1
45 -1 2
44 3 45
-1 -1 -1
-1 -1 -1
0 -1 4
44 -1 -1
-1 3 44
44 -1 -1
-1 2 44
3 -1 0
45 -1 2
44 45 3
-1 -1 -1
45 -1 -1
45 -1 45
44 3 45
-1 -1 -1
44 -1 -1
2 -1 44
44 2 2
-1 -1 -1
44 -1 2
0 44 -1
2 0 0
2 2 -1
44 -1 -1
44 -1 44
2 2 44
6 -1 2
44 6 -1
-1 -1 -1
44 -1 -1
0 -1 44
2 6 -1
0 -1 0
0 -1 0
2 2 0
-1 2 4
-1 -1 -1
0 -1 4
4 4 -1
3 -1 4
4 4 -1
5 -1 4
4 4 -1
12 -1 4
4 4 -1
13 -1 4
4 4 -1
14 -1 4
4 4 -1
15 -1 4
4 4 -1
44 -1 4
4 4 -1
-1 44 -1
45 -1 4
44 45 -1
3 0 -1
-1 -1 -1
44 0 0
-1 -1 -1
45 -1 0
44 45 -1
-1 -1 -1
-1 -1 -1
2 -1 4
0 13 2
45 -1 0
44 45 -1
-1 -1 -1
45 -1 3
44 45 -1
2 -1 -1
2 -1 -1
45 -1 0
44 45 -1
0 -1 -1
0 -1 -1
44 2 0
-1 -1 -1
2 -1 4
0 -1 2
44 0 0
-1 -1 -1
0 0 -1
0 0 0
45 0 -1
44 45 -1
-1 -1 -1
2 -1 4
44 13 2
-1 3 44
-1 -1 -1
14 14 -1
15 15 -1
44 14 -1
-1 -1 -1
44 -1 15
0 44 -1
44 0 -1
-1 -1 -1
2 -1 4
13 14 -1
6 -1 4
7 13 2
44 -1 -1
4 4 -1
-1 44 4
-1 -1 -1
-1 15 4
4 4 -1
-1 14 4
4 4 -1
-1 13 4
4 4 -1
-1 12 4
4 4 -1
-1 5 4
4 4 -1
-1 3 4
4 4 -1
4 4 -1
44 7 7
-1 7 4
-1 6 4
-1 -1 -1
44 -1 7
0 44 -1
1 -1 0
44 1 -1
-1 -1 -1
0 0 -1
2 0 -1
44 -1 0
0 44 -1
14 0 -1
14 14 -1
-1 -1 -1
0 14 -1
15 0 2
-1 -1 -1
44 -1 15
0 44 -1
44 0 -1
-1 -1 -1
2 -1 4
13 14 -1
6 -1 4
7 13 2
44 -1 -1
4 4 -1
-1 44 4
-1 -1 -1
-1 15 4
4 4 -1
-1 14 4
4 4 -1
-1 13 4
4 4 -1
-1 12 4
4 4 -1
-1 5 4
4 4 -1
-1 3 4
4 4 -1
4 4 -1
44 7 7
-1 7 4
-1 6 4
-1 -1 -1
44 -1 7
0 44 -1
1 -1 0
44 1 -1
-1 -1 -1
2 -1 -1
2 2 1
44 2 -1
-1 -1 -1
0 -1 4
4 4 -1
3 -1 4
4 4 -1
5 -1 4
4 4 -1
12 -1 4
4 4 -1
13 -1 4
4 4 -1
14 -1 4
4 4 -1
15 -1 4
4 4 -1
44 -1 4
4 4 -1
-1 44 -1
45 -1 4
44 45 -1
3 0 -1
-1 -1 -1
44 0 0
-1 -1 -1
45 -1 0
44 45 -1
-1 -1 -1
-1 -1 -1
2 -1 4
44 13 2
-1 3 44
-1 -1 -1
14 14 -1
15 15 -1
44 14 -1
-1 -1 -1
44 -1 15
0 44 -1
44 0 -1
-1 -1 -1
2 -1 4
13 14 -1
6 -1 4
7 13 2
44 -1 -1
4 4 -1
-1 44 4
-1 -1 -1
-1 15 4
4 4 -1
-1 14 4
4 4 -1
-1 13 4
4 4 -1
-1 12 4
4 4 -1
-1 5 4
4 4 -1
-1 3 4
4 4 -1
4 4 -1
44 7 7
-1 7 4
-1 6 4
-1 -1 -1
44 -1 7
0 44 -1
1 -1 0
44 1 -1
-1 -1 -1
2 -1 -1
2 2 1
44 2 -1
-1 -1 -1
44 2 -1
-1 -1 -1
3 -1 7
44 3 -1
-1 -1 -1
0 -1 4
4 4 -1
3 -1 4
4 4 -1
5 -1 4
4 4 -1
12 -1 4
4 4 -1
13 -1 4
4 4 -1
14 -1 4
4 4 -1
15 -1 4
4 4 -1
44 -1 4
4 4 -1
-1 44 -1
45 -1 4
44 45 -1
3 0 -1
-1 -1 -1
44 0 0
-1 -1 -1
45 -1 0
44 45 -1
-1 -1 -1
-1 -1 -1
2 -1 4
0 13 2
45 -1 0
44 45 -1
-1 -1 -1
45 -1 3
44 45 -1
2 -1 -1
2 -1 -1
45 -1 0
44 45 -1
0 -1 -1
0 -1 -1
44 2 0
-1 -1 -1
2 -1 4
0 -1 2
44 0 0
-1 -1 -1
0 0 -1
0 0 0
45 0 -1
44 45 -1
-1 -1 -1
2 -1 4
44 13 2
-1 3 44
-1 -1 -1
14 14 -1
15 15 -1
44 14 -1
-1 -1 -1
0 -1 4
4 4 -1
3 -1 4
4 4 -1
5 -1 4
4 4 -1
12 -1 4
4 4 -1
13 -1 4
4 4 -1
14 -1 4
4 4 -1
15 -1 4
4 4 -1
44 -1 4
4 4 -1
-1 44 -1
45 -1 4
44 45 -1
3 0 -1
-1 -1 -1
44 0 0
-1 -1 -1
45 -1 0
44 45 -1
-1 -1 -1
-1 -1 -1
2 -1 4
44 13 2
-1 3 44
-1 -1 -1
14 14 -1
15 15 -1
44 14 -1
-1 -1 -1
0 -1 4
4 4 -1
3 -1 4
4 4 -1
5 -1 4
4 4 -1
12 -1 4
4 4 -1
13 -1 4
4 4 -1
14 -1 4
4 4 -1
15 -1 4
4 4 -1
44 -1 4
4 4 -1
-1 44 -1
-1 12 14
45 -1 0
44 45 -1
13 0 -1
-1 -1 -1
2 -1 5
0 -1 2
44 0 0
-1 -1 -1
0 0 -1
0 0 0
45 0 -1
44 45 -1
-1 -1 -1
0 -1 14
-1 13 0
-1 -1 -1
44 -1 3
0 44 -1
0 0 -1
44 0 -1
-1 -1 -1
44 -1 3
2 44 -1
0 -1 2
44 0 -1
-1 -1 -1
44 2 -1
-1 -1 -1
44 2 -1
-1 -1 -1
44 2 -1
-1 -1 -1
15 15 -1
14 14 -1
45 -1 5
44 45 15
-1 -1 -1
44 -1 -1
4 4 -1
-1 44 4
-1 -1 -1
-1 14 4
4 4 -1
44 -1 -1
1 -1 44
-1 13 4
4 4 -1
13 -1 -1
44 1 1
-1 12 4
4 4 -1
-1 5 4
4 4 -1
-1 3 4
4 4 -1
-1 -1 -1
44 -1 -1
7 -1 44
44 7 13
-1 -1 -1
3 -1 4
4 4 -1
5 -1 4
4 4 -1
12 -1 4
4 4 -1
13 -1 4
4 4 -1
14 -1 4
4 4 -1
0 -1 -1
44 -1 -1
-1 -1 44
44 -1 4
4 4 -1
-1 44 -1
45 -1 5
44 45 -1
15 -1 5
-1 -1 5
-1 -1 5
-1 -1 5
-1 -1 5
-1 -1 5
44 -1 -1
44 -1 -1
-1 44 5
15 15 -1
0 -1 15
1 -1 0
-1 1 5
0 -1 0
-1 0 5
44 -1 0
0 44 -1
44 0 0
-1 -1 -1
0 0 -1
-1 0 5
-1 -1 -1
45 -1 5
44 45 -1
2 -1 5
-1 2 15
-1 -1 -1
3 -1 5
0 -1 -1
6 -1 5
7 -1 5
45 -1 3
44 45 -1
44 -1 5
0 44 -1
-1 0 5
44 -1 -1
4 4 -1
-1 44 4
-1 -1 -1
-1 15 4
4 4 -1
-1 14 4
4 4 -1
-1 13 4
4 4 -1
-1 12 4
4 4 -1
-1 5 4
4 4 -1
-1 3 4
4 4 -1
4 4 -1
44 7 7
-1 7 4
-1 6 4
-1 -1 -1
44 -1 7
2 44 -1
44 -1 7
0 44 -1
-1 0 4
0 2 -1
1 2 -1
0 0 -1
-1 2 4
-1 1 4
44 0 -1
-1 -1 -1
0 0 -1
44 0 -1
-1 44 -1
-1 -1 4
44 -1 4
1 44 -1
-1 -1 4
44 -1 1
0 44 -1
-1 1 4
6 1 -1
2 0 -1
-1 0 4
1 2 -1
1 1 -1
-1 -1 -1
0 -1 4
44 -1 -1
-1 44 4
-1 -1 4
-1 -1 4
-1 -1 4
-1 -1 4
0 0 -1
45 -1 4
44 45 -1
-1 -1 4
-1 0 4
-1 -1 4
44 -1 -1
44 -1 -1
-1 44 4
45 -1 4
44 45 -1
0 -1 -1
0 -1 -1
45 -1 4
44 45 2
-1 44 4
45 -1 4
44 45 0
-1 44 4
0 1 -1
14 0 6
-1 -1 -1
44 -1 4
0 44 -1
45 -1 14
44 45 -1
2 -1 4
13 2 0
-1 -1 -1
1 -1 4
15 13 -1
5 15 1
44 -1 5
1 44 -1
44 -1 5
6 44 -1
1 1 -1
-1 6 4
44 1 -1
-1 -1 -1
0 -1 -1
0 0 1
44 0 -1
-1 -1 -1
44 0 -1
-1 -1 -1
3 -1 5
45 -1 -1
45 -1 45
44 3 45
-1 -1 -1
0 3 -1
0 0 -1
0 0 3
0 0 -1
0 0 -1
2 -1 0
12 -1 0
44 2 2
-1 -1 -1
45 -1 2
44 3 45
-1 -1 -1
-1 -1 -1
44 -1 -1
-1 3 44
3 -1 5
44 -1 -1
-1 2 44
45 -1 2
44 45 3
-1 -1 -1
45 -1 -1
45 -1 45
44 3 45
-1 -1 -1
44 -1 -1
2 -1 44
44 2 2
-1 -1 -1
44 -1 2
0 44 -1
44 -1 -1
2 -1 44
0 0 0
0 0 -1
3 2 0
44 3 3
-1 -1 -1
3 5 -1
12 -1 -1
2 -1 -1
0 -1 -1
-1 -1 -1
44 13 -1
-1 -1 -1
44 13 -1
-1 -1 -1
-1 12 4
-1 -1 -1
44 0 0
-1 -1 -1
44 2 2
-1 -1 -1
-1 -1 -1
5 3 -1
13 12 -1
2 -1 4
45 15 2
44 5 45
-1 -1 -1
45 -1 4
44 45 -1
-1 44 4
14 14 -1
45 -1 4
44 45 -1
-1 44 4
45 -1 4
44 45 -1
-1 -1 -1
44 -1 4
0 44 -1
45 -1 14
44 45 -1
2 -1 4
13 2 0
-1 -1 -1
1 -1 4
15 13 -1
5 15 1
44 -1 5
1 44 -1
44 -1 5
6 44 -1
1 1 -1
-1 6 4
44 1 -1
-1 -1 -1
0 -1 -1
0 0 1
44 0 -1
-1 -1 -1
44 0 -1
-1 -1 -1
3 -1 5
45 -1 -1
45 -1 45
44 3 45
-1 -1 -1
0 3 -1
0 0 -1
0 0 3
0 0 -1
0 0 -1
2 -1 0
12 -1 0
44 2 2
-1 -1 -1
45 -1 2
44 3 45
-1 -1 -1
-1 -1 -1
44 -1 -1
-1 3 44
3 -1 5
44 -1 -1
-1 2 44
45 -1 2
44 45 3
-1 -1 -1
45 -1 -1
45 -1 45
44 3 45
-1 -1 -1
44 -1 -1
2 -1 44
44 2 2
-1 -1 -1
44 -1 2
0 44 -1
44 -1 -1
2 -1 44
0 0 0
0 0 -1
3 2 0
44 3 3
-1 -1 -1
3 5 -1
12 -1 -1
2 -1 -1
0 -1 -1
-1 -1 -1
44 13 -1
-1 -1 -1
-1 3 4
-1 12 4
-1 -1 -1
44 0 0
-1 -1 -1
44 2 2
-1 -1 -1
-1 -1 -1
5 3 -1
13 12 -1
2 -1 4
45 15 2
44 5 45
-1 -1 -1
45 -1 4
44 45 -1
-1 44 4
14 14 -1
45 -1 4
44 45 -1
-1 44 4
45 -1 4
44 45 -1
-1 -1 -1
44 -1 4
0 44 -1
45 -1 14
44 45 -1
2 -1 4
13 2 0
-1 -1 -1
1 -1 4
15 13 -1
5 15 1
44 -1 5
1 44 -1
44 -1 5
6 44 -1
1 1 -1
-1 6 4
44 1 -1
-1 -1 -1
6 -1 4
7 5 -1
44 -1 -1
4 4 -1
-1 44 4
-1 -1 -1
-1 15 4
4 4 -1
-1 14 4
4 4 -1
-1 13 4
4 4 -1
-1 12 4
4 4 -1
-1 5 4
4 4 -1
-1 3 4
4 4 -1
4 4 -1
44 7 7
-1 7 4
-1 6 4
-1 -1 -1
44 -1 7
2 44 -1
44 -1 7
0 44 -1
-1 0 4
0 2 -1
1 2 -1
0 0 -1
-1 2 4
-1 1 4
44 0 -1
-1 -1 -1
-1 -1 4
44 -1 4
1 44 -1
-1 -1 4
44 -1 1
0 44 -1
-1 1 4
6 1 -1
2 0 -1
-1 0 4
1 2 -1
1 1 -1
-1 -1 -1
0 -1 4
44 -1 -1
-1 44 4
-1 -1 4
-1 -1 4
-1 -1 4
-1 -1 4
0 0 -1
45 -1 4
44 45 -1
-1 -1 4
-1 0 4
-1 -1 4
44 -1 -1
44 -1 -1
-1 44 4
45 -1 4
44 45 -1
0 -1 -1
0 -1 -1
45 -1 4
44 45 2
-1 44 4
45 -1 4
44 45 0
-1 44 4
0 1 -1
14 0 6
-1 -1 -1
44 -1 4
0 44 -1
45 -1 14
44 45 -1
2 -1 4
13 2 0
-1 -1 -1
1 -1 4
15 13 -1
5 15 1
44 -1 5
1 44 -1
44 -1 5
6 44 -1
1 1 -1
-1 6 4
44 1 -1
-1 -1 -1
0 -1 -1
0 0 1
44 0 -1
-1 -1 -1
2 -1 -1
44 13 -1
12 5 -1
3 5 -1
0 -1 -1
-1 -1 -1
-1 3 4
-1 12 4
-1 -1 -1
44 0 0
-1 -1 -1
5 3 -1
13 12 -1
2 -1 4
45 15 2
44 5 45
-1 -1 -1
45 -1 4
44 45 -1
-1 44 4
14 14 -1
45 -1 4
44 45 -1
-1 44 4
45 -1 4
44 45 -1
-1 -1 -1
44 -1 4
0 44 -1
45 -1 14
44 45 -1
2 -1 4
13 2 0
-1 -1 -1
1 -1 4
15 13 -1
5 15 1
44 -1 5
1 44 -1
44 -1 5
6 44 -1
1 1 -1
-1 6 4
44 1 -1
-1 -1 -1
0 -1 -1
0 0 1
44 0 -1
-1 -1 -1
44 0 -1
-1 -1 -1
3 -1 5
45 -1 -1
45 -1 45
44 3 45
-1 -1 -1
0 3 -1
0 0 -1
0 0 3
0 0 -1
0 0 -1
2 -1 0
12 -1 0
44 2 2
-1 -1 -1
45 -1 2
44 3 45
-1 -1 -1
-1 -1 -1
44 -1 -1
-1 3 44
3 -1 5
44 -1 -1
-1 2 44
45 -1 2
44 45 3
-1 -1 -1
45 -1 -1
45 -1 45
44 3 45
-1 -1 -1
44 -1 -1
2 -1 44
44 2 2
-1 -1 -1
44 -1 2
0 44 -1
44 -1 -1
2 -1 44
0 0 0
0 0 -1
3 2 0
44 3 3
-1 -1 -1
3 5 -1
12 -1 -1
2 -1 -1
0 -1 -1
-1 -1 -1
44 13 -1
-1 -1 -1
44 13 -1
-1 -1 -1
44 13 13
-1 -1 -1
44 -1 4
5 44 -1
-1 3 4
-1 12 4
-1 5 4
-1 -1 -1
44 0 0
-1 -1 -1
44 2 2
-1 -1 -1
-1 -1 -1
5 3 -1
13 12 -1
2 -1 4
45 15 2
44 5 45
-1 -1 -1
45 -1 4
44 45 -1
-1 44 4
14 14 -1
45 -1 4
44 45 -1
-1 44 4
45 -1 4
44 45 -1
-1 -1 -1
0 -1 4
0 0 -1
44 0 -1
-1 -1 -1
6 -1 4
45 -1 6
44 45 -1
-1 -1 -1
45 -1 4
44 45 -1
-1 -1 -1
45 -1 4
44 45 -1
-1 -1 -1
45 -1 4
44 45 -1
-1 -1 -1
45 -1 4
44 45 -1
-1 -1 -1
2 -1 4
44 -1 2
0 44 -1
0 0 -1
44 0 -1
-1 -1 -1
0 0 -1
44 0 -1
-1 44 -1
45 -1 4
44 45 -1
-1 -1 -1
44 -1 -1
2 -1 44
44 -1 -1
0 -1 44
1 -1 4
7 -1 4
6 -1 4
8 -1 4
-1 2 4
2 -1 4
-1 0 4
44 -1 -1
4 4 -1
-1 44 4
-1 -1 -1
-1 15 4
4 4 -1
-1 14 4
4 4 -1
14 7 -1
-1 13 4
4 4 -1
-1 12 4
4 4 -1
-1 5 4
4 4 -1
-1 3 4
4 4 -1
4 4 -1
5 -1 6
15 -1 2
-1 2 4
-1 6 4
-1 1 4
-1 8 4
44 -1 5
2 44 -1
0 2 -1
45 0 -1
44 15 45
-1 -1 -1
44 -1 5
0 44 -1
44 0 -1
-1 -1 -1
0 0 -1
45 -1 0
44 45 -1
-1 -1 -1
44 -1 -1
3 -1 44
13 2 -1
7 5 -1
6 13 -1
44 -1 -1
12 -1 44
44 -1 -1
4 4 -1
-1 44 4
-1 -1 -1
-1 15 4
4 4 -1
8 -1 -1
-1 14 4
4 4 -1
14 7 -1
-1 13 4
4 4 -1
-1 12 4
4 4 -1
-1 5 4
4 4 -1
-1 3 4
4 4 -1
4 4 -1
44 7 7
-1 6 4
-1 -1 -1
44 -1 14
0 44 -1
6 0 -1
0 0 -1
44 0 -1
-1 -1 -1
0 0 -1
44 0 -1
-1 44 -1
3 -1 14
44 3 -1
-1 -1 -1
45 -1 -1
45 -1 45
44 45 14
-1 -1 -1
45 -1 -1
45 -1 45
44 45 14
-1 -1 -1
45 -1 -1
45 -1 45
44 45 14
-1 -1 -1
45 -1 -1
45 -1 45
44 45 14
-1 -1 -1
45 -1 -1
45 -1 45
44 45 14
-1 -1 -1
0 3 -1
45 -1 0
44 45 -1
-1 -1 -1
45 -1 0
44 45 -1
-1 -1 -1
45 -1 -1
45 -1 45
44 3 45
-1 -1 -1
44 -1 -1
2 -1 44
44 2 2
-1 -1 -1
0 -1 2
0 0 -1
8 8 0
-1 -1 -1
4 4 -1
0 8 -1
3 -1 4
4 4 -1
5 -1 4
4 4 -1
12 -1 4
4 4 -1
13 -1 4
4 4 -1
14 -1 4
4 4 -1
15 -1 4
4 4 -1
44 -1 4
4 4 -1
-1 44 -1
0 0 -1
44 -1 -1
-1 3 44
3 0 -1
44 -1 -1
-1 12 44
44 3 3
-1 -1 -1
45 -1 3
44 13 45
-1 -1 -1
6 -1 3
44 6 5
-1 -1 -1
45 -1 5
44 45 -1
-1 -1 -1
-1 -1 -1
-1 -1 -1
12 -1 3
45 -1 12
44 45 -1
-1 -1 -1
7 -1 12
1 -1 -1
2 -1 -1
6 7 -1
44 -1 7
3 44 -1
44 -1 -1
4 4 -1
-1 44 4
-1 -1 -1
-1 3 4
-1 5 4
3 2 -1
-1 13 4
-1 14 4
13 7 -1
-1 15 4
-1 12 4
4 4 -1
44 2 2
5 6 -1
14 1 -1
15 -1 -1
15 -1 -1
44 7 6
-1 -1 -1
44 15 15
-1 -1 -1
44 13 13
-1 -1 -1
44 5 5
-1 -1 -1
44 -1 13
12 44 -1
44 -1 5
2 44 -1
44 2 12
1 12 -1
-1 -1 -1
44 -1 13
2 44 -1
45 -1 5
44 2 45
-1 -1 -1
0 -1 12
44 0 -1
-1 -1 -1
0 0 -1
44 0 -1
-1 44 -1
0 1 -1
2 0 -1
44 -1 0
0 44 -1
0 0 -1
-1 0 4
-1 -1 -1
0 0 -1
2 2 0
-1 2 4
2 -1 4
44 -1 2
0 44 -1
44 0 -1
-1 -1 -1
-1 -1 -1
44 0 -1
-1 -1 -1
44 0 -1
-1 -1 -1
44 -1 4
0 44 -1
1 14 -1
2 3 -1
