79 77 50
61 65 92
75 29 7
80 49 81
32 88 33
34 10 93
53 80 1
36 19 61
10 7 58
96 74 36
30 55 70
20 62 95
49 6 89
59 62 86
16 56 61
29 60 86
53 46 84
91 30 73
70 21 71
72 8 74
71 8 68
48 11 75
64 89 37
23 79 74
62 80 44
54 30 44
87 61 90
6 95 30
91 66 84
18 46 68
28 60 76
46 96 70
81 78 78
95 2 3
23 90 46
19 13 42
39 82 61
66 79 68
75 96 34
24 94 94
11 27 23
50 92 35
66 3 53
26 47 34
58 59 56
74 42 79
21 14 89
19 19 24
38 57 86
72 12 5
29 84 79
66 35 64
17 41 51
64 70 16
45 83 55
61 39 50
77 38 73
75 68 47
63 3 4
96 3 74
83 39 92
38 81 84
14 86 8
82 31 88
28 18 13
91 15 44
48 83 60
82 46 44
81 8 44
72 48 40
29 83 50
2 11 5
87 47 29
5 18 18
1 85 42
2 12 61
78 64 51
90 26 74
53 31 39
10 64 13
12 62 96
74 18 57
14 14 28
14 5 37
10 16 90
75 74 87
54 9 81
4 50 34
32 82 36
16 36 35
95 60 9
66 36 43
6 17 35
40 30 14
53 23 39
19 50 88
79 53 13
6 60 80
95 46 90
56 58 61
44 14 57
76 13 61
62 46 50
36 80 26
51 27 56
93 8 89
51 64 20
54 95 2
21 13 46
30 43 65
4 23 29
35 35 85
7 59 27
73 87 9
42 6 28
81 63 84
29 54 36
30 14 63
82 36 39
46 50 81
73 93 41
95 44 42
88 71 30
71 88 65
91 19 61
67 19 36
4 28 58
51 36 21
27 94 49
57 21 37
37 93 75
13 89 17
41 55 92
22 79 63
20 12 40
15 34 62
40 66 11
68 93 27
93 79 23
10 31 76
66 19 14
60 49 84
64 39 37
9 73 34
55 63 81
19 42 94
28 40 37
89 23 4
4 10 66
76 67 35
35 89 62
77 35 12
43 50 90
76 58 60
61 13 47
54 53 25
95 1 59
17 60 19
47 35 73
5 42 78
76 52 63
22 89 76
54 90 25
24 49 17
28 57 6
12 71 49
11 70 69
64 6 5
12 90 30
28 25 85
54 20 12
70 58 89
60 65 12
80 51 42
72 95 26
24 17 52
18 77 62
50 37 31
43 61 93
59 1 49
92 50 55
4 46 30
27 34 4
82 73 2
71 30 12
77 65 76
52 37 46
40 17 54
36 17 71
30 50 21
58 13 54
19 40 28
20 92 36
46 51 18
41 51 66
61 45 3
25 37 16
85 49 44
15 47 23
41 35 8
35 39 92
18 92 84
56 90 32
35 75 2
23 42 84
14 7 77
46 29 53
51 50 58
6 87 67
96 86 94
58 20 44
11 79 30
64 91 95
90 57 46
86 83 69
29 51 4
38 34 88
59 31 96
84 96 30
96 11 45
20 72 54
93 4 81
46 58 70
38 87 64
45 18 25
62 47 11
27 6 47
23 14 50
62 18 39
64 91 73
93 27 63
81 6 5
52 40 41
6 34 18
10 43 11
49 23 79
8 23 45
80 27 63
76 34 51
25 53 19
81 60 29
7 12 55
57 54 37
6 78 56
10 94 87
72 95 12
72 92 96
39 24 61
9 10 54
57 56 84
62 49 16
68 16 44
37 66 5
4 95 10
54 19 35
16 33 85
6 30 17
45 86 86
64 7 76
67 18 86
65 94 72
95 13 14
29 72 27
9 47 2
86 32 87
47 30 35
82 75 83
10 49 71
93 71 77
17 28 66
87 40 48
10 62 91
34 55 5
79 11 13
92 9 34
45 31 3
87 28 14
74 32 69
35 45 92
54 81 10
15 96 63
89 70 39
77 56 47
58 29 14
94 65 26
10 62 1
77 81 54
62 4 86
31 33 77
11 24 7
80 22 84
49 26 10
76 55 93
53 45 10
57 64 54
26 95 7
1 74 88
84 56 94
61 29 44
5 91 34
28 73 8
48 90 92
37 33 64
65 93 53
96 12 72
31 59 33
75 77 90
15 15 21
70 2 35
47 68 25
28 94 22
68 66 54
49 27 5
58 64 13
68 34 40
9 65 71
7 59 28
12 5 63
45 27 91
91 16 86
22 3 4
8 10 38
37 17 46
80 26 57
9 26 62
91 72 67
82 82 49
47 18 30
58 83 14
53 85 11
78 44 27
55 20 41
96 4 82
20 30 90
33 40 15
16 88 46
59 89 45
63 51 66
66 4 94
51 68 6
42 61 25
4 49 51
15 9 6
53 44 56
64 12 80
10 23 5
32 19 68
20 2 58
82 13 49
26 39 38
23 50 86
36 62 46
34 42 88
87 96 15
48 29 73
31 82 29
15 69 30
8 15 41
5 1 96
76 79 78
21 7 1
87 7 15
30 25 55
33 59 79
73 68 7
20 36 77
15 59 5
8 84 87
64 17 86
35 72 5
3 72 9
57 33 30
64 19 64
33 50 38
67 83 64
57 69 30
95 23 79
79 61 82
50 2 40
29 12 87
72 45 92
18 63 33
57 16 19
37 26 83
72 13 58
6 40 50
82 46 17
87 67 79
53 60 68
80 92 51
67 33 58
5 11 85
18 1 61
21 34 54
39 84 32
80 33 76
86 43 37
15 50 60
67 48 8
24 82 36
86 30 23
50 12 87
67 18 25
18 51 46
79 96 71
2 82 44
87 17 75
2 12 86
52 53 12
87 92 45
54 54 3
69 18 59
42 31 20
69 8 61
68 87 9
2 75 13
54 34 7
80 76 36
50 24 19
13 83 72
42 37 42
76 51 20
5 45 95
7 14 91
18 94 12
48 47 77
91 49 11
36 47 3
93 31 22
78 83 96
33 44 75
10 42 27
67 77 35
22 47 73
85 21 48
91 64 10
65 91 46
14 39 57
93 92 71
51 5 43
31 48 14
77 29 81
66 96 70
4 6 48
47 2 46
94 74 92
11 43 80
9 41 62
66 41 7
91 73 76
1 49 5
39 3 69
65 47 50
60 10 84
8 85 30
17 42 39
89 96 8
11 31 52
3 22 72
90 54 18
43 7 52
53 58 31
33 88 71
17 29 93
32 4 71
91 72 46
9 65 83
2 77 43
35 72 13
54 31 47
47 10 19
6 26 11
31 66 93
29 1 34
50 40 28
69 74 29
11 78 22
11 19 58
34 61 96
34 9 79
54 2 7
87 66 57
60 56 41
33 58 15
47 59 67
70 85 84
42 60 75
22 91 67
43 18 39
27 93 67
6 41 32
45 1 26
70 78 70
41 95 57
22 49 32
31 57 61
4 29 90
38 38 15
60 28 20
74 55 93
61 95 38
26 56 7
64 55 71
2 59 93
56 58 1
45 59 41
90 82 31
60 87 55
2 41 52
62 62 28
4 17 10
8 68 27
67 17 40
77 46 89
83 74 42
22 78 53
19 65 50
67 58 7
69 5 39
83 90 90
85 88 14
80 14 67
27 46 95
89 18 23
6 90 50
90 33 18
71 95 11
39 4 68
67 51 23
76 39 57
21 29 12
50 58 48
96 60 64
56 66 55
42 96 22
22 54 61
18 84 19
45 87 76
25 60 57
10 34 50
15 12 6
6 62 92
71 25 30
17 3 85
91 52 54
88 19 66
89 83 93
92 2 87
60 94 81
84 81 10
2 58 95
2 9 28
47 89 20
25 54 61
27 68 79
80 38 17
7 45 21
36 89 81
19 34 79
24 54 43
20 55 67
65 49 45
64 31 29
7 10 2
30 36 78
15 59 44
72 39 78
29 61 40
63 92 6
22 78 9
20 61 80
45 57 32
27 41 60
62 45 47
92 12 41
69 62 92
28 89 35
3 77 30
24 74 13
58 56 28
33 25 18
76 83 57
3 44 2
30 72 77
21 34 61
67 37 85
93 81 23
16 61 13
69 76 45
92 20 81
35 35 24
73 24 92
55 89 59
1 40 13
63 27 78
35 3 62
65 16 84
34 82 73
76 84 35
54 35 10
80 34 94
39 79 72
42 72 94
27 27 62
46 9 6
17 13 48
65 1 92
13 15 40
62 59 52
30 73 70
90 50 64
45 14 87
62 79 8
91 89 30
47 41 26
43 34 70
90 78 4
2 8 3
86 8 54
72 62 48
66 73 6
21 76 35
56 72 82
41 47 96
12 13 93
92 42 7
30 35 26
87 70 10
61 87 48
81 84 21
28 40 96
81 16 17
77 84 82
31 46 26
42 49 1
62 29 44
58 93 2
68 55 76
4 1 84
84 24 2
78 3 8
28 77 27
34 79 2
92 39 35
56 44 49
12 78 53
54 11 52
64 24 7
70 35 56
29 12 32
33 70 83
34 42 77
37 21 82
50 28 70
42 91 73
81 92 41
91 83 93
34 95 79
39 50 83
91 12 55
81 8 86
39 24 25
16 48 95
85 37 11
8 52 37
8 15 12
59 65 19
10 27 58
66 56 41
83 27 1
87 63 17
61 53 33
56 57 96
19 70 12
11 70 70
28 12 13
44 23 10
50 44 11
18 38 42
59 95 23
10 77 30
57 60 78
74 38 95
63 45 96
89 78 26
2 83 92
87 72 56
7 66 2
47 51 13
70 34 36
86 7 81
93 23 65
17 81 61
44 37 37
23 19 66
94 95 32
23 16 3
33 87 40
44 85 41
84 87 76
35 32 8
54 15 30
77 94 4
26 94 59
63 39 57
6 68 16
6 59 6
8 18 43
84 83 85
12 2 20
40 87 89
83 78 76
89 49 78
49 17 85
26 85 73
47 75 50
27 25 34
83 45 8
31 78 48
58 77 23
1 29 34
36 2 40
89 85 29
61 88 4
95 40 49
38 27 11
52 2 38
93 1 75
96 71 94
47 95 28
85 32 20
90 79 8
51 7 96
75 94 75
53 89 10
12 87 54
93 40 17
30 11 77
91 57 33
18 18 14
46 62 66
69 52 87
36 80 3
1 83 18
58 11 51
95 61 88
51 75 28
16 47 14
45 56 44
93 38 67
5 93 47
1 62 93
51 96 58
82 30 67
42 46 89
32 23 28
34 67 87
2 44 46
93 52 48
95 55 52
91 50 70
28 84 47
87 84 67
18 62 30
32 66 81
12 60 10
6 32 23
22 15 67
40 63 78
19 39 55
17 74 75
17 78 19
53 57 82
10 36 1
18 68 95
69 69 48
80 60 70
94 56 61
94 48 5
1 7 89
11 13 1
89 60 13
48 89 50
13 60 57
86 56 9
39 10 57
75 45 63
6 20 61
33 41 93
52 79 59
59 34 41
73 35 95
61 6 66
5 26 54
53 47 78
88 81 12
68 51 78
9 55 82
48 60 23
19 53 28
63 22 6
5 12 12
11 61 8
49 30 24
26 45 28
59 74 90
95 66 72
45 87 25
68 92 94
17 41 50
52 19 57
88 63 90
43 19 28
2 43 2
62 58 11
80 36 18
93 8 32
34 78 13
17 74 32
24 28 92
93 52 35
87 4 93
61 35 91
89 43 86
77 11 28
10 90 79
55 38 9
86 24 90
28 94 44
4 16 11
48 20 33
59 58 68
37 24 90
80 30 47
11 34 25
39 70 70
78 53 54
76 60 88
14 33 7
28 61 5
65 87 88
6 24 18
80 8 57
78 29 28
37 77 95
80 75 84
82 79 79
75 37 22
91 85 31
37 28 39
54 95 79
72 7 61
19 34 36
95 54 87
66 50 69
81 53 96
25 91 26
82 77 14
26 11 4
56 67 8
8 33 33
59 93 33
2 81 48
46 24 73
45 12 57
49 90 86
91 57 11
43 90 91
8 41 47
36 18 85
87 88 70
68 47 17
87 26 82
81 28 82
84 67 68
86 39 55
64 76 59
6 25 48
11 69 25
65 89 30
93 11 7
31 74 19
87 46 45
18 50 83
65 90 15
26 54 86
94 72 27
68 45 94
31 52 39
4 5 85
70 8 58
58 10 72
7 65 23
77 36 11
4 74 13
74 55 74
2 3 42
35 23 43
89 39 91
95 36 39
88 67 20
68 61 15
71 79 59
76 96 77
71 17 87
47 73 45
41 38 38
10 95 11
19 35 85
93 80 96
37 12 2
8 93 33
91 90 73
1 42 36
23 41 39
49 4 92
87 73 47
79 16 79
4 54 91
19 13 54
93 46 5
35 1 89
24 96 21
89 26 5
42 2 9
26 29 2
58 91 54
83 50 30
7 91 72
65 15 43
90 55 29
89 30 22
48 26 90
24 26 48
24 83 12
59 28 17
39 74 55
20 43 58
19 33 31
90 24 7
51 77 32
36 22 53
37 20 46
90 37 37
47 10 83
54 10 78
13 79 41
41 17 43
88 49 6
28 22 67
27 58 74
63 29 42
10 77 59
24 43 95
89 54 77
46 30 43
82 2 25
10 94 90
51 35 2
63 17 19
37 89 41
2 58 12
37 81 46
65 9 67
86 88 95
74 1 67
80 30 42
11 72 37
16 59 35
73 5 32
45 82 22
35 77 49
11 88 75
83 96 90
1 12 42
77 1 67
33 39 28
9 47 9
18 24 42
70 1 74
3 25 23
71 41 92
88 60 55
11 7 67
86 67 61
16 50 6
84 57 30
31 34 42
29 55 40
21 32 62
16 56 4
63 67 38
54 14 9
44 58 24
22 70 32
39 9 48
79 57 34
66 73 5
89 86 9
83 72 4
44 6 59
17 34 11
79 81 29
53 80 75
7 17 6
12 68 64
4 30 56
85 85 58
49 61 31
80 52 14
76 52 27
58 49 96
72 93 5
92 35 3
28 81 6
16 46 40
84 55 76
19 73 47
71 6 64
20 8 21
80 84 36
70 41 25
48 32 83
83 49 14
91 44 82
70 17 54
71 62 10
87 33 39
57 62 12
91 65 14
9 79 24
68 26 61
2 85 73
88 8 3
83 73 33
41 28 16
19 64 14
62 80 70
22 88 47
28 13 61
2 4 72
21 4 59
34 71 65
74 19 16
7 6 3
70 3 54
11 9 42
36 34 58
45 56 73
71 49 13
95 96 66
2 39 60
65 86 65
86 48 9
88 74 88
71 84 24
38 57 58
9 21 24
23 85 87
11 33 80
75 93 60
65 67 93
24 11 76
39 68 74
80 83 93
2 12 20
42 23 73
8 75 68
11 7 3
52 66 11
94 89 48
51 8 66
85 64 58
67 25 15
2 25 86
59 94 30
53 82 77
67 19 22
42 47 74
82 25 25
73 42 61
91 54 3
25 75 46
36 61 48
92 28 28
50 61 79
65 75 46
51 13 24
14 58 82
19 28 57
60 61 49
56 43 2
6 36 63
90 36 62
29 70 91
56 70 29
16 82 77
93 90 82
44 91 32
94 84 66
55 55 64
19 85 48
22 77 44
78 17 53
27 26 36
25 10 71
66 20 56
24 41 5
44 92 67
60 19 92
94 4 55
4 93 85
94 43 55
92 26 23
63 42 83
5 26 84
43 35 1
89 24 17
22 90 38
92 34 69
24 51 91
66 38 32
79 84 49
54 78 21
74 78 21
2 78 57
47 61 67
44 19 5
78 16 68
20 26 33
91 84 4
32 17 24
24 4 93
28 11 6
89 8 77
22 91 84
22 58 2
46 50 70
69 78 80
22 22 10
53 57 46
46 50 30
96 1 39
1 11 82
95 18 86
15 87 14
35 28 82
86 69 17
37 62 51
24 92 63
10 18 37
7 39 81
83 67 88
25 56 68
22 56 45
50 22 87
90 86 67
76 41 33
46 92 44
82 33 27
21 26 45
52 34 27
12 61 65
8 40 76
86 93 29
9 88 37
30 5 64
96 39 1
45 86 77
67 10 63
31 76 80
93 10 62
34 39 58
4 95 29
62 71 80
37 76 84
24 83 67
90 71 88
5 36 19
92 74 73
24 59 7
7 71 13
36 4 54
13 78 20
82 43 86
75 22 29
32 16 53
33 91 9
47 73 6
63 93 20
40 80 91
48 64 69
72 12 94
32 11 78
43 73 36
76 95 37
64 64 9
27 88 70
53 45 58
93 74 24
4 63 23
26 39 66
53 72 40
40 55 44
68 47 40
78 10 90
96 80 55
25 15 29
57 2 49
12 28 49
18 16 1
41 7 60
2 36 71
50 57 80
95 14 83
52 12 41
45 84 75
15 71 82
11 3 13
35 54 36
32 42 76
84 41 23
46 96 25
39 11 52
43 77 91
85 35 72
8 18 6
47 17 76
42 73 69
68 47 32
49 73 22
57 31 26
32 62 54
87 9 63
72 72 39
34 42 41
50 31 52
63 28 66
19 19 64
61 53 86
91 92 61
65 92 14
67 9 68
56 38 23
85 77 41
68 7 11
21 52 66
10 50 23
8 96 30
71 61 71
61 42 45
29 48 4
11 41 1
14 69 5
82 3 52
42 81 64
41 56 24
76 23 34
40 92 42
82 76 26
59 77 26
30 55 15
60 95 32
76 65 73
40 13 76
89 15 96
75 2 95
16 78 18
18 82 83
10 53 2
44 94 22
78 83 12
78 30 4
84 17 44
47 49 35
30 75 80
40 96 62
2 43 64
44 20 10
30 3 66
59 54 36
42 55 33
81 53 57
49 29 15
32 22 12
25 35 47
11 42 82
51 14 45
43 11 79
28 50 3
68 64 87
90 3 46
83 81 73
94 46 48
43 91 58
67 85 69
84 13 62
47 83 13
29 83 25
49 63 4
35 7 93
57 89 13
1 50 68
39 68 76
37 68 79
28 89 51
27 73 14
79 87 33
93 3 13
11 44 7
32 46 12
89 9 59
92 1 93
82 55 1
9 43 52
41 92 76
35 18 35
29 35 57
5 95 82
54 22 28
49 31 14
8 46 94
16 66 45
96 95 80
62 6 60
68 36 44
88 16 50
12 24 24
65 27 71
86 69 36
26 90 84
94 47 54
89 28 81
34 45 86
61 92 89
27 66 94
34 17 67
33 45 28
21 40 5
57 59 61
96 82 12
41 60 10
19 19 44
51 12 45
25 20 9
95 69 44
17 57 15
24 43 5
84 3 25
47 21 96
80 86 19
69 18 82
4 90 36
45 3 8
58 82 48
21 34 75
23 41 14
90 47 16
11 2 68
66 84 64
50 17 90
67 62 9
7 5 75
13 15 31
20 69 33
16 8 20
19 58 27
78 45 16
50 91 12
35 19 23
6 16 69
7 84 52
78 42 4
33 82 52
78 84 82
20 45 55
16 85 70
77 19 29
46 17 88
38 1 95
77 73 43
86 39 40
83 70 89
12 86 92
35 73 74
21 17 25
9 4 50
29 19 7
2 77 17
91 79 58
31 29 86
16 72 59
64 13 26
61 48 21
62 53 72
5 86 35
96 5 68
56 94 32
32 85 19
65 42 94
7 2 44
3 72 80
95 36 50
14 6 6
15 37 73
2 42 67
82 17 26
61 1 29
67 25 80
40 85 24
28 85 82
70 9 77
93 76 56
34 58 19
95 65 82
32 25 9
65 24 8
31 5 84
92 35 32
92 71 63
21 54 1
79 44 86
38 26 37
37 17 71
45 7 3
93 79 10
60 46 74
47 76 38
19 35 74
3 96 82
42 34 78
24 26 11
93 51 77
52 44 18
81 11 1
87 2 68
69 12 35
69 30 88
12 25 92
78 85 21
49 56 59
22 77 13
82 15 74
68 72 6
21 23 54
34 73 78
66 5 28
96 93 41
28 23 45
92 21 10
36 94 57
77 2 78
89 25 2
32 14 21
59 39 76
74 43 15
7 53 93
76 93 27
44 25 88
15 13 11
86 20 57
32 49 65
54 48 96
69 28 77
15 48 49
37 78 60
94 49 49
6 61 41
36 65 60
48 84 8
47 91 84
10 44 3
61 23 88
67 29 5
90 32 64
76 69 29
95 75 56
96 57 35
15 39 26
80 83 90
47 32 33
57 72 59
11 80 92
29 72 59
69 6 13
85 51 4
88 58 60
3 20 52
52 44 92
33 4 80
52 11 69
61 50 37
23 10 24
53 40 58
80 36 40
83 30 74
23 92 27
50 89 75
64 68 67
82 31 40
19 69 70
92 69 20
55 1 12
52 94 13
41 60 80
40 15 67
32 96 8
30 45 59
5 6 51
38 70 47
36 19 89
68 59 35
40 95 73
62 52 84
94 19 32
15 66 85
27 84 64
78 36 32
6 77 25
35 68 94
34 50 81
67 68 14
57 68 77
30 91 23
58 27 30
30 20 64
71 68 84
91 72 46
91 37 91
40 48 65
81 86 34
75 83 73
25 10 55
67 55 4
45 33 57
15 25 15
55 75 10
63 29 90
14 87 1
63 8 62
49 85 26
78 62 89
43 96 84
95 33 64
22 36 89
88 59 31
59 74 87
81 43 87
48 53 49
93 64 47
84 64 4
88 23 60
63 12 93
50 85 15
1 42 75
27 26 23
28 7 70
36 48 13
45 56 19
93 76 47
71 64 70
21 4 95
35 40 56
43 84 17
95 48 66
19 69 56
93 1 48
59 53 79
72 12 69
64 77 91
55 33 63
87 83 3
44 26 79
61 74 57
9 26 68
63 37 38
34 23 66
67 92 44
44 87 8
8 27 68
51 86 93
75 13 17
93 51 47
77 75 58
17 50 19
20 40 89
13 12 30
69 42 79
50 38 60
60 6 11
27 51 25
80 20 32
58 15 30
78 80 80
63 58 44
5 44 11
46 68 49
7 89 1
56 79 21
85 61 27
16 3 15
95 91 18
49 52 35
77 71 43
44 47 89
53 59 13
6 66 40
57 45 44
1 30 94
32 7 80
23 32 81
47 59 61
81 71 35
85 93 67
4 9 45
12 63 96
79 88 84
63 23 42
37 54 14
75 56 43
87 86 8
53 85 54
42 56 62
92 75 79
20 68 80
60 46 3
47 32 87
70 13 67
1 5 62
76 78 20
43 23 88
72 84 3
83 35 46
32 51 41
28 8 27
20 11 84
55 52 57
80 5 74
33 58 30
60 12 7
28 29 78
67 18 32
53 65 60
30 96 68
28 58 6
3 48 21
8 52 30
75 72 13
89 68 43
3 58 75
36 65 87
50 7 64
92 38 74
54 11 2
45 20 14
13 74 84
28 79 8
6 25 84
56 64 39
16 84 65
27 49 41
35 83 42
20 96 77
68 84 15
82 95 30
26 24 53
57 8 28
57 28 69
83 80 57
85 41 15
40 52 21
10 29 22
54 91 51
46 49 3
96 64 34
27 77 40
59 53 19
93 57 52
33 29 86
60 52 47
42 39 64
37 44 50
58 13 2
32 13 27
41 73 35
39 82 5
14 12 24
85 88 23
96 13 71
34 85 11
55 35 26
54 90 19
47 93 63
50 25 47
38 53 75
62 62 76
53 93 84
74 1 38
14 94 19
86 71 82
9 7 26
64 61 43
83 48 24
96 82 27
37 37 88
49 65 25
7 3 49
1 89 40
24 25 74
75 71 72
2 89 56
69 69 86
80 50 44
10 64 21
70 39 80
43 87 91
37 40 9
49 36 6
32 91 62
25 14 20
31 11 12
72 68 28
24 94 49
21 92 48
71 90 96
81 90 39
76 35 59
13 54 96
93 62 20
54 52 34
14 91 73
14 52 5
10 37 93
85 41 51
53 36 16
11 30 12
10 3 38
38 72 35
45 5 78
55 92 83
26 74 70
43 52 93
87 2 43
17 5 96
39 31 86
8 81 69
69 47 49
18 89 15
7 24 33
3 20 69
26 34 91
45 72 21
68 44 13
10 25 39
76 47 88
6 17 36
92 32 86
36 14 35
6 4 52
27 65 19
94 81 78
20 60 56
26 1 40
29 18 78
72 40 27
7 6 77
86 73 83
16 57 34
18 78 48
73 95 19
82 45 42
81 71 93
13 86 59
74 43 64
34 56 66
37 92 77
22 47 7
59 17 10
8 93 69
33 50 21
58 76 26
30 47 47
6 33 24
9 15 89
14 26 16
80 29 69
46 68 80
75 70 70
81 30 42
38 70 27
94 51 81
51 96 65
80 35 60
9 76 38
58 86 77
48 89 66
83 68 12
54 35 38
56 13 54
25 53 66
96 25 68
13 4 60
34 76 63
43 89 79
71 35 25
40 95 10
23 78 85
59 13 49
51 95 71
82 32 77
79 67 1
59 95 63
96 45 59
51 83 34
19 81 4
72 20 93
78 39 60
3 77 54
19 72 18
41 41 53
7 29 25
21 15 32
45 91 55
87 83 48
11 44 50
83 54 63
33 65 61
89 73 85
42 60 51
89 8 46
28 85 2
31 74 96
5 71 72
26 9 82
37 81 7
31 30 51
75 52 60
15 89 2
46 5 59
91 23 76
6 13 69
94 36 19
47 62 55
48 13 21
54 40 14
14 30 51
17 89 45
1 33 79
76 96 52
73 49 45
17 79 68
43 12 9
52 56 13
2 35 38
75 82 94
60 53 29
46 29 68
19 1 21
1 82 93
44 69 46
23 38 24
10 66 41
89 70 53
3 28 2
90 8 75
58 47 30
62 53 70
14 96 68
56 88 77
79 4 69
31 65 68
96 20 66
13 11 13
8 69 5
30 51 12
82 45 27
16 52 63
19 10 37
78 74 43
49 1 77
23 4 36
44 1 20
78 75 2
64 61 27
19 38 69
85 9 95
62 80 91
65 48 34
82 70 37
30 47 82
9 90 87
45 81 77
82 73 94
44 37 26
66 22 9
91 17 91
29 38 46
56 26 66
54 67 84
52 20 19
24 7 76
87 71 28
66 90 52
13 94 46
2 59 55
47 56 70
17 34 90
7 82 4
69 25 48
84 13 3
48 25 27
41 37 75
94 8 24
67 64 3
46 3 86
57 58 61
15 15 34
89 47 95
12 59 9
89 16 75
23 31 47
15 70 74
10 78 57
53 18 74
82 2 41
6 62 38
30 22 58
80 93 93
4 17 58
33 50 71
55 18 64
58 75 72
21 40 21
16 50 53
32 29 66
55 7 43
16 21 22
93 76 84
43 8 14
59 20 18
93 58 75
17 75 14
40 14 17
81 43 41
41 78 51
8 8 56
8 22 66
65 40 81
14 93 40
96 62 61
50 19 85
68 22 76
25 44 86
14 23 77
84 34 27
3 17 47
50 68 31
10 79 91
79 77 67
70 9 11
12 56 79
29 56 82
77 36 6
86 79 32
7 78 29
94 91 54
86 47 7
53 74 51
4 16 70
6 2 41
63 24 40
84 21 69
27 25 1
9 20 2
47 62 1
78 62 4
54 1 28
62 56 90
82 22 39
59 31 6
72 49 96
19 44 52
32 38 72
48 29 5
94 31 45
52 22 21
81 1 78
18 85 23
66 84 75
61 5 62
48 10 1
16 50 79
18 31 53
71 90 27
95 16 32
34 54 23
26 37 54
26 78 55
22 66 41
77 46 94
83 73 50
35 58 88
13 42 28
57 3 86
45 67 47
69 2 50
26 72 6
26 33 61
13 69 56
65 88 44
72 2 84
76 47 34
28 40 16
81 13 38
20 35 40
25 38 4
42 17 35
45 22 28
9 64 9
72 68 20
77 93 13
73 63 86
9 78 4
91 39 44
47 45 85
48 29 18
30 76 72
80 40 62
14 81 71
62 44 15
4 47 82
85 76 9
84 92 48
17 70 70
57 56 21
64 95 14
79 66 31
35 57 10
63 53 23
9 64 80
52 3 27
64 47 57
61 72 25
5 81 72
56 7 61
76 83 26
8 92 42
92 23 6
37 5 29
85 18 27
19 86 32
46 94 61
45 5 55
6 35 94
45 10 62
14 14 8
45 72 55
7 36 47
96 76 48
75 60 8
58 34 25
29 29 48
16 28 8
93 65 72
72 9 4
32 22 47
51 35 15
84 8 37
1 67 5
33 13 49
48 8 54
59 75 49
4 37 88
5 39 15
56 16 59
60 16 75
39 15 31
38 32 31
51 66 78
77 38 95
55 84 48
33 57 13
28 60 84
29 9 63
95 59 83
21 93 34
32 88 10
58 46 26
24 62 18
54 18 13
31 28 57
93 38 37
74 25 74
68 25 42
34 73 94
81 43 51
1 29 24
16 92 26
52 61 11
35 69 52
75 21 5
89 14 70
27 80 54
13 91 2
3 62 24
41 81 36
80 9 31
89 49 67
43 89 12
17 36 51
17 48 34
13 84 48
28 5 61
94 7 79
2 60 28
84 83 19
39 25 5
46 35 79
64 93 94
71 28 92
88 7 11
18 59 74
44 75 91
24 28 23
60 56 76
23 11 15
59 73 49
22 57 62
91 43 8
95 28 54
82 76 27
3 53 89
45 77 27
25 42 7
31 7 59
53 26 60
40 73 21
34 60 48
70 66 88
80 16 37
75 71 27
96 3 13
37 84 80
22 40 39
42 80 59
83 1 44
47 32 2
42 54 20
56 29 6
25 62 29
34 7 74
35 7 82
38 26 4
6 82 42
74 77 92
12 50 85
71 29 24
11 50 60
86 38 17
83 42 95
28 87 34
6 73 91
42 21 34
94 17 51
39 49 57
84 70 53
78 72 64
68 90 1
78 23 85
82 1 54
41 61 29
52 96 43
16 72 87
63 35 24
71 87 21
33 87 61
41 77 4
39 87 56
50 30 89
63 49 58
73 5 56
83 43 64
78 58 94
80 83 17
37 70 72
1 39 68
87 66 17
19 14 64
16 87 85
42 73 50
66 59 11
62 79 19
78 10 39
75 77 71
40 37 58
57 10 60
80 31 36
82 42 96
27 90 24
4 47 48
90 81 7
68 19 49
42 64 82
63 16 63
14 79 36
84 18 45
52 34 2
80 54 21
8 62 17
46 20 72
71 93 91
31 65 38
80 38 38
81 3 58
93 6 5
45 3 92
6 29 72
45 9 62
84 54 62
63 64 60
12 79 21
34 50 46
4 90 40
39 91 30
22 62 40
42 9 96
7 2 88
36 19 38
34 82 15
14 15 64
13 11 63
35 22 80
4 59 66
75 35 95
49 96 55
35 16 22
93 62 52
37 86 1
89 82 74
31 69 84
68 18 32
36 17 48
78 37 95
84 94 13
14 58 70
14 6 14
77 6 28
5 96 32
69 27 53
84 59 45
25 54 58
60 29 5
81 42 42
47 62 64
35 91 85
56 68 86
8 44 93
25 2 81
85 31 1
71 40 59
11 34 15
75 51 50
36 25 65
84 23 26
4 11 40
68 19 22
62 88 65
82 89 54
83 79 5
3 14 60
21 67 16
46 3 59
18 83 51
36 66 91
36 15 83
53 12 71
64 18 38
78 26 8
11 91 19
57 39 17
41 20 13
13 2 2
14 76 95
44 46 3
90 15 62
35 56 67
61 86 69
93 66 60
68 43 78
48 45 23
37 46 56
37 54 21
26 37 14
9 72 47
85 24 10
73 1 84
38 36 77
16 67 56
51 1 49
65 2 54
4 80 70
20 84 4
68 41 11
64 43 14
9 53 15
85 75 72
34 2 42
78 35 62
91 95 57
30 15 28
47 2 28
12 57 9
62 23 40
78 96 91
38 56 40
69 90 86
93 49 63
16 91 59
10 72 79
10 32 13
79 62 8
90 16 9
70 23 29
92 67 9
64 43 78
19 57 46
59 33 54
23 55 23
63 62 71
39 45 54
32 73 19
77 56 9
53 76 40
68 9 91
50 69 47
4 35 18
72 36 44
50 53 81
72 17 42
57 36 7
21 38 95
11 75 60
69 36 34
5 64 68
72 13 7
16 27 88
68 53 10
35 86 86
56 64 87
73 74 43
6 76 38
23 92 47
25 61 44
92 8 16
2 7 24
86 21 46
50 84 43
29 73 26
96 62 20
31 33 77
24 95 27
73 40 8
42 31 73
79 1 27
5 64 76
92 30 25
6 90 20
89 15 68
13 10 50
8 49 10
50 4 63
17 46 24
20 49 36
92 11 82
75 29 66
70 43 82
76 47 2
84 66 74
7 54 44
88 83 54
72 46 36
37 75 43
59 45 18
19 58 65
76 76 12
29 85 24
11 95 26
28 23 14
38 7 89
87 81 29
95 55 18
23 65 24
24 82 18
48 80 95
38 43 82
61 8 51
54 33 22
12 46 95
43 90 84
30 80 64
1 3 41
94 85 26
45 15 6
7 44 62
88 72 90
58 42 71
64 69 11
40 19 3
64 4 60
56 56 66
6 66 32
83 47 76
88 15 17
32 84 65
47 94 74
70 87 96
45 77 66
34 96 68
96 74 17
60 91 1
30 54 53
91 96 53
43 59 78
59 90 96
93 72 37
60 17 62
1 7 88
72 57 18
58 52 12
87 79 18
71 26 24
19 52 46
32 88 84
79 68 3
19 34 50
63 77 69
81 18 61
72 25 18
79 72 53
85 31 10
93 47 56
47 14 74
46 33 73
15 10 65
34 96 28
69 93 78
24 78 54
32 24 53
62 26 11
92 47 9
50 65 89
70 66 95
63 68 41
78 62 64
58 96 40
28 41 34
94 9 7
28 78 22
90 43 4
43 52 13
92 46 32
75 59 62
81 17 19
92 47 62
53 50 25
8 7 20
23 49 61
86 18 36
16 96 25
80 10 78
78 74 87
20 20 96
27 50 20
54 35 85
86 27 60
44 91 1
65 2 70
68 55 22
4 44 49
47 54 9
80 36 47
64 83 17
47 84 62
52 80 6
86 37 71
47 95 68
68 12 30
14 16 74
52 67 92
27 78 74
33 50 77
61 53 11
27 38 3
46 32 15
32 93 7
47 38 50
77 62 79
44 60 70
88 49 49
57 54 57
13 42 86
41 22 91
27 28 62
51 34 5
4 2 50
8 63 64
53 48 24
37 94 13
6 71 78
80 6 21
63 29 65
24 19 46
79 34 49
30 39 48
2 38 69
44 26 25
42 96 25
47 91 42
39 81 82
4 15 36
79 92 25
64 58 27
59 9 93
25 27 36
12 30 34
24 21 74
55 1 7
19 22 34
52 61 46
84 19 20
82 76 7
11 35 20
37 36 22
61 11 85
63 70 10
82 65 58
87 53 71
37 40 19
52 53 81
52 55 64
83 87 27
72 15 68
9 89 91
90 60 33
91 53 37
41 74 44
76 40 23
54 27 81
41 40 73
28 55 39
15 47 40
91 67 92
76 38 33
75 75 18
81 56 90
59 10 16
12 80 84
85 9 33
26 79 32
4 49 74
70 77 22
92 80 78
79 92 42
42 51 82
94 42 70
70 36 59
38 92 79
37 52 87
36 28 79
43 63 29
55 88 85
52 53 49
33 10 61
66 44 42
12 7 17
20 62 39
51 54 46
10 50 58
31 56 81
80 82 93
5 87 63
31 29 43
75 14 51
82 4 91
27 3 74
73 96 3
70 66 13
25 89 29
22 41 14
39 72 65
94 80 16
90 32 44
28 19 6
88 24 50
66 26 68
67 13 3
80 43 84
6 40 61
9 40 4
75 36 46
66 69 25
85 13 24
80 69 53
43 51 22
73 88 41
96 5 17
42 19 94
29 69 20
4 79 81
4 54 37
40 29 55
77 10 7
91 67 81
14 58 91
60 12 39
88 41 11
29 29 17
47 66 4
53 41 28
66 59 92
81 40 28
71 69 53
43 81 16
65 23 73
44 79 37
84 79 12
4 1 20
49 88 21
42 51 55
2 5 56
40 29 92
75 68 34
64 35 27
9 71 24
1 36 3
18 55 32
44 95 49
11 68 39
38 86 30
27 56 89
6 94 59
15 53 57
19 17 80
27 79 8
34 83 83
93 8 84
47 3 85
50 78 92
48 10 30
78 16 8
59 69 96
58 92 90
66 61 21
58 27 78
78 66 19
55 16 64
56 79 87
82 74 69
19 71 92
35 80 86
5 17 27
24 64 12
78 5 85
3 19 52
95 84 53
62 53 85
5 74 64
70 92 87
14 73 96
75 6 10
77 60 7
63 47 2
32 27 11
42 92 8
20 23 38
61 37 84
57 57 77
61 19 31
54 21 62
77 9 46
17 45 22
52 82 17
76 72 50
15 30 96
56 9 83
52 7 66
21 35 60
2 53 32
22 19 14
96 21 21
59 24 1
27 77 32
67 62 59
4 19 35
54 67 59
47 51 78
76 28 89
85 15 18
61 74 71
81 60 60
72 74 55
95 83 31
21 18 61
29 52 58
56 2 41
90 35 22
11 55 94
15 11 56
4 65 64
95 95 29
75 54 81
10 30 12
74 78 22
18 45 56
87 94 42
11 68 82
92 45 79
48 84 96
13 37 76
88 69 2
27 8 37
87 10 31
58 22 14
54 68 48
54 78 25
48 7 23
8 17 46
48 45 89
65 94 21
7 54 38
3 56 73
16 21 46
79 87 40
66 84 56
42 35 84
44 71 3
22 30 31
2 80 33
22 34 74
25 63 22
83 47 60
95 54 7
7 64 69
10 8 33
31 19 37
14 78 70
76 56 75
40 18 41
23 15 82
69 13 58
45 76 56
27 72 53
42 86 79
54 31 89
79 8 74
67 4 20
79 45 60
7 41 35
90 15 52
48 29 87
37 4 19
2 19 36
44 71 75
27 6 84
12 35 24
71 35 86
81 94 8
3 42 25
31 18 56
39 25 70
69 2 40
37 16 33
11 31 96
48 93 64
7 51 70
2 91 8
18 10 22
57 6 52
6 1 71
68 46 66
73 10 87
40 65 47
74 56 95
91 54 9
28 58 3
79 88 69
49 15 32
12 92 50
2 46 64
26 17 27
32 7 86
82 25 24
4 75 11
15 17 87
89 18 95
29 90 58
28 43 65
42 68 55
29 11 67
64 90 43
11 6 72
6 13 66
29 89 43
24 73 74
19 21 43
35 48 34
29 47 60
42 39 16
78 29 19
68 36 72
45 48 91
36 3 11
42 16 52
4 67 70
32 79 78
41 10 60
64 35 70
49 38 28
95 71 86
53 4 80
84 89 51
49 40 13
91 60 1
54 71 68
42 10 23
87 9 59
2 44 8
87 2 87
84 29 95
18 16 72
53 40 3
91 49 43
1 93 3
80 13 84
63 5 23
7 58 7
35 84 15
83 45 85
38 32 41
29 75 43
81 41 46
79 72 30
43 18 24
51 70 59
18 7 26
82 86 46
65 24 52
26 51 88
55 75 32
17 7 66
37 19 23
4 25 19
25 49 86
24 76 60
7 1 87
41 21 29
50 40 80
4 91 96
72 36 62
49 40 65
96 30 57
33 66 85
9 45 95
14 83 33
87 71 8
96 9 15
32 23 48
11 34 9
4 94 78
66 94 55
90 65 3
26 91 88
65 75 82
60 29 54
93 18 1
34 40 34
92 57 68
95 80 71
4 27 73
41 3 77
63 87 61
20 28 87
48 51 67
16 93 51
50 26 75
30 22 80
83 40 92
25 28 67
75 41 53
22 52 94
11 38 8
93 74 73
16 66 18
47 96 21
55 64 47
68 92 76
95 25 43
75 70 32
86 75 83
23 64 40
16 63 41
18 55 19
44 46 82
7 86 96
61 79 11
13 38 28
50 50 72
68 77 56
56 24 71
14 55 11
34 76 4
20 84 89
42 80 53
26 13 49
52 76 83
31 23 64
7 46 53
57 93 74
93 58 63
30 58 70
83 35 67
17 24 48
85 58 82
67 3 67
5 67 4
22 39 38
80 23 58
13 54 6
32 48 41
35 53 25
68 89 82
61 2 94
9 58 44
50 36 66
68 20 22
36 7 2
62 81 75
25 91 91
44 71 41
15 86 2
64 79 12
89 96 66
56 76 58
49 20 78
82 31 34
29 24 48
73 81 3
72 63 86
20 34 91
12 29 90
66 31 24
86 82 47
13 30 46
41 57 31
59 71 5
8 4 34
57 38 35
72 13 36
2 5 84
8 85 82
20 66 6
93 30 86
76 50 58
80 41 92
1 23 83
32 66 30
50 73 23
50 36 56
94 12 83
5 20 72
64 66 14
88 30 30
89 30 8
30 34 60
78 87 6
30 43 2
53 4 11
55 44 67
83 16 67
82 33 45
30 15 74
50 58 44
40 13 46
79 32 79
16 53 96
38 48 46
36 38 87
4 31 94
90 83 25
75 30 44
21 84 96
35 7 64
57 86 60
11 14 37
48 77 1
11 25 42
41 75 63
50 76 91
94 25 75
5 89 86
69 88 4
44 43 77
38 30 67
31 60 6
1 18 94
30 37 87
51 67 64
12 46 49
74 17 41
94 57 79
3 83 50
40 6 35
21 49 77
93 3 64
84 4 61
65 74 71
69 70 36
36 27 57
13 4 94
8 8 95
66 28 26
61 81 46
70 19 59
79 11 13
66 67 39
47 17 15
37 69 39
29 15 86
26 89 7
15 39 81
65 88 47
96 6 35
44 96 63
62 75 60
44 72 16
33 89 87
57 82 81
2 64 26
44 75 26
31 29 79
65 40 53
86 46 64
5 48 5
48 86 66
32 43 94
63 59 8
60 38 84
73 47 92
50 53 64
53 13 65
59 67 16
62 25 11
46 24 69
74 36 92
6 50 45
71 96 66
87 40 10
78 47 11
66 67 81
81 58 44
41 52 13
10 54 38
90 67 57
54 49 85
90 31 65
90 89 90
37 47 72
34 22 91
25 12 43
3 53 70
94 67 14
36 70 86
81 89 69
67 36 49
79 55 39
68 4 69
87 39 73
74 12 44
76 89 71
76 24 67
56 57 96
29 16 34
41 69 43
18 86 50
83 53 63
91 30 56
8 92 56
5 83 58
39 74 68
50 95 78
95 87 62
28 75 34
41 8 95
30 89 69
63 14 49
90 11 18
61 87 40
36 83 69
49 44 49
21 82 33
34 88 51
59 96 37
65 90 15
44 46 80
87 63 87
21 2 23
13 23 82
41 77 18
86 1 39
8 66 79
3 57 30
31 79 40
63 51 61
40 40 29
18 54 48
77 94 85
29 11 44
47 83 87
67 71 24
96 8 73
34 60 67
82 68 48
36 73 17
17 65 13
67 16 9
48 62 37
25 92 73
65 21 84
15 35 46
21 63 65
80 85 74
1 84 61
51 21 4
19 5 89
87 78 63
87 44 46
47 86 33
58 8 89
11 78 49
29 95 70
8 70 62
24 22 1
84 6 86
28 12 33
43 40 74
45 29 32
56 38 21
4 55 34
49 71 76
23 49 80
43 84 10
31 22 83
15 75 25
15 14 25
32 35 35
71 67 68
89 71 81
10 77 47
69 35 25
61 16 85
35 29 55
74 66 95
23 61 90
6 4 90
90 77 77
45 7 23
42 76 82
73 24 89
84 11 33
79 67 70
14 96 60
92 63 26
52 26 34
58 94 59
26 13 77
18 82 32
86 70 64
41 20 11
17 52 43
75 70 23
36 37 58
16 33 15
46 74 31
71 37 91
1 90 87
16 69 28
92 89 66
91 28 7
7 84 80
31 31 78
25 69 95
15 62 73
9 30 30
7 64 48
70 39 90
34 77 62
12 31 43
70 44 17
74 44 93
84 14 52
22 26 83
45 54 93
4 64 8
10 74 40
66 37 85
58 1 15
62 57 88
66 77 88
83 39 32
61 43 34
51 23 58
68 29 89
40 22 63
76 56 68
20 63 35
44 66 30
47 38 44
8 57 7
26 77 13
49 69 32
57 95 8
89 16 65
10 77 49
44 21 13
47 3 81
40 61 83
10 78 82
91 30 30
72 69 27
17 70 60
45 6 40
73 70 74
93 49 6
55 32 48
33 80 37
50 60 65
49 22 22
33 22 80
42 64 85
35 69 90
95 36 90
82 95 94
14 41 90
75 68 50
69 82 60
21 54 66
89 91 60
41 56 63
35 64 64
70 68 87
64 28 62
95 92 64
6 69 45
65 16 91
16 2 81
47 75 93
88 29 82
49 95 26
24 35 34
12 26 24
92 13 9
16 21 73
47 95 87
90 14 80
67 50 95
81 8 55
70 64 89
21 5 25
19 21 22
67 44 42
12 96 22
51 50 54
66 22 73
20 9 4
77 33 23
35 34 45
81 65 25
77 24 43
45 64 25
69 71 52
78 49 83
58 8 83
27 30 86
51 63 49
57 20 15
58 47 43
76 14 85
37 19 7
35 55 17
37 34 10
3 27 70
76 33 77
93 92 13
53 77 13
4 78 83
29 57 69
64 18 63
56 64 77
11 59 40
77 67 81
18 19 66
68 37 4
87 64 75
18 78 51
9 53 15
68 51 76
13 50 28
10 86 18
80 86 79
64 53 76
91 51 88
46 15 9
53 6 2
77 84 94
29 96 81
45 87 23
65 46 64
76 15 60
67 56 41
87 55 40
54 53 81
49 75 52
71 50 56
19 85 87
85 43 24
38 48 56
32 18 16
91 27 70
47 92 42
62 74 87
32 65 96
95 32 41
17 31 50
7 36 8
12 4 26
61 15 28
6 72 34
78 59 61
29 62 38
55 5 47
46 30 63
78 8 94
67 47 66
70 48 35
17 73 54
92 27 37
63 5 60
93 64 86
36 87 38
6 37 56
8 94 35
52 40 45
92 93 47
60 64 69
74 23 73
33 30 39
28 49 49
77 70 35
32 10 4
2 54 1
33 60 86
27 70 84
37 15 67
36 40 22
75 15 62
87 1 81
83 35 17
74 58 47
41 49 31
46 20 79
25 15 54
83 38 74
79 42 14
25 67 61
56 62 14
26 16 23
88 60 28
38 52 79
68 12 57
52 5 20
83 76 52
35 7 69
19 35 9
16 73 26
49 50 3
17 15 22
40 79 5
47 63 56
89 10 7
16 55 41
93 59 88
25 95 17
12 21 19
31 33 16
40 91 69
83 56 30
48 96 55
83 34 23
89 56 38
61 20 19
72 73 86
44 48 17
90 95 79
72 92 89
84 59 76
60 5 20
32 36 79
46 47 95
52 24 91
92 24 85
5 15 30
93 39 73
87 91 30
88 10 60
27 35 38
95 7 36
87 19 90
47 47 53
45 41 24
94 87 29
35 53 17
74 6 64
29 69 34
90 43 76
31 35 58
9 55 57
41 62 66
73 51 13
64 96 89
67 70 90
51 11 67
91 90 43
83 59 41
54 74 57
70 73 63
47 88 12
7 6 92
90 94 48
77 27 30
7 43 52
52 4 19
52 19 61
95 66 67
65 79 4
25 57 60
54 87 76
21 84 92
82 33 80
45 64 72
87 49 76
17 17 26
22 2 6
15 59 34
80 66 61
17 58 5
58 71 35
82 95 63
80 61 44
87 27 90
68 25 89
74 67 68
77 40 53
42 9 85
17 54 80
54 61 93
23 2 86
28 5 75
55 20 32
83 29 25
77 27 65
94 13 43
50 37 79
44 25 52
40 32 41
61 66 29
59 83 82
40 3 34
39 24 76
64 17 23
29 57 35
25 6 2
37 33 31
89 49 20
22 21 71
96 2 46
11 32 29
83 12 44
39 12 86
8 19 67
69 68 46
80 36 3
32 67 75
54 47 54
43 72 94
76 38 53
50 91 87
33 6 82
15 13 70
94 77 58
36 83 61
27 56 84
49 74 23
7 42 85
1 82 45
17 44 56
66 76 32
63 3 57
26 40 22
18 65 13
25 4 32
96 24 81
30 5 35
37 9 49
5 41 52
85 78 94
52 9 55
33 5 3
24 94 15
79 80 81
93 37 24
57 11 8
73 36 19
61 65 46
68 48 83
69 27 67
27 68 64
62 74 56
95 32 28
81 31 75
35 9 3
66 95 57
76 95 59
8 45 33
6 3 96
75 6 57
46 14 12
87 30 3
14 79 37
27 64 72
10 14 11
88 48 18
80 96 7
74 85 23
26 92 1
77 56 2
54 38 83
7 3 34
2 47 59
4 61 2
90 19 43
58 27 75
86 84 33
5 38 75
82 52 90
76 76 12
2 84 26
68 9 37
13 54 20
91 59 21
56 16 14
39 64 38
12 64 40
25 10 55
13 90 38
23 55 20
94 44 27
87 16 67
80 28 60
8 33 74
54 24 32
96 52 72
33 37 38
23 6 72
68 47 69
83 60 78
21 15 55
42 14 31
84 94 92
57 28 23
43 72 60
85 42 96
25 40 80
21 59 80
70 65 73
71 12 93
69 42 77
63 12 5
75 21 35
21 25 3
80 46 36
57 83 35
49 42 56
41 8 76
57 80 91
83 13 13
15 2 85
14 57 63
68 29 82
61 2 43
74 50 10
82 69 52
19 55 79
93 11 13
34 34 24
90 53 64
84 74 85
89 86 91
32 15 51
26 66 72
14 58 50
68 61 51
18 5 84
93 14 26
62 81 85
91 50 11
77 62 65
41 30 74
75 66 40
13 62 46
89 44 63
33 14 52
47 61 42
68 50 5
18 40 20
60 2 13
68 35 52
77 51 17
77 43 24
57 53 9
11 17 34
73 4 62
34 34 51
1 11 84
45 67 54
92 90 52
11 66 53
54 5 69
48 30 51
69 19 37
38 19 76
76 66 84
88 10 45
93 16 54
75 96 34
55 4 45
96 93 18
4 75 67
57 42 78
33 65 19
67 77 12
35 17 61
4 16 87
33 90 58
89 30 37
3 43 92
43 13 30
74 83 60
68 69 80
93 61 53
44 71 43
83 69 7
55 24 23
60 61 36
4 32 29
86 14 12
16 86 4
83 52 50
14 89 75
5 27 19
56 5 58
30 80 59
52 3 56
74 47 79
60 46 23
45 72 23
52 40 83
3 44 7
24 90 22
62 25 95
33 33 36
50 67 89
27 63 63
46 31 33
59 84 30
89 86 89
55 68 32
62 13 32
60 32 64
64 93 86
87 21 87
17 84 84
32 49 33
59 56 13
91 1 36
65 54 78
59 5 13
39 52 47
50 90 86
76 29 46
7 26 94
44 73 11
21 67 71
22 66 65
37 31 27
50 22 61
92 96 61
90 83 36
13 43 26
28 32 48
39 21 60
36 80 88
29 83 28
2 66 51
74 44 3
35 90 55
68 78 82
32 23 51
88 78 33
46 10 37
94 22 88
43 57 76
60 46 72
34 75 32
13 25 3
40 63 7
40 42 71
80 41 10
30 29 80
93 26 35
33 44 20
76 74 37
49 11 5
16 71 1
90 39 56
70 73 10
11 87 24
63 43 31
14 28 69
85 32 64
38 40 7
6 71 20
63 20 67
47 64 3
16 23 73
19 88 54
48 51 17
96 33 73
48 77 88
83 94 79
10 11 55
85 2 82
24 46 45
7 89 62
43 13 72
51 21 10
55 35 64
95 9 18
70 7 42
78 62 82
28 5 17
60 63 52
58 10 15
76 38 8
50 12 2
4 37 35
54 7 46
55 83 44
53 50 17
46 49 8
66 48 90
73 1 30
57 42 65
16 75 54
61 76 47
55 47 33
45 10 30
22 12 76
65 21 53
66 27 4
73 38 80
43 90 62
63 20 67
70 41 41
1 5 61
88 29 33
43 15 40
35 70 40
37 57 4
13 24 1
43 18 82
32 87 44
6 35 18
89 10 22
93 4 14
23 6 54
34 73 88
35 77 34
28 8 84
91 54 79
19 37 70
54 31 32
31 64 41
42 89 66
30 60 65
49 12 47
23 56 24
36 75 36
13 20 22
89 75 16
32 21 90
37 52 31
48 72 29
41 57 9
4 22 72
73 35 81
79 24 89
60 55 82
22 2 87
28 75 46
13 36 50
64 58 8
65 25 86
39 15 82
29 65 35
86 45 30
22 26 47
43 23 60
74 48 40
51 14 41
25 6 31
2 14 81
37 94 10
19 74 37
21 84 69
8 24 44
75 25 93
68 81 75
73 19 84
8 2 1
66 22 63
16 73 18
43 73 77
57 25 52
35 14 47
49 34 38
24 37 41
56 50 45
46 41 58
75 8 14
44 7 36
55 89 48
45 14 66
17 83 31
41 80 2
48 22 63
53 39 79
20 31 9
69 9 29
60 60 93
10 73 26
64 92 90
9 87 60
12 87 7
37 91 81
31 69 26
4 82 28
47 50 57
56 52 24
63 39 16
23 82 96
65 95 42
67 13 84
15 68 51
61 6 10
73 3 6
46 70 90
3 17 71
46 18 58
5 3 51
24 81 71
14 69 51
52 47 64
4 74 34
34 78 81
53 69 32
30 2 85
11 4 32
26 76 79
76 26 49
88 43 93
5 26 54
95 56 11
69 69 68
26 16 92
20 64 15
82 91 89
1 84 28
69 69 72
75 64 44
4 41 14
24 24 2
19 58 2
27 61 25
94 30 4
62 44 55
33 67 82
64 51 88
21 89 61
86 49 48
40 1 61
25 43 5
55 15 43
62 69 63
94 54 48
11 2 94
48 45 79
53 45 32
56 91 90
35 81 21
68 54 63
78 57 18
15 92 92
35 30 47
68 23 47
27 23 9
14 58 48
85 78 59
7 73 21
40 18 39
35 92 58
60 69 71
7 83 67
18 14 45
73 27 76
26 49 12
17 18 81
8 54 54
67 91 57
2 59 37
84 5 72
22 65 38
3 18 67
14 71 23
13 23 86
19 83 85
7 94 93
88 51 81
39 48 95
91 3 94
70 2 14
20 32 22
50 1 67
2 40 4
73 53 23
69 47 81
81 96 84
29 65 30
25 32 18
45 91 48
12 42 45
47 73 15
89 68 30
74 57 54
75 66 77
65 68 63
16 57 10
50 8 11
61 95 80
88 56 89
77 81 78
63 68 58
37 69 59
77 33 63
52 3 64
56 23 24
13 70 60
38 15 40
23 28 83
14 27 7
88 26 32
25 66 24
78 53 72
17 71 91
31 52 41
94 88 64
55 23 43
23 31 66
8 66 54
75 94 3
30 34 3
78 72 69
57 18 65
94 79 61
83 55 63
64 4 50
13 68 85
47 96 66
71 13 69
24 56 60
31 22 21
49 42 16
53 84 82
38 38 55
41 13 85
19 18 49
39 32 36
84 5 82
54 93 58
67 39 31
85 59 33
19 57 37
33 88 91
45 67 52
20 74 66
34 63 89
77 41 23
39 58 43
13 4 86
70 77 21
41 33 33
85 29 39
84 24 52
37 30 1
21 37 85
91 1 75
44 2 9
6 4 11
87 68 49
67 40 17
77 46 44
1 93 87
5 37 55
12 71 77
61 63 75
66 42 3
60 69 1
47 38 23
14 58 31
7 28 57
47 4 58
1 64 9
76 63 42
6 18 57
84 80 1
60 70 73
33 50 55
92 18 25
23 57 30
74 88 28
28 30 80
30 36 59
32 30 96
81 74 87
43 61 4
17 28 51
81 8 50
80 42 87
45 70 41
62 35 26
46 68 43
35 52 19
55 63 22
38 76 66
61 39 13
12 50 43
61 79 37
62 91 76
73 64 74
49 84 45
72 83 59
79 28 28
31 31 44
24 90 44
7 92 1
76 18 83
80 88 8
69 38 34
61 49 19
77 79 78
18 61 33
72 93 49
28 59 90
53 70 41
29 84 20
46 28 80
87 44 18
54 80 23
41 11 80
69 40 49
82 14 39
15 3 25
69 23 75
24 65 39
71 18 40
16 54 28
12 30 50
5 39 72
1 65 34
79 75 11
50 37 70
1 3 15
29 23 55
13 92 63
64 43 10
58 8 59
76 3 69
56 9 93
14 8 43
40 15 19
17 85 40
52 2 8
88 73 55
81 96 94
2 43 85
14 46 55
18 50 34
59 81 14
45 83 11
11 74 21
59 30 23
20 81 41
60 14 20
79 30 45
93 35 62
70 60 75
47 46 93
94 89 90
68 12 29
88 74 21
22 78 6
14 23 41
40 66 96
9 13 17
50 96 1
2 93 49
56 18 48
88 14 9
76 6 53
78 38 72
2 15 52
87 11 30
64 70 57
46 59 66
26 29 32
85 22 28
56 93 8
76 84 22
39 48 54
45 45 23
4 81 46
58 64 76
80 87 21
4 10 86
37 83 76
17 7 38
22 56 40
58 10 42
28 40 11
67 85 91
11 35 6
61 55 96
80 20 94
94 63 91
64 42 19
40 36 36
1 93 5
47 7 16
3 18 52
25 33 70
7 53 60
45 75 67
43 73 11
10 49 1
1 66 35
64 85 87
44 95 88
55 28 43
78 35 26
16 68 78
5 71 85
89 23 44
22 77 38
76 51 77
11 63 36
6 6 75
94 76 80
96 50 20
31 18 45
61 11 60
59 37 19
92 25 10
28 91 88
8 21 31
85 75 30
10 89 83
53 25 5
13 93 23
17 48 44
89 55 17
47 70 67
81 86 63
27 64 4
51 79 94
43 4 30
7 91 17
2 27 91
38 55 70
74 77 47
26 47 3
59 55 83
28 37 87
56 4 45
16 20 67
48 54 25
16 67 93
17 12 74
23 4 3
61 14 19
1 96 65
71 81 66
67 61 23
16 55 30
64 60 7
31 80 9
91 12 39
84 1 34
18 76 32
36 31 11
82 55 77
30 7 84
64 90 32
81 75 15
75 37 21
75 94 89
12 15 86
61 35 44
92 45 69
77 78 51
95 78 80
46 34 87
15 8 84
33 81 44
54 61 56
65 73 46
16 23 73
65 17 85
3 96 8
1 59 84
33 21 91
81 37 76
51 49 70
65 33 44
30 77 58
73 14 83
67 83 5
94 78 64
86 1 18
3 44 16
6 63 94
77 88 11
54 54 59
56 65 58
96 9 30
74 88 3
10 45 22
1 21 13
21 10 53
73 82 90
47 84 60
53 64 39
76 53 20
11 90 74
88 74 46
68 78 71
49 22 80
76 64 49
25 88 65
2 86 63
76 69 91
50 17 5
59 52 16
70 13 9
80 26 2
24 91 27
19 71 44
23 66 58
25 19 71
11 25 79
55 1 26
41 66 44
71 60 25
73 61 80
25 51 56
51 50 60
65 8 89
2 13 7
41 59 78
30 48 83
35 59 65
8 31 47
93 87 5
51 68 60
50 51 43
46 38 50
49 81 78
2 5 29
39 47 71
3 25 88
93 59 54
47 48 78
3 49 15
66 39 51
7 11 41
95 33 63
83 65 16
95 90 27
93 5 16
25 32 36
46 72 27
39 73 65
78 54 55
10 41 53
56 57 85
40 33 80
9 24 8
39 24 13
67 25 92
5 39 30
74 95 77
89 10 1
36 13 64
91 74 40
66 28 50
71 83 25
48 75 7
75 36 78
29 12 9
8 10 34
2 17 72
35 80 38
74 5 16
95 39 18
3 67 25
73 64 12
78 24 36
72 42 74
70 7 24
92 10 62
60 90 77
42 20 2
6 17 40
64 72 10
53 42 29
91 36 47
84 50 88
13 31 14
66 33 71
58 31 29
44 52 29
58 43 84
71 41 28
24 22 52
47 63 50
76 89 81
69 89 71
74 68 42
49 78 86
86 81 35
86 89 94
12 47 17
15 83 3
56 90 89
34 85 26
83 43 36
78 94 11
19 40 89
92 34 17
95 91 92
48 18 81
30 92 68
17 26 58
45 12 55
40 31 66
48 29 64
46 93 24
1 53 59
6 9 68
91 49 12
46 4 33
15 8 53
3 13 4
89 17 5
59 52 68
62 7 41
69 16 46
92 55 77
26 32 46
51 2 38
16 50 53
74 28 95
61 25 9
76 25 85
36 65 15
16 24 26
81 18 42
66 70 18
45 55 42
45 50 25
38 56 21
92 25 45
89 16 19
9 96 27
87 14 52
93 77 92
22 12 70
15 37 13
74 23 61
35 48 95
8 51 73
62 47 37
87 13 23
54 57 9
38 52 23
41 69 35
58 59 2
66 60 51
89 84 30
93 69 30
8 47 91
43 47 23
32 42 40
42 29 65
78 80 17
65 96 11
93 51 31
30 29 82
23 11 66
78 66 86
40 26 2
28 89 65
77 39 81
6 47 96
12 27 38
87 9 90
33 4 19
88 93 42
96 44 43
79 42 96
89 78 23
96 40 88
90 51 59
41 10 81
69 55 55
63 30 42
83 16 54
51 74 18
91 64 59
91 78 89
9 47 68
3 4 73
87 92 17
20 31 32
58 40 59
53 85 60
76 70 15
19 50 14
25 63 28
72 88 71
5 49 35
50 70 6
42 67 22
57 29 95
77 23 20
9 87 41
35 27 51
25 14 72
25 49 12
27 65 21
17 37 74
33 14 68
20 9 18
18 88 68
1 44 71
66 16 90
16 21 23
69 22 23
96 28 20
48 33 7
78 81 62
35 79 87
50 54 1
81 4 34
58 57 86
77 36 76
15 95 10
91 83 62
19 21 2
87 94 1
57 48 38
37 31 95
69 1 11
71 46 14
48 92 36
2 79 3
88 1 72
17 35 22
71 34 67
61 4 61
28 27 13
10 1 89
52 88 67
34 56 30
77 75 3
53 24 92
7 1 41
68 83 32
20 53 38
35 96 52
39 17 68
38 52 38
89 5 39
58 95 3
61 41 57
5 66 29
34 79 47
37 94 1
31 66 74
62 10 22
83 8 96
58 63 45
35 81 53
73 7 14
34 22 71
15 53 54
84 44 91
69 8 10
34 9 57
71 94 23
1 13 46
92 95 84
93 75 66
95 77 7
72 81 27
57 44 92
22 90 41
1 3 61
50 34 10
66 93 24
12 77 49
3 49 87
2 13 8
20 46 79
67 45 29
43 60 14
30 9 51
46 75 42
70 88 60
88 34 91
64 72 70
18 79 20
42 3 71
58 54 68
95 72 19
46 34 64
39 94 69
53 3 18
33 55 65
30 22 91
67 34 75
15 14 90
34 75 62
26 39 16
60 84 90
13 68 13
1 49 55
83 32 25
7 39 1
44 68 69
83 95 78
90 44 34
20 33 85
84 49 88
48 3 19
1 13 21
38 48 44
73 62 77
47 79 53
28 96 94
94 2 25
14 13 85
52 77 23
26 65 43
40 80 66
66 85 69
81 34 47
22 15 82
95 73 79
17 90 54
88 8 26
2 53 23
35 42 73
24 57 83
71 81 78
55 42 61
59 26 6
47 36 68
92 29 33
91 70 54
42 91 82
52 16 18
54 60 26
53 6 7
13 63 8
71 94 23
74 32 46
64 90 90
39 78 80
85 83 88
93 50 31
55 89 54
72 16 9
70 19 58
86 9 86
10 10 6
50 88 46
48 10 74
46 49 5
13 57 5
56 10 36
65 10 14
58 87 29
25 45 74
88 11 21
60 65 46
7 91 88
78 39 84
77 69 7
89 64 25
91 85 86
93 17 9
82 83 56
61 20 78
66 52 84
46 48 44
22 42 71
49 41 15
90 74 16
86 18 23
73 48 85
54 28 83
71 62 87
93 42 17
46 13 80
14 34 8
34 14 93
57 55 23
16 19 69
34 8 72
88 15 9
47 55 95
95 42 61
14 37 36
19 30 18
75 32 41
88 81 46
78 44 54
7 93 76
49 14 72
70 50 18
77 23 83
61 61 86
33 25 8
34 4 14
19 47 13
44 86 93
88 59 96
59 50 36
87 35 36
74 91 1
55 42 49
75 28 87
26 62 17
4 77 78
15 66 43
28 56 31
63 75 88
65 41 92
51 30 62
57 76 72
73 39 52
84 24 23
60 7 27
73 57 6
66 22 16
94 24 85
53 19 28
71 38 90
34 75 52
47 48 12
61 40 60
77 20 57
85 48 73
66 50 77
80 82 79
78 21 47
55 56 66
74 12 16
35 2 10
67 58 87
14 42 2
28 78 91
28 43 78
17 9 52
68 63 50
17 89 40
36 47 76
88 53 62
33 75 50
72 86 1
68 18 46
4 33 2
29 10 49
33 5 76
23 54 19
63 35 54
3 80 76
21 43 10
52 72 19
7 31 58
25 30 6
91 26 21
6 70 6
33 61 5
13 78 40
48 53 62
46 35 29
61 39 78
61 52 74
28 11 85
22 41 3
51 1 52
50 96 14
43 15 70
3 45 18
9 49 18
94 9 1
68 17 78
26 85 96
74 89 20
64 39 15
59 9 74
14 84 86
90 12 41
12 68 83
42 59 60
10 62 79
45 61 17
18 90 23
90 1 77
87 46 90
88 48 6
2 46 52
89 76 65
40 24 18
77 87 79
40 96 19
62 49 39
90 72 6
10 49 56
90 83 56
66 31 16
76 30 91
17 17 19
24 34 70
26 39 81
74 84 38
89 63 69
6 52 75
7 43 46
60 67 15
62 49 12
28 82 79
62 23 57
8 36 53
96 19 47
68 71 94
14 2 43
55 67 20
27 51 27
50 44 9
73 85 72
47 89 54
37 73 13
49 40 68
5 15 2
96 82 21
8 31 8
68 42 33
35 59 52
45 43 78
19 6 40
86 22 29
11 89 81
39 74 45
30 9 45
19 10 96
65 95 84
75 46 7
38 31 49
8 57 44
38 95 30
73 83 27
34 41 64
33 26 89
79 9 5
74 43 87
28 2 75
6 12 91
47 1 23
63 75 90
91 44 81
28 20 28
14 79 79
23 13 45
17 74 13
65 50 52
82 37 39
27 21 29
92 63 66
7 2 41
37 84 48
65 19 46
11 74 51
2 11 60
56 16 8
87 55 49
79 35 66
48 8 47
61 49 37
77 90 3
90 91 37
50 92 1
15 87 73
51 59 15
2 1 4
94 63 83
82 27 29
81 76 65
21 14 3
10 66 61
94 23 17
66 3 75
19 68 61
69 96 36
65 17 77
27 47 32
92 80 12
19 96 33
3 31 83
34 20 51
61 32 91
13 68 31
58 75 17
71 31 37
58 47 65
78 26 31
36 67 53
72 11 53
19 61 23
31 39 10
64 61 75
27 6 69
53 33 36
24 19 39
89 14 54
9 95 23
76 82 18
70 19 19
29 72 66
60 42 87
87 25 63
61 22 41
4 66 3
27 5 32
48 28 79
70 45 30
93 74 73
29 14 72
9 35 34
60 84 80
33 94 62
41 79 80
56 11 20
24 62 37
10 4 45
45 41 80
69 62 46
71 52 85
60 22 38
83 65 77
73 78 66
95 92 39
30 84 84
60 88 94
30 92 34
11 39 34
33 18 36
42 27 37
34 56 79
43 56 11
44 70 44
12 40 37
94 89 94
42 65 27
27 74 39
47 64 36
44 7 87
63 47 16
93 36 78
68 26 21
77 59 46
60 18 53
86 90 52
52 11 96
2 75 34
32 27 15
31 15 43
59 91 29
11 12 62
6 2 76
17 35 13
32 90 63
87 13 31
60 68 59
73 75 60
46 91 22
38 8 96
78 70 35
33 6 64
10 9 90
29 62 34
47 58 52
48 7 31
91 27 58
78 59 76
48 70 78
31 80 31
89 80 6
55 22 26
86 88 81
77 22 66
25 96 94
28 76 6
49 9 91
95 69 56
42 55 3
33 48 81
31 93 22
49 25 59
92 63 30
69 39 52
26 41 65
4 37 61
4 53 75
46 10 56
24 67 71
69 91 46
60 80 33
65 13 1
73 79 87
84 16 92
37 16 17
82 11 84
68 79 29
66 41 64
87 55 73
70 67 26
95 4 51
48 54 88
20 32 43
71 58 39
49 57 73
88 86 86
68 64 29
10 60 3
38 2 6
95 52 11
95 5 50
80 43 45
23 57 16
35 54 59
26 18 36
15 54 22
85 12 58
69 79 35
88 32 42
3 2 47
48 9 40
58 60 86
16 66 51
5 75 19
76 76 16
37 20 82
31 79 62
55 79 35
55 34 63
5 11 77
51 70 17
36 4 75
35 13 70
38 66 26
55 14 3
50 35 14
49 48 39
95 39 58
3 64 44
86 63 4
72 83 28
67 36 50
2 33 24
66 74 22
90 27 18
82 71 16
15 85 51
66 63 84
56 21 79
20 24 51
28 81 42
46 19 25
26 66 2
39 18 5
5 15 53
20 85 73
74 2 82
58 21 64
68 37 56
5 20 29
7 37 30
85 39 61
45 14 73
53 48 25
29 74 29
19 16 93
7 74 83
87 80 39
11 24 15
72 66 8
12 5 14
40 69 80
46 4 14
65 24 75
65 53 80
46 15 30
72 4 73
93 22 30
92 68 46
45 43 83
85 75 59
96 76 62
93 40 70
4 2 64
44 37 51
86 58 19
6 20 24
20 92 48
27 32 44
55 44 81
57 26 5
51 37 56
54 58 74
11 38 7
83 12 18
70 44 71
12 61 25
89 17 53
60 69 89
58 88 80
92 75 19
42 66 6
63 21 37
12 30 83
12 20 88
23 68 44
39 13 60
87 92 36
58 51 85
72 61 79
16 63 6
8 75 74
81 35 67
27 86 46
70 75 90
65 19 93
68 48 13
75 38 16
47 27 66
61 2 18
89 43 13
83 49 49
30 55 83
25 31 68
50 70 75
89 83 22
78 77 51
72 38 88
92 87 1
28 13 96
27 34 48
23 27 59
81 94 16
32 27 27
72 66 14
21 42 41
87 90 51
5 28 51
29 44 4
12 61 42
81 90 1
25 57 28
38 53 71
90 15 83
28 74 52
89 66 5
55 94 48
44 13 34
65 24 21
15 59 91
90 50 71
49 17 56
20 80 12
66 79 15
25 53 86
22 17 96
75 43 81
33 51 75
73 40 87
51 75 50
44 41 69
22 69 57
46 46 16
60 36 36
92 68 78
67 58 82
67 18 38
31 74 67
8 20 52
12 25 17
41 94 49
56 69 45
67 38 47
85 58 17
17 71 29
21 8 82
43 76 27
18 18 24
71 43 58
4 69 87
80 46 42
62 53 64
44 70 93
81 75 43
54 53 31
41 6 59
23 49 24
72 34 83
95 9 35
57 7 40
2 55 96
71 31 2
67 17 44
66 50 9
77 48 93
28 62 23
30 79 91
26 43 71
71 57 53
77 43 45
36 26 2
41 59 28
80 53 5
38 10 5
28 77 46
45 94 48
44 42 74
56 12 57
93 11 26
33 18 96
62 11 6
3 9 17
33 21 54
47 95 11
42 19 79
65 75 40
10 21 70
50 62 81
53 93 26
27 14 64
2 33 33
32 83 76
31 20 70
48 26 24
32 26 10
7 67 89
23 73 69
77 64 81
64 96 54
60 71 22
5 63 79
77 54 60
91 93 90
76 91 51
91 14 71
19 68 65
30 2 24
94 61 10
93 45 71
2 47 10
61 56 59
68 42 24
48 24 83
15 45 5
32 39 23
31 75 37
5 93 7
53 49 46
88 88 80
71 62 22
51 5 58
38 44 80
22 84 72
33 7 74
37 76 1
64 3 10
15 65 76
22 83 47
52 6 74
81 94 83
54 38 51
76 79 85
8 9 15
44 92 3
68 27 24
6 81 79
74 79 5
18 66 6
16 68 61
34 80 61
65 2 93
62 28 21
50 3 52
15 90 88
96 42 25
67 64 81
70 66 14
63 94 42
16 71 25
76 54 23
52 80 19
80 74 3
29 93 16
82 64 67
5 7 47
27 37 17
13 18 49
28 3 11
66 22 42
9 14 35
88 42 18
50 89 44
22 1 58
1 82 55
93 45 5
49 92 60
74 71 69
81 10 65
9 74 48
27 12 35
6 72 86
28 95 26
86 4 7
89 32 1
12 92 31
63 67 68
86 51 93
21 57 41
24 78 60
39 75 90
33 42 15
73 13 81
8 57 6
16 51 28
44 3 48
90 24 40
40 38 92
37 68 55
10 96 33
86 42 27
18 13 28
37 24 16
10 67 62
4 38 94
60 44 27
48 79 60
61 6 84
80 36 90
79 77 3
81 85 37
14 32 6
80 34 27
69 91 60
24 3 5
6 80 57
8 69 6
26 8 80
22 9 58
70 43 56
12 82 45
24 36 67
23 59 83
87 34 25
40 12 74
58 65 2
64 16 30
25 92 42
22 75 1
8 88 64
69 86 12
35 67 55
43 10 10
77 83 80
24 92 40
71 49 71
7 40 86
36 27 64
35 73 33
56 87 15
66 13 65
86 95 70
63 7 27
95 83 17
95 59 77
54 72 44
46 82 19
13 62 31
21 35 15
75 10 32
59 22 53
51 35 81
58 37 36
40 87 58
91 32 14
76 37 42
22 1 61
74 35 64
50 54 50
43 55 52
8 12 1
74 35 24
94 78 96
63 1 92
60 54 34
71 18 2
83 26 65
14 2 8
37 74 48
82 21 46
89 68 72
47 83 22
57 43 86
21 2 29
92 73 6
59 52 51
80 7 77
54 22 13
9 55 72
67 44 28
19 69 52
65 20 62
33 10 7
28 78 1
96 53 60
31 18 73
63 20 60
62 45 6
89 74 32
6 83 39
18 63 62
13 61 12
57 29 13
19 54 41
92 5 13
73 13 14
68 86 73
19 37 16
87 92 90
24 82 37
83 60 17
73 70 29
43 19 25
17 57 39
67 38 90
17 53 71
17 87 8
94 56 26
8 92 25
90 48 69
86 39 38
46 66 11
91 24 20
43 88 67
77 16 70
87 50 30
91 93 57
12 2 40
57 22 48
77 18 83
90 91 35
56 75 80
51 69 48
75 42 1
15 73 14
77 54 1
83 49 82
47 93 49
45 31 94
71 39 8
70 31 78
56 80 12
60 7 80
35 20 72
9 71 11
73 41 72
50 89 73
43 18 34
89 24 56
84 82 46
49 72 96
51 53 94
96 34 62
67 64 94
84 54 28
2 88 8
20 73 86
86 42 59
31 64 24
7 55 36
45 21 1
46 63 67
28 94 32
50 86 87
20 31 64
5 86 61
46 33 11
17 20 43
71 60 39
70 57 96
39 67 45
48 88 23
53 86 81
92 18 10
65 95 24
17 6 1
7 45 61
41 93 75
27 26 86
38 29 80
7 38 66
42 93 65
39 53 41
73 41 61
83 11 1
58 93 23
8 58 78
62 42 31
18 58 89
48 67 55
60 8 38
56 86 39
78 94 87
35 29 8
85 86 11
47 42 33
23 31 35
11 15 81
3 89 95
70 66 96
59 83 87
1 26 47
2 48 43
51 91 55
37 1 19
68 62 38
59 46 58
26 81 70
75 72 32
62 63 39
94 57 33
7 21 5
71 30 62
35 78 40
14 9 93
83 64 14
65 3 48
82 3 48
24 95 48
84 43 7
36 83 39
28 84 72
56 63 26
22 67 60
1 27 93
60 77 13
81 29 24
14 3 88
60 48 54
57 53 33
63 1 74
16 68 56
28 48 24
42 21 88
47 9 11
23 10 10
60 81 91
87 25 51
23 31 2
89 96 50
25 12 43
85 56 78
81 95 50
69 67 58
33 45 13
40 15 53
2 90 28
38 3 43
27 83 3
76 10 9
37 67 10
32 57 61
66 2 91
89 22 95
21 67 52
89 45 62
90 67 48
12 71 58
19 64 8
27 60 81
39 51 43
11 76 26
9 89 46
6 40 49
72 70 91
46 25 46
90 13 12
58 6 37
85 66 16
21 52 82
93 77 94
59 69 77
60 1 6
81 88 30
41 22 32
41 63 48
37 21 46
32 11 72
82 61 5
18 89 56
84 46 34
41 6 48
96 13 86
60 15 20
18 12 13
69 60 4
15 52 59
44 25 59
2 10 27
69 50 72
18 35 63
93 70 47
12 68 89
67 89 12
56 61 67
7 23 14
69 2 24
17 25 30
48 39 44
25 31 72
90 81 67
23 2 43
96 72 5
62 4 90
45 77 67
74 57 26
19 60 4
37 5 5
72 86 78
79 74 91
82 5 10
43 47 4
9 35 16
53 22 50
81 57 92
21 82 60
4 49 46
41 88 4
49 26 58
62 60 91
78 88 69
30 60 89
1 1 79
62 91 7
51 41 2
44 66 77
69 91 46
21 82 52
34 85 25
58 33 71
91 24 30
11 30 85
95 59 85
82 76 41
74 70 35
33 18 75
55 49 50
94 95 93
14 72 89
89 7 63
75 25 63
57 78 43
15 48 15
38 63 70
57 90 33
40 1 76
21 61 47
76 8 61
53 46 76
87 34 10
28 43 92
6 56 93
40 79 13
52 85 91
10 23 82
85 65 29
18 17 70
15 76 57
76 41 90
31 54 40
2 71 32
15 26 17
90 33 57
33 5 15
53 68 46
9 86 52
51 59 7
95 28 45
40 55 58
57 73 33
89 9 78
80 22 7
20 45 63
34 77 66
32 59 76
57 15 60
22 43 86
88 13 66
10 62 96
19 64 4
63 31 35
61 92 57
14 30 22
2 77 54
21 53 51
69 86 69
16 48 76
56 17 4
55 5 18
55 6 95
3 53 74
19 51 92
36 12 92
38 94 63
49 41 61
42 35 51
40 79 39
39 25 19
89 76 27
26 49 10
17 48 16
60 18 55
36 52 90
5 16 34
53 36 57
58 11 30
63 41 60
23 16 36
38 57 58
48 81 1
88 72 73
72 3 53
86 74 36
15 84 1
35 35 67
57 76 23
77 35 6
87 9 35
84 28 56
71 43 12
10 38 78
73 71 38
87 38 12
45 8 85
13 56 8
52 49 22
96 15 32
54 93 70
92 47 16
19 62 69
64 29 95
90 68 57
56 6 34
56 37 8
49 69 53
92 90 65
35 69 95
25 4 66
6 31 14
24 22 58
72 64 24
3 34 55
74 88 38
21 10 80
35 59 44
79 7 52
52 52 61
33 60 81
88 43 68
25 91 71
7 17 38
96 7 60
55 35 16
72 49 25
93 20 62
5 72 27
16 94 28
57 73 26
8 65 49
69 11 48
86 90 53
18 66 65
61 44 94
36 4 95
32 91 44
68 18 95
12 14 31
24 67 36
32 14 93
28 90 91
94 6 26
10 37 65
37 44 36
2 7 24
10 80 50
53 25 14
5 76 67
20 28 12
87 7 26
42 58 21
21 69 56
40 75 1
82 96 75
5 54 44
91 80 6
63 78 28
6 9 31
25 34 14
83 93 28
74 47 22
74 16 20
12 62 17
47 1 72
47 85 39
92 95 93
38 89 92
54 80 9
30 89 94
65 6 55
73 88 69
52 74 38
11 8 31
14 91 29
31 1 24
32 33 89
81 88 41
50 47 61
46 84 79
10 75 36
78 55 85
9 77 38
38 84 9
82 84 24
6 59 35
91 55 76
33 59 15
75 19 61
90 7 87
50 30 20
90 92 89
9 77 26
26 15 24
27 56 54
73 54 59
85 95 81
55 46 87
1 46 70
48 31 63
65 50 28
16 66 85
14 37 40
38 83 80
37 50 86
38 96 75
30 45 59
58 10 6
65 53 73
2 61 4
3 74 46
59 83 6
11 69 13
30 65 33
63 8 39
53 65 73
89 53 18
87 51 79
81 79 72
75 55 21
89 46 68
75 53 29
69 65 19
31 31 69
53 15 20
19 28 3
84 41 50
80 23 32
80 72 64
50 31 48
25 40 28
69 9 36
61 22 96
80 88 86
55 36 14
79 72 71
91 58 44
31 39 91
23 73 78
27 81 91
79 72 56
86 49 9
17 49 1
94 55 48
35 27 6
2 19 17
53 24 88
27 92 44
43 16 90
69 12 61
27 50 83
51 15 78
47 37 91
49 61 84
2 43 19
88 37 21
45 60 38
53 92 82
34 61 81
31 93 15
64 64 86
10 15 90
42 32 80
43 6 55
38 72 15
20 86 53
48 50 60
68 90 52
38 10 33
61 23 42
40 86 81
41 94 25
54 51 67
52 88 62
24 91 74
51 90 65
36 18 95
60 35 69
65 17 75
32 71 41
67 96 11
41 2 42
25 41 17
77 80 39
84 67 61
26 60 49
73 21 62
86 33 77
17 58 68
64 53 77
65 90 45
29 76 56
35 25 84
83 57 48
49 24 44
9 4 43
52 65 51
35 63 86
90 85 65
79 47 28
1 87 81
89 83 96
26 83 31
75 36 54
53 45 18
73 62 93
83 82 76
94 14 23
6 54 80
45 23 22
78 9 13
49 78 96
23 95 12
59 88 43
56 14 85
3 94 14
51 54 45
34 10 5
75 9 96
49 95 23
78 72 28
69 59 39
65 17 52
67 88 24
7 50 22
57 94 73
94 40 40
12 1 39
57 83 54
58 84 77
3 1 32
29 89 2
9 12 84
24 33 17
92 24 82
88 88 15
83 49 34
42 87 69
54 14 69
66 75 69
1 43 24
61 14 69
37 41 45
94 88 33
83 15 53
48 81 90
56 74 80
81 87 16
53 85 44
27 27 21
26 77 47
91 68 26
40 8 55
93 42 4
62 58 78
44 37 28
74 8 48
22 80 36
38 59 72
86 9 9
72 17 39
19 72 18
11 94 31
14 47 58
71 81 43
22 20 34
79 21 60
32 71 72
37 79 12
45 33 83
61 87 37
9 57 64
59 19 6
73 30 95
37 61 66
20 85 63
44 76 40
35 36 46
49 78 33
87 38 45
34 25 50
50 11 74
36 2 82
7 51 64
84 84 42
84 21 52
62 39 74
87 53 21
82 23 41
37 57 54
37 75 60
4 60 21
12 2 78
85 72 29
37 3 30
46 34 29
3 29 33
40 15 87
80 59 66
32 86 8
84 87 93
18 41 51
76 91 26
60 65 73
80 83 55
74 72 5
41 91 16
45 32 59
24 70 93
22 25 46
87 27 44
55 90 16
21 50 72
70 8 31
41 52 9
62 61 95
57 65 55
88 16 83
27 18 19
51 9 64
11 46 9
5 62 77
7 7 11
29 21 17
31 59 57
85 32 62
77 40 19
37 80 62
20 59 62
13 41 55
88 76 10
38 60 24
70 69 8
16 25 32
71 2 75
9 71 39
54 43 21
17 48 18
33 52 33
77 76 26
85 61 20
72 79 10
1 39 59
34 20 14
25 85 84
64 22 54
7 92 13
55 23 94
15 55 59
23 17 33
45 33 40
93 71 88
68 51 50
48 7 22
16 77 95
1 54 1
61 31 96
25 85 81
16 46 91
48 95 78
78 56 53
16 91 93
53 79 42
56 82 51
19 83 37
24 49 55
12 34 9
11 39 71
69 84 77
18 2 75
72 8 68
31 78 16
13 17 56
10 25 44
36 51 30
95 34 62
92 1 74
83 8 32
72 33 9
93 58 37
30 83 86
24 73 27
58 64 86
68 59 63
45 86 75
1 52 45
81 77 96
87 37 59
43 76 67
79 42 29
23 76 5
96 36 22
82 55 60
50 7 63
77 49 56
74 3 12
33 42 64
2 30 84
87 41 46
11 44 7
45 8 40
29 51 31
85 77 13
29 89 76
30 47 34
81 28 79
14 75 50
24 84 51
26 32 10
29 92 89
10 58 84
88 70 39
52 10 51
32 44 37
13 16 65
73 96 88
71 34 14
63 6 16
90 47 83
16 8 35
96 62 63
26 84 64
34 41 27
34 95 31
58 16 86
14 77 28
59 38 73
21 53 69
35 50 3
8 7 61
14 50 75
81 70 23
60 74 95
24 34 33
57 82 45
42 73 60
93 86 94
20 87 24
77 46 30
9 16 93
23 57 53
33 16 16
16 3 62
36 27 6
86 46 62
15 74 3
11 22 78
44 53 66
39 52 18
32 6 31
53 73 40
94 35 39
21 6 37
54 80 77
42 96 7
72 2 83
46 12 41
5 64 38
56 76 32
7 55 6
94 30 33
53 11 56
75 86 56
83 9 7
50 13 26
37 33 54
22 19 8
33 24 68
31 87 96
68 46 43
53 37 14
16 61 5
74 44 73
9 23 78
42 64 81
29 20 10
50 84 18
88 38 56
48 1 87
46 58 70
77 10 20
33 69 69
88 15 38
28 15 79
20 57 39
78 88 70
53 29 27
18 37 24
24 60 23
16 87 2
51 67 76
35 94 85
2 78 72
91 93 81
86 3 22
91 5 23
30 13 6
40 35 74
81 91 61
3 11 55
61 18 42
81 80 64
54 67 48
71 43 2
12 30 11
81 90 21
3 34 8
43 81 46
14 3 72
20 94 66
33 89 13
4 58 77
85 34 77
86 46 49
1 65 91
75 95 39
72 46 75
48 43 53
37 79 18
63 93 75
41 4 21
93 68 74
75 18 40
27 76 3
33 76 62
96 93 51
61 8 24
83 30 69
93 37 77
14 19 73
35 92 94
78 56 67
81 5 31
34 48 85
46 33 96
7 12 55
28 73 68
38 34 83
45 62 31
96 2 96
95 49 51
91 92 68
77 44 89
80 66 58
80 3 44
41 32 73
89 57 2
19 16 66
12 28 55
9 49 32
67 10 71
34 73 43
63 31 48
50 92 2
33 11 15
84 68 59
27 44 36
70 64 46
27 27 63
58 10 85
10 52 30
82 14 9
10 16 14
10 11 65
64 76 84
17 76 34
87 40 27
16 26 95
94 74 48
67 70 52
96 19 76
78 21 94
68 81 31
14 94 65
21 79 26
41 74 41
48 82 27
23 59 28
86 1 40
31 32 47
74 15 68
43 25 51
63 29 18
4 62 68
51 72 58
91 22 72
34 88 34
34 52 73
11 4 70
9 69 19
93 11 84
89 57 1
66 35 71
33 18 55
56 64 1
77 23 43
9 70 25
28 21 42
76 8 36
94 1 34
26 43 13
73 54 70
45 51 61
42 51 61
43 23 36
7 11 79
95 42 49
58 36 12
38 89 14
45 67 54
49 47 48
45 53 9
92 19 7
18 71 5
38 70 93
34 14 11
87 44 53
14 75 56
39 16 76
75 83 4
52 14 37
21 54 71
86 30 59
27 59 84
88 78 44
86 86 88
39 41 70
64 67 30
35 57 69
9 36 59
43 89 87
46 43 92
71 53 21
47 9 37
19 43 29
85 54 77
96 87 58
31 59 9
62 12 5
17 11 1
9 96 94
67 60 47
77 34 48
2 31 7
23 26 8
26 95 95
26 53 36
74 53 82
6 32 12
87 11 38
6 4 80
7 53 72
18 88 49
90 48 27
45 30 78
30 65 19
7 64 95
63 38 95
8 48 27
55 74 42
28 33 68
68 94 15
42 18 61
47 12 96
13 47 8
90 1 27
87 59 24
76 53 5
13 7 5
89 11 16
75 81 42
66 81 28
61 76 80
80 47 9
69 59 62
38 33 41
58 17 79
95 48 12
88 60 39
7 9 94
95 19 75
4 33 28
3 85 9
80 13 35
3 37 46
18 52 24
24 65 28
66 4 10
55 85 6
62 7 82
66 51 4
20 49 90
14 29 14
47 20 94
56 44 22
44 78 64
73 42 41
57 15 58
25 10 59
38 62 76
61 20 76
38 42 77
20 33 30
5 37 35
74 36 72
33 88 53
91 78 78
37 48 30
25 96 19
8 92 65
21 75 19
48 48 39
34 46 47
67 63 67
42 54 73
38 31 85
22 40 89
22 75 67
12 32 45
44 57 4
85 54 68
88 64 56
82 8 38
81 21 75
10 27 77
57 92 65
32 49 85
75 81 61
95 51 55
50 64 10
40 25 70
38 6 26
52 18 38
86 15 17
46 7 20
80 28 23
93 72 46
50 62 42
77 51 72
29 85 85
22 17 34
42 87 70
44 83 72
65 75 29
50 4 10
4 60 4
31 78 32
68 21 91
14 39 77
4 67 24
37 65 68
21 72 65
3 49 23
75 86 26
37 80 20
9 76 72
25 16 83
77 90 14
18 67 50
61 74 1
44 9 85
18 23 57
82 19 79
29 69 47
90 89 87
25 22 93
11 40 24
96 43 42
55 47 88
35 76 94
78 36 54
41 21 49
25 23 68
36 59 56
50 69 64
84 72 61
92 9 43
26 28 34
17 41 25
43 22 90
13 18 81
21 1 42
28 1 52
65 31 91
81 19 89
37 74 83
27 83 34
21 66 67
57 58 91
51 77 61
49 46 44
57 58 13
57 41 32
74 20 1
2 19 79
66 19 70
40 82 88
65 87 35
68 92 76
39 45 13
92 75 3
96 50 69
80 31 60
50 85 41
60 58 75
87 86 61
91 65 71
51 36 38
68 41 10
71 33 23
91 71 5
76 85 13
77 89 30
16 63 55
23 68 85
26 89 94
10 25 54
37 68 3
27 95 20
86 61 75
20 2 49
82 39 82
72 90 19
53 43 31
87 49 82
59 7 41
94 73 24
77 92 32
50 92 34
90 3 91
41 36 9
85 11 72
80 2 59
20 58 85
53 36 22
1 4 68
52 62 49
89 31 11
87 17 14
60 8 69
65 40 52
57 94 5
78 15 35
62 49 29
91 48 37
70 91 75
50 8 36
37 87 49
88 62 96
15 18 45
90 3 8
27 70 41
29 14 81
6 82 65
94 18 95
50 10 76
43 65 68
52 56 5
29 8 36
75 56 79
24 41 64
3 60 2
23 23 1
7 89 60
44 6 64
43 28 31
59 59 55
60 58 12
55 60 52
83 8 87
75 77 24
32 37 79
76 61 41
16 91 30
3 7 50
85 51 33
7 2 14
84 57 89
4 11 90
47 14 89
9 61 87
64 35 69
82 6 69
80 4 31
13 75 42
1 28 54
81 70 89
23 54 59
93 50 10
46 56 44
1 33 87
61 19 9
33 56 90
64 64 19
96 6 44
21 71 45
2 91 66
57 38 15
25 56 64
46 83 50
23 78 15
74 24 81
34 2 44
50 5 22
12 87 66
38 86 15
96 48 87
96 84 26
8 41 78
94 58 10
58 77 89
82 48 71
56 56 20
31 31 65
82 6 59
85 79 36
23 55 93
65 16 80
43 16 78
75 8 79
75 74 25
72 36 15
93 67 36
61 28 9
16 96 56
69 89 29
71 21 5
20 7 17
67 65 8
45 35 65
1 82 36
44 72 76
21 78 48
83 86 69
87 45 82
76 59 93
9 96 39
34 36 45
61 14 44
2 28 33
11 11 55
93 85 35
45 46 49
84 59 37
93 61 39
39 25 57
83 60 56
44 30 88
35 28 28
31 62 49
91 12 66
51 5 50
23 85 5
46 54 89
95 73 28
56 47 96
27 14 49
42 63 24
65 72 1
23 1 38
7 77 86
68 37 94
35 79 89
74 55 58
10 95 49
40 90 60
93 59 40
30 25 47
74 67 86
43 92 61
18 49 26
63 6 9
71 53 82
18 89 78
78 3 39
70 41 79
21 23 92
2 49 90
65 77 96
96 75 33
46 52 49
31 12 94
52 20 82
82 60 96
55 77 6
37 61 67
36 36 3
36 90 4
74 39 25
9 73 71
33 76 91
44 25 27
76 13 78
25 12 14
47 22 37
13 28 43
72 42 16
62 94 72
92 86 32
62 28 11
87 30 36
48 34 90
29 67 37
48 69 42
62 39 68
41 70 7
52 71 56
2 11 68
30 81 67
78 81 36
35 77 37
51 28 61
69 12 90
29 82 67
25 25 88
61 50 79
25 34 3
71 74 94
61 94 12
1 35 40
26 85 50
11 87 81
20 53 31
64 39 41
89 21 9
12 8 23
58 32 73
68 24 20
23 96 84
35 59 40
19 26 59
9 92 41
74 49 88
13 16 4
23 52 57
60 41 55
88 90 27
67 72 39
84 92 46
50 52 73
59 86 23
14 89 40
55 47 16
69 16 77
21 92 53
96 14 9
53 30 64
31 91 61
59 5 34
11 55 32
26 17 90
24 33 14
63 37 6
62 68 60
65 86 31
18 79 43
85 73 56
69 1 68
84 13 65
20 52 92
1 63 32
90 4 83
4 79 74
81 75 37
7 9 31
29 22 4
81 71 18
81 52 80
84 85 55
68 75 2
43 4 7
12 33 2
35 93 3
60 34 64
41 60 46
90 44 56
47 62 8
37 11 2
5 10 28
78 7 1
48 52 82
56 24 13
9 43 57
37 28 16
88 28 31
32 51 58
84 1 92
6 83 72
73 72 1
55 59 50
1 76 41
26 14 85
57 94 32
80 77 75
6 62 35
34 75 84
41 46 47
46 63 58
93 80 75
27 80 55
9 66 4
89 50 83
81 28 40
78 9 61
79 45 21
36 26 69
83 48 19
59 5 5
40 84 48
44 28 86
23 12 81
55 88 41
90 22 68
20 16 7
72 48 69
49 47 49
40 74 36
77 43 47
11 54 6
84 63 85
92 44 28
38 41 44
90 58 42
54 38 72
21 14 82
45 70 16
31 37 33
16 65 58
35 81 72
58 69 3
81 19 68
88 19 81
14 66 81
43 54 51
53 15 41
92 69 19
78 9 12
36 87 5
20 18 10
45 71 77
84 1 34
34 58 11
8 26 11
52 20 16
52 46 5
62 11 10
40 45 13
88 96 35
58 83 23
60 80 70
57 93 44
43 59 47
88 27 71
33 63 86
49 66 71
60 73 12
79 47 10
55 45 80
46 73 96
59 96 91
71 10 12
59 64 51
54 20 35
40 48 38
33 38 84
93 54 86
85 36 33
45 12 79
75 45 70
1 25 1
60 69 20
61 49 25
76 10 38
41 90 82
7 20 81
41 20 94
19 42 41
45 86 93
91 66 7
6 7 14
49 19 15
1 64 50
90 26 10
36 70 21
71 71 34
74 20 5
8 53 7
49 52 8
88 53 68
63 16 27
9 7 72
55 56 54
31 3 29
30 61 22
51 76 71
66 35 6
52 37 17
1 10 70
60 78 59
78 79 24
6 84 42
18 22 57
8 68 74
76 14 37
60 49 18
30 39 50
53 1 34
20 72 60
43 16 11
80 37 27
10 28 94
37 79 22
5 23 72
27 48 45
43 14 56
59 65 21
54 21 52
96 4 79
87 5 91
34 79 4
89 53 42
44 47 43
49 35 60
42 66 1
39 91 17
93 49 29
49 69 17
15 28 22
43 91 27
3 26 46
90 15 55
70 25 2
52 54 47
56 92 77
10 39 71
62 23 13
86 68 1
69 31 57
14 5 56
71 11 72
60 50 14
63 35 38
26 79 40
29 96 1
82 7 19
93 94 65
7 61 89
57 19 47
63 12 53
89 58 49
14 43 59
82 46 33
27 30 43
12 8 58
59 73 28
60 30 52
22 88 94
5 6 62
91 1 63
2 81 57
22 55 34
9 58 72
15 20 44
78 69 41
5 33 96
65 26 37
63 49 70
59 40 52
46 78 89
65 47 79
50 3 92
40 91 67
68 83 54
82 57 41
30 46 84
30 67 16
2 88 3
74 72 75
54 48 96
7 2 57
60 27 27
21 47 19
60 24 43
45 11 50
45 43 22
73 81 82
29 45 61
26 77 96
60 38 71
7 57 67
16 21 80
69 49 64
49 90 26
51 18 58
65 88 25
64 11 7
64 15 91
90 30 51
18 79 5
38 21 53
49 36 58
25 14 25
60 89 68
72 30 61
72 50 68
18 26 71
74 8 30
15 64 16
7 18 68
94 20 88
53 8 29
75 30 14
73 16 25
94 49 77
21 86 24
12 23 59
9 47 18
7 67 89
86 81 55
54 23 88
81 27 82
71 20 13
45 11 49
37 25 91
59 28 58
21 29 74
22 81 96
12 69 60
96 21 59
29 52 55
5 57 87
79 43 47
37 42 65
72 79 61
46 11 36
59 70 76
86 24 54
29 35 70
28 1 83
35 27 62
48 85 80
96 83 56
7 94 62
74 65 74
42 72 19
31 32 14
11 10 74
20 34 94
47 17 27
81 19 85
20 4 52
35 28 43
21 3 94
60 9 16
17 86 72
2 92 66
47 30 80
89 89 57
96 67 26
55 51 68
2 26 87
33 63 86
44 36 23
31 8 26
30 85 3
19 48 37
83 77 12
57 34 37
80 6 82
14 34 61
44 5 20
38 29 14
93 50 18
76 77 68
80 64 18
6 23 42
60 71 1
62 28 29
51 68 31
30 28 32
89 20 54
55 68 27
38 1 27
42 67 56
77 50 10
33 62 43
11 22 64
13 26 59
93 43 65
23 11 72
53 59 83
42 43 64
49 13 8
45 57 60
33 47 65
28 59 2
46 34 91
52 17 12
41 40 21
57 22 62
60 64 27
30 86 57
26 49 67
30 3 40
38 91 41
53 17 88
32 4 4
31 74 60
39 56 42
51 39 46
72 1 53
95 84 92
78 50 94
67 39 20
75 40 32
66 81 66
21 32 91
67 10 38
53 15 7
44 61 12
79 60 55
70 70 18
32 78 88
23 31 47
90 68 38
94 70 78
1 9 9
24 96 9
39 78 71
46 64 39
70 58 90
70 68 20
83 80 59
30 50 8
87 87 93
82 8 62
46 56 8
47 84 47
28 53 83
9 19 86
9 46 8
20 88 31
61 46 9
64 60 74
61 82 73
1 66 13
43 1 22
4 22 47
54 80 86
31 86 87
36 67 20
37 64 81
44 22 35
88 6 84
17 23 8
85 70 63
7 46 59
75 31 78
40 5 13
41 95 47
47 6 9
51 29 78
41 86 41
8 69 92
78 86 17
61 31 91
74 85 91
39 24 21
34 76 62
42 37 41
85 55 6
16 14 84
17 96 80
17 85 69
49 2 31
7 45 60
62 24 12
58 30 76
77 4 41
64 62 75
29 6 93
61 74 25
52 64 13
25 40 5
62 62 78
2 85 11
52 75 72
67 22 23
14 25 78
93 78 9
71 23 42
92 86 10
59 3 32
31 15 18
87 91 56
37 17 74
79 26 2
89 17 94
51 48 94
1 81 37
64 70 66
29 61 77
69 13 67
53 30 40
42 76 71
8 79 69
67 24 63
11 9 40
53 3 22
48 91 55
12 60 64
81 57 20
11 4 45
50 93 32
33 91 42
17 43 59
21 4 2
73 60 81
32 18 43
85 81 52
38 79 69
21 7 26
68 83 63
36 43 77
96 38 86
73 82 67
32 92 32
73 1 87
7 15 57
5 2 59
85 18 29
51 13 78
75 25 24
15 30 56
42 5 70
88 41 31
96 41 84
29 74 71
85 6 81
24 39 46
6 66 90
22 65 85
4 7 65
79 81 15
65 60 70
9 44 71
84 27 37
57 85 64
7 53 70
52 15 16
72 14 61
47 1 34
8 72 4
33 66 33
78 5 86
17 55 70
56 3 49
25 93 64
6 12 31
95 81 34
36 80 80
89 63 46
3 54 1
3 20 72
35 85 87
87 40 55
76 34 28
96 1 12
5 74 21
72 5 31
33 52 50
38 15 64
50 38 2
67 76 32
33 45 86
31 47 82
59 41 64
68 50 32
23 32 36
82 54 57
36 38 1
46 82 14
43 71 71
90 22 44
85 83 67
67 84 61
6 37 82
81 76 77
47 22 49
6 34 4
67 69 54
46 3 76
13 10 91
16 15 52
32 65 64
36 58 38
33 44 12
17 35 25
30 85 82
37 86 28
71 22 95
62 66 73
15 12 41
84 26 9
91 10 93
88 65 12
47 68 84
15 23 61
59 23 87
6 87 50
48 4 5
1 67 39
13 42 41
21 14 59
5 95 92
60 7 6
75 77 37
58 75 24
78 91 75
36 46 11
11 82 90
36 3 94
29 76 95
3 12 53
49 15 64
30 42 92
13 10 47
11 94 37
89 32 82
3 80 7
48 22 63
74 65 23
85 35 28
34 92 66
3 54 81
13 64 96
28 41 36
81 49 67
67 63 7
13 41 55
72 41 48
23 32 74
39 10 47
44 63 84
36 4 17
29 11 74
55 16 47
60 78 19
11 35 28
48 82 5
1 17 38
57 62 37
23 62 61
66 94 56
94 58 29
31 25 11
15 37 45
77 21 63
14 77 76
90 54 69
40 11 73
25 84 48
29 80 73
56 85 92
34 94 64
95 14 1
35 26 34
61 84 41
8 65 40
18 51 51
50 51 41
58 89 32
7 46 74
8 52 89
61 48 1
28 73 11
19 91 85
68 27 46
73 63 28
61 27 27
40 90 23
87 15 75
38 88 76
47 7 50
58 51 90
13 81 14
75 23 59
24 83 13
93 33 76
10 61 82
50 14 81
58 40 52
39 87 43
22 37 44
43 9 67
43 25 8
7 33 61
31 18 35
33 78 47
18 33 56
47 84 68
30 16 82
33 62 47
47 1 56
7 36 90
14 36 29
15 55 2
95 21 47
24 3 60
73 17 67
86 69 28
29 55 83
17 84 87
37 22 19
29 63 33
9 78 71
37 80 83
60 30 2
32 86 47
92 59 89
43 13 82
3 23 25
64 27 83
62 91 82
54 76 67
70 7 64
49 70 2
80 67 27
6 36 28
89 49 52
32 24 46
94 88 33
76 15 14
18 42 53
39 89 30
64 3 32
24 63 5
93 38 66
22 14 6
86 22 70
14 42 21
91 14 16
45 43 91
81 53 19
67 76 49
5 54 10
37 94 74
45 3 48
6 6 91
26 89 88
8 45 62
65 71 66
86 30 71
58 5 31
79 81 46
46 25 8
91 36 45
1 3 44
27 33 17
46 44 17
28 30 63
81 95 67
16 85 33
27 62 10
58 31 72
5 32 50
83 37 77
37 73 10
94 65 44
6 16 38
54 80 23
20 93 91
2 49 64
54 38 64
1 71 18
95 93 48
33 84 72
7 70 40
93 84 84
88 79 54
93 75 17
37 81 74
16 61 54
51 69 32
79 9 92
36 66 27
66 66 75
31 41 62
63 43 60
6 84 81
23 77 28
94 33 2
38 75 78
55 70 23
69 67 9
77 10 53
21 2 92
76 51 6
29 19 17
68 57 73
76 52 90
68 64 75
43 54 46
65 64 3
1 12 81
4 28 33
80 76 63
94 15 56
89 64 9
69 59 62
83 2 68
54 93 18
18 74 14
30 43 95
11 80 84
21 8 2
96 78 81
19 3 89
15 24 84
62 71 86
85 66 65
46 60 54
87 51 88
76 67 48
20 37 81
46 66 35
27 13 5
82 9 37
26 8 73
23 17 71
19 35 95
16 23 48
77 37 28
77 71 82
5 66 74
17 65 52
13 33 77
45 32 19
19 56 33
21 53 91
78 58 13
83 93 54
68 84 83
84 45 19
12 13 68
20 62 85
68 13 18
4 34 67
33 92 61
84 30 87
92 17 52
95 10 37
3 20 79
1 8 44
3 10 1
23 54 74
70 87 59
2 30 40
51 6 2
80 3 87
26 39 65
44 14 51
36 17 22
45 26 53
9 36 38
72 74 69
63 2 61
60 13 90
78 81 94
16 63 26
11 11 25
8 86 41
74 27 60
79 96 23
30 12 27
21 20 96
5 84 12
24 27 55
31 52 40
45 46 13
66 86 24
18 35 90
5 95 1
67 58 57
95 75 52
50 37 42
30 83 25
53 55 40
10 25 8
40 79 21
72 3 72
62 25 59
46 41 81
20 14 93
4 70 33
21 46 24
18 90 25
86 27 48
49 56 63
22 72 47
11 79 46
54 36 69
33 69 4
86 68 58
33 10 96
77 35 85
69 2 58
4 25 49
25 39 6
17 7 91
65 25 78
37 43 40
1 55 5
49 72 6
91 85 34
49 57 71
1 88 56
95 55 89
36 63 52
8 72 83
44 90 60
45 16 64
5 17 52
46 72 33
96 28 81
90 74 32
52 60 47
76 13 69
92 19 4
78 12 7
11 9 12
83 95 42
77 56 92
15 73 62
63 11 65
91 51 96
33 9 24
87 35 55
74 58 36
56 82 48
33 28 6
90 24 69
93 2 26
5 5 80
90 37 59
71 37 17
63 10 76
92 17 72
33 17 3
49 18 58
85 47 13
20 48 11
60 47 93
21 14 90
51 46 18
71 62 56
42 3 15
80 39 43
1 80 46
10 67 92
96 3 96
70 87 63
23 42 21
29 19 86
16 89 60
11 3 31
6 19 20
91 75 22
46 49 89
90 62 69
1 5 25
71 51 40
78 52 73
68 12 57
72 6 22
94 6 9
87 41 65
40 39 66
56 63 83
22 83 46
2 17 19
68 16 9
20 29 69
89 95 52
72 6 87
35 82 43
19 81 88
34 96 8
35 41 72
22 29 21
26 94 94
9 82 81
32 75 10
96 88 1
56 66 12
9 17 91
93 46 73
83 7 43
53 19 62
88 85 8
4 28 78
44 48 72
12 52 74
52 60 48
60 29 89
75 59 96
51 61 54
3 41 65
1 67 88
45 27 80
40 79 7
15 37 61
27 8 93
35 17 63
1 63 22
20 55 30
84 26 33
84 59 18
31 65 46
88 31 57
33 63 72
14 35 31
27 88 59
39 88 9
1 33 57
3 71 47
55 58 37
64 85 83
21 34 19
70 62 14
30 88 81
8 26 84
88 81 66
92 40 60
53 9 14
69 38 35
29 42 78
16 91 85
43 64 61
28 6 46
73 85 54
57 56 68
55 37 70
9 3 65
23 35 71
22 51 72
67 37 22
72 71 12
15 83 75
87 7 59
5 11 61
79 6 70
45 81 91
17 50 96
35 45 21
64 50 79
35 63 63
93 11 58
1 52 54
80 36 90
70 48 30
72 77 58
84 86 93
5 55 5
42 29 12
36 2 7
11 3 48
2 56 85
70 50 53
79 65 50
75 66 48
96 17 19
79 64 82
31 56 42
6 2 96
93 14 11
77 63 56
94 49 70
78 39 33
29 54 92
93 77 19
7 77 73
47 80 27
94 40 31
34 90 63
47 75 20
31 86 9
54 74 45
1 80 50
9 90 78
7 10 84
40 60 51
7 64 62
81 25 13
91 13 27
46 31 74
8 49 25
68 39 47
80 48 3
31 29 17
34 87 24
18 68 21
73 94 51
74 71 70
35 31 80
67 2 37
41 91 93
94 77 45
27 21 42
82 4 20
50 67 4
79 72 67
37 46 29
61 90 93
61 37 27
48 45 94
14 76 14
53 70 24
28 5 52
67 77 25
5 23 24
83 89 38
22 10 51
49 78 29
32 25 60
53 64 5
65 56 37
32 80 4
86 51 83
51 29 29
21 25 24
18 29 89
94 21 74
68 39 55
54 28 14
12 52 95
41 91 19
71 45 6
37 88 87
46 82 78
9 45 21
49 3 26
58 30 24
65 46 72
77 72 54
45 90 95
29 76 53
70 3 20
2 96 14
79 81 78
6 4 50
66 78 57
3 31 55
46 92 8
72 91 9
48 74 60
79 10 42
89 28 39
41 83 22
59 9 77
70 95 71
73 12 80
13 7 90
52 2 11
52 4 66
46 30 25
80 77 34
91 41 45
74 67 72
81 82 11
13 21 17
46 65 17
30 22 7
31 31 93
32 66 17
25 34 43
62 66 18
36 57 88
91 41 40
16 75 9
33 84 86
15 41 69
19 3 81
57 5 51
55 55 54
80 29 4
43 5 71
83 42 6
42 41 10
2 23 32
68 78 50
75 81 5
64 56 37
68 76 7
6 39 68
70 37 35
50 41 46
42 60 3
31 22 14
22 10 37
59 46 16
61 32 48
11 29 28
91 51 42
14 10 94
52 16 35
7 53 7
16 95 46
5 22 29
28 38 93
34 24 61
26 7 2
90 24 24
33 1 94
70 81 59
82 36 73
91 63 33
25 12 2
55 52 59
53 27 91
81 56 60
48 68 65
25 70 12
53 16 75
55 60 96
24 69 31
35 71 31
53 23 74
1 86 94
37 88 12
30 10 74
70 31 71
51 78 15
70 41 34
4 37 18
80 36 90
10 73 95
85 86 20
52 20 45
44 79 17
77 74 24
24 75 74
19 82 87
54 57 87
45 12 77
61 56 81
71 27 20
53 61 20
88 31 47
84 59 91
46 23 67
73 63 43
68 58 28
94 62 1
17 39 79
26 84 62
27 41 15
70 60 22
30 25 21
76 27 54
19 5 48
42 75 2
82 40 55
6 84 42
56 52 7
88 1 49
70 70 19
81 65 30
64 9 31
81 54 77
45 32 26
31 95 56
95 17 72
51 63 57
47 96 60
41 9 87
51 20 62
93 38 60
84 18 49
6 73 96
60 54 92
10 57 27
79 37 26
14 73 14
47 65 36
50 85 48
65 53 26
64 23 22
75 69 26
26 44 84
83 16 19
86 61 54
5 32 54
26 83 3
6 4 46
35 89 90
26 83 8
6 59 36
27 64 95
59 16 74
16 35 15
26 9 94
93 70 42
8 4 78
61 52 44
77 33 88
37 45 24
18 53 81
24 18 59
8 27 68
38 29 6
86 73 55
93 16 8
39 2 9
25 76 13
90 65 12
64 53 28
87 4 40
60 95 27
37 34 68
96 82 1
94 34 62
78 5 12
54 53 84
30 30 19
42 38 51
93 18 38
62 5 74
10 68 31
38 41 67
32 88 2
73 92 76
61 2 66
34 84 4
83 13 90
25 30 33
5 6 22
12 58 17
14 17 92
74 71 62
91 25 46
84 7 51
7 21 47
21 54 3
92 62 94
48 40 74
40 10 8
65 9 94
18 7 51
57 24 5
66 58 60
63 86 53
14 14 13
73 91 90
78 58 65
56 6 71
65 21 6
92 21 16
53 4 18
40 63 91
68 14 84
71 56 66
88 90 10
11 6 42
28 38 15
86 60 24
69 95 58
16 26 24
86 72 64
79 19 34
3 4 14
7 78 88
1 53 13
61 10 13
86 33 10
6 81 58
21 25 8
67 92 3
54 49 57
74 52 95
94 17 94
6 41 3
71 96 89
54 38 67
72 85 62
83 5 25
79 93 23
25 23 21
32 20 3
45 63 36
19 39 6
83 82 93
4 13 43
73 87 77
19 24 44
17 81 46
58 38 62
34 57 64
27 69 71
6 34 75
80 9 30
45 35 45
81 94 49
19 92 51
15 66 52
27 27 57
57 83 19
20 96 48
44 26 21
26 6 43
58 1 3
50 53 26
71 59 74
75 56 64
75 22 81
94 63 26
23 45 82
56 56 91
42 92 47
19 64 40
89 14 49
92 23 22
69 45 61
22 85 86
20 59 34
88 25 51
79 73 29
58 10 80
6 24 49
24 43 59
8 35 47
33 53 67
77 25 95
32 36 49
33 33 16
79 88 54
96 27 36
4 2 39
55 21 58
16 44 41
35 25 72
74 47 61
37 59 12
4 96 70
44 26 87
60 92 47
37 19 94
14 19 24
55 20 94
34 29 36
88 79 72
44 29 33
30 10 73
56 14 9
94 76 29
61 91 29
12 21 13
72 3 90
22 16 61
33 28 51
69 83 7
16 60 36
64 20 91
82 69 55
75 12 86
1 16 30
68 5 48
58 29 55
94 7 37
20 16 43
39 59 73
68 59 28
8 10 66
76 21 61
6 8 63
1 25 44
47 71 68
78 47 1
73 11 7
4 79 45
35 72 12
25 44 42
27 59 33
34 38 53
73 34 1
88 19 76
27 24 46
18 74 91
63 22 36
96 22 29
58 50 50
19 81 48
10 36 37
58 14 33
82 61 48
66 11 9
94 35 90
54 50 7
34 28 62
2 70 76
88 79 4
39 88 87
35 42 36
35 2 19
54 42 73
14 94 82
87 95 5
90 39 4
42 2 95
40 56 86
83 87 29
2 76 90
74 32 77
96 19 3
23 51 2
86 53 57
24 66 55
15 16 52
45 19 69
78 28 45
82 61 71
58 45 94
38 8 48
4 22 33
34 14 81
45 33 94
64 4 45
69 69 51
45 79 58
60 18 34
91 40 78
33 16 22
50 23 12
70 55 19
50 60 50
27 5 22
58 81 58
14 20 70
16 77 90
61 59 46
4 73 53
15 88 43
62 64 18
17 18 93
37 60 80
66 45 36
2 54 89
5 93 83
29 13 43
12 11 65
70 48 13
72 61 67
58 23 59
67 2 48
78 72 30
60 17 33
23 92 88
26 30 4
87 35 89
51 13 78
82 73 34
52 82 21
65 28 87
85 33 3
62 92 30
96 90 83
92 19 56
70 81 85
46 27 12
86 82 51
32 75 28
9 71 63
91 90 91
72 89 68
93 45 12
8 64 2
5 37 30
73 69 88
61 65 18
49 13 60
58 78 58
1 76 17
25 94 41
82 72 27
41 54 88
93 16 22
58 55 4
15 13 78
13 11 13
8 87 72
18 96 6
79 47 48
4 70 85
32 66 12
82 73 22
43 72 31
71 74 80
27 85 12
58 84 28
84 63 92
47 15 53
80 12 30
24 89 85
57 30 38
80 72 47
80 73 25
21 89 49
27 70 20
35 50 36
64 13 50
66 48 83
24 89 79
72 26 22
70 16 85
86 67 28
76 37 15
17 8 24
26 29 7
7 28 79
24 59 6
75 85 8
90 9 84
5 88 67
13 92 59
80 31 32
1 26 90
59 22 30
30 46 19
74 4 57
95 45 32
90 73 16
3 56 92
48 16 29
42 52 92
80 62 90
69 39 26
91 9 25
87 41 56
66 80 41
14 7 80
25 25 15
86 96 30
50 61 28
3 56 17
59 7 17
69 70 79
28 90 75
27 32 45
54 37 7
77 88 35
21 86 8
43 71 26
24 72 16
37 13 56
94 72 33
31 49 57
69 91 42
19 82 12
92 47 11
24 65 78
95 92 5
19 88 62
54 95 8
47 32 12
30 30 84
79 73 88
96 5 67
27 39 95
94 8 50
73 24 68
29 20 49
43 55 19
93 60 96
59 14 7
96 77 81
5 61 84
32 94 4
76 13 43
44 88 8
41 50 53
26 14 91
40 85 45
80 22 87
91 37 56
5 26 83
34 17 9
66 34 84
48 90 82
4 46 5
44 61 14
86 82 79
55 70 42
84 93 81
8 67 55
88 61 89
65 64 47
84 37 63
7 27 67
22 17 36
6 58 80
50 36 57
58 45 58
71 42 2
75 93 4
91 19 34
37 8 73
46 50 22
71 80 95
31 16 61
14 65 72
32 55 30
22 25 67
63 62 36
69 8 88
75 70 13
90 91 95
48 93 41
33 70 82
91 24 21
80 31 40
38 50 59
47 21 41
5 26 9
62 21 19
1 67 18
52 42 30
9 92 8
46 35 47
69 42 16
81 41 92
66 60 88
83 49 61
46 16 82
95 34 19
53 32 54
62 85 68
64 12 65
69 80 81
64 39 56
52 42 2
5 55 87
41 49 18
68 38 57
5 87 6
11 53 43
12 16 71
69 42 41
73 28 59
76 82 46
89 74 37
12 16 40
79 38 92
59 43 37
87 37 40
81 29 27
76 7 32
52 40 83
56 13 42
43 38 42
85 60 78
34 85 10
82 41 75
1 48 84
52 1 27
27 55 9
71 84 61
64 22 34
30 93 51
22 95 51
14 95 45
42 86 50
31 35 61
41 28 24
58 39 44
27 24 70
30 63 87
53 50 10
6 93 19
85 69 64
6 80 69
89 29 22
93 70 57
88 90 45
70 40 83
11 61 63
85 70 52
58 43 71
83 85 74
64 53 21
94 52 1
89 77 79
83 16 17
69 55 67
73 77 85
40 91 12
59 17 46
6 3 67
37 48 58
43 13 1
80 3 11
22 46 72
36 10 53
46 92 54
54 14 78
15 90 91
35 69 65
56 81 91
15 50 40
88 53 53
68 65 50
35 69 32
91 54 60
51 89 75
83 2 62
69 16 25
80 96 90
71 87 25
87 4 81
69 88 1
11 87 27
40 3 14
72 31 17
88 88 88
77 31 20
26 77 33
67 94 7
83 65 51
7 72 51
54 79 57
84 2 70
56 48 89
82 12 86
42 32 90
61 38 48
36 29 26
48 26 68
2 40 51
76 93 51
37 27 66
95 23 3
20 39 20
11 33 49
57 19 4
55 32 86
52 4 31
89 72 20
91 85 23
38 33 76
37 23 69
56 46 3
40 54 18
9 2 38
87 77 37
3 61 11
36 79 55
82 48 4
7 72 35
27 4 11
12 34 43
9 81 17
25 24 2
15 79 65
91 82 86
10 68 30
41 95 37
43 6 47
55 63 46
67 51 51
96 75 78
70 76 94
96 22 43
11 21 35
79 28 62
78 83 26
42 63 24
34 30 83
73 2 32
22 24 15
42 38 94
89 95 91
54 82 88
1 60 32
79 32 56
95 11 22
60 87 92
41 52 72
31 87 53
6 53 38
38 48 85
71 60 64
19 45 58
35 76 45
76 67 38
67 61 81
84 29 52
11 49 71
42 54 37
81 41 50
49 26 91
37 54 9
75 44 71
25 23 18
16 21 28
86 1 94
76 70 90
82 91 3
26 36 93
15 32 93
70 58 53
60 30 52
19 24 26
63 86 95
70 40 19
26 28 62
81 5 81
20 83 53
30 4 47
77 3 69
23 86 44
51 35 67
89 28 33
72 53 33
82 41 21
83 22 14
69 23 81
59 54 5
72 59 89
59 30 42
23 3 55
14 12 51
57 92 67
11 6 36
33 53 69
37 49 40
8 28 4
70 64 56
89 47 69
80 27 65
50 59 75
32 29 12
25 7 57
94 70 12
76 96 62
2 41 9
5 6 37
70 87 42
64 68 93
46 30 21
78 74 73
87 11 82
39 10 31
68 51 4
38 54 16
15 6 86
81 66 39
11 15 83
10 22 79
48 81 79
65 56 41
56 51 36
23 13 27
41 52 54
71 24 83
93 7 61
34 78 58
55 61 27
96 67 63
49 93 85
19 89 45
39 86 29
86 92 84
2 73 47
1 58 69
67 50 10
15 55 65
71 43 27
40 78 50
70 54 53
76 90 63
74 51 1
3 29 32
8 49 82
56 32 58
16 87 40
29 84 94
9 75 48
85 44 34
48 53 57
61 95 19
12 27 88
22 35 40
34 49 96
11 7 13
19 38 55
3 75 52
71 48 81
93 81 25
34 5 23
56 57 89
27 67 63
38 72 71
39 56 21
33 32 33
27 62 55
7 27 96
17 82 61
20 23 73
42 30 52
69 69 96
50 75 62
33 96 18
42 17 38
21 71 89
83 38 43
56 10 23
80 28 12
58 7 10
26 29 21
61 20 32
62 44 8
51 19 68
24 20 70
92 60 65
62 27 52
92 35 72
96 48 30
24 46 82
11 55 33
56 60 27
94 88 83
37 53 34
44 88 62
13 67 24
42 68 55
41 26 30
62 23 43
22 60 65
47 69 95
93 29 31
8 42 55
56 11 18
45 92 64
23 36 10
63 73 47
53 76 28
12 63 56
54 63 76
89 38 76
82 10 26
83 53 76
73 33 16
55 68 37
46 29 71
95 75 75
58 75 17
36 84 45
94 83 74
53 95 58
51 84 84
43 82 29
53 55 71
92 92 88
71 13 57
89 16 16
53 37 22
89 2 21
9 55 72
59 74 47
74 41 25
3 49 29
64 76 39
80 86 36
16 6 31
43 88 47
6 10 36
27 6 47
93 62 58
45 69 18
29 2 12
37 62 27
5 13 1
13 30 54
15 32 69
57 42 3
74 67 83
41 82 63
64 94 24
84 1 29
7 80 21
88 44 89
15 8 42
33 80 43
69 73 24
23 16 62
41 68 8
80 15 7
30 68 3
45 49 44
40 90 83
69 5 93
6 37 93
28 13 84
62 91 49
8 87 55
77 46 82
85 65 95
73 27 77
28 33 94
59 14 22
37 27 70
92 3 32
46 29 80
70 48 60
19 36 9
63 62 94
63 16 65
42 62 89
95 55 45
43 87 78
49 72 32
36 50 37
94 62 15
88 34 6
58 12 34
57 66 30
34 57 16
80 68 55
89 96 12
17 57 57
30 35 54
11 45 89
76 71 56
1 72 93
46 82 25
63 62 16
26 35 22
60 90 30
43 12 63
89 82 92
71 66 77
45 50 39
9 93 19
14 56 76
91 82 60
17 64 50
65 29 14
31 30 61
86 15 30
32 68 26
42 15 90
85 13 84
44 40 58
86 20 1
64 20 3
43 75 28
85 23 60
89 44 17
56 73 89
60 66 70
48 4 32
36 71 89
19 76 33
32 40 81
52 73 14
9 2 13
21 18 47
93 93 3
63 35 58
73 93 84
3 94 43
79 38 13
92 29 53
49 49 43
81 29 23
70 14 82
31 35 33
13 64 39
66 23 95
96 58 73
86 35 57
59 26 46
7 95 1
24 37 10
2 64 77
8 38 82
84 7 9
68 5 28
13 67 7
85 91 90
93 82 20
25 83 85
69 84 91
13 84 21
11 4 27
30 9 5
21 65 49
35 96 47
3 66 36
27 33 44
68 17 9
25 49 19
93 16 61
25 23 32
72 58 43
71 96 89
45 62 17
21 30 28
81 15 13
40 96 42
72 40 50
1 10 17
10 77 26
63 15 62
52 40 88
87 35 28
22 16 51
92 20 30
84 37 24
17 44 27
58 59 11
29 43 41
67 85 72
10 55 12
71 95 28
35 57 22
91 45 57
58 94 8
12 81 40
47 53 77
33 77 44
2 95 59
75 12 55
89 11 43
49 5 73
96 30 60
78 19 89
36 14 83
10 91 34
94 61 56
39 38 49
51 30 71
27 10 92
35 19 68
87 43 10
30 53 52
54 50 59
73 27 57
50 86 36
12 32 68
91 58 85
28 62 3
23 29 89
18 21 88
70 11 36
82 62 20
11 52 42
63 14 40
29 90 2
85 36 44
89 29 46
55 12 67
53 56 81
10 66 42
2 46 11
32 86 6
59 12 82
94 39 41
54 5 61
60 94 16
59 18 24
51 91 23
91 66 82
44 32 55
3 14 64
30 56 59
48 55 91
1 9 3
30 53 13
70 25 29
34 61 79
49 27 39
23 41 8
49 10 38
70 79 67
87 33 45
92 32 85
44 48 95
61 23 50
9 41 66
53 59 68
87 5 38
26 13 34
19 80 25
51 75 34
27 92 88
73 71 52
82 77 27
46 77 34
42 55 73
93 74 10
89 64 77
88 23 15
16 38 15
11 35 67
27 81 51
27 8 94
16 93 34
92 57 90
83 41 36
34 14 32
96 23 94
40 25 9
60 2 31
51 68 24
69 32 33
57 92 38
80 17 67
24 4 60
87 61 31
35 23 13
81 4 38
39 52 10
79 90 70
73 47 32
63 11 47
83 45 3
95 23 21
12 4 83
63 39 74
75 53 87
64 81 74
10 69 78
3 4 64
81 29 2
57 81 24
48 95 62
43 64 95
78 66 49
76 96 72
7 11 89
36 24 55
96 59 13
81 15 92
26 56 92
30 26 62
68 48 76
22 91 85
42 74 65
70 76 74
85 17 67
78 35 71
59 7 94
51 36 40
90 79 45
77 50 20
33 1 16
64 95 28
6 40 90
5 11 16
81 72 86
12 78 38
63 25 54
39 74 24
84 60 58
45 22 49
10 83 77
11 92 13
96 27 91
31 73 73
59 19 7
58 2 27
91 92 5
48 37 33
1 66 69
64 18 62
52 50 37
30 60 25
1 71 55
9 33 29
55 35 41
26 7 22
60 52 75
85 74 8
76 1 32
19 75 89
85 96 24
18 14 69
2 60 50
10 72 23
82 61 89
29 4 72
84 28 67
11 74 15
51 3 26
69 95 18
4 96 76
40 66 46
23 3 62
88 65 12
71 27 39
59 36 6
1 44 18
51 59 20
13 5 87
78 36 12
86 96 55
33 34 16
73 43 52
18 12 44
82 94 7
2 54 20
27 80 23
64 20 40
72 30 8
72 58 78
92 94 75
93 23 70
85 66 18
36 66 86
37 47 38
22 18 96
72 57 26
56 71 27
68 16 18
52 81 89
94 28 13
75 82 90
56 89 52
12 86 2
83 10 71
33 42 69
23 66 50
69 82 58
55 93 39
70 25 45
37 73 4
3 66 55
70 83 68
41 16 33
81 22 12
63 29 61
16 40 24
71 10 9
74 75 70
17 16 4
64 65 75
9 25 52
47 90 47
7 83 62
29 35 64
45 69 8
31 9 16
53 62 4
86 95 17
50 20 23
79 75 83
81 86 22
58 80 73
24 74 77
26 24 69
39 96 44
5 84 37
23 88 52
94 25 57
65 92 70
42 72 12
57 23 77
44 8 67
46 54 5
20 36 81
6 9 86
8 82 31
14 57 89
75 30 80
61 12 95
65 54 28
81 40 53
65 92 44
86 78 94
49 92 71
29 10 82
7 38 38
30 26 83
8 82 9
45 72 9
94 88 30
79 9 42
88 14 8
68 36 76
11 84 2
29 35 68
48 7 34
80 19 81
18 71 42
90 25 22
32 36 31
24 86 21
38 16 91
49 31 33
43 30 14
21 43 28
72 57 78
10 77 68
84 25 40
96 38 3
21 27 1
15 9 58
54 34 32
79 2 2
21 11 80
9 91 66
56 28 8
65 78 69
52 70 39
56 96 67
59 18 13
36 39 35
70 74 48
2 39 52
13 93 36
85 36 75
40 69 82
49 58 20
49 44 25
66 88 85
57 87 27
56 84 19
54 18 67
39 5 14
9 91 71
1 67 76
87 7 90
79 47 38
27 63 79
62 66 57
39 73 50
96 14 74
83 29 59
13 12 83
80 26 61
53 44 79
82 81 35
86 30 52
79 22 92
31 89 10
7 44 5
71 30 82
46 93 65
10 9 91
49 18 21
46 63 95
55 46 43
73 95 14
91 41 87
10 82 61
4 19 62
73 24 53
62 87 40
38 31 22
58 45 7
80 5 52
30 29 23
77 26 54
76 77 47
11 16 93
32 14 6
91 31 12
45 64 51
22 60 54
89 95 70
14 34 65
78 60 91
83 50 34
36 46 41
24 54 86
83 19 3
21 74 77
49 58 84
6 30 60
38 3 43
63 35 95
25 22 71
34 93 52
55 91 49
48 38 53
9 43 36
17 33 22
87 87 75
29 9 77
89 80 76
14 20 37
44 43 50
45 81 74
60 16 94
7 85 40
21 13 53
46 60 56
96 90 81
77 43 94
90 20 83
91 42 73
53 1 40
24 66 5
14 51 77
27 53 26
60 23 5
96 67 80
20 39 21
41 60 27
7 7 45
24 88 34
80 66 34
15 43 66
29 41 54
92 62 71
12 51 18
12 27 74
83 86 46
79 75 85
27 41 72
68 58 34
30 76 51
50 87 15
79 1 22
5 79 37
65 70 11
90 20 43
22 21 42
77 78 32
47 70 47
58 94 2
14 32 12
83 11 81
23 27 56
20 41 1
96 29 93
66 10 42
69 61 86
92 54 1
56 27 17
10 76 88
32 83 66
80 48 3
96 84 76
55 82 58
71 55 76
44 19 9
48 49 81
12 25 31
27 62 81
4 53 48
29 90 2
12 57 77
38 8 25
2 67 95
11 52 37
18 46 38
41 94 70
1 69 20
87 53 37
64 68 2
36 25 59
76 55 29
45 17 59
40 30 57
12 70 58
84 2 57
23 66 3
22 13 94
31 2 64
23 75 15
42 39 76
83 54 55
61 68 23
62 73 34
18 83 59
44 34 16
14 10 38
34 89 10
45 80 36
63 31 79
92 9 18
84 50 13
26 7 44
55 11 58
54 52 78
59 60 77
37 86 69
54 90 21
23 68 54
61 86 1
76 13 25
86 1 28
38 21 9
78 87 8
88 86 96
24 32 32
92 44 17
17 32 18
28 26 57
33 75 52
16 82 82
24 11 34
24 26 17
73 25 65
71 70 4
61 90 20
63 87 96
12 33 60
28 46 61
33 55 88
10 70 25
81 51 89
64 23 9
63 71 57
26 82 17
94 46 66
65 35 77
43 67 17
15 84 8
91 34 90
27 41 45
62 21 30
67 85 11
32 80 64
8 95 42
49 68 70
29 55 1
7 15 26
94 31 14
72 53 8
63 24 3
39 4 36
68 44 77
22 22 27
39 81 40
39 15 36
76 53 55
76 84 30
1 53 63
93 56 41
57 53 41
4 45 67
58 77 16
86 12 75
52 46 45
38 85 73
13 72 51
94 20 50
63 6 11
91 1 59
81 2 67
39 33 77
94 28 14
81 78 15
16 80 71
76 95 37
4 50 76
13 38 35
27 24 64
57 28 69
7 39 38
70 85 83
86 18 94
70 67 95
7 51 44
3 59 37
19 44 36
66 13 59
17 46 82
16 2 93
3 5 2
52 46 21
62 4 68
47 13 34
7 39 96
29 45 78
49 83 85
61 71 25
14 30 12
53 42 72
80 86 22
18 59 37
57 10 15
95 90 32
48 63 49
23 75 40
15 85 63
16 70 54
5 91 63
81 86 34
47 1 40
86 84 54
3 83 76
92 82 53
36 57 59
51 38 53
32 28 87
38 83 87
65 84 6
18 60 65
13 61 89
34 62 77
60 68 63
49 66 42
47 68 11
38 15 91
26 35 85
45 79 59
93 41 38
32 89 28
68 75 57
89 10 90
67 13 39
72 79 60
68 89 75
39 51 91
92 87 31
85 59 89
38 26 79
20 11 77
76 35 35
86 45 85
31 76 42
35 1 72
95 20 77
55 50 80
2 32 24
85 53 75
58 70 96
34 1 53
19 95 92
32 64 17
39 93 46
40 32 67
33 90 84
94 23 46
76 56 75
54 7 91
2 6 35
68 4 52
58 18 84
11 38 12
36 66 13
85 83 21
50 66 78
34 63 41
85 15 42
24 30 46
58 21 3
20 10 29
53 11 78
36 54 50
7 42 63
3 29 42
26 79 85
54 61 60
34 55 67
94 10 69
31 19 43
74 75 27
51 28 94
8 66 88
16 26 96
33 39 74
33 87 41
48 78 3
4 81 57
58 72 27
1 23 47
65 86 14
61 91 27
31 81 34
34 41 31
83 44 25
62 42 84
58 12 72
95 87 67
8 91 66
61 72 40
67 90 92
88 41 9
32 35 72
59 82 46
76 66 18
57 13 51
54 14 8
46 65 74
44 34 33
59 64 12
25 61 37
26 87 33
56 61 17
24 96 24
9 46 44
64 94 76
57 91 11
85 85 81
11 44 90
71 31 28
1 91 73
59 54 63
53 36 37
54 67 84
71 63 74
48 86 6
52 31 46
15 31 13
8 85 53
10 12 56
84 90 40
66 51 13
52 15 41
76 52 88
77 64 43
33 72 66
30 32 72
5 58 28
16 6 46
86 92 68
80 66 57
33 84 41
61 25 80
68 49 85
1 1 26
58 13 88
30 29 73
38 88 46
18 72 88
45 58 28
54 78 76
85 33 62
37 1 89
69 39 92
12 68 44
71 31 42
55 74 6
38 79 56
54 28 10
23 24 2
87 14 10
64 27 22
23 40 85
21 14 13
58 67 75
79 94 9
94 96 27
6 94 35
83 16 10
68 63 71
88 11 36
67 60 13
51 57 6
26 4 53
90 62 53
57 58 89
17 11 6
18 54 73
1 54 69
51 34 70
66 7 35
88 37 25
94 55 96
86 75 86
40 64 71
27 59 60
10 20 94
78 12 10
12 88 60
1 28 34
32 77 25
93 96 66
15 64 80
79 26 33
87 9 72
9 84 77
8 11 69
34 13 13
13 63 73
73 6 27
67 42 12
58 72 84
76 13 96
90 75 86
62 14 20
72 96 14
34 43 30
80 68 46
59 84 90
45 29 41
20 54 88
89 73 15
61 23 50
8 68 35
7 55 30
25 20 57
10 25 82
18 64 84
50 82 46
47 58 10
9 32 67
35 71 43
82 53 10
18 10 86
93 28 74
11 37 42
25 64 79
76 64 75
54 15 78
22 39 83
39 38 32
76 35 33
2 2 77
50 5 70
76 68 5
58 17 92
58 22 11
50 47 31
49 38 48
24 41 4
22 41 55
88 67 40
82 45 93
64 61 56
79 80 39
58 60 78
24 21 82
47 33 12
47 71 43
81 46 78
24 91 74
43 49 79
11 1 2
82 27 32
27 72 67
93 74 35
60 21 30
13 95 59
13 32 27
40 87 6
19 76 31
18 8 40
14 59 1
47 51 28
17 2 32
60 50 94
3 12 44
13 22 63
23 54 68
10 70 18
88 42 52
67 7 90
74 78 24
73 13 65
53 20 46
40 66 47
22 32 16
37 14 64
44 68 89
66 92 8
4 90 16
44 26 22
59 7 17
25 93 64
80 44 66
93 42 42
20 31 87
2 45 18
68 48 69
44 9 42
28 10 71
35 35 92
93 39 54
95 50 48
78 11 66
17 26 38
87 71 11
81 18 94
48 27 90
24 70 56
74 23 23
14 39 68
55 51 1
80 80 92
1 47 47
84 29 35
65 5 34
36 83 43
18 12 35
34 56 80
38 23 80
36 26 42
48 29 21
51 71 76
89 27 83
22 27 24
80 10 17
50 5 42
35 16 84
45 17 72
73 17 31
19 5 9
57 16 59
9 12 33
16 80 79
18 66 52
49 64 83
6 96 67
80 86 53
39 29 87
96 23 71
25 30 80
79 91 68
25 53 17
81 19 50
46 2 60
8 2 41
35 23 95
91 72 39
11 73 85
49 58 13
2 1 68
74 96 86
45 86 15
6 76 53
54 6 49
94 57 95
25 56 96
71 11 41
87 16 68
90 88 28
13 45 19
47 55 77
4 87 86
20 86 7
85 88 45
67 26 64
44 23 75
55 58 28
15 34 79
33 13 19
16 80 89
86 73 83
38 34 10
29 39 70
16 38 80
48 69 79
93 16 91
89 89 5
77 28 70
46 34 71
76 59 25
56 90 67
51 18 11
22 57 20
69 77 7
41 38 93
57 68 58
59 83 62
31 94 57
29 67 89
51 89 30
75 63 70
2 57 47
14 68 2
63 39 8
67 62 21
72 21 42
83 94 47
75 6 33
90 78 41
81 54 30
86 3 71
48 41 93
28 36 27
42 30 41
2 74 13
6 16 46
87 41 71
24 5 54
75 19 29
42 3 73
68 96 34
75 4 80
92 29 49
92 34 48
8 65 15
32 64 62
71 1 84
9 45 65
24 13 77
12 50 23
76 81 33
45 52 78
76 62 81
23 11 92
50 74 4
62 33 19
44 73 17
35 36 76
78 90 19
70 34 58
57 42 6
7 66 13
56 29 10
25 70 79
90 45 67
39 35 48
37 56 30
74 9 84
43 69 91
74 53 37
87 31 25
68 90 30
16 60 13
94 18 32
13 45 14
12 52 9
59 31 11
68 92 31
65 40 55
6 70 78
35 32 39
69 91 13
41 92 88
91 15 4
51 54 82
30 70 93
84 5 67
68 96 12
46 85 82
58 39 15
76 31 18
67 5 92
61 43 9
47 10 90
75 93 27
40 46 35
93 49 2
57 26 56
67 50 45
92 28 17
69 31 71
16 56 31
79 36 49
64 25 66
28 55 85
92 58 1
13 96 74
48 30 21
55 30 42
69 70 11
46 24 61
42 12 12
74 29 70
5 94 76
14 67 37
81 69 12
96 84 43
94 5 20
22 59 35
13 9 60
4 76 61
55 14 33
29 5 17
76 57 90
71 12 5
64 89 9
82 35 16
69 27 6
22 45 93
37 20 69
89 69 37
12 71 6
83 29 85
75 47 70
39 78 30
54 52 91
83 39 25
89 4 46
89 38 43
64 28 18
8 64 83
17 68 93
59 64 96
90 81 53
