45 13 38
12 31 2
44 25 9
32 14 45
7 16 34
9 4 42
39 31 5
11 35 43
11 27 40
26 7 10
19 27 33
29 9 47
12 10 10
9 39 41
17 11 6
8 46 35
23 21 21
33 28 16
8 26 14
17 40 39
20 27 44
4 29 19
11 21 9
29 11 22
24 30 32
45 21 26
45 19 41
8 35 6
45 22 19
33 37 27
1 11 29
5 12 38
28 13 39
16 27 26
47 13 3
21 33 47
28 30 17
47 2 31
26 38 31
42 7 31
26 26 47
8 48 42
27 25 2
44 3 3
25 11 27
33 42 6
38 37 30
40 16 27
35 41 18
22 7 10
43 14 34
30 15 25
6 40 24
24 38 48
33 12 1
48 31 33
13 21 38
33 46 39
37 19 25
24 5 13
48 45 47
43 48 31
42 20 37
41 40 6
16 45 44
7 39 26
2 46 33
21 37 30
32 39 34
30 21 2
13 28 2
46 25 31
21 25 32
15 25 32
14 7 20
30 19 47
22 17 17
19 6 28
38 19 4
25 25 31
39 6 44
19 30 18
23 11 10
8 29 21
21 36 20
31 10 40
20 7 21
13 46 26
39 46 22
42 25 10
3 14 8
4 12 25
27 47 40
22 28 9
41 1 6
22 25 40
39 10 31
17 17 17
16 41 45
22 37 47
3 9 33
24 41 19
10 44 25
10 21 10
26 44 48
20 29 10
32 26 30
9 32 25
11 8 8
42 27 44
28 3 28
15 29 31
13 39 33
19 37 3
3 8 43
30 11 39
31 38 33
44 46 35
12 40 36
7 45 11
13 9 34
21 17 19
16 24 42
16 2 36
36 41 5
22 18 23
35 17 3
16 6 14
42 42 34
40 42 35
2 46 48
40 38 33
7 32 39
21 29 20
8 10 44
30 42 33
23 31 3
12 21 7
4 39 16
13 27 4
37 29 35
11 28 48
1 30 3
27 40 41
31 25 17
31 1 17
4 7 34
14 20 24
34 3 23
33 27 31
44 17 41
24 22 47
9 23 23
48 23 15
34 12 6
15 18 26
14 17 4
19 44 47
47 40 14
11 40 33
20 24 17
4 31 21
34 12 20
19 41 28
28 33 43
37 3 7
32 42 24
27 44 13
2 43 42
7 41 22
15 7 17
34 20 19
39 29 37
27 18 40
25 9 19
34 44 12
14 19 6
24 8 29
6 36 35
25 4 40
34 1 7
30 38 45
21 35 21
16 28 48
10 2 15
37 4 11
31 32 29
38 16 25
21 30 19
10 36 6
5 42 41
6 46 27
31 42 45
7 14 25
39 8 25
40 36 23
24 8 16
35 23 14
13 8 29
8 47 18
13 31 33
41 7 10
40 48 14
8 34 28
2 31 13
33 29 17
2 5 33
48 33 26
12 3 6
20 41 48
25 13 18
4 48 15
26 42 40
9 22 24
45 9 41
44 11 39
28 40 48
39 6 20
27 3 11
24 5 24
41 15 47
17 6 16
30 13 40
15 17 43
23 46 5
31 2 47
43 31 15
37 46 15
39 18 7
28 14 1
15 34 5
45 44 13
42 21 8
12 22 48
18 15 36
29 14 24
31 36 32
27 22 9
39 41 5
8 27 30
12 30 35
46 7 28
36 41 18
11 3 5
25 38 23
36 32 25
5 8 38
34 24 38
36 20 15
14 30 23
34 47 39
40 30 4
25 4 27
37 1 38
48 42 1
46 29 5
19 36 24
10 31 45
9 3 16
48 42 22
1 2 42
7 34 12
13 6 16
27 41 31
38 40 17
16 7 47
13 31 37
4 24 17
33 14 43
43 19 36
30 7 32
21 1 30
5 18 26
11 5 34
36 20 24
24 8 36
31 40 42
18 32 34
17 2 15
13 47 7
20 35 14
4 1 40
21 48 42
42 30 26
34 44 2
20 15 27
39 12 42
9 4 2
20 46 31
14 37 35
24 2 26
6 33 24
27 34 1
31 33 22
27 23 12
45 35 21
16 5 20
6 21 9
14 43 5
48 36 25
10 35 32
19 48 6
28 22 46
47 42 30
30 37 8
40 45 23
29 34 41
46 48 29
37 29 17
8 43 21
21 38 7
14 18 18
11 35 1
44 34 3
18 10 36
9 3 4
18 40 29
43 14 10
4 1 26
19 14 15
36 25 22
34 40 3
29 47 8
29 13 33
46 33 45
26 30 48
42 44 8
39 2 29
17 6 39
33 24 14
9 36 22
41 26 36
16 38 29
3 1 41
21 4 16
6 34 22
2 19 13
44 47 7
6 17 30
4 14 42
46 1 18
1 6 38
43 16 44
9 23 19
7 47 5
17 18 2
48 4 26
11 16 10
4 45 40
1 16 30
18 6 35
19 16 28
1 45 27
24 46 8
15 3 37
19 13 46
36 8 21
40 10 20
25 23 9
11 25 16
27 3 43
30 27 36
39 38 23
18 1 24
18 19 12
13 27 9
30 34 47
4 9 17
39 40 10
19 27 19
15 42 27
7 23 12
26 12 38
4 43 43
45 23 1
19 8 5
45 42 47
12 12 40
42 14 25
22 40 37
46 35 4
28 47 15
17 39 31
37 11 47
32 5 34
10 48 44
25 28 41
39 24 39
30 43 18
10 10 5
34 37 6
35 23 5
13 26 45
42 31 5
19 12 21
27 10 1
26 30 32
35 35 25
23 43 38
32 3 8
18 37 45
30 32 20
2 46 43
24 27 27
28 18 30
29 6 37
14 26 47
34 37 37
21 7 22
9 21 5
33 16 25
20 43 20
7 3 21
7 46 26
2 10 32
40 45 21
26 30 29
1 32 39
31 22 15
18 6 2
24 38 15
25 37 26
17 43 9
5 16 28
22 44 27
42 1 37
31 28 16
39 16 40
11 45 17
13 34 9
17 26 22
43 4 20
9 37 30
10 37 36
37 31 23
9 23 3
44 29 11
33 29 43
21 33 21
4 16 36
23 46 15
12 9 35
30 23 23
3 35 11
40 13 16
9 12 5
45 8 26
15 9 32
32 40 35
20 22 42
38 14 46
3 33 9
30 32 34
21 36 36
38 40 25
39 40 3
1 29 40
26 38 4
9 45 23
17 20 37
1 37 9
1 1 11
47 10 35
47 42 7
25 47 12
6 33 27
39 21 16
3 37 19
17 39 7
11 33 31
16 34 17
14 4 16
25 44 33
14 42 6
29 40 1
8 36 43
34 3 39
34 31 6
41 31 40
41 20 32
39 1 47
29 36 26
2 32 17
39 36 4
47 20 16
32 15 47
17 39 32
33 43 36
3 27 18
14 9 48
26 31 21
36 2 12
31 6 44
19 8 30
11 16 17
2 13 26
30 48 21
7 42 22
20 31 44
16 36 33
28 37 33
3 30 7
18 7 6
33 41 10
7 38 27
32 16 7
19 14 15
43 37 45
41 44 45
7 16 14
34 42 41
35 9 42
48 45 10
13 44 48
2 18 1
1 4 41
8 13 22
48 4 32
26 6 21
31 17 30
40 8 20
7 13 15
13 14 29
28 31 12
41 7 22
17 21 24
9 44 30
25 13 35
15 22 3
40 35 25
17 17 17
7 12 39
38 34 47
3 45 32
10 19 43
1 1 25
4 13 48
2 48 29
10 25 14
47 22 39
20 1 20
47 44 6
3 37 20
25 21 16
20 8 20
31 3 32
5 30 39
1 36 38
15 9 22
8 16 20
18 17 42
25 36 45
43 24 46
3 22 35
44 25 25
26 31 40
16 4 1
29 26 40
10 21 3
5 11 13
15 25 31
20 12 48
41 29 22
45 1 43
39 19 25
34 7 32
15 43 42
28 34 22
28 5 3
17 31 40
13 44 48
8 10 11
42 8 1
10 43 40
22 25 24
27 18 20
34 9 17
41 18 31
26 30 37
28 22 10
23 5 34
34 21 45
22 17 32
1 25 37
7 46 10
20 39 41
9 29 33
1 12 36
43 5 9
7 3 37
27 27 10
39 20 5
39 22 38
32 23 48
7 23 27
4 43 7
44 10 5
14 8 28
43 22 13
31 47 48
21 34 18
2 48 12
13 21 15
10 45 15
22 1 46
29 27 31
36 1 13
39 40 5
23 39 21
28 40 2
2 35 4
36 18 17
5 17 33
28 19 34
26 44 6
7 26 10
14 16 10
24 15 15
3 43 26
21 36 12
30 4 41
39 40 34
37 9 38
48 36 10
19 33 21
25 10 42
25 13 43
18 29 1
35 38 25
21 13 32
25 40 4
44 21 46
7 7 22
29 12 18
47 45 44
18 46 3
1 20 36
45 11 9
38 27 7
48 27 40
42 10 23
42 3 44
19 31 21
46 18 27
22 24 42
43 28 37
47 36 24
21 12 9
20 48 26
5 17 15
43 48 39
4 33 44
13 20 5
48 45 16
9 29 21
40 39 19
23 24 29
46 44 41
28 9 41
7 1 9
30 35 41
3 17 22
3 36 24
6 39 35
18 2 20
9 24 41
2 27 35
44 3 43
15 37 33
45 28 23
37 9 46
19 31 20
40 44 17
26 15 40
4 7 18
44 35 21
27 10 41
11 6 20
33 29 19
25 37 1
36 47 37
30 22 42
21 29 36
25 26 44
19 7 17
32 27 9
5 39 20
3 47 35
6 27 8
40 6 25
31 42 21
37 19 45
4 44 16
19 12 45
31 42 32
42 23 30
20 11 32
25 26 22
46 18 42
42 26 16
33 14 14
19 24 35
21 15 5
3 16 29
31 3 22
12 43 26
42 21 33
46 44 14
26 12 46
26 17 3
19 46 43
26 11 32
46 45 5
7 40 11
27 10 47
46 7 29
10 25 6
35 7 17
21 40 38
24 33 9
7 29 27
5 3 11
29 21 34
20 31 48
30 44 34
23 33 27
5 4 46
20 33 44
38 19 26
41 10 22
41 46 26
2 20 40
19 27 3
17 16 38
27 36 40
36 21 31
9 5 16
25 45 29
33 20 2
23 12 42
9 39 19
38 17 14
33 42 12
14 20 35
17 40 40
11 15 4
47 23 3
47 44 43
9 34 30
39 12 33
16 11 25
42 3 5
29 17 31
48 8 28
23 23 34
10 30 15
28 22 48
17 20 9
30 45 12
40 3 44
43 26 8
8 17 9
45 31 17
36 44 36
43 28 19
30 5 17
10 47 36
7 37 5
9 1 27
31 27 43
4 29 8
26 26 47
39 7 14
46 20 45
46 32 7
37 40 42
28 21 32
22 21 12
34 26 40
21 41 22
8 41 25
25 38 33
40 35 29
42 30 41
30 36 9
4 39 18
10 31 46
26 42 46
46 30 43
10 1 10
5 12 5
48 25 3
24 35 15
3 42 21
10 45 35
11 39 21
35 44 48
45 26 18
34 9 28
15 13 10
24 12 43
44 25 48
18 20 31
23 17 21
39 37 14
7 16 35
3 8 29
44 24 43
46 15 13
35 24 22
42 25 31
3 16 6
39 43 9
34 18 26
25 35 1
43 24 17
32 29 7
38 14 4
29 15 22
44 27 30
15 33 9
37 10 45
32 41 1
18 14 42
35 48 27
37 46 45
10 37 47
43 5 12
25 4 42
37 14 23
32 40 29
32 15 16
5 7 38
20 40 36
45 21 39
22 32 26
4 5 27
15 9 37
48 33 39
3 16 14
27 16 16
7 9 6
20 23 41
22 5 47
30 8 3
8 18 31
31 39 19
30 30 43
38 28 8
47 37 17
2 27 47
3 14 47
2 31 2
44 43 10
22 6 9
45 33 18
2 43 24
16 4 44
40 20 42
13 27 15
14 42 4
10 29 7
28 15 2
47 15 1
48 37 17
18 6 25
27 42 21
24 46 4
17 22 35
48 25 10
40 45 9
8 16 24
19 18 31
31 31 21
19 45 1
46 40 17
45 7 26
1 20 40
47 20 12
20 46 28
34 12 22
1 38 28
35 27 3
18 31 15
19 29 36
4 33 39
36 24 31
35 32 5
38 36 39
29 2 16
21 4 29
44 4 25
32 19 6
3 28 36
29 34 11
4 47 42
22 5 24
40 17 28
31 47 38
15 30 29
10 43 48
13 41 16
29 39 19
29 10 44
37 10 44
47 45 25
33 21 15
27 43 23
19 24 5
16 26 41
26 11 6
2 45 39
8 36 41
17 8 31
8 26 40
46 26 47
12 37 18
48 35 3
42 17 7
19 45 3
3 12 4
10 42 11
2 10 23
25 23 26
22 10 39
11 22 39
11 40 37
18 23 47
28 4 46
5 9 22
20 26 39
25 15 29
33 48 2
45 28 37
30 36 31
31 39 35
28 34 40
20 19 42
15 34 44
2 24 42
30 13 44
14 11 27
18 26 29
15 32 1
48 4 6
48 25 1
9 45 16
9 34 12
18 37 13
19 16 8
6 48 48
23 4 1
1 10 43
19 47 31
36 19 15
16 7 2
1 21 23
38 10 15
33 27 43
7 25 46
28 45 8
47 29 21
24 34 5
7 28 9
39 14 1
47 42 26
44 26 33
4 16 36
42 24 16
9 38 14
34 38 14
35 28 14
33 22 12
23 28 9
10 7 21
17 26 17
22 21 34
34 31 10
33 25 37
19 7 42
15 17 39
24 13 35
9 19 47
22 46 21
22 5 36
7 11 18
27 44 37
33 45 44
46 2 7
43 10 7
13 34 18
6 16 42
30 34 12
46 18 23
29 13 18
6 28 33
21 19 6
1 28 48
41 14 10
9 23 16
10 6 30
21 35 3
30 23 2
47 28 20
25 43 20
34 22 45
28 12 33
9 35 10
32 45 13
41 22 31
39 43 28
15 29 8
43 32 12
17 31 7
18 27 48
14 14 43
11 41 28
3 32 42
16 21 8
44 37 42
28 14 9
33 6 14
30 33 36
17 18 10
9 6 35
11 36 23
23 19 20
31 11 10
11 3 29
40 45 27
23 26 4
5 23 10
44 10 40
34 32 15
29 27 14
12 4 13
36 35 43
29 3 17
42 21 3
22 37 24
4 48 2
5 24 44
4 7 34
34 44 10
25 41 34
29 40 23
27 26 32
1 4 16
2 7 31
44 6 30
35 42 17
19 48 21
5 1 37
20 24 46
17 46 19
37 37 36
29 34 16
26 43 40
38 3 48
33 9 12
45 46 16
24 17 31
10 34 25
32 39 45
10 48 2
5 47 20
1 45 38
23 47 22
12 38 39
14 11 48
41 2 43
15 40 47
29 4 27
35 13 8
31 24 25
14 19 39
1 9 25
33 21 17
45 18 38
13 10 25
43 20 26
13 12 19
15 11 24
21 3 24
6 10 35
36 7 32
42 41 42
24 43 11
33 41 39
36 36 33
6 27 36
13 40 8
5 34 3
36 1 4
20 28 6
30 48 21
12 37 39
46 24 17
8 35 41
42 5 48
41 42 11
2 11 40
41 43 39
11 30 2
6 21 28
2 45 43
27 13 23
41 15 32
9 9 13
46 42 20
14 9 16
36 47 48
23 5 18
13 41 34
5 33 39
25 25 36
7 10 14
8 27 24
33 25 16
46 26 20
9 6 29
37 30 39
7 32 10
2 15 19
48 23 6
24 45 38
40 6 17
28 2 4
17 18 7
19 34 19
10 14 24
12 19 21
45 28 22
43 23 15
14 3 23
34 44 47
18 21 7
18 40 27
6 29 7
8 35 41
47 21 32
10 14 33
39 3 7
14 20 6
27 12 15
22 19 33
18 3 31
40 13 39
9 8 24
13 6 2
8 22 21
7 6 18
34 15 37
46 19 38
2 17 32
41 29 34
28 33 16
40 20 42
8 28 13
34 6 43
20 37 27
48 48 39
22 21 30
35 44 6
39 26 44
20 46 10
41 48 38
9 35 13
18 2 19
47 13 44
30 33 12
6 17 29
38 41 44
7 46 23
44 18 32
43 21 8
31 9 3
44 25 6
19 8 21
44 12 24
48 35 4
22 38 12
39 6 15
27 38 48
10 46 35
17 32 44
26 24 37
39 9 27
18 20 22
14 26 3
31 21 20
27 46 19
18 1 12
30 27 10
7 20 3
20 12 14
28 13 25
19 3 5
33 38 25
4 24 4
11 7 30
23 4 46
31 10 3
46 5 34
43 15 39
32 48 18
9 25 36
20 15 23
35 15 6
18 4 27
36 37 8
31 5 8
1 9 10
1 1 16
25 4 11
2 36 9
19 43 17
31 30 5
1 35 20
16 13 3
10 43 32
33 6 8
3 28 28
27 23 29
6 33 30
19 37 24
40 43 37
23 16 11
35 16 34
30 3 31
7 20 12
24 48 29
26 30 36
24 42 12
33 4 4
3 33 44
12 40 19
26 23 13
35 33 15
10 41 7
9 34 40
21 44 12
36 30 35
24 27 3
17 43 17
42 28 15
29 38 31
4 41 33
25 31 12
27 45 38
20 17 34
17 28 37
17 2 19
40 32 29
47 7 24
39 30 28
18 46 25
22 27 11
40 15 16
17 6 32
9 31 10
15 16 27
17 28 37
16 24 23
17 34 30
35 29 46
27 38 9
33 7 11
10 40 43
34 28 5
35 13 6
34 19 28
36 48 41
27 20 26
36 7 22
15 39 3
41 19 44
5 42 43
13 29 10
31 25 27
4 18 5
40 1 3
40 38 34
2 39 26
35 17 27
47 5 26
10 1 28
8 35 13
26 18 34
5 21 48
7 12 30
26 2 28
45 45 17
6 12 3
1 20 48
17 46 19
37 34 32
47 39 35
11 45 3
4 16 15
15 48 17
22 9 13
32 35 16
11 25 23
40 27 34
41 36 31
9 23 14
31 44 5
7 15 15
18 31 31
22 34 6
29 30 22
31 14 30
15 43 27
30 26 38
48 15 41
6 14 1
27 39 31
11 31 31
17 20 11
44 21 35
37 36 8
43 11 23
6 30 46
44 9 23
31 20 32
5 30 35
12 19 13
17 45 19
48 5 7
7 36 37
23 24 10
39 40 33
16 23 21
47 28 23
9 18 40
45 21 42
13 18 11
29 26 7
18 23 43
7 35 3
25 23 41
9 21 46
9 31 2
42 48 32
9 16 9
27 24 32
14 41 40
41 32 33
46 34 12
19 47 25
35 14 38
35 21 22
45 38 48
35 28 39
44 45 43
26 9 34
11 30 5
31 30 14
10 8 11
25 32 29
45 10 39
33 29 3
38 44 23
47 7 4
32 23 26
25 25 40
14 25 29
35 46 21
17 34 16
2 15 5
47 9 46
12 45 16
21 11 40
46 30 48
31 29 20
39 31 45
2 38 46
18 35 48
26 31 17
33 45 38
13 22 40
43 36 18
6 40 15
9 45 21
20 42 38
37 28 42
33 14 24
23 48 42
2 21 28
10 25 26
7 22 47
21 26 14
26 16 4
48 15 4
21 36 35
37 17 18
29 24 27
11 24 25
48 18 3
41 27 25
33 6 15
23 9 8
43 36 13
25 25 15
7 26 21
15 34 19
34 11 13
47 13 38
45 17 17
44 30 31
5 5 45
2 25 46
21 29 15
48 10 10
13 15 25
46 40 20
48 30 13
15 21 39
17 12 47
12 12 27
14 18 11
22 11 35
28 35 17
9 46 24
39 38 39
48 39 10
27 40 28
14 12 44
9 27 14
24 39 7
2 25 37
5 24 20
4 11 17
21 31 22
20 14 48
33 36 41
32 10 26
22 48 20
23 30 42
37 36 29
15 13 33
16 41 3
7 23 16
35 15 13
30 40 27
46 31 31
3 43 35
39 3 31
31 9 5
28 22 36
36 18 46
6 20 40
40 6 3
3 21 19
25 23 36
44 13 36
2 27 17
37 16 20
42 31 2
42 1 15
43 1 45
10 2 35
43 23 26
9 35 44
28 7 28
8 38 9
42 46 26
7 21 33
6 15 39
14 29 31
23 47 47
36 46 23
35 24 31
39 28 33
30 22 12
2 14 43
15 42 47
38 8 14
37 23 20
30 10 47
7 20 31
35 23 34
34 9 10
16 44 12
28 23 27
48 24 29
31 30 18
35 43 24
42 46 28
30 44 3
31 2 3
10 33 34
47 8 9
17 3 18
2 26 18
47 1 5
21 18 7
34 23 13
32 37 28
30 12 16
7 46 41
48 34 2
12 25 6
38 42 35
27 5 2
17 11 2
5 23 48
36 6 17
7 3 45
40 11 8
42 19 45
23 30 6
33 25 5
13 11 40
6 9 9
11 46 42
34 46 32
10 37 31
39 43 12
41 5 37
37 16 25
27 36 37
17 7 17
25 21 24
23 47 5
14 1 37
5 2 13
14 22 4
12 5 2
31 22 29
21 12 3
17 43 9
2 31 15
5 47 34
34 13 27
34 22 40
21 25 28
37 10 40
24 42 15
41 2 44
10 20 11
42 8 36
18 10 29
26 4 36
15 26 26
17 23 34
2 25 15
24 13 21
30 6 27
36 37 15
23 31 1
19 8 15
6 28 31
14 32 20
14 32 3
25 4 3
21 16 32
48 6 39
8 27 35
31 32 24
2 12 39
31 7 32
7 6 28
13 4 25
34 6 44
17 23 19
46 18 13
31 9 44
14 44 1
7 16 11
46 10 3
36 15 12
29 2 17
35 7 4
4 7 30
40 10 42
15 7 29
26 25 38
16 32 27
22 16 7
19 43 39
5 12 13
36 35 12
46 18 21
12 3 25
1 14 33
14 10 20
48 16 1
20 15 35
15 41 19
31 40 12
1 40 4
19 32 36
29 21 40
47 43 29
40 31 27
4 5 35
12 44 19
19 38 6
33 10 3
42 24 21
43 37 21
8 3 15
44 5 31
46 2 18
6 36 46
34 9 44
39 33 26
11 26 4
36 44 46
5 45 27
40 11 10
44 40 15
3 24 31
2 13 12
26 44 1
1 34 8
46 30 5
21 3 33
46 42 6
11 17 12
33 9 5
41 27 26
21 28 14
3 39 35
42 1 6
9 44 25
28 48 22
19 42 19
2 3 12
42 4 1
22 40 44
23 1 39
36 14 2
26 21 22
12 36 20
47 44 43
36 39 13
25 27 35
29 41 9
22 45 31
19 38 44
11 47 40
31 15 21
17 14 4
8 31 40
13 37 17
47 40 19
43 10 19
23 26 36
29 14 1
13 17 41
31 4 29
40 6 6
11 9 9
22 7 12
36 15 48
32 44 5
47 5 12
44 37 8
31 29 14
45 10 8
46 38 5
43 20 21
35 8 29
7 22 19
47 7 39
5 30 19
24 4 32
26 36 42
4 43 44
46 31 4
15 42 5
35 44 6
23 16 36
4 43 8
40 6 21
38 21 44
43 43 39
20 3 7
17 21 29
1 36 1
37 26 5
35 45 16
40 3 8
21 10 29
16 33 46
23 10 4
46 36 8
11 17 20
19 23 13
5 6 9
27 41 33
8 42 44
22 13 1
28 40 18
43 24 5
18 25 31
36 12 12
26 35 46
42 2 7
26 25 3
1 26 44
17 1 42
25 25 24
45 39 31
26 31 8
21 11 32
5 26 29
22 27 5
23 31 12
3 1 10
26 2 4
38 23 9
34 47 9
40 24 38
5 39 16
10 43 22
31 20 39
28 32 21
26 48 42
17 44 5
3 6 14
26 30 40
14 13 8
43 34 38
33 15 38
48 2 19
26 3 10
22 45 32
24 47 47
10 14 42
8 3 47
34 7 23
10 18 15
6 31 40
7 24 1
20 30 7
42 38 18
29 42 17
43 19 8
37 6 46
36 39 30
36 18 44
23 5 35
33 2 25
32 2 40
4 21 3
10 17 38
7 11 32
26 40 47
29 30 26
48 21 25
19 19 46
4 11 37
24 15 30
24 9 40
37 43 27
5 13 13
16 34 17
44 17 25
42 1 3
22 45 45
20 36 20
3 3 27
35 43 21
13 28 9
33 17 14
41 30 1
11 47 44
17 38 28
28 43 46
40 28 39
45 17 33
5 26 10
6 14 27
34 27 40
18 3 41
48 7 15
19 44 2
16 7 11
15 4 34
6 12 39
22 9 39
30 20 12
31 6 28
14 19 27
9 11 14
42 20 3
44 34 9
39 4 8
2 42 29
40 12 37
31 8 1
24 9 42
13 37 25
10 9 32
35 41 45
17 38 2
28 29 31
28 42 3
6 41 15
4 42 23
11 37 12
7 34 6
40 14 28
3 33 21
20 16 44
14 5 16
10 43 40
3 14 14
8 14 42
31 2 23
12 15 48
21 7 43
45 20 48
42 22 15
22 44 8
43 21 1
2 42 8
39 6 9
19 48 45
28 37 20
22 24 8
20 18 16
4 16 29
33 34 44
8 30 16
21 6 27
20 23 46
15 32 40
38 34 22
29 4 30
30 22 29
1 38 21
15 18 12
4 21 35
7 44 13
24 28 9
33 16 44
11 27 21
25 36 46
45 47 35
34 24 17
12 46 37
29 41 21
32 6 31
27 47 44
27 29 17
9 14 9
33 45 48
17 26 17
6 6 15
21 6 32
28 48 6
10 37 31
39 36 32
12 20 34
6 30 11
26 7 36
4 20 34
37 1 25
34 15 3
25 39 25
21 41 8
20 23 48
18 27 3
11 19 45
33 31 42
10 7 34
44 9 8
30 30 42
26 32 45
36 3 8
34 31 16
6 38 26
18 10 42
31 38 16
31 41 17
21 31 21
41 25 19
2 25 39
29 36 4
29 48 19
6 32 7
34 43 16
45 38 5
13 32 46
19 4 14
37 10 5
22 33 1
23 42 26
5 31 13
15 19 48
1 43 31
10 18 11
46 13 40
33 46 17
42 4 8
31 14 16
19 27 26
12 15 22
17 4 47
37 14 14
34 5 16
30 17 32
30 48 27
5 29 27
23 12 24
21 1 47
46 7 2
16 16 44
34 46 26
29 35 3
16 26 42
34 37 16
2 26 32
27 27 34
10 5 12
38 30 8
5 39 14
34 19 25
24 32 34
14 25 19
48 4 35
10 31 40
32 36 7
21 33 40
2 42 18
12 48 8
15 10 15
16 38 27
18 41 2
32 24 30
7 17 14
5 31 13
3 31 21
47 10 10
46 3 39
41 39 11
3 28 28
25 26 45
17 48 41
47 3 8
10 2 33
33 33 31
17 46 47
22 4 24
40 33 18
9 23 23
10 8 40
2 9 24
33 17 27
45 24 18
46 11 33
22 28 47
19 12 39
35 37 43
3 19 28
12 8 20
35 17 42
20 40 29
23 23 34
2 40 27
8 41 16
16 7 40
3 22 39
30 3 46
12 20 26
3 28 48
38 6 2
30 26 12
33 4 15
9 33 42
40 22 26
34 32 14
28 37 10
44 16 4
45 33 21
12 28 35
36 9 24
22 24 20
23 21 17
20 39 25
25 24 41
21 4 23
8 20 7
37 3 33
46 24 5
17 42 2
33 18 28
33 7 26
41 48 3
45 23 42
41 40 41
33 9 17
13 33 6
18 7 15
9 26 42
45 32 6
42 11 37
43 4 32
47 41 9
32 26 39
24 2 22
18 19 19
37 8 44
45 41 25
36 32 47
41 4 15
5 38 11
9 21 8
40 47 30
11 16 8
14 26 4
19 2 25
38 6 17
15 26 30
33 10 43
35 31 40
8 48 12
4 19 24
22 28 12
12 33 32
29 31 32
16 24 37
31 32 24
39 9 3
5 22 1
16 35 16
12 30 31
18 11 6
12 28 44
47 17 26
21 3 44
17 43 37
34 12 16
5 28 45
38 45 39
43 1 7
13 3 3
15 7 48
23 30 28
35 13 32
31 25 41
7 36 8
44 20 35
7 15 15
34 33 14
1 28 6
20 20 11
16 30 13
37 43 39
18 8 29
7 6 9
6 12 23
31 23 29
27 18 8
47 3 41
48 42 18
3 35 21
45 17 35
3 7 7
2 32 30
12 26 6
45 15 10
2 13 7
39 15 46
15 26 16
2 25 17
45 44 43
38 2 1
4 22 34
28 20 10
3 29 28
40 21 41
31 39 40
17 48 1
27 28 14
35 38 45
1 1 11
4 10 18
43 7 28
42 40 26
33 21 3
7 8 41
18 12 32
8 2 36
2 42 10
2 35 3
28 14 20
17 40 22
12 26 26
22 40 48
11 3 44
9 24 45
36 39 22
26 9 25
28 44 22
28 18 29
11 40 40
13 4 4
10 41 23
21 25 16
14 27 5
37 10 12
10 24 18
32 17 42
13 14 29
36 33 4
26 4 8
28 34 9
4 39 16
32 34 29
20 30 27
9 33 8
45 27 3
19 3 39
21 2 34
16 20 28
27 24 11
29 28 20
44 36 25
34 2 18
7 6 39
43 41 46
43 27 22
27 4 48
10 31 33
5 2 36
25 31 15
3 12 39
46 11 15
13 39 6
35 15 41
35 24 22
39 45 48
33 25 2
3 13 30
19 35 43
29 36 42
13 24 13
32 18 1
17 7 31
14 27 25
23 30 17
27 40 44
29 8 38
33 23 4
29 13 23
18 9 34
42 30 29
9 25 33
13 15 41
43 29 38
42 48 35
39 28 36
30 36 44
9 7 12
22 32 29
26 23 28
8 17 23
11 38 4
29 48 9
46 13 43
31 47 9
5 25 32
6 48 5
31 44 44
9 4 21
4 38 32
28 31 42
13 21 47
38 11 13
23 17 10
13 32 35
28 37 18
36 5 37
13 40 48
7 39 32
14 46 2
47 43 45
36 46 15
40 5 3
17 25 20
43 21 39
31 48 30
2 43 37
23 39 33
45 28 27
34 26 38
13 19 43
31 13 28
2 9 6
26 39 32
16 41 36
7 34 1
40 2 27
44 46 2
43 44 42
6 14 27
34 24 45
5 2 39
42 47 37
16 5 9
8 47 25
22 46 9
32 41 9
24 25 22
47 33 38
23 29 7
2 28 5
19 3 38
5 42 20
48 42 26
10 44 18
22 8 13
4 25 21
25 48 25
44 4 30
4 13 13
16 31 29
47 34 10
38 43 30
48 45 9
23 23 22
33 31 24
36 13 15
30 30 48
32 10 27
31 47 6
35 45 5
22 23 40
8 43 22
10 42 43
47 20 27
11 11 21
25 12 20
13 22 7
4 32 41
37 43 22
16 46 13
33 36 23
17 3 36
47 21 20
16 44 8
47 4 40
19 5 1
39 3 17
46 31 24
41 24 14
44 29 47
27 31 12
24 36 32
24 19 23
6 27 47
18 15 30
23 12 5
1 10 28
17 39 22
28 41 17
26 14 17
12 45 42
9 6 13
29 16 27
7 29 2
11 25 30
41 38 48
29 12 24
39 35 5
16 36 48
41 21 43
40 14 42
13 39 46
15 33 5
35 38 18
48 7 21
38 25 34
14 16 42
19 9 19
26 31 22
20 34 32
33 32 4
26 20 14
22 43 47
40 5 32
5 12 43
21 27 16
19 1 4
15 5 18
26 6 30
19 4 43
26 48 1
26 37 25
25 33 9
9 3 8
41 5 39
3 13 26
9 8 31
39 47 28
47 10 38
19 14 41
35 1 23
32 21 20
4 38 38
43 3 38
39 47 27
37 10 5
48 13 2
6 8 48
1 19 45
9 12 45
12 46 40
14 12 16
6 38 18
23 11 23
15 23 16
41 21 23
45 11 41
16 48 17
24 24 39
23 42 19
14 7 5
29 23 11
27 23 29
33 44 7
29 25 29
32 17 14
29 34 8
35 27 15
39 41 44
40 6 25
21 31 22
35 48 33
14 18 17
39 4 20
32 7 11
17 32 27
44 33 30
8 9 5
34 15 4
1 41 28
27 33 25
9 47 48
43 19 3
11 41 46
30 34 38
5 12 12
12 6 2
15 15 2
39 21 40
36 18 24
41 13 35
1 12 20
20 1 1
23 25 13
5 10 33
4 7 48
31 19 14
45 5 35
46 15 5
22 34 26
47 32 23
21 3 4
23 42 11
31 30 14
5 25 19
14 26 39
24 42 38
28 15 10
19 5 39
3 1 46
7 15 47
37 22 38
24 6 7
23 42 28
46 27 31
16 24 4
17 4 10
15 26 47
5 10 38
22 15 32
19 22 4
30 19 29
14 21 45
11 39 30
11 46 18
48 26 10
9 14 25
42 16 30
13 35 8
10 45 28
20 31 28
20 29 41
6 43 37
35 20 29
6 7 9
27 44 33
5 2 24
17 26 34
7 11 42
14 39 15
35 5 31
32 18 17
7 34 38
27 17 41
40 4 17
39 32 17
39 47 7
20 38 1
6 10 8
25 48 1
7 3 48
16 12 46
46 30 39
2 37 18
43 1 20
17 35 30
32 36 4
34 4 25
19 37 34
34 16 1
12 30 44
16 36 22
30 45 44
20 14 31
35 22 31
22 44 10
3 43 19
10 20 26
11 42 16
10 6 14
12 12 32
34 36 11
38 11 43
24 2 35
36 40 32
12 2 32
30 36 15
21 45 27
40 34 40
5 39 28
14 42 7
3 3 23
17 5 14
34 36 28
41 11 27
6 15 27
3 28 32
47 48 37
28 15 17
36 38 33
11 34 38
18 26 29
11 48 17
1 21 48
41 5 11
7 42 37
14 2 30
14 31 41
8 14 16
18 3 35
3 3 7
30 18 27
7 12 5
25 12 28
46 11 23
29 6 2
27 15 29
4 44 20
5 5 11
27 43 27
35 1 38
39 46 26
41 10 5
14 32 36
29 11 25
33 43 12
20 15 4
8 23 38
15 31 34
5 44 47
4 9 47
36 41 27
22 37 25
42 19 28
41 38 4
40 42 7
36 42 3
35 28 30
22 26 4
20 20 35
16 11 19
31 12 46
8 46 26
2 14 30
20 38 20
16 37 8
40 10 18
8 14 46
21 25 14
9 37 8
24 44 15
39 48 39
27 8 12
10 11 3
15 5 47
4 34 25
10 7 38
16 15 42
33 30 3
32 48 46
2 12 9
34 41 43
34 44 20
46 17 17
48 30 40
36 36 39
2 2 22
36 14 28
16 35 26
34 9 43
32 42 16
19 12 48
2 14 24
48 25 1
9 25 23
45 7 37
26 33 43
43 43 23
36 21 10
17 26 44
24 16 4
6 29 27
6 29 11
44 32 23
1 13 31
38 33 23
20 47 26
17 46 24
35 12 32
4 21 47
37 29 13
15 19 13
20 37 38
7 14 13
5 7 24
35 34 23
9 14 34
32 15 26
5 24 2
4 41 15
47 24 48
11 28 18
28 47 33
7 41 16
24 7 44
11 22 44
11 40 46
33 25 5
29 10 37
36 17 26
7 28 26
24 45 43
20 26 7
15 45 23
42 35 43
8 10 26
37 14 12
27 14 21
13 22 26
8 27 20
48 14 4
25 8 29
39 5 47
4 21 48
32 32 32
26 14 45
21 29 3
24 36 38
34 43 9
36 34 31
20 26 20
18 36 39
18 30 12
9 26 21
28 5 9
36 7 32
43 23 18
26 5 18
11 6 35
4 17 28
35 48 3
30 41 10
9 20 20
7 42 25
14 40 32
25 20 29
22 4 41
32 20 11
1 21 29
37 7 9
47 31 46
34 44 34
14 10 22
3 14 9
20 30 6
27 46 33
23 11 35
31 47 10
44 34 6
10 38 18
7 17 36
20 33 4
20 17 21
37 15 48
38 21 26
6 5 19
7 18 44
21 3 18
43 5 41
22 42 21
40 48 35
40 26 5
43 2 10
1 31 32
48 15 19
29 41 17
29 1 44
17 21 27
31 41 30
23 18 48
9 33 13
20 11 31
24 19 46
5 11 27
35 44 5
37 38 17
30 18 16
40 44 48
1 12 10
22 26 17
13 8 20
17 37 29
29 19 38
3 42 46
11 1 11
39 3 24
18 1 21
24 17 45
12 17 5
39 26 32
48 36 15
40 14 17
21 33 18
2 2 46
37 36 10
25 31 40
38 26 17
22 15 23
19 48 30
36 33 29
29 23 9
43 23 7
25 45 19
21 46 20
22 42 16
39 19 15
40 1 26
40 41 8
41 28 35
45 29 25
7 36 44
1 37 6
2 30 25
40 22 38
45 27 33
2 39 48
48 23 33
23 35 16
7 27 11
27 2 9
14 40 44
24 3 14
23 34 45
38 48 6
20 7 37
48 15 44
48 43 43
14 33 48
43 27 3
11 34 15
36 10 26
32 9 39
6 46 14
1 34 12
2 41 33
2 14 1
12 30 16
18 5 42
19 39 47
19 34 30
40 23 26
30 34 3
18 19 32
48 31 32
4 17 12
42 39 8
35 28 41
36 26 14
5 4 42
28 39 22
19 20 42
32 23 42
31 28 28
20 17 3
15 25 14
3 29 20
44 42 36
37 8 4
6 2 6
31 42 17
6 22 12
7 36 31
31 2 31
20 39 29
8 20 11
21 25 6
20 7 21
38 43 8
28 24 10
27 27 5
31 33 16
15 11 17
16 33 41
43 19 42
25 6 8
37 7 45
42 2 32
18 44 14
20 7 19
1 25 9
42 40 13
21 14 39
27 24 11
12 10 8
43 2 33
16 8 13
28 44 2
30 43 24
18 21 48
35 2 13
6 13 37
32 3 31
34 11 41
47 29 24
11 44 9
6 10 26
39 24 42
10 28 18
15 43 23
13 7 28
45 11 3
8 46 28
25 13 29
17 2 40
46 29 21
10 23 12
4 20 13
28 35 7
34 12 6
47 21 28
13 48 44
22 47 23
26 9 10
8 31 2
47 9 9
32 29 5
9 37 35
38 7 22
32 22 46
43 18 20
47 30 30
16 30 12
13 40 17
46 48 9
21 45 34
38 16 35
10 16 17
18 47 17
33 9 4
46 28 42
42 30 3
29 43 4
21 39 40
46 38 2
14 27 6
28 18 40
35 7 5
12 34 2
17 40 28
48 16 36
33 19 39
40 43 30
48 16 15
8 25 38
22 17 3
28 7 10
3 14 43
39 34 31
9 43 33
16 39 30
35 15 5
4 35 25
46 20 35
12 36 45
42 11 22
30 9 38
20 37 6
31 42 33
42 48 35
20 15 41
29 39 17
43 24 45
48 12 48
15 45 6
48 44 38
6 7 5
15 16 27
23 33 41
41 46 23
34 12 38
13 32 36
46 16 31
46 23 28
28 26 9
31 14 28
35 27 46
45 5 37
32 7 40
41 8 31
17 35 9
17 42 48
40 25 14
12 47 45
25 36 18
42 3 45
48 31 43
20 31 38
37 16 26
6 26 8
12 3 19
33 38 34
29 29 12
19 27 21
48 44 43
41 14 27
25 1 12
4 5 35
19 6 24
19 35 17
21 17 41
7 24 35
33 21 26
41 9 9
15 4 7
11 25 29
28 13 45
11 31 24
2 39 24
9 43 32
23 38 44
22 32 38
42 37 41
11 19 32
40 19 21
15 18 11
6 35 21
25 12 23
43 33 42
18 2 26
17 41 1
23 37 4
9 16 3
35 35 33
17 42 24
39 21 39
39 12 40
18 5 23
6 17 18
1 42 47
1 12 29
12 4 25
7 2 12
9 25 4
41 38 43
1 2 11
26 8 25
32 47 20
12 40 2
6 39 11
26 25 36
22 11 9
44 5 31
6 25 40
33 8 11
1 23 39
17 24 4
18 12 36
20 19 7
40 33 29
8 23 29
2 13 19
18 11 7
3 17 4
1 6 23
40 45 43
46 15 2
12 14 1
42 32 14
3 22 24
34 35 26
14 6 21
10 3 37
38 22 2
37 38 20
18 22 41
17 34 4
37 28 43
12 34 9
43 1 12
8 12 30
19 18 38
48 37 18
22 18 23
44 28 21
5 18 44
38 37 34
35 9 22
10 33 6
34 45 43
26 18 42
27 5 1
25 37 36
2 25 12
19 18 38
19 14 36
18 37 35
21 40 5
25 4 2
10 43 9
4 4 3
14 26 30
45 9 3
25 5 33
28 1 26
37 7 6
8 14 12
37 41 14
35 10 30
20 18 11
35 32 26
21 48 26
19 3 10
44 32 38
37 47 1
14 44 11
39 14 43
1 23 30
40 38 45
44 3 46
14 21 46
21 20 8
29 32 12
38 5 37
16 40 28
11 1 1
27 30 23
35 7 23
42 26 14
27 6 37
22 32 1
34 37 38
28 10 44
5 23 17
12 2 24
5 39 19
20 24 28
34 40 21
20 43 17
15 42 25
3 32 27
24 7 37
24 40 8
46 33 32
11 9 26
22 1 25
21 40 39
36 15 3
12 13 4
32 4 16
13 13 38
35 29 47
21 15 26
19 2 21
13 23 43
18 2 24
37 37 31
39 9 38
22 15 33
2 32 40
40 31 36
10 43 29
10 3 36
7 41 9
32 38 27
47 23 2
17 39 17
2 48 19
29 3 41
36 32 37
47 41 18
32 42 23
43 29 13
42 18 18
19 28 4
36 42 5
28 25 26
18 2 11
7 41 25
31 44 6
21 33 41
45 35 1
26 32 46
39 26 24
6 5 24
6 40 39
4 34 41
16 2 7
36 39 37
9 43 47
42 23 36
30 2 37
4 30 7
23 4 40
40 24 48
18 38 22
44 41 30
42 33 22
9 18 44
20 25 32
30 44 21
30 28 10
14 11 13
6 9 25
46 5 37
34 35 3
35 14 34
22 43 20
35 23 38
23 11 17
10 22 31
20 2 1
31 11 46
38 47 9
7 21 40
28 27 37
48 39 40
10 36 23
30 45 30
8 3 37
29 1 18
20 35 6
7 22 15
2 18 32
7 30 36
10 13 22
37 10 3
12 44 9
26 13 32
17 11 32
28 17 10
39 37 31
22 6 22
43 36 23
1 44 15
40 44 19
17 39 46
34 37 32
43 7 25
6 46 46
36 39 38
48 25 13
20 40 40
38 8 34
15 27 37
17 4 25
41 4 16
1 29 43
7 48 12
41 10 2
10 37 46
14 47 27
34 34 7
38 16 1
17 6 34
9 31 39
40 42 27
37 17 8
8 22 12
46 25 17
4 8 26
47 25 37
16 46 1
46 3 33
29 28 3
20 32 12
24 2 42
41 3 15
44 31 2
45 21 16
16 33 12
3 9 24
28 27 33
45 39 19
44 46 38
8 33 16
35 7 10
18 47 39
40 19 16
23 10 25
10 47 3
42 8 16
34 37 37
38 10 39
22 6 6
43 34 43
29 2 18
34 7 38
12 14 4
17 47 41
45 13 47
23 31 29
4 15 33
1 43 19
29 18 21
36 28 37
10 32 1
16 15 36
28 18 4
34 45 30
48 8 9
12 28 9
44 16 27
24 4 39
30 24 15
9 9 41
2 35 25
11 29 20
16 17 35
46 4 44
1 45 20
1 1 48
39 13 45
37 40 43
47 37 12
4 42 35
28 4 2
36 39 32
35 37 35
20 11 12
40 28 3
19 11 29
28 24 25
45 32 16
42 9 14
2 14 26
46 38 23
9 35 41
48 21 38
43 48 3
22 42 39
6 4 19
4 2 15
28 35 25
43 47 26
12 36 21
42 28 45
11 18 24
40 42 10
33 42 5
11 24 24
9 45 28
48 9 32
2 29 41
39 19 16
34 8 48
36 24 38
22 28 19
21 45 35
1 30 3
47 21 45
22 28 14
27 27 10
26 1 28
5 38 42
2 13 29
9 45 21
40 41 23
2 19 33
8 24 3
10 44 13
32 21 19
34 42 18
31 34 14
41 22 4
2 48 33
4 10 27
20 28 39
11 4 34
46 45 9
2 14 23
23 36 43
27 34 32
43 45 25
12 34 12
39 26 3
41 36 29
47 11 4
42 20 42
28 28 38
15 14 14
38 40 45
47 23 44
27 3 8
40 34 36
29 3 36
37 10 17
14 9 41
14 42 39
36 19 19
12 28 46
11 22 5
29 16 44
24 6 9
29 32 7
44 8 44
23 10 37
47 25 32
44 33 48
42 46 24
20 25 32
18 39 4
3 35 13
37 11 37
16 4 20
3 38 22
42 25 12
40 1 47
19 45 46
12 20 4
33 4 24
35 8 21
46 7 20
44 3 14
30 14 3
29 31 9
31 11 39
32 48 22
35 8 1
21 40 13
12 13 34
12 6 11
5 23 8
24 12 11
14 2 34
48 44 5
24 41 28
41 9 36
2 25 9
15 30 36
28 48 26
16 19 17
25 39 34
21 43 44
35 22 46
3 10 30
32 45 14
35 24 45
34 4 3
24 17 23
3 23 8
12 30 16
3 17 40
30 11 8
27 28 12
5 47 10
22 28 19
40 33 38
36 13 11
34 45 43
48 20 10
42 29 16
28 7 40
20 29 35
34 12 16
8 4 7
32 38 40
4 37 11
34 4 44
41 7 42
41 35 21
41 6 36
16 13 17
39 14 11
2 26 44
32 48 12
32 12 44
7 13 30
14 1 6
20 13 14
20 20 18
2 42 32
3 15 3
35 33 9
22 23 7
31 10 8
12 22 35
21 30 46
35 4 48
29 47 42
47 6 36
32 44 17
42 29 16
43 17 34
31 30 29
1 31 47
14 34 39
36 35 14
48 1 32
32 26 40
12 16 10
16 29 35
32 39 24
32 32 8
48 16 39
16 46 20
18 39 44
9 9 46
45 23 30
1 42 31
39 39 26
1 4 34
13 30 41
41 32 29
16 8 26
3 24 16
26 24 41
15 24 42
40 18 47
24 33 1
41 30 28
8 15 30
2 23 5
29 13 39
44 10 34
44 30 7
17 36 40
36 22 3
15 42 43
8 13 33
6 24 14
12 7 1
5 41 33
16 7 41
23 4 3
17 32 45
32 26 22
36 45 20
48 7 35
43 11 35
33 24 22
35 22 41
35 30 40
39 31 38
13 36 2
16 16 46
45 46 48
18 6 28
20 48 29
42 11 39
40 48 17
31 2 17
26 6 36
22 41 44
35 10 21
3 44 46
1 13 34
38 43 40
9 37 17
32 6 39
44 16 40
32 36 7
38 44 32
4 40 13
18 34 31
4 46 10
6 47 3
22 15 35
31 47 35
9 30 48
12 28 46
43 42 35
40 13 48
5 32 12
46 42 18
33 19 24
1 35 24
7 46 12
30 20 46
26 9 40
35 9 37
40 40 9
28 2 10
23 23 7
29 38 12
17 17 23
21 34 6
41 19 16
11 18 27
6 23 13
35 18 26
21 40 46
9 18 30
13 4 29
25 47 41
27 37 39
41 22 19
12 45 4
9 20 41
11 8 18
24 40 24
26 22 14
9 4 36
31 15 33
3 33 11
32 34 29
6 24 14
7 21 4
34 18 13
10 25 15
13 45 6
46 21 8
38 39 31
38 2 10
8 44 5
27 9 44
39 33 21
42 12 3
15 14 42
5 24 37
44 30 1
18 17 48
22 16 8
3 22 35
37 41 44
26 47 24
4 22 17
24 16 12
19 7 17
45 35 11
48 43 48
18 42 20
47 26 42
39 2 25
17 38 47
9 44 27
4 28 41
37 19 20
32 37 7
3 41 10
33 30 17
22 34 22
39 37 16
32 40 28
41 4 33
21 46 32
7 1 46
39 1 47
44 7 38
5 15 36
18 30 24
46 22 36
6 9 2
35 37 43
47 15 44
44 15 2
23 26 26
26 47 37
16 40 41
22 31 9
42 10 26
37 42 28
9 14 9
48 23 7
20 27 24
9 29 27
23 32 15
11 5 47
37 36 37
16 13 11
16 29 48
45 12 12
28 43 16
37 38 24
9 35 28
3 42 18
31 31 26
4 28 19
17 32 42
14 5 1
6 20 21
31 44 32
35 46 36
21 22 5
26 33 25
8 14 48
5 17 20
42 32 46
3 44 17
27 34 43
11 21 6
46 5 18
16 27 29
28 42 22
2 30 23
38 34 5
13 17 28
44 5 11
21 37 21
29 33 14
5 30 23
9 44 26
31 11 23
12 34 6
4 15 7
4 29 42
31 36 35
31 36 23
26 48 39
13 36 44
18 42 30
14 42 27
12 42 3
45 35 47
18 32 36
46 14 26
44 44 12
16 28 4
8 48 12
5 22 23
37 39 1
6 37 33
28 11 7
18 29 32
28 45 42
7 20 47
6 45 11
30 14 19
40 2 48
15 48 21
43 18 2
11 22 35
1 48 21
24 21 20
36 2 24
42 8 33
27 20 14
6 29 2
14 37 13
27 7 22
33 23 37
20 6 9
46 30 34
36 34 18
24 11 38
33 47 26
43 22 43
30 34 9
17 7 30
38 10 9
11 2 2
33 19 43
21 20 5
44 48 37
23 35 39
18 24 48
5 40 36
14 34 15
44 8 21
43 8 21
37 31 44
2 6 11
9 28 8
32 17 23
38 35 14
25 23 1
47 9 18
26 32 47
27 26 46
7 41 2
27 36 17
22 20 30
5 1 2
20 34 18
27 18 10
28 17 42
12 25 8
9 44 47
19 39 20
27 14 5
16 5 35
25 11 10
21 26 11
27 2 1
13 23 18
25 9 48
36 30 3
36 9 30
42 21 44
28 4 10
33 21 8
3 36 12
40 34 11
22 41 20
17 3 37
1 15 33
40 36 47
17 46 33
25 14 35
45 46 14
41 15 6
3 25 17
36 3 11
13 18 6
36 17 41
37 21 3
21 6 30
17 45 18
14 28 9
3 44 35
44 39 28
32 44 7
4 31 41
3 22 22
34 46 31
27 38 25
42 25 29
30 23 20
28 26 38
15 14 5
45 25 2
31 15 10
25 44 27
38 30 38
37 19 46
5 40 16
37 6 25
7 19 36
23 12 14
38 8 25
12 8 16
18 2 44
15 24 39
11 31 3
11 25 43
37 21 36
44 32 33
2 23 32
42 40 6
40 17 4
17 33 31
3 40 7
8 20 30
40 28 32
6 30 36
15 26 18
31 27 38
48 11 5
14 27 21
27 34 20
27 22 3
30 10 26
42 44 32
27 44 16
22 5 7
37 11 18
22 21 38
20 31 44
28 39 15
19 25 46
28 44 45
45 42 39
15 43 2
26 23 14
27 44 32
27 23 30
43 7 7
30 25 7
42 10 16
1 36 22
28 13 9
2 40 21
44 19 9
36 14 7
41 19 22
40 43 6
36 18 34
36 17 11
47 39 17
3 11 10
20 42 28
47 44 18
7 39 27
2 41 44
38 14 29
29 33 5
39 12 28
48 28 1
16 8 3
4 27 35
22 23 14
44 45 3
16 30 42
22 39 15
29 27 10
44 1 27
39 37 38
37 16 18
46 38 44
45 8 17
3 12 29
43 20 37
36 40 29
23 44 35
43 35 14
19 42 15
43 28 17
29 37 5
6 7 5
46 16 18
42 25 26
23 28 29
27 45 14
33 29 37
42 33 22
39 47 14
12 20 16
26 40 19
33 9 16
24 5 45
4 10 38
25 27 24
41 40 1
22 27 1
39 32 20
3 18 29
9 20 18
4 4 15
9 28 37
18 15 24
36 45 7
12 6 39
19 9 38
28 45 42
3 3 47
1 29 1
8 48 9
8 5 5
21 6 8
14 13 30
48 22 47
45 37 46
41 48 14
43 1 39
47 48 21
16 36 35
11 41 24
44 6 34
27 33 27
4 17 17
39 13 32
42 35 6
40 28 7
15 40 31
21 43 15
18 32 5
12 1 42
35 4 36
14 6 35
35 10 2
24 11 7
34 31 20
40 33 5
35 38 15
22 37 48
39 6 35
33 22 47
25 42 23
24 34 35
10 25 34
11 11 8
44 42 46
6 4 21
36 39 19
19 18 13
3 4 40
4 39 27
30 36 42
31 28 21
5 12 25
5 35 14
7 35 35
2 47 17
18 18 36
27 47 15
42 21 26
43 25 40
13 30 20
31 23 10
19 2 25
42 15 20
31 25 7
33 14 21
46 25 39
39 2 11
9 46 38
48 24 22
6 23 7
45 12 32
21 41 26
14 35 19
13 35 41
18 27 11
12 7 39
27 46 15
7 46 46
37 40 35
45 13 44
1 17 18
46 15 3
33 38 1
30 15 6
12 21 34
45 41 13
34 38 4
34 35 37
24 14 6
1 30 27
25 3 42
16 13 2
18 31 28
10 17 47
30 43 17
25 43 9
19 37 42
41 11 38
8 35 27
32 32 6
27 24 5
13 29 2
36 37 33
36 39 15
32 18 17
37 39 18
10 12 14
5 19 26
31 12 26
17 44 16
21 1 37
34 33 6
43 21 26
9 47 19
7 27 17
22 10 24
29 30 17
30 8 46
13 18 29
3 45 30
42 45 1
41 43 1
5 13 31
36 26 33
21 10 11
40 29 46
46 35 27
22 18 34
7 48 3
43 12 42
19 33 11
30 39 42
45 27 44
35 2 21
30 35 21
35 26 11
5 2 7
44 26 13
8 16 30
2 14 3
47 32 18
24 24 27
35 33 10
39 37 19
39 10 40
38 44 37
40 27 2
13 47 26
23 47 25
4 35 38
31 17 29
46 15 20
21 23 33
45 27 9
42 2 11
22 38 44
13 38 18
38 31 21
15 39 47
16 10 43
4 41 33
23 7 16
7 19 9
16 11 5
25 21 7
32 46 20
18 45 10
11 18 6
5 31 35
41 44 16
28 15 6
28 24 7
10 21 39
1 42 16
32 40 33
20 20 46
45 26 48
14 26 35
30 38 39
31 22 12
46 44 44
22 23 46
14 33 6
35 37 29
39 31 28
2 20 2
2 19 43
34 18 38
2 1 33
6 29 19
23 7 6
27 42 7
22 44 16
31 32 4
17 44 43
36 7 36
40 38 18
44 19 46
5 32 7
45 5 22
43 26 3
11 21 5
42 3 10
1 21 26
25 20 18
16 37 17
25 7 48
42 2 47
4 33 26
45 38 45
25 41 30
28 30 43
40 5 30
38 21 34
29 18 26
34 28 26
28 9 17
2 39 3
13 1 5
23 47 37
45 16 18
8 15 16
37 35 1
33 41 4
48 1 3
46 34 19
17 8 48
43 13 13
48 40 13
33 15 43
3 3 4
11 1 32
39 16 11
19 35 28
3 44 32
48 41 36
47 33 38
31 5 25
45 27 15
33 22 45
28 1 6
42 29 28
8 32 28
38 43 40
38 35 48
43 6 40
28 11 13
22 21 5
14 3 27
44 21 10
10 6 47
6 33 30
20 1 24
19 42 10
19 41 39
41 15 38
44 34 28
41 26 13
31 29 25
12 41 5
15 26 15
8 23 27
8 29 38
30 11 11
20 24 33
32 17 46
18 44 9
2 48 21
45 31 14
47 47 4
4 5 5
8 33 22
11 11 34
13 25 17
33 19 17
14 22 22
36 34 23
11 2 3
38 11 14
26 42 12
38 32 31
43 24 41
16 27 9
32 14 42
15 37 29
44 46 46
33 16 37
3 4 39
26 15 32
12 12 31
17 3 31
6 29 26
6 5 28
32 16 12
30 40 30
20 29 32
31 46 19
19 9 42
20 37 36
31 33 21
6 37 15
10 28 20
15 29 16
24 36 38
24 26 38
12 33 42
27 48 24
1 28 23
36 48 25
10 15 47
1 32 21
17 42 35
22 36 38
22 13 32
33 10 23
17 29 5
16 32 3
20 47 9
22 24 11
31 13 21
46 5 12
21 27 28
47 2 16
36 31 27
20 3 13
36 31 15
1 38 13
28 38 6
7 41 23
46 12 40
16 43 22
5 24 36
42 25 43
4 11 46
28 34 2
20 48 21
2 2 10
35 16 21
28 7 27
5 40 16
46 8 35
15 11 22
27 28 8
14 1 7
30 21 35
23 47 3
19 29 12
41 10 22
47 28 38
28 46 40
47 23 9
17 17 46
34 20 43
10 2 31
8 36 7
7 36 43
6 30 43
7 10 39
5 28 22
19 32 24
22 12 33
24 8 48
13 31 23
40 38 35
21 32 45
44 36 31
10 13 22
11 36 38
45 31 36
24 15 31
34 30 1
24 3 8
25 12 24
37 27 8
28 31 5
8 37 11
39 41 26
10 16 14
21 34 18
42 46 27
14 38 4
34 38 2
25 38 39
23 16 30
9 2 27
40 41 37
48 10 6
18 26 14
18 41 15
2 1 28
7 34 46
27 31 15
14 41 47
19 26 5
24 42 44
40 36 43
41 25 23
6 48 17
23 47 20
10 8 38
10 44 12
1 21 40
19 36 48
1 47 2
46 30 38
41 6 39
23 35 17
33 16 45
15 40 10
43 47 25
5 7 48
11 36 3
29 17 48
5 24 13
13 27 33
1 16 6
34 11 45
37 42 40
3 18 12
44 24 3
13 5 28
11 1 7
34 45 37
47 35 36
26 5 41
22 26 13
45 28 16
36 15 30
9 39 21
47 1 14
12 33 12
33 7 21
31 42 11
38 12 21
32 1 13
32 40 48
11 10 41
26 42 22
44 40 36
15 2 6
6 8 36
16 36 11
3 31 15
42 14 30
39 34 1
17 36 19
44 8 16
3 34 15
16 47 11
47 2 9
43 3 19
26 24 14
36 42 39
2 31 14
14 28 25
33 4 14
45 21 17
46 39 45
3 11 12
28 48 10
7 14 37
12 26 38
13 47 33
11 46 44
9 10 22
45 7 41
16 26 27
25 25 4
41 32 33
47 12 1
30 13 18
29 22 6
12 41 37
10 47 45
14 29 35
26 26 39
12 23 40
25 30 21
19 37 38
15 9 8
42 5 10
33 29 21
11 31 16
13 13 48
15 44 9
15 6 17
30 33 36
24 35 31
39 20 23
23 48 5
35 5 46
46 19 32
15 26 43
7 45 46
22 36 31
47 34 11
8 9 30
46 34 12
41 41 14
31 7 4
20 32 21
6 33 12
5 3 3
45 46 5
26 26 33
23 44 5
18 18 45
33 42 24
21 13 6
24 20 25
4 10 31
42 18 27
46 46 2
19 22 39
47 15 48
21 36 47
15 35 8
12 5 8
29 14 21
40 2 34
37 11 13
5 22 41
3 28 45
7 19 48
37 11 26
37 41 46
20 46 45
48 42 11
15 1 36
45 29 41
41 38 5
9 32 45
12 16 8
5 40 2
40 31 4
13 4 22
29 26 22
20 25 23
43 18 9
39 38 38
13 19 36
4 46 9
45 14 7
31 27 35
36 26 33
11 13 3
31 26 17
11 4 14
25 7 5
8 5 23
6 43 4
24 9 2
19 6 41
15 20 27
31 31 38
14 1 18
13 45 4
26 29 41
37 11 8
39 13 14
12 1 45
17 1 34
5 4 29
28 4 24
35 8 35
8 15 35
30 5 22
42 34 11
41 37 25
36 18 37
40 20 29
6 29 39
39 24 13
11 32 30
40 34 6
25 9 15
15 25 8
47 42 45
46 26 10
34 16 23
36 4 10
4 25 40
8 37 23
39 26 20
45 40 4
9 20 24
17 31 42
18 31 35
38 41 1
15 35 13
5 44 30
29 45 16
9 22 17
44 29 44
1 32 31
18 37 28
22 19 37
2 15 35
27 5 30
4 3 40
32 48 16
46 20 9
12 2 2
26 25 17
6 38 26
39 40 32
10 3 34
10 45 27
42 16 9
27 33 14
6 34 12
48 44 21
29 45 10
47 31 32
23 29 37
30 34 3
44 30 31
45 13 34
42 34 11
1 4 22
18 17 17
29 18 32
34 46 13
5 34 34
6 16 18
14 44 13
35 35 29
23 5 2
46 33 29
48 38 30
31 28 33
19 47 19
43 5 15
23 20 31
39 10 5
25 2 36
47 36 22
30 26 45
7 16 1
17 29 1
32 42 35
7 43 42
39 43 35
20 34 40
48 4 37
22 36 2
37 22 16
46 14 29
18 18 28
19 36 42
6 34 12
29 13 2
37 44 38
24 27 44
12 39 14
24 45 7
9 5 43
36 13 29
17 38 47
18 7 15
8 2 18
19 44 22
22 2 44
24 40 46
38 20 32
8 16 32
30 2 20
21 34 27
38 45 38
41 37 29
1 35 44
17 5 20
46 5 40
20 40 44
26 14 25
19 48 19
4 38 4
26 18 34
13 43 46
13 14 25
37 38 47
29 40 41
45 45 6
29 27 42
41 37 40
44 14 38
30 46 43
7 28 31
36 40 2
30 46 2
45 44 24
44 27 30
34 3 48
23 15 6
23 37 36
25 10 26
4 47 44
45 9 3
39 37 21
27 26 33
32 17 15
4 18 30
48 14 9
40 36 29
45 3 46
44 18 9
29 39 43
6 16 26
13 34 42
24 6 29
37 47 48
13 27 27
17 35 36
37 23 4
6 24 31
44 15 2
46 15 31
35 23 19
28 29 4
11 24 11
44 44 40
19 30 17
14 16 11
30 48 6
37 48 3
6 46 24
26 35 19
12 35 48
18 6 45
31 30 16
1 15 43
47 16 15
4 44 40
7 26 20
8 30 28
46 26 1
47 42 33
27 13 6
17 48 16
16 27 41
23 3 29
23 16 41
1 46 40
38 20 45
4 18 25
4 44 37
22 44 4
29 44 22
27 43 11
29 3 17
24 35 32
13 5 1
42 39 23
47 2 8
26 30 3
46 3 27
4 9 25
21 19 10
24 21 37
13 15 28
47 36 37
10 10 20
38 34 24
35 40 1
46 1 11
43 7 48
15 10 25
29 39 36
38 30 6
33 4 5
10 9 4
33 36 25
35 8 19
14 41 6
13 26 43
6 35 18
18 16 13
9 26 6
14 28 18
5 37 5
45 31 39
25 1 7
8 4 40
17 34 36
4 26 9
45 44 45
30 7 44
3 29 18
32 45 13
18 10 45
44 29 10
39 46 5
5 4 37
24 20 32
35 6 18
10 9 15
27 33 14
23 48 36
17 39 7
37 23 45
17 15 19
13 35 2
43 6 19
16 36 33
33 39 23
26 30 43
45 18 28
41 30 45
28 1 1
47 47 23
39 6 3
10 12 46
45 31 11
13 42 20
25 48 16
43 45 30
10 9 38
27 7 25
39 19 38
5 2 3
43 33 30
10 27 27
20 19 1
34 12 14
9 34 37
31 16 1
46 16 3
20 13 2
8 19 32
1 26 7
18 21 40
10 40 39
34 25 17
41 39 10
15 45 35
28 42 10
30 20 22
32 45 25
41 42 33
13 44 12
1 37 5
26 34 33
47 20 15
37 17 41
43 9 12
36 21 15
1 48 2
4 2 22
3 30 41
2 18 13
47 35 20
37 8 8
26 22 43
19 11 17
38 2 17
37 5 33
39 13 2
7 42 19
18 12 41
29 40 32
13 38 34
20 44 31
2 33 20
41 26 48
22 12 44
30 36 28
9 23 45
42 42 17
40 41 46
20 8 40
2 31 30
17 11 36
7 32 1
33 5 19
2 1 12
7 20 5
47 1 42
23 2 1
5 40 18
37 17 41
6 3 31
18 25 24
9 35 27
8 34 47
17 42 40
33 20 30
25 3 8
8 16 37
17 9 37
45 43 18
44 9 46
45 30 9
48 31 2
28 33 11
45 5 19
12 16 35
36 1 31
6 22 30
23 24 12
16 24 40
41 24 26
31 11 28
26 29 32
31 21 19
13 17 15
35 29 43
36 18 48
21 3 33
39 12 43
2 2 7
35 9 37
42 34 29
18 34 48
30 44 36
16 19 12
18 7 6
9 1 39
34 2 27
44 31 2
16 8 38
19 48 47
20 37 31
3 42 14
31 11 19
12 38 2
31 25 20
16 30 44
28 45 17
45 46 46
4 5 45
26 27 12
16 47 39
8 6 14
27 8 5
40 33 47
28 12 32
22 37 33
36 23 13
8 37 8
10 3 29
27 31 47
32 11 10
20 8 28
45 9 24
5 10 33
33 20 11
14 39 16
11 48 35
23 27 2
6 27 47
39 37 20
27 24 23
48 20 9
16 2 48
13 34 28
22 29 36
30 31 25
29 19 5
13 43 35
7 7 21
43 30 12
4 28 28
39 45 33
36 6 37
43 25 14
15 34 42
36 39 7
11 39 1
24 43 11
36 12 22
22 38 29
48 16 38
28 34 38
32 13 16
8 45 21
14 27 15
1 21 44
19 40 6
41 1 17
2 10 48
41 11 6
47 36 35
33 8 16
41 44 29
5 26 41
34 20 15
42 45 48
45 21 10
45 42 28
39 30 32
3 17 5
44 28 38
44 2 15
46 41 10
5 13 8
26 2 18
4 35 8
39 7 30
2 4 40
22 16 7
42 32 16
8 39 13
27 18 4
13 14 31
17 33 15
47 19 28
19 5 38
2 43 26
30 48 1
36 8 3
7 4 37
10 28 28
1 35 6
23 22 18
23 30 2
45 10 39
9 14 45
26 24 28
6 2 23
7 15 5
41 16 2
10 9 48
32 15 5
22 17 25
24 46 16
29 28 35
32 2 16
24 16 32
48 40 1
27 13 40
22 11 38
37 20 2
11 39 28
46 2 45
12 15 26
17 20 19
19 37 24
12 22 29
26 34 28
47 46 11
14 29 24
12 23 25
40 43 33
33 46 31
34 21 9
45 28 40
33 38 38
43 9 4
47 44 20
44 1 33
21 32 41
18 44 10
20 11 14
23 38 10
22 37 30
24 31 5
21 46 6
27 26 1
21 37 39
7 1 33
39 48 7
44 10 26
15 37 42
26 41 45
12 47 29
14 23 27
24 43 8
30 35 5
30 33 8
48 29 1
24 32 48
21 33 2
36 29 31
40 15 24
9 46 1
34 42 14
38 26 27
22 43 1
2 23 15
24 9 27
13 48 16
15 14 11
43 33 11
25 7 21
13 38 43
8 15 15
38 18 28
25 43 21
2 42 44
37 41 23
9 15 22
7 42 43
23 41 1
32 31 29
28 25 10
20 24 1
10 5 19
40 5 39
6 20 19
31 1 6
36 28 41
30 35 17
19 32 31
44 5 42
40 16 17
43 35 15
45 48 17
12 30 44
37 46 29
13 36 34
42 45 34
43 6 36
25 40 19
40 16 21
34 9 31
17 26 6
11 18 9
26 13 17
23 18 26
12 26 10
47 7 41
6 4 39
23 47 18
3 2 21
33 5 14
14 35 12
9 20 17
38 24 47
41 21 4
38 38 2
46 8 16
31 5 12
31 46 32
1 45 31
48 8 5
48 12 33
43 16 32
18 1 22
3 46 12
43 42 30
27 18 19
2 41 31
42 44 11
46 7 47
26 5 41
24 18 14
8 27 48
17 33 18
36 13 26
8 33 40
6 35 36
42 15 47
27 24 13
8 42 47
8 36 42
39 24 1
10 22 1
46 34 38
35 15 25
8 30 33
19 15 18
24 36 10
4 25 38
20 5 5
31 39 16
25 48 21
28 22 7
28 16 7
28 47 36
24 14 42
16 24 25
39 8 25
1 48 37
46 42 39
30 4 1
36 37 37
30 9 19
28 21 3
24 30 21
23 17 39
22 9 41
5 47 36
34 5 1
35 7 11
45 44 16
3 16 47
10 15 1
19 29 41
22 2 14
11 22 33
19 33 14
20 5 4
40 45 26
18 29 24
30 13 44
38 2 44
43 19 40
46 4 40
47 22 45
2 12 35
19 24 23
1 23 18
6 8 8
10 4 1
36 34 13
20 31 26
9 29 38
43 46 33
45 9 25
7 41 4
28 27 44
45 23 30
44 36 39
46 6 2
4 34 12
11 24 16
27 30 28
19 39 12
6 17 44
28 47 13
21 5 13
11 44 1
33 43 11
27 36 42
7 4 6
9 10 2
35 5 32
9 28 17
34 20 43
47 17 41
34 32 42
46 29 16
45 15 3
25 13 23
48 25 39
40 32 36
8 13 30
27 10 28
24 45 27
40 22 23
26 5 39
24 3 5
45 36 36
19 26 28
8 29 22
30 2 7
23 22 29
39 23 10
2 40 17
20 39 42
30 3 31
7 6 42
3 19 21
8 12 31
11 38 12
39 48 20
23 46 11
45 28 29
37 27 26
24 8 20
24 25 35
16 12 30
36 11 35
39 22 10
40 14 14
23 28 38
48 21 25
26 7 26
22 11 23
39 28 3
35 32 35
40 33 25
17 36 14
47 44 13
35 47 28
18 15 19
32 4 12
2 36 33
41 41 19
32 22 25
11 1 40
24 1 26
47 37 46
42 40 44
30 29 22
14 9 44
37 28 7
18 44 27
15 29 33
21 20 26
16 20 17
35 39 28
26 37 43
19 13 20
7 13 36
28 40 43
22 37 45
36 3 46
4 13 10
34 5 23
11 35 39
43 8 18
23 16 1
40 46 37
3 38 23
25 43 41
39 5 29
48 8 30
22 3 26
10 6 4
10 3 25
29 21 2
14 19 42
10 13 11
15 10 15
14 8 34
43 31 39
32 3 25
33 15 45
40 19 34
27 36 24
26 46 2
39 29 19
12 26 28
27 14 32
11 13 4
18 22 38
13 32 40
21 17 2
9 26 14
28 26 36
18 48 42
41 33 16
41 26 30
7 30 26
26 29 5
16 10 9
10 22 30
19 13 30
1 44 21
15 40 11
14 14 23
32 46 11
15 1 2
29 20 31
8 40 7
19 24 6
7 43 9
36 21 17
16 30 15
37 42 46
23 14 27
1 34 34
24 11 21
10 19 35
23 10 16
35 40 1
41 34 22
8 32 47
2 34 28
16 4 17
9 8 40
1 23 48
3 46 42
20 47 15
30 46 36
8 29 43
3 19 22
39 31 25
35 29 22
10 47 26
18 41 32
8 42 21
41 20 18
13 39 45
35 34 39
17 7 31
41 14 8
18 46 24
44 39 38
27 17 10
6 48 23
3 19 9
8 38 17
16 44 5
27 37 16
5 42 16
20 30 4
14 26 35
3 32 32
27 32 45
47 25 37
24 8 21
20 17 21
33 27 9
23 14 10
2 6 26
32 36 12
20 15 44
41 17 26
44 39 45
38 32 41
44 33 45
4 16 8
46 21 46
23 46 25
34 26 21
39 12 1
37 47 14
30 28 12
41 40 40
24 6 28
14 9 24
6 47 36
28 26 41
16 18 1
4 40 26
44 46 38
27 29 14
31 47 37
33 46 17
3 35 8
25 16 14
1 15 3
18 29 30
10 37 33
30 11 4
47 21 14
45 46 16
29 19 43
7 10 3
14 33 25
47 38 37
24 26 18
13 46 25
11 7 21
40 23 3
35 23 26
19 25 10
25 44 33
12 46 39
48 3 38
26 3 43
31 35 20
9 32 39
4 48 14
47 2 18
4 34 3
32 6 1
27 45 39
7 17 27
24 17 38
37 17 19
39 45 11
42 40 16
36 32 9
23 37 23
41 6 20
7 43 25
11 40 14
37 16 3
40 6 19
26 21 26
21 29 42
44 14 39
45 35 36
40 11 32
9 18 27
39 8 7
19 18 43
33 8 28
23 17 1
12 10 1
34 38 25
40 13 13
45 47 17
40 6 42
16 24 28
40 13 11
1 41 30
22 33 23
15 35 17
46 21 32
31 21 4
24 35 3
2 39 21
5 38 28
8 47 33
31 29 10
2 15 27
4 21 44
7 26 29
4 26 43
11 18 22
19 43 24
8 4 28
19 24 27
2 21 10
30 12 8
21 5 3
18 1 14
19 3 48
14 38 30
33 42 18
20 41 3
35 5 36
9 1 46
12 25 45
30 21 6
19 31 9
24 2 18
40 31 28
28 20 19
32 25 19
17 3 1
14 11 5
23 21 46
9 31 47
15 28 47
39 30 48
27 38 13
15 38 9
8 1 35
20 16 38
2 27 26
33 39 13
25 8 23
32 8 44
15 45 12
37 46 47
11 10 19
27 41 10
44 34 40
45 3 24
30 46 22
2 48 47
45 44 29
39 14 24
37 34 42
41 20 6
44 31 19
44 39 10
45 36 37
19 26 33
2 30 24
10 10 32
14 48 37
29 39 23
14 33 6
17 16 38
35 24 19
34 1 18
41 30 3
2 38 47
20 22 36
24 20 15
23 34 16
16 45 8
6 48 27
16 27 30
44 9 28
32 3 38
47 41 5
6 7 12
44 8 27
21 20 45
6 5 33
39 22 4
6 27 31
6 7 43
11 36 30
42 2 38
16 9 31
2 18 24
40 44 15
36 41 48
2 6 1
19 6 35
32 31 21
45 34 11
28 32 28
4 14 48
8 8 46
12 14 17
30 14 25
14 4 27
23 34 8
3 33 42
17 7 33
45 38 38
30 29 45
1 40 14
23 15 17
9 41 47
10 25 26
27 14 4
9 26 12
16 44 40
29 31 38
7 14 35
11 20 9
41 36 17
44 20 47
5 30 6
38 41 40
40 46 39
1 34 23
2 28 21
17 44 19
7 21 4
36 31 1
18 35 38
40 34 23
27 26 31
40 32 41
2 24 14
36 31 24
31 4 39
27 29 45
46 18 29
22 23 34
5 36 8
1 21 40
24 32 48
48 12 37
8 29 6
7 48 23
4 20 40
30 27 1
27 44 16
42 18 21
29 19 6
12 3 13
8 36 36
46 30 44
31 42 34
13 1 14
34 27 30
8 15 40
31 38 19
33 44 29
11 14 16
5 37 19
32 30 29
21 6 17
9 15 23
26 1 32
8 13 1
43 14 21
11 43 32
39 41 29
45 29 30
2 44 13
48 48 1
28 42 38
45 44 34
43 13 22
8 5 17
45 40 45
9 36 34
19 48 39
4 32 24
47 1 7
14 2 6
29 45 13
12 27 31
28 23 37
5 31 18
35 47 25
9 44 34
35 43 6
17 48 39
19 36 16
24 4 2
32 38 44
15 12 45
31 13 23
26 40 22
20 43 1
16 2 1
35 23 44
1 48 18
6 48 28
47 6 26
36 33 42
44 17 30
12 7 27
20 15 11
11 17 14
27 43 1
27 38 24
43 44 44
33 40 37
11 27 40
39 2 9
38 38 2
2 31 24
33 30 5
38 19 34
47 12 22
35 35 12
41 3 2
35 17 28
44 26 10
46 21 40
38 33 10
6 1 48
18 37 9
30 41 31
21 45 48
4 13 18
10 9 31
18 15 26
28 34 11
12 40 20
14 5 35
37 11 40
34 39 15
17 28 45
18 11 20
42 5 27
40 35 16
35 5 44
11 37 38
38 28 9
23 21 21
13 40 15
17 29 6
6 3 19
22 46 7
11 18 4
10 4 46
16 14 24
19 23 2
6 14 10
48 38 32
24 41 17
22 15 15
3 1 22
27 12 48
29 45 28
15 3 45
20 8 33
18 25 4
20 5 32
8 38 28
25 33 13
17 30 23
20 46 22
37 23 18
29 15 24
17 5 31
3 16 47
37 23 10
38 11 30
20 20 43
34 15 21
5 33 1
6 41 42
42 44 31
19 19 12
16 16 26
24 36 26
1 29 10
36 6 9
39 46 40
37 7 25
33 29 22
1 10 43
39 32 9
30 37 39
31 9 43
5 45 35
47 34 26
42 23 18
7 21 33
38 46 5
7 44 5
26 11 20
39 21 38
30 27 4
4 15 39
8 32 32
23 44 9
42 21 20
10 1 3
12 16 28
35 17 3
30 10 24
44 45 21
8 40 39
13 17 47
34 37 43
36 8 7
18 45 31
15 30 36
18 47 42
21 22 27
37 14 46
19 27 19
33 39 48
37 23 6
8 24 43
6 38 18
14 32 47
10 17 23
32 41 38
13 35 9
22 16 46
31 33 46
36 3 15
13 35 34
20 43 25
27 35 8
32 47 6
40 40 15
26 8 32
46 31 35
26 47 39
10 21 30
34 18 1
31 15 14
40 36 31
41 29 23
42 20 18
42 10 8
46 41 20
12 19 38
22 25 29
35 21 23
14 37 25
34 11 14
46 36 28
11 6 46
45 19 6
18 1 47
11 41 5
21 20 5
15 33 8
25 43 46
39 20 24
24 18 9
7 1 5
31 36 46
1 33 25
24 39 9
33 5 13
13 41 31
8 24 47
37 9 41
11 47 11
13 4 43
36 46 47
26 24 34
47 15 30
8 34 22
9 35 36
7 20 10
48 38 21
34 32 13
34 10 2
35 42 2
6 13 14
42 26 22
48 1 45
10 25 1
41 13 16
31 23 37
35 45 45
12 30 27
3 5 15
13 21 24
5 48 12
40 44 1
30 6 17
44 2 11
4 29 11
19 26 47
21 47 30
46 47 43
39 48 31
16 22 15
26 41 43
17 29 31
10 5 40
17 37 18
41 6 45
38 43 8
41 40 27
8 27 43
8 19 46
40 3 17
24 8 37
26 25 45
21 8 7
13 19 25
11 5 20
1 7 19
22 20 47
39 43 13
8 5 21
26 40 40
28 10 7
27 14 14
3 46 8
44 24 34
14 4 28
1 39 22
47 25 31
27 48 24
5 24 2
46 41 31
7 46 48
39 4 29
20 15 26
48 36 13
8 31 5
20 40 46
9 11 8
7 33 17
28 3 42
25 31 17
44 45 31
47 6 3
16 18 41
2 42 7
9 10 3
46 6 10
17 5 43
38 23 34
9 30 44
39 1 45
32 21 12
37 36 44
27 47 27
48 47 36
34 45 32
31 24 40
24 21 7
28 47 18
7 18 5
38 34 15
33 1 19
26 21 22
1 45 18
17 28 33
5 17 1
19 33 16
24 23 4
15 15 47
9 5 41
2 26 31
47 13 20
13 27 42
25 28 19
3 5 45
24 28 44
39 19 45
1 38 25
47 21 20
42 10 33
41 24 25
19 3 9
30 2 14
10 44 28
34 31 46
26 22 11
18 30 5
43 7 29
29 38 42
31 36 23
29 42 13
24 25 36
19 46 42
13 41 16
28 29 8
25 36 12
32 37 14
11 18 2
38 4 16
10 35 16
11 12 42
4 17 13
4 13 5
48 33 10
41 35 43
42 42 30
18 2 27
18 35 43
4 8 41
39 23 24
44 33 16
47 34 11
35 15 2
43 17 41
4 48 6
26 33 17
7 20 15
19 8 34
47 7 22
43 7 22
19 27 20
11 38 4
1 30 8
33 25 20
25 24 34
42 3 39
9 13 10
33 24 44
46 48 15
5 22 5
6 28 40
16 12 18
1 36 30
5 31 4
1 3 8
14 38 28
32 35 47
25 19 37
3 34 2
26 2 37
4 40 18
2 22 5
29 23 26
18 22 32
21 44 16
11 39 3
12 33 33
43 14 36
44 42 22
43 12 20
26 5 42
25 46 19
16 33 2
28 30 20
30 42 40
4 35 23
35 47 15
27 8 9
37 13 13
34 27 48
38 42 25
40 17 9
14 17 7
43 35 33
38 44 3
30 34 9
32 10 32
23 18 27
32 6 40
25 4 9
44 45 13
9 43 32
29 13 37
14 23 45
36 46 31
29 17 44
8 14 25
9 24 1
21 14 15
15 12 29
13 35 28
43 32 41
36 16 31
21 26 16
4 29 42
30 6 39
20 9 42
30 46 8
26 33 15
33 12 20
45 28 11
48 5 30
2 26 16
8 2 26
15 11 4
12 47 39
42 15 38
47 11 23
34 23 11
26 10 34
9 5 13
23 30 38
5 43 9
8 2 36
16 45 13
41 21 13
12 2 14
16 2 37
36 21 1
7 32 44
17 19 5
43 18 36
42 26 39
35 3 6
3 23 36
25 32 45
39 33 3
19 40 8
32 24 27
38 20 30
33 17 20
30 37 28
37 28 1
35 43 3
25 47 22
23 20 21
2 28 12
14 3 45
23 28 12
6 45 9
46 16 17
15 11 33
40 22 11
2 16 11
45 16 37
9 34 42
35 11 32
13 3 11
16 5 29
10 44 36
29 48 43
38 14 32
44 25 15
3 46 24
31 10 12
33 29 14
16 19 14
23 19 48
4 16 8
12 8 24
39 8 26
32 1 29
2 17 2
45 34 13
29 38 31
13 13 30
45 15 7
13 16 9
18 34 35
33 30 16
43 43 36
24 3 13
1 10 6
13 9 14
6 6 21
7 30 32
40 13 32
45 38 6
46 19 31
24 12 1
35 46 30
9 47 21
7 9 41
5 35 7
4 6 43
25 7 1
45 30 27
16 17 1
31 5 9
45 19 41
24 23 33
48 1 19
34 39 29
17 15 28
31 21 46
16 6 16
47 3 13
21 18 19
11 32 9
38 19 39
1 21 17
6 8 26
34 16 7
20 3 25
30 1 2
8 21 25
30 34 31
5 33 1
1 6 29
37 9 25
42 24 3
16 10 30
12 42 31
45 11 39
44 29 19
3 44 30
19 14 33
15 28 38
27 11 16
31 26 48
19 16 13
40 16 20
26 32 13
12 36 2
45 10 44
42 17 12
38 22 33
40 4 8
13 30 19
17 1 40
15 29 16
44 38 32
5 16 27
8 4 10
14 36 4
35 43 16
42 22 2
2 27 16
31 47 20
17 4 17
8 21 6
15 26 7
1 3 21
12 1 42
6 1 40
34 8 46
42 45 31
40 8 24
12 12 40
1 40 20
3 11 10
7 17 14
38 32 27
2 19 23
10 11 2
48 2 28
19 8 23
11 9 26
23 13 8
6 21 25
17 33 3
31 25 45
37 10 4
44 21 9
39 37 3
28 18 17
46 23 20
48 48 39
18 20 1
16 32 35
9 40 3
29 36 16
20 18 8
23 23 2
26 6 39
23 27 12
36 17 38
38 8 24
10 2 2
46 38 15
34 4 48
40 41 24
5 48 40
8 25 25
27 20 5
33 12 20
37 5 40
2 29 11
36 4 6
33 13 31
20 15 4
29 10 11
31 13 6
19 18 12
2 3 11
1 29 9
7 41 20
13 31 43
26 29 10
34 9 43
48 47 3
32 7 7
2 34 1
11 46 20
1 12 46
6 32 21
25 2 17
8 33 16
3 20 43
46 2 16
35 40 32
18 44 36
1 20 48
25 35 46
28 24 5
42 37 47
7 32 34
25 26 43
33 9 13
37 44 27
40 12 27
2 10 13
43 5 3
25 37 6
28 6 48
43 18 36
12 1 36
16 46 17
48 20 2
25 40 25
17 47 7
28 23 44
47 1 17
35 7 6
26 2 10
39 39 38
41 9 13
37 29 3
27 4 44
8 29 27
38 10 10
36 4 21
1 17 10
10 30 34
22 23 42
3 44 19
46 15 22
25 27 15
29 46 39
32 33 17
17 29 11
17 5 36
13 16 3
20 11 43
2 12 19
22 36 24
9 7 44
48 42 23
23 14 30
5 5 9
2 29 46
5 14 4
26 16 2
47 36 21
4 3 18
15 10 42
4 26 24
11 21 44
2 48 11
20 3 34
20 5 25
41 34 22
40 20 37
40 10 28
13 33 34
16 26 40
2 45 16
36 13 16
29 39 22
42 27 41
47 25 13
2 39 42
17 42 43
7 33 30
29 47 12
28 5 31
39 27 17
40 15 21
39 39 27
25 43 35
39 47 2
21 16 1
15 16 21
45 44 15
13 21 42
48 48 23
12 18 2
38 26 21
30 30 32
38 3 21
23 5 29
23 11 31
36 39 7
21 7 19
5 13 11
46 33 17
47 6 26
47 6 6
38 24 28
25 7 46
24 28 42
3 16 9
48 10 3
16 4 39
13 43 11
11 33 35
12 40 27
13 41 42
42 34 6
8 41 33
41 11 34
42 44 12
21 21 43
11 48 36
48 36 9
41 32 20
43 8 5
33 31 34
16 26 2
35 4 32
34 4 40
35 38 38
2 35 47
28 9 45
8 39 15
25 12 3
17 43 3
31 26 22
34 11 4
19 16 21
5 24 34
22 39 47
30 10 2
16 34 48
42 36 19
43 28 27
33 15 32
9 35 33
7 14 39
43 29 30
7 41 47
28 1 28
26 46 8
3 36 43
21 33 24
30 8 2
38 32 48
14 2 9
24 8 3
14 15 38
37 21 32
7 12 30
26 42 15
26 46 9
46 34 22
45 27 43
33 17 26
27 3 14
5 1 45
8 36 23
16 13 39
1 28 46
42 45 17
24 18 43
5 27 32
42 10 41
19 8 27
15 13 4
21 48 25
4 20 12
30 45 40
5 31 28
28 3 31
48 17 8
29 7 31
23 32 1
22 13 40
20 5 35
27 32 23
17 13 1
18 29 33
18 15 14
46 35 2
44 6 23
18 1 35
34 3 38
30 48 41
19 30 15
35 17 38
48 32 22
1 31 30
7 1 13
43 40 36
7 7 42
22 45 10
6 12 23
9 35 34
13 22 18
47 42 47
19 37 38
28 34 36
14 22 32
48 29 16
28 14 33
30 42 22
12 38 6
26 33 40
12 25 6
2 12 2
24 35 6
17 15 18
17 20 43
15 38 13
42 15 15
27 25 12
25 41 17
46 40 7
19 24 29
27 14 39
26 26 6
8 14 25
7 36 45
45 18 36
11 14 36
48 32 16
31 48 30
14 14 5
45 47 47
12 17 7
18 12 37
35 40 20
14 5 30
19 36 17
29 14 9
36 38 32
8 8 38
43 9 42
14 10 20
5 15 42
14 19 44
36 23 7
35 35 8
13 7 14
45 4 9
48 30 36
32 36 1
41 9 3
3 30 8
44 45 37
20 39 32
21 20 24
38 19 44
6 45 7
36 38 11
28 26 24
30 2 7
6 5 36
20 11 45
7 39 2
40 13 25
27 15 3
9 32 6
6 45 10
46 1 1
36 29 26
30 44 31
9 25 35
12 41 29
47 31 35
8 44 23
10 1 16
39 38 32
45 37 17
37 40 1
6 47 15
3 3 1
19 45 38
16 45 43
46 13 7
25 32 22
34 22 10
43 23 46
11 8 15
5 6 21
4 9 29
21 4 30
39 8 31
29 37 6
1 27 21
21 22 3
4 37 28
43 1 42
25 1 46
35 27 40
31 7 20
42 17 3
18 21 18
37 5 33
27 43 30
2 26 38
32 2 24
37 19 44
22 5 12
46 11 20
23 2 35
6 9 7
7 35 14
45 9 23
14 26 28
3 7 21
36 21 41
39 18 44
45 30 31
22 37 3
1 21 36
39 34 5
9 46 33
29 41 44
48 23 38
1 13 6
2 4 34
12 23 12
45 6 43
14 37 10
16 34 3
10 42 13
24 36 11
31 25 42
44 46 3
27 3 7
7 32 3
42 24 3
5 43 11
11 12 40
26 39 10
5 7 37
11 22 5
47 36 17
15 5 30
37 23 25
31 19 11
31 38 28
21 21 43
43 34 10
10 38 4
6 18 29
18 27 44
37 41 45
5 44 30
9 14 33
19 10 39
43 29 19
6 36 31
1 35 37
19 44 10
39 1 7
16 28 1
39 1 6
41 1 7
8 27 20
16 24 33
44 47 42
10 35 46
25 22 24
26 25 27
31 33 6
33 16 35
36 43 25
11 47 6
48 13 35
44 6 16
21 33 15
44 26 19
36 27 10
15 38 27
32 11 42
35 13 42
4 8 47
22 5 26
11 6 9
19 9 11
15 23 6
9 12 10
26 12 48
27 48 31
32 18 11
10 12 47
20 39 39
19 6 3
38 37 41
36 17 7
22 2 18
25 28 23
28 43 13
20 40 9
46 7 7
43 39 45
42 36 33
14 41 24
32 46 29
22 28 46
24 42 31
13 9 25
35 43 14
18 8 40
39 8 25
25 37 11
17 24 23
18 6 40
34 39 18
14 42 23
23 45 30
13 41 10
33 35 39
13 1 1
8 16 24
11 14 18
32 19 48
6 33 14
41 39 9
42 1 29
23 35 36
27 23 7
44 32 39
10 17 26
38 19 25
2 30 36
12 4 5
11 37 22
30 43 15
36 23 44
6 2 7
2 48 39
19 23 18
23 17 30
44 39 4
45 3 48
13 29 29
6 38 45
23 5 4
12 41 7
2 25 17
35 6 10
17 10 8
33 40 9
43 3 3
6 10 9
39 2 21
37 21 36
9 47 37
37 18 6
10 5 14
26 18 13
35 5 47
7 5 13
30 7 16
4 39 8
38 7 38
4 28 24
44 38 33
40 22 18
7 15 6
17 17 29
41 24 46
45 43 23
42 35 43
33 17 17
47 40 40
39 40 48
13 17 32
32 23 6
46 19 24
23 9 3
20 9 25
46 19 18
26 39 19
14 1 3
17 42 8
15 26 31
21 38 44
34 45 20
23 28 46
39 7 34
48 44 29
20 17 8
14 8 9
31 22 22
21 25 15
18 21 27
15 15 37
28 18 28
9 35 46
47 48 2
16 10 17
20 1 36
10 28 29
26 28 47
40 31 8
24 21 12
4 5 4
18 23 42
17 6 46
27 15 39
42 16 46
5 24 48
38 10 31
12 41 30
23 14 7
27 42 29
20 10 1
28 29 45
11 8 22
3 36 9
37 7 38
32 19 2
47 17 1
42 41 40
20 9 43
45 45 47
36 32 42
13 6 16
31 40 8
27 36 2
8 42 39
2 7 45
39 1 4
28 31 39
20 28 45
42 18 36
27 24 19
24 19 9
25 14 5
23 4 18
44 44 33
14 37 42
22 37 27
21 6 2
48 24 16
13 11 27
23 12 4
35 33 18
28 2 9
28 43 17
17 9 39
36 29 38
2 4 24
41 37 42
32 45 22
1 44 11
19 36 30
24 42 8
16 6 46
44 13 21
28 12 22
25 38 7
14 42 28
9 13 7
25 30 40
23 16 17
45 45 15
29 3 25
2 36 5
10 25 36
1 38 15
26 13 33
40 14 2
46 20 13
11 18 15
4 48 17
5 9 5
20 6 6
7 32 34
28 45 44
34 45 16
1 26 32
20 5 38
21 43 34
48 38 29
22 13 18
14 1 25
28 35 1
22 24 11
48 14 19
31 4 11
24 8 42
7 39 16
13 48 48
15 15 11
38 35 41
3 22 5
33 2 36
21 45 23
36 11 43
17 15 47
21 43 25
38 7 44
7 45 5
46 21 5
19 36 8
34 24 46
28 19 41
41 2 39
48 21 37
27 33 42
38 3 22
29 30 44
7 13 14
23 44 38
42 35 32
41 27 38
24 30 24
13 22 16
15 39 15
21 5 4
16 1 9
46 19 41
12 16 44
29 6 20
34 19 21
18 19 43
43 48 27
16 24 5
34 34 16
35 7 12
23 46 12
45 2 2
42 10 47
32 21 26
43 14 21
5 16 4
34 19 13
37 6 17
29 20 29
13 36 41
37 28 14
7 1 21
48 3 46
5 12 9
43 42 29
1 4 13
20 29 20
28 19 14
1 42 19
2 17 6
31 33 20
2 40 40
30 28 29
14 29 4
28 6 41
4 30 40
31 44 44
18 48 47
13 23 20
8 12 38
37 13 39
45 26 22
37 32 32
30 17 14
9 20 20
48 12 20
6 19 34
35 29 24
34 5 48
6 42 20
14 42 17
33 21 34
16 25 43
15 2 26
28 30 15
40 13 41
23 7 5
25 22 34
2 27 43
15 48 1
26 42 39
5 37 41
38 10 32
38 20 18
5 2 26
13 29 18
15 4 36
47 31 38
15 36 36
23 34 40
26 46 25
28 43 11
9 25 39
13 40 37
47 33 48
20 27 39
13 35 22
9 11 40
33 31 45
34 40 24
34 34 14
39 24 17
23 40 14
21 44 2
4 20 43
8 27 2
9 30 29
48 2 48
2 22 26
16 26 33
31 27 5
1 39 29
32 42 5
1 13 13
44 40 47
9 44 27
2 23 25
22 21 13
16 26 16
1 36 27
12 41 4
48 39 5
15 17 38
19 19 38
16 32 25
23 17 46
4 1 7
38 35 6
28 29 3
17 48 40
8 12 7
30 6 40
39 42 27
3 26 47
34 24 38
19 23 5
4 42 48
15 8 14
42 18 46
1 15 8
24 28 10
41 36 20
19 7 2
31 6 46
42 22 22
2 35 22
27 33 39
2 34 11
8 18 22
36 24 10
30 47 40
18 7 7
33 43 38
29 38 1
12 38 33
44 14 35
34 18 35
28 34 23
44 48 35
19 13 17
46 41 37
39 37 7
17 16 40
5 17 6
2 6 14
40 26 43
45 42 11
1 24 20
41 13 18
15 1 24
37 12 37
42 26 26
8 43 5
3 11 1
7 21 5
42 20 25
14 2 10
27 4 26
17 34 23
26 5 42
40 5 42
8 9 30
21 23 4
4 22 38
29 18 25
16 27 44
7 40 47
42 17 20
41 15 26
7 11 8
10 12 40
35 16 29
10 33 43
23 11 19
10 37 43
35 47 42
13 43 8
10 1 33
15 6 12
45 43 21
18 10 48
22 44 4
23 11 46
22 25 15
41 4 25
6 13 35
44 44 28
11 29 3
45 41 13
23 8 47
44 43 22
26 31 25
11 20 32
9 33 24
35 48 37
29 38 36
20 3 24
22 45 26
44 28 36
13 46 40
11 17 45
37 4 42
13 20 38
7 26 13
41 38 42
7 23 7
22 7 34
4 17 34
40 23 35
47 18 40
47 32 27
11 27 36
4 32 13
34 41 4
21 2 3
9 10 14
46 30 15
10 40 5
34 22 11
48 40 17
28 7 34
45 17 8
46 16 4
21 11 21
32 2 22
47 27 30
8 41 48
44 23 27
43 9 7
35 38 20
40 31 30
23 9 26
41 24 11
8 26 22
16 26 37
34 9 20
48 15 4
48 45 5
47 9 16
33 10 20
38 45 17
4 48 7
31 9 44
9 9 41
45 39 32
24 45 27
25 42 43
3 32 1
30 24 15
15 26 24
15 41 1
21 5 31
48 3 6
16 36 42
20 34 37
15 17 13
30 19 6
21 21 46
15 46 6
39 29 16
32 13 26
17 6 26
4 33 44
44 33 10
25 27 10
33 27 33
33 12 20
33 45 30
41 35 31
16 48 27
36 42 1
7 13 14
34 2 11
27 30 47
10 42 31
6 30 48
15 37 32
33 2 35
17 11 42
17 18 39
35 35 34
20 22 32
16 15 11
9 1 1
46 31 29
5 14 18
14 6 34
41 30 2
11 33 30
42 17 31
25 13 48
33 22 36
11 46 3
43 2 33
43 7 32
5 39 17
7 33 29
17 4 19
12 17 14
44 8 25
39 21 17
14 48 9
1 8 9
24 40 25
38 4 32
39 26 15
24 32 38
17 5 5
11 10 1
26 3 4
35 23 1
19 47 9
28 3 20
12 48 48
3 3 13
8 25 35
7 43 26
32 13 8
15 33 44
24 20 31
12 23 11
5 22 33
22 3 21
26 27 30
45 4 25
33 46 43
30 11 6
4 24 28
24 34 18
4 9 44
38 19 17
23 26 28
36 6 14
10 2 42
28 25 21
21 8 25
7 7 10
47 46 20
20 9 18
6 41 18
44 27 47
10 40 19
23 9 17
6 48 34
33 40 46
39 31 19
43 41 15
7 33 21
10 17 22
4 1 3
23 13 37
3 41 24
36 22 37
28 33 42
36 41 32
7 2 9
25 33 20
2 28 15
19 5 29
40 14 30
13 36 6
20 46 37
3 32 6
26 20 35
14 4 44
47 11 39
26 41 11
4 35 24
40 25 45
34 39 23
28 2 7
24 42 22
20 12 26
11 13 17
10 13 21
8 33 2
39 29 41
46 36 48
6 26 35
42 41 31
2 7 20
19 29 11
32 47 32
26 33 13
43 42 17
42 25 22
28 7 37
20 48 22
15 44 3
36 47 28
38 39 45
34 19 33
20 24 13
32 25 45
5 32 21
28 25 36
35 32 20
30 9 8
11 21 37
40 43 15
21 36 3
48 3 22
41 37 42
20 25 32
27 11 41
43 29 32
20 26 47
14 26 47
11 12 21
5 2 15
48 14 47
46 3 22
40 19 27
24 25 41
23 32 23
13 31 3
4 26 31
29 29 43
34 26 18
15 4 25
15 5 30
39 14 27
48 2 5
2 48 46
30 29 24
25 21 19
21 25 29
23 21 28
39 28 46
27 26 2
30 22 44
1 4 10
19 28 43
42 32 34
36 26 15
24 27 17
18 11 17
38 47 48
17 5 29
36 47 18
27 11 48
26 28 16
12 5 24
38 23 39
24 12 38
34 4 45
46 47 31
40 21 20
35 36 24
41 37 23
6 10 33
13 19 18
35 33 48
2 41 4
25 35 44
27 31 16
3 47 46
12 34 13
10 22 4
18 29 7
40 27 15
47 7 40
47 15 48
47 33 5
34 34 22
48 2 1
20 9 1
13 29 19
41 2 10
48 6 25
42 18 27
23 39 37
38 23 25
4 7 10
22 48 43
45 46 16
41 12 23
23 23 47
45 21 11
1 21 18
10 36 38
2 8 18
39 21 48
40 34 6
19 11 13
1 12 8
29 48 34
23 42 6
47 38 23
14 13 1
7 42 2
24 27 41
30 3 37
8 8 11
21 11 43
36 45 7
8 33 5
3 21 4
2 24 36
38 39 2
21 11 33
14 48 7
36 15 41
7 4 46
43 43 2
5 13 16
6 9 34
40 12 38
8 17 28
48 48 33
25 31 20
44 35 16
48 48 5
30 42 31
18 35 12
25 25 34
1 14 21
6 6 19
48 21 21
43 40 26
31 16 18
26 27 37
15 12 47
21 23 33
26 34 8
7 13 10
43 44 22
46 32 29
2 43 8
33 5 35
34 13 11
31 13 24
39 35 16
20 39 46
13 19 15
21 48 5
30 29 32
28 24 26
12 44 18
20 29 11
2 5 25
32 7 48
31 28 46
18 35 31
33 5 14
28 22 12
16 40 39
9 9 36
30 14 27
26 33 44
1 46 1
32 10 25
34 42 35
5 27 25
4 31 40
44 2 18
8 1 8
39 10 40
8 24 28
24 26 45
31 45 21
26 37 6
13 41 7
35 4 41
18 48 45
44 31 45
11 38 23
24 28 6
8 29 23
31 10 11
28 33 18
34 38 7
34 27 22
7 27 34
15 23 20
44 40 14
5 24 22
37 13 4
22 35 41
42 29 23
32 31 35
26 45 37
23 41 28
33 8 34
20 34 40
37 3 11
7 38 35
17 6 4
25 38 11
44 42 36
13 26 46
6 44 5
46 3 27
11 17 17
45 33 17
7 36 21
22 20 3
9 30 32
8 46 18
16 15 12
12 44 33
26 5 39
23 5 14
43 4 33
23 33 12
21 25 18
32 4 17
1 47 36
16 15 29
21 29 21
33 47 30
41 36 43
26 16 29
20 3 16
2 22 40
16 41 42
17 18 33
15 44 24
4 30 2
1 45 11
22 41 9
11 28 18
8 38 5
38 40 47
12 2 47
16 46 20
3 42 46
30 47 39
48 22 14
41 39 6
32 7 8
34 47 45
24 21 38
15 19 13
42 17 18
27 18 32
32 15 36
47 21 46
15 1 17
38 35 7
16 3 32
19 11 31
37 35 15
16 25 12
42 34 38
39 44 30
3 19 48
30 33 2
18 22 45
20 47 44
7 41 21
20 33 26
18 33 30
35 8 18
29 33 37
36 34 27
35 19 21
48 17 38
13 10 21
15 26 22
45 2 39
28 16 23
24 8 19
44 17 8
11 22 35
11 48 4
2 29 4
28 10 9
24 2 24
26 20 11
40 15 10
46 46 27
22 42 46
19 8 39
14 11 11
8 12 17
24 38 31
38 47 47
48 47 37
23 31 46
10 12 47
36 27 8
10 39 43
28 44 46
32 19 8
8 11 36
48 42 33
7 30 11
18 41 22
16 10 40
4 42 47
38 33 9
11 19 13
23 35 31
18 20 42
31 41 4
15 7 47
17 19 44
12 2 45
13 21 30
29 20 10
24 44 22
4 30 14
14 33 23
40 33 26
24 32 41
33 33 18
11 1 29
15 32 10
7 21 22
17 30 31
16 37 26
8 7 42
11 10 29
47 46 16
38 43 8
30 45 14
40 25 37
8 48 25
21 47 44
14 28 37
8 31 7
25 10 35
31 3 10
29 35 34
24 3 41
28 13 17
12 24 9
23 46 36
13 45 21
9 36 31
34 17 8
6 25 14
23 14 2
27 41 2
30 39 30
29 4 13
24 33 43
27 12 20
2 20 32
20 12 25
33 30 22
22 38 16
6 47 3
27 21 31
34 19 35
43 34 33
9 46 13
8 38 1
40 7 22
9 44 19
1 20 9
28 26 15
45 41 39
26 34 28
8 15 17
35 33 38
33 23 46
20 18 25
26 14 36
47 7 47
1 3 48
12 34 21
1 31 46
28 25 20
11 45 20
26 46 11
21 32 36
21 16 27
14 37 11
27 2 37
32 22 11
33 6 40
38 25 40
20 7 14
26 1 14
38 12 8
46 17 33
32 48 22
26 34 35
44 14 3
45 22 31
18 47 28
41 8 26
15 26 5
27 39 20
26 38 19
48 46 24
39 24 40
22 48 27
35 12 33
19 31 19
45 37 47
45 20 43
2 34 18
31 32 35
44 2 40
26 35 23
11 43 10
21 44 25
32 45 11
3 47 29
34 8 26
30 11 42
9 3 12
27 35 43
43 8 41
21 13 5
16 25 39
32 41 3
4 19 6
33 6 20
37 31 19
27 17 12
24 17 10
4 1 30
43 43 36
39 26 19
13 48 9
43 24 47
37 35 20
43 35 3
46 39 26
21 33 48
34 35 45
22 16 3
31 21 42
14 27 14
38 32 36
12 4 10
27 39 22
48 15 22
8 38 18
32 46 31
40 4 18
35 7 3
1 25 26
21 9 8
41 25 11
38 7 36
44 13 14
45 19 4
20 20 27
42 42 22
34 9 37
10 10 1
39 45 38
5 13 47
37 46 16
46 13 21
29 34 34
16 7 45
16 8 48
24 13 9
48 44 24
3 21 8
3 20 46
3 22 31
10 27 35
10 48 34
9 47 3
20 42 4
5 21 48
6 4 19
39 41 22
16 22 15
4 25 14
17 18 8
45 31 43
24 38 47
23 22 29
19 33 33
10 29 7
35 33 24
8 45 7
27 9 38
7 20 18
33 42 32
39 14 37
13 48 45
7 40 18
29 40 1
16 3 13
35 5 7
30 22 23
37 31 20
18 45 42
4 25 23
27 5 27
32 36 35
24 6 22
22 3 9
25 20 41
26 28 37
40 1 20
7 46 3
41 33 29
13 15 46
39 4 5
30 33 23
46 2 43
21 8 30
35 44 18
47 19 28
15 24 47
19 4 32
16 1 39
13 14 21
32 40 48
21 21 30
11 30 46
12 38 18
27 43 14
26 37 36
16 28 5
32 2 39
28 19 14
29 3 6
20 31 2
9 39 22
18 15 39
40 34 15
22 48 23
47 35 17
29 1 6
43 40 17
33 14 10
33 4 46
1 19 17
4 3 2
4 6 2
45 34 25
18 41 41
3 42 15
24 48 32
48 2 46
18 5 35
25 17 31
28 25 33
4 43 10
46 20 12
27 39 46
23 37 13
26 12 15
48 10 11
15 14 1
38 10 14
7 4 44
15 29 42
41 19 26
10 16 18
33 4 15
13 30 21
13 24 44
5 6 34
13 40 14
39 4 1
1 44 14
43 22 9
47 25 35
28 36 17
17 14 23
24 24 27
17 48 47
47 18 20
12 32 5
38 17 34
3 19 31
25 4 17
23 41 18
39 20 43
8 32 35
1 48 9
45 37 14
42 26 19
3 48 13
35 10 48
36 5 22
1 15 24
6 1 3
3 15 24
26 36 30
37 9 25
22 6 41
44 44 9
7 38 20
25 16 41
24 23 5
31 28 1
34 28 14
12 14 25
21 10 4
29 22 5
25 11 22
38 11 38
4 19 21
5 4 31
34 8 27
36 7 13
35 18 15
25 35 13
39 39 33
31 21 40
12 43 2
5 11 13
5 26 19
29 4 30
21 48 19
43 28 30
35 2 36
10 17 17
20 27 18
23 15 48
13 42 42
48 41 46
13 13 4
3 45 36
31 38 14
19 17 31
34 25 37
19 42 45
11 32 33
41 8 45
35 22 5
17 12 23
20 17 35
32 11 2
48 14 8
29 28 27
34 31 16
26 31 23
25 24 32
36 19 42
45 30 18
35 45 25
29 2 11
22 39 21
37 23 32
4 48 47
39 20 18
33 39 43
39 23 1
42 33 4
12 5 46
16 42 20
5 31 27
21 31 30
19 24 1
44 46 43
11 22 31
13 33 26
15 3 48
40 1 4
13 22 15
23 45 36
32 43 2
8 19 13
27 18 12
5 23 18
32 47 36
2 14 8
16 33 40
45 29 42
24 38 37
41 40 35
45 38 40
32 18 13
22 20 2
40 8 19
32 10 47
29 31 43
34 9 6
40 33 18
5 41 4
48 1 33
48 11 35
19 44 2
41 30 21
23 41 36
8 34 6
27 40 37
5 2 40
46 25 39
45 38 6
21 40 48
34 29 45
27 8 32
13 44 14
25 3 24
14 43 35
9 48 38
3 10 18
28 33 4
28 46 47
43 28 17
32 11 47
23 5 25
38 39 5
35 31 30
1 33 39
13 28 7
45 23 18
5 41 8
14 47 32
12 19 9
36 6 1
4 15 34
47 30 16
7 16 42
42 48 47
39 12 39
42 37 19
21 32 7
43 27 10
28 17 3
41 47 1
4 43 18
48 26 44
42 10 1
37 32 45
11 23 7
43 8 33
38 13 13
44 35 34
17 4 15
28 13 15
13 12 47
29 17 37
17 45 17
7 27 44
2 40 18
36 10 19
36 32 42
1 14 19
36 3 43
30 24 3
7 41 45
24 4 32
3 41 24
35 20 41
38 3 28
10 37 6
38 11 11
35 13 41
39 43 1
8 41 30
10 20 36
2 5 12
38 17 25
27 29 22
40 48 41
39 16 35
10 25 28
1 25 12
22 10 30
33 47 16
11 29 23
31 19 46
16 38 17
47 20 1
3 40 8
13 40 23
39 23 23
5 21 5
2 13 38
1 32 8
23 17 47
26 17 29
29 48 38
40 7 18
40 1 26
4 15 41
10 14 15
15 22 28
8 21 3
16 28 41
36 34 3
7 36 9
42 25 2
42 20 16
11 6 44
6 44 28
14 43 30
4 48 37
22 46 7
29 18 5
34 28 6
36 42 18
41 38 25
34 11 30
38 30 23
4 40 16
25 4 45
33 5 6
2 22 17
2 15 26
10 19 30
25 12 48
4 14 21
38 38 43
9 20 19
27 10 24
30 7 30
14 7 9
44 48 26
20 9 30
27 25 3
46 7 8
7 8 29
45 44 45
17 2 8
19 12 13
30 47 4
30 22 44
3 8 46
5 47 13
32 47 32
34 22 27
11 23 16
14 25 38
40 29 15
9 33 6
42 13 16
5 2 46
22 10 36
40 16 7
15 4 11
2 12 29
28 39 41
44 34 38
34 37 32
24 25 17
20 23 31
15 10 44
35 6 31
28 30 11
28 1 5
29 43 17
47 35 26
29 38 6
37 22 47
1 42 34
43 47 41
40 14 30
39 1 38
3 42 5
12 46 44
21 8 2
15 46 3
13 22 17
25 13 47
6 48 20
11 27 21
38 31 15
34 31 21
32 23 33
19 2 9
10 31 24
33 44 30
14 44 24
1 32 2
2 32 20
29 45 19
18 7 2
8 12 43
41 13 25
23 7 28
18 16 31
28 9 8
24 5 22
48 43 12
2 28 8
44 25 5
47 13 4
26 18 35
41 28 5
1 44 1
6 23 27
6 8 3
1 14 21
13 12 28
27 33 40
41 11 26
46 11 47
13 31 10
18 18 48
7 22 32
41 36 37
33 43 11
26 45 37
21 35 14
34 17 3
6 7 42
4 25 38
20 30 20
11 27 27
14 7 6
47 29 37
18 48 47
13 34 12
2 33 1
40 32 19
37 3 29
37 35 20
8 14 11
28 47 1
40 23 19
1 27 17
30 19 32
7 30 11
38 5 5
13 9 39
14 45 45
42 24 17
1 14 10
21 44 33
30 45 26
2 23 7
37 13 7
13 33 27
35 26 33
47 45 45
27 16 26
19 27 21
10 30 15
5 21 38
48 21 35
27 36 43
28 25 36
37 25 8
39 44 26
42 47 24
7 10 41
43 31 18
6 34 9
44 42 24
44 21 6
34 25 22
44 37 33
39 33 3
32 10 5
32 27 23
37 46 12
47 29 38
38 45 23
20 17 8
22 44 37
11 44 13
34 33 39
3 35 47
25 4 36
30 10 29
46 28 6
33 46 23
24 33 9
6 31 3
16 47 41
44 3 46
28 5 46
24 25 46
16 6 39
31 47 40
12 42 28
46 11 38
44 8 37
48 38 14
31 13 43
39 44 43
3 33 47
25 28 9
30 42 11
25 12 4
19 29 26
24 15 14
18 35 7
29 5 10
3 10 14
45 43 14
7 3 20
1 37 18
38 16 17
48 4 6
18 32 4
10 26 1
24 15 47
16 28 6
1 33 43
30 28 15
26 40 14
42 37 48
4 26 28
13 2 32
9 17 10
48 33 41
33 27 3
15 34 20
34 1 43
48 1 3
10 13 48
4 24 7
17 11 3
14 32 33
13 31 10
34 23 41
37 2 7
47 36 48
2 44 26
11 29 40
2 41 3
33 5 8
7 19 5
7 22 22
7 15 46
30 23 47
18 22 10
43 48 19
40 33 46
18 20 46
1 23 35
5 40 24
31 37 27
34 24 13
39 44 35
5 23 10
11 17 6
7 11 39
39 48 21
23 42 5
39 26 21
8 31 7
11 42 12
10 39 41
17 9 40
26 12 35
9 5 7
18 48 28
45 18 47
31 33 23
40 11 45
2 37 15
9 3 47
5 36 48
47 39 36
39 30 12
48 16 41
22 36 3
26 31 13
15 6 28
39 45 37
46 22 38
22 30 3
3 2 12
37 25 36
47 4 25
6 30 21
17 7 6
23 23 31
48 45 22
35 35 6
24 10 41
46 16 48
6 19 40
10 38 23
31 42 21
10 22 38
18 4 27
20 46 11
19 2 45
42 16 2
45 38 20
34 8 11
47 43 12
15 36 47
9 6 29
48 22 13
8 33 13
37 8 9
44 2 23
7 22 25
19 1 2
46 13 7
33 46 30
20 29 1
12 45 35
39 6 5
46 36 48
2 30 35
30 17 1
30 22 29
4 44 6
32 4 3
2 24 18
7 4 23
22 38 16
20 29 21
46 11 16
36 15 34
3 11 9
34 13 5
45 5 7
15 10 31
26 24 7
37 41 6
43 24 30
44 38 5
14 12 12
35 6 37
21 24 32
9 4 12
15 2 21
28 36 45
47 29 31
18 5 45
43 15 9
18 9 31
5 12 35
34 7 27
2 45 18
11 45 10
47 36 33
42 13 42
31 34 31
17 4 4
42 11 18
2 21 42
2 14 47
38 34 32
6 45 34
24 13 7
33 35 28
33 47 14
11 38 11
25 3 32
45 28 25
30 12 14
20 23 28
16 19 20
32 43 7
38 21 34
37 14 31
30 23 2
32 19 28
35 16 39
26 47 22
15 12 43
42 31 46
7 9 16
16 29 48
44 43 26
2 25 13
20 44 31
11 33 41
22 39 45
21 22 32
24 19 1
37 40 38
5 17 35
29 13 34
42 44 21
22 15 46
46 4 21
29 9 25
33 16 33
12 38 25
6 23 44
31 34 37
36 3 2
12 36 17
33 22 29
25 21 14
15 18 44
37 48 27
35 46 15
28 29 28
47 7 9
17 48 4
34 4 41
10 37 32
12 48 12
32 38 12
20 40 46
43 16 15
6 6 2
43 8 32
31 33 16
35 14 36
31 2 3
6 4 16
6 25 32
33 24 7
22 12 23
2 12 37
2 25 7
26 40 4
41 10 2
18 20 22
41 26 15
10 40 38
22 4 41
27 20 10
29 15 2
24 40 7
1 34 35
9 40 42
16 26 47
13 40 26
30 37 11
23 39 44
18 34 6
45 24 35
17 5 44
5 33 20
20 13 26
11 14 19
32 2 24
6 8 33
3 32 35
18 44 48
29 13 4
26 48 16
40 1 17
6 13 36
42 13 35
11 14 41
42 39 21
2 18 34
16 36 44
7 15 32
39 26 19
46 31 38
14 48 15
28 30 3
46 9 29
12 4 22
48 29 29
20 21 22
11 41 38
32 34 7
22 9 12
35 31 23
11 48 9
25 44 37
41 20 31
24 48 12
35 9 6
35 31 4
14 45 18
9 18 20
28 24 10
15 18 45
2 9 13
16 16 11
45 3 10
12 22 14
4 27 41
21 31 20
31 24 13
32 40 39
6 19 42
40 25 19
8 21 45
26 1 40
9 15 36
19 31 16
32 12 45
38 26 19
10 40 27
23 43 9
6 9 45
16 12 34
19 11 11
23 9 44
43 23 11
48 26 24
46 23 24
44 1 9
33 21 46
15 11 13
39 26 22
11 42 35
28 37 33
33 26 3
7 38 38
20 4 7
4 23 5
28 24 4
42 24 11
21 15 42
41 39 20
22 24 21
5 46 17
33 1 25
45 45 13
48 30 48
27 29 33
26 24 33
2 47 44
18 20 22
27 10 8
28 27 38
47 38 39
15 18 18
45 42 42
3 34 5
29 46 17
35 2 32
3 18 14
42 45 11
5 45 19
23 48 10
17 32 42
38 41 48
14 6 18
19 29 7
33 19 23
4 22 30
28 31 28
42 36 18
3 1 40
5 28 26
30 21 43
34 44 29
14 20 7
35 34 16
39 28 5
14 47 23
4 20 23
24 3 34
24 45 31
39 6 44
43 20 44
1 26 16
26 35 12
48 41 35
35 2 42
9 14 21
23 38 47
47 24 28
45 5 29
27 11 28
33 13 21
46 40 14
11 32 13
10 13 24
33 14 25
40 40 35
22 6 30
36 3 32
30 31 43
29 48 5
34 36 21
17 16 17
46 31 21
32 14 30
29 20 22
29 32 19
1 2 40
29 38 9
1 47 48
11 33 23
37 44 30
37 13 34
23 48 3
37 25 34
4 23 38
48 12 34
38 44 16
34 8 12
1 34 44
27 9 45
12 48 29
9 33 37
9 33 23
10 40 2
1 37 21
48 14 48
29 3 40
45 23 48
47 13 21
4 45 15
21 30 15
2 21 26
4 14 27
1 47 15
21 3 10
2 40 48
45 26 20
43 48 12
37 18 40
44 31 17
11 16 40
35 10 23
16 48 5
45 31 4
18 10 41
5 39 40
47 28 18
18 7 48
23 2 16
41 20 22
5 1 32
30 9 35
4 19 21
45 9 6
27 3 29
22 11 35
22 23 40
11 16 3
23 23 9
47 11 15
16 32 19
21 24 6
13 21 40
34 41 17
23 40 32
10 34 13
40 14 34
47 46 47
22 17 45
45 29 41
24 13 10
45 27 22
36 31 20
27 9 16
27 31 17
11 31 27
39 28 21
34 15 14
25 14 6
5 15 42
32 21 20
20 40 17
28 16 22
8 29 34
31 30 24
41 19 22
44 38 20
25 10 10
6 11 29
34 31 11
38 35 23
10 48 39
38 5 11
11 7 38
4 34 47
11 35 20
48 29 28
1 38 27
13 31 40
44 23 43
16 19 28
35 30 6
7 20 24
45 29 19
42 6 43
25 17 34
42 29 4
11 38 42
45 34 34
18 44 36
21 46 25
44 11 40
44 15 13
1 36 36
4 6 20
30 4 10
36 42 21
38 47 1
33 16 36
31 40 26
26 19 9
26 48 24
29 30 17
3 3 47
11 15 3
40 47 8
18 14 4
9 31 39
41 3 28
36 37 40
1 46 4
17 13 5
32 11 37
18 40 12
37 14 33
24 47 33
34 9 4
16 22 22
48 47 27
40 19 39
31 11 6
23 26 43
22 11 46
16 36 9
11 4 26
9 20 8
47 35 38
4 32 10
15 20 38
7 35 23
22 24 15
48 32 25
9 32 1
47 44 4
10 7 38
1 34 15
16 40 10
17 11 14
8 17 13
1 36 1
5 24 39
5 38 3
36 8 24
32 8 33
4 37 16
18 24 25
17 38 24
17 22 15
41 7 13
18 30 31
13 13 27
45 15 24
17 41 43
3 42 30
22 45 12
11 19 13
8 41 47
21 39 28
31 42 6
34 2 16
45 9 29
15 11 45
35 18 39
5 33 22
38 18 42
4 10 6
35 23 8
2 38 10
30 42 23
26 6 25
1 3 37
22 10 21
25 43 36
18 29 16
22 6 34
28 36 37
16 14 28
1 33 37
7 25 23
34 38 31
1 32 39
43 39 4
24 7 38
10 26 24
45 37 27
18 31 48
41 41 13
16 9 41
19 31 23
41 4 37
42 29 14
7 6 44
15 37 37
31 9 35
20 5 43
31 25 12
37 1 21
40 43 25
24 21 23
35 22 39
3 47 15
3 1 16
25 3 30
29 5 39
32 37 32
24 37 24
18 44 32
26 25 13
40 6 20
48 26 45
34 11 25
8 6 45
37 35 12
41 11 36
37 46 33
12 35 10
38 47 30
7 4 42
2 39 24
26 41 30
46 35 42
11 47 8
12 15 38
36 35 30
33 17 45
8 28 12
38 24 43
30 30 24
32 19 46
21 22 19
44 10 5
45 9 48
42 13 44
24 6 9
7 18 33
28 9 45
25 46 29
47 27 39
21 10 28
4 15 10
13 14 41
14 11 25
3 36 11
43 2 29
7 2 15
47 48 36
8 44 15
27 34 44
35 45 46
33 30 2
22 8 24
28 38 5
1 3 48
6 4 18
44 1 5
36 36 27
8 46 47
37 32 41
22 44 3
6 36 17
10 43 43
42 47 24
9 42 47
20 12 39
33 42 32
24 12 1
10 14 36
20 37 44
22 43 26
3 1 24
20 41 46
39 36 24
40 47 33
22 44 47
44 41 19
38 20 24
47 37 33
31 34 26
38 22 25
21 20 48
1 35 39
37 39 23
3 13 39
20 33 38
8 36 47
29 34 32
33 45 40
1 46 13
42 46 28
15 25 28
5 47 25
11 26 8
45 9 15
15 1 43
7 18 43
33 32 38
11 19 3
16 30 40
14 26 43
16 17 17
32 24 19
37 37 14
23 36 11
17 23 22
27 43 47
29 7 26
28 16 23
9 7 41
4 35 10
13 16 30
2 24 37
28 41 25
15 47 38
36 22 13
13 18 36
39 43 13
43 27 28
16 39 20
25 43 24
7 47 24
10 41 39
32 11 28
8 22 27
45 28 8
16 35 10
36 5 22
12 43 4
32 44 32
17 40 6
34 5 11
22 4 29
20 12 48
29 8 6
40 16 48
4 47 5
46 2 13
15 32 10
2 36 2
11 12 40
32 45 6
40 16 33
31 11 28
4 38 43
3 9 15
21 16 15
28 23 6
37 13 13
24 42 13
15 33 5
35 20 24
46 44 17
9 29 2
36 39 17
17 33 36
8 24 18
23 1 32
44 26 44
16 15 1
25 10 46
48 31 42
5 27 10
33 16 35
32 15 2
19 35 28
2 10 23
46 5 47
34 8 46
21 29 2
41 43 48
31 42 20
14 22 20
19 26 7
46 5 39
43 3 38
18 26 14
7 13 40
43 35 46
38 1 32
35 3 10
37 28 47
6 40 22
2 46 3
28 14 26
3 39 33
5 40 5
23 42 43
46 38 27
23 33 9
46 43 3
38 20 20
39 16 18
43 46 21
28 10 39
41 27 26
22 25 40
47 38 20
18 22 23
8 1 6
28 13 36
44 48 35
24 14 46
30 28 2
17 32 45
26 39 35
36 30 9
30 1 23
19 18 31
9 30 6
10 45 19
23 17 28
43 11 16
41 34 16
5 22 37
17 15 20
39 12 42
11 7 11
41 16 30
39 44 18
16 33 2
38 46 18
41 32 47
40 13 41
30 44 19
10 15 33
29 48 29
13 27 15
8 38 16
20 2 30
22 39 24
36 3 22
5 45 43
37 38 22
45 46 19
31 18 28
20 10 21
25 30 13
1 26 30
12 2 19
28 31 33
31 45 15
11 33 25
33 31 28
14 1 46
46 1 27
22 6 13
20 26 12
4 30 17
14 3 30
15 32 33
4 27 40
19 19 9
15 44 16
30 25 39
45 17 3
32 13 48
12 6 44
36 19 31
3 8 20
22 33 21
27 31 34
41 48 40
8 2 30
17 44 22
8 32 6
28 5 29
25 16 36
4 7 9
31 8 36
41 17 22
27 37 22
34 32 36
45 10 39
21 31 33
25 14 5
5 7 2
35 31 30
26 20 17
44 25 22
23 29 16
4 16 3
29 5 40
17 12 46
31 27 24
1 19 31
2 41 32
9 21 6
35 47 48
41 10 17
33 41 14
11 39 2
42 23 12
35 16 31
26 41 36
43 33 19
29 25 40
39 27 15
30 9 22
40 46 22
25 28 19
8 11 10
17 33 26
26 11 17
17 21 16
39 30 25
43 41 19
43 15 7
46 24 34
19 16 31
1 1 36
41 36 36
36 15 39
5 34 25
17 19 41
1 40 21
39 24 29
5 18 19
3 14 25
19 11 37
11 35 17
21 31 43
25 35 12
44 17 43
6 19 46
24 16 41
39 5 39
19 1 25
11 36 29
35 1 29
18 15 44
6 43 42
45 2 14
23 29 26
8 13 21
23 28 44
42 14 41
8 18 21
46 3 46
42 12 24
43 30 32
1 34 14
9 46 9
48 22 23
8 19 48
8 23 9
1 21 21
47 22 43
17 1 37
27 1 48
3 31 11
17 32 24
5 16 21
25 34 26
24 23 17
15 15 37
29 4 3
14 11 10
11 10 23
44 21 11
36 33 23
16 48 4
12 2 5
37 23 9
7 32 22
7 26 37
6 40 28
13 32 34
35 23 14
25 42 23
25 11 48
19 3 17
28 21 15
48 4 35
20 30 31
23 13 32
25 9 10
16 9 43
29 48 2
41 27 14
41 6 18
26 12 12
29 20 15
40 4 18
31 10 14
29 8 31
35 35 11
9 35 46
34 30 8
48 27 47
25 30 6
25 14 1
20 29 20
15 17 5
4 4 36
14 24 25
27 30 28
4 46 1
28 38 41
8 21 31
36 5 1
43 29 1
42 33 2
7 11 41
33 1 29
2 14 20
29 13 16
43 23 39
32 26 25
15 47 17
28 9 35
39 41 20
42 36 14
5 10 5
15 47 35
46 10 7
21 24 24
1 37 21
11 20 2
43 12 42
6 20 48
7 11 4
17 42 4
39 30 34
2 33 5
10 19 42
21 18 7
46 34 27
12 37 26
27 34 46
21 41 37
42 21 9
32 44 25
32 16 31
31 27 3
14 8 41
41 27 21
19 22 44
6 39 48
4 31 32
1 43 13
11 48 28
16 36 20
24 41 28
43 21 1
24 34 29
6 4 21
12 16 37
36 23 41
46 31 20
8 47 40
12 29 33
12 37 4
23 21 12
32 43 15
34 32 30
1 43 12
2 23 24
7 39 32
45 46 15
20 20 12
10 11 23
4 22 37
35 46 32
44 18 44
36 21 45
35 38 30
12 35 18
20 48 9
13 16 31
1 48 18
39 10 31
23 44 10
1 24 19
28 31 10
44 41 10
24 14 45
27 6 1
13 11 33
45 34 46
36 11 37
20 5 29
11 42 40
6 4 12
39 39 45
38 35 38
7 48 31
24 14 29
46 1 32
17 28 11
2 36 31
47 8 40
25 45 43
23 48 15
9 38 8
23 36 11
8 47 24
6 42 13
6 6 37
45 31 24
37 23 12
22 22 23
46 22 38
24 5 14
29 4 45
20 15 31
35 1 23
47 15 21
16 36 45
6 30 21
31 13 3
13 48 27
37 27 41
38 29 41
39 7 14
11 38 3
1 7 8
40 10 34
43 34 8
34 29 46
16 20 11
38 34 36
1 20 27
6 45 4
39 24 16
19 25 4
30 35 45
26 34 41
23 38 43
42 43 46
6 39 8
34 43 46
1 24 37
25 21 17
31 43 28
6 11 42
16 4 21
20 4 14
23 43 28
31 41 44
17 34 26
3 35 17
12 32 34
28 24 5
34 7 26
7 47 32
17 37 12
26 22 13
24 17 31
4 14 44
44 46 23
10 16 36
14 42 38
18 13 16
9 3 9
2 10 28
4 13 18
4 39 31
39 9 21
26 42 46
33 22 31
48 38 12
22 32 37
20 42 3
27 35 2
9 7 4
43 42 42
19 27 11
39 9 20
2 33 6
18 47 25
47 35 24
43 4 48
42 29 23
7 21 11
26 11 36
23 38 23
39 45 30
22 30 16
6 42 5
31 9 26
34 23 41
24 6 32
25 17 31
25 22 20
15 34 48
19 22 4
11 26 22
12 21 17
15 7 9
45 43 3
28 37 32
7 42 18
4 33 21
19 26 34
48 8 32
36 38 17
4 37 43
21 27 36
3 8 37
31 15 34
43 17 45
26 3 25
42 30 46
33 45 39
47 17 34
25 3 6
10 32 6
46 3 25
29 32 3
26 25 3
4 39 5
5 27 7
23 36 32
9 12 36
16 11 40
27 31 48
39 33 31
20 38 4
42 14 8
33 44 39
5 22 23
46 4 46
19 8 23
2 10 32
34 23 42
32 5 40
5 40 5
29 20 16
43 32 7
37 13 11
34 17 1
24 10 23
16 46 45
11 2 14
16 26 36
6 28 42
48 31 22
9 27 15
27 16 5
18 41 29
21 7 23
33 7 19
43 29 16
6 37 28
46 18 32
20 46 17
6 24 22
20 28 25
8 44 44
48 41 31
33 43 27
9 41 4
21 5 40
10 19 36
7 16 10
39 11 47
27 40 22
15 40 38
6 15 31
4 19 2
4 33 38
22 45 48
25 48 1
27 16 11
43 12 5
2 33 34
10 30 36
14 24 24
16 17 29
43 30 26
45 17 31
22 43 31
33 34 11
39 5 17
31 19 31
43 1 17
15 30 13
33 21 13
7 25 20
40 16 2
17 9 21
4 38 43
18 29 25
11 33 12
32 9 44
42 8 22
7 34 3
41 24 3
40 9 32
45 26 22
30 30 21
4 47 41
29 2 30
17 22 32
17 40 1
25 8 26
45 4 2
22 10 10
17 8 34
20 26 46
34 9 39
25 48 47
10 45 43
1 8 23
39 42 40
42 28 3
38 3 46
24 20 4
40 39 35
30 15 17
15 20 30
48 7 45
36 27 35
48 47 10
36 24 13
31 9 43
3 21 19
23 29 28
11 34 29
32 34 39
39 42 43
38 31 7
46 48 44
14 30 21
14 44 4
11 5 31
13 11 19
4 42 5
1 9 15
17 9 40
26 39 32
6 24 41
26 42 43
20 45 33
44 27 26
26 14 37
12 14 17
45 21 2
13 21 17
28 25 7
21 4 43
6 20 18
36 18 23
34 22 2
45 4 44
17 21 15
31 44 16
35 1 35
5 32 19
26 5 2
16 40 39
5 33 48
10 9 7
30 6 8
38 13 41
5 41 19
12 3 35
23 40 20
23 17 4
6 45 6
44 20 42
26 6 38
9 2 6
15 28 43
3 41 2
9 16 46
39 19 10
33 11 35
47 22 16
25 6 40
43 11 30
3 3 36
3 16 24
11 11 42
41 6 22
15 43 5
16 15 26
9 40 30
3 26 26
4 46 11
10 2 13
29 3 9
23 36 46
22 27 45
27 24 33
43 21 33
21 30 22
45 25 39
21 26 11
18 2 17
26 3 24
5 38 40
31 9 47
4 20 15
10 16 29
12 32 31
36 5 17
39 23 38
9 20 41
19 33 33
1 3 6
4 17 44
7 39 6
2 7 27
18 4 16
19 33 18
37 23 7
4 10 43
19 35 28
46 24 21
14 17 15
46 14 18
48 47 46
10 40 5
30 38 12
6 16 9
29 13 42
21 12 13
26 1 14
8 9 14
38 25 20
42 10 39
2 21 15
43 11 39
48 27 27
47 25 4
8 42 16
27 36 13
32 10 24
29 27 20
46 44 12
24 37 48
18 48 6
15 18 26
9 41 1
23 11 21
31 47 18
21 17 29
27 25 23
7 31 48
7 21 46
9 40 35
7 6 2
16 37 2
19 35 8
48 2 14
34 30 40
8 40 37
44 3 2
3 16 28
24 1 4
17 8 30
41 41 12
13 8 44
4 46 38
42 40 8
43 47 26
29 8 42
33 9 5
4 33 37
2 46 33
16 8 9
47 15 13
29 33 19
7 29 12
4 8 26
37 48 12
42 12 7
18 29 3
14 7 35
29 33 36
14 39 19
12 48 35
41 34 7
46 26 44
47 17 46
13 38 28
45 1 47
13 4 19
6 27 1
10 44 42
5 6 28
16 16 45
18 43 9
15 25 14
43 46 23
41 39 35
34 43 42
37 31 26
5 17 15
18 18 4
9 39 2
47 41 24
37 36 38
18 10 28
20 2 21
19 21 40
5 23 1
7 40 6
39 41 17
15 40 7
3 47 33
44 45 45
25 41 13
20 4 23
5 19 34
28 4 2
40 30 44
29 15 7
18 12 11
25 42 6
10 17 39
23 41 21
41 43 18
25 17 6
43 23 41
23 46 11
48 44 1
12 38 27
5 38 2
4 25 7
24 46 16
30 46 7
46 39 16
26 7 21
20 17 1
40 40 7
39 29 48
35 43 4
23 44 18
13 41 47
1 27 22
14 19 41
12 34 12
44 10 44
37 12 22
9 31 9
29 22 3
35 2 29
15 34 45
7 11 37
43 35 7
4 21 14
28 30 31
25 40 23
10 45 25
11 23 14
43 8 34
48 31 20
32 2 4
13 44 26
15 43 29
21 17 14
5 26 46
35 33 8
9 2 46
8 20 29
17 18 22
5 31 15
22 29 15
46 31 19
32 37 21
7 19 48
13 11 38
32 29 17
35 1 45
39 15 25
44 7 33
18 10 19
34 41 13
8 15 21
45 2 46
34 44 17
27 32 10
18 3 19
20 28 27
37 46 38
23 26 19
41 39 8
12 39 16
35 43 36
13 39 43
48 3 39
24 5 38
39 24 11
24 10 12
34 44 12
38 7 23
40 35 30
33 17 1
4 32 27
42 48 35
28 22 25
12 30 45
31 1 33
26 4 28
28 11 14
41 23 24
12 41 5
33 21 24
21 19 44
20 12 20
17 4 16
13 2 35
22 36 3
41 5 17
47 9 21
41 24 3
48 26 30
12 39 6
21 19 42
47 38 48
18 44 4
5 26 48
23 21 41
33 25 24
6 21 34
17 44 21
7 10 31
45 39 39
43 31 19
30 8 2
12 48 26
24 11 8
12 48 14
35 39 33
34 1 16
28 13 37
26 41 5
36 25 28
33 29 42
6 16 7
45 28 26
45 37 8
8 18 20
48 25 39
2 22 40
3 37 23
26 29 7
27 26 9
5 27 11
30 46 5
1 28 37
28 33 10
8 34 4
12 7 45
25 28 17
33 40 39
32 8 20
17 10 39
22 17 7
22 45 42
46 6 35
1 32 2
21 11 38
10 37 42
31 35 6
42 8 32
29 42 45
48 8 32
40 40 12
39 39 30
3 47 4
4 15 15
17 48 28
7 44 34
47 36 13
41 10 9
39 30 7
37 33 34
16 30 8
24 36 41
19 35 26
10 2 44
47 43 40
17 8 19
7 40 3
17 29 11
48 23 3
4 7 3
42 12 24
20 37 20
44 24 2
23 13 2
30 10 2
37 9 6
7 29 42
46 23 22
21 23 24
5 12 9
8 21 23
34 34 5
28 39 41
7 13 24
41 42 23
2 25 23
14 20 18
7 35 8
8 6 24
21 22 29
12 20 23
29 39 12
14 35 33
13 33 5
2 39 35
6 48 39
31 15 1
29 36 15
3 22 41
1 34 43
26 9 17
23 48 44
8 37 39
34 44 21
46 29 24
21 4 24
30 20 38
30 37 7
22 12 13
48 28 6
33 34 35
13 1 16
5 30 5
16 33 33
22 14 15
6 3 43
23 42 42
16 36 42
19 14 43
17 34 33
6 12 34
25 10 14
17 13 44
36 35 9
8 15 18
30 47 24
23 28 38
8 18 20
27 31 39
26 24 1
16 11 43
23 38 37
28 19 8
39 43 17
35 20 19
18 34 47
25 41 26
15 23 17
10 7 47
9 28 1
40 34 43
23 47 15
46 1 41
23 5 12
40 39 27
45 7 31
9 43 4
8 36 36
8 40 36
8 28 26
22 3 38
44 31 40
17 5 8
27 38 8
10 15 5
2 6 1
30 31 30
34 2 39
34 20 1
34 40 23
30 19 48
14 42 6
13 43 14
20 4 25
45 37 8
48 32 41
39 38 9
11 32 30
4 46 29
11 31 10
15 37 27
40 42 4
37 44 27
35 47 38
15 2 45
6 16 4
22 41 30
36 29 29
29 31 32
4 42 21
6 11 13
19 43 6
26 30 14
45 19 39
4 19 48
37 23 8
41 6 34
27 21 44
41 45 6
12 26 39
26 3 29
8 29 24
7 28 48
41 36 18
24 8 15
37 37 9
17 25 37
24 2 20
30 41 16
47 44 15
6 30 23
27 36 39
30 32 47
2 8 1
16 26 16
44 17 2
7 10 9
12 10 20
44 30 35
3 5 27
10 19 13
31 2 41
41 29 12
37 44 37
46 40 46
4 32 33
24 46 26
14 2 4
31 29 20
6 31 40
39 46 26
10 3 35
39 36 13
37 21 27
35 5 48
30 14 7
18 18 28
46 1 14
18 46 17
20 37 41
43 38 1
48 7 25
39 35 21
44 48 29
22 7 41
14 4 14
24 15 15
44 39 33
44 41 15
27 29 37
40 27 41
2 9 26
10 47 41
2 37 32
32 25 34
42 4 32
20 12 10
23 34 32
27 16 36
36 10 43
48 46 42
28 16 16
8 31 10
10 34 1
45 23 15
2 18 40
23 44 8
39 44 39
30 4 8
37 40 13
39 46 33
17 19 34
22 36 43
44 32 35
34 13 35
28 38 45
5 15 33
37 9 20
2 16 44
36 19 40
29 20 48
32 36 8
1 3 25
33 33 5
38 43 3
22 9 26
31 46 14
31 17 9
14 31 21
19 36 29
4 35 4
3 2 17
34 20 9
17 19 9
46 9 44
12 19 2
16 4 1
46 44 17
14 9 36
22 14 10
38 27 34
28 24 15
34 9 8
9 1 45
42 22 20
48 36 1
47 47 7
29 5 24
8 48 10
19 27 27
41 16 12
21 46 8
3 10 2
7 6 48
40 26 32
20 40 12
10 12 5
30 12 6
31 17 37
37 25 42
5 31 19
47 10 26
33 8 27
6 45 40
13 32 10
20 27 40
34 5 24
29 11 44
37 15 37
44 29 38
38 44 37
38 10 26
16 12 46
18 38 39
28 12 20
3 11 42
32 25 19
46 25 47
25 2 4
39 24 13
34 41 41
9 34 11
15 45 10
5 14 21
24 22 40
24 33 14
2 22 18
2 29 26
17 6 43
36 43 27
19 30 37
27 2 45
6 46 7
36 5 13
18 47 27
23 25 19
15 2 20
5 43 16
33 33 2
29 15 20
37 36 30
25 1 13
31 41 21
34 14 10
16 11 15
8 12 29
