63 56 49
70 14 40
52 69 69
26 68 59
15 68 6
16 53 59
35 41 55
47 36 9
33 35 2
6 69 49
27 16 36
19 56 62
72 19 58
69 2 60
29 18 41
68 3 18
19 48 65
42 70 59
40 41 32
60 64 48
59 72 63
61 49 39
32 53 28
65 3 24
42 48 8
44 27 30
70 31 25
49 71 2
33 22 19
18 4 6
67 24 43
71 41 14
38 3 72
49 51 58
26 4 31
21 22 14
3 52 28
11 45 35
44 34 19
23 49 13
35 19 28
66 66 41
39 22 46
5 24 32
54 49 45
59 59 17
50 35 58
50 1 15
41 51 25
56 5 50
51 57 66
50 47 64
26 37 6
66 13 23
40 58 26
71 15 53
68 44 54
32 64 16
56 59 42
26 8 33
44 4 69
55 15 68
24 42 56
59 19 58
36 20 62
33 1 71
62 45 30
27 56 3
60 14 19
58 34 29
22 64 63
26 3 58
36 15 25
25 30 29
37 14 59
65 62 4
48 72 58
16 23 16
9 36 51
62 71 60
56 67 37
60 53 13
68 22 35
60 52 30
25 62 24
58 69 28
35 58 42
72 60 9
24 44 67
28 70 37
16 32 60
23 1 46
58 64 28
48 1 46
37 54 55
26 6 70
38 49 67
71 60 25
49 21 49
1 27 12
38 33 25
18 8 18
20 18 3
5 54 26
4 16 51
65 1 71
45 29 8
39 52 67
27 67 42
20 26 29
32 41 19
50 12 45
32 25 22
66 19 26
62 42 49
34 18 43
43 31 18
44 21 64
22 20 29
3 72 18
40 10 33
67 10 61
70 10 36
5 37 20
69 35 10
54 26 17
55 10 4
44 47 22
36 29 19
16 57 13
11 42 21
63 59 14
35 64 39
59 42 3
11 54 67
66 12 10
68 5 68
46 37 1
18 14 34
18 12 15
31 22 67
47 27 15
42 18 59
5 27 19
33 58 4
70 49 72
50 69 37
13 33 24
9 11 36
5 72 65
14 23 35
36 62 41
62 2 14
7 54 4
71 72 27
35 71 70
48 35 50
15 51 68
40 37 71
28 64 54
63 21 56
72 53 54
64 3 50
51 58 48
12 71 33
59 61 46
2 72 50
16 41 57
57 67 20
17 10 34
31 23 60
20 50 62
68 18 15
17 35 29
16 20 36
61 39 62
49 33 68
67 18 36
50 64 64
8 25 50
25 17 3
67 64 32
13 46 22
43 44 68
47 41 9
20 34 7
3 14 35
23 35 48
14 44 23
58 36 37
32 64 16
2 12 70
27 35 65
36 67 17
4 19 46
38 24 22
15 42 34
72 51 26
50 53 40
21 63 32
71 24 55
54 10 3
45 47 17
53 47 59
20 46 66
30 21 48
30 59 55
26 60 67
34 49 19
15 8 14
52 64 63
11 13 47
5 41 2
23 22 8
11 35 29
6 20 44
54 60 20
34 32 71
68 35 48
14 53 33
11 40 55
59 35 40
41 28 69
49 70 45
27 46 17
56 7 53
21 65 25
67 33 36
52 10 55
14 11 39
19 37 66
60 31 45
21 20 26
30 20 47
35 36 54
7 20 8
43 8 26
42 50 49
62 24 9
42 2 53
55 30 66
31 67 32
22 69 55
48 43 38
35 47 26
40 49 57
25 59 55
18 22 69
12 29 48
66 14 17
67 51 63
17 50 50
22 22 59
11 44 37
40 64 23
56 63 9
12 21 15
69 11 48
23 6 18
64 54 39
38 55 65
12 65 3
53 41 66
48 72 65
69 60 52
54 52 40
1 14 69
2 29 35
26 3 9
32 69 9
32 37 3
11 53 31
28 38 61
36 23 22
4 7 58
62 55 20
52 20 64
69 59 55
16 16 26
41 11 66
16 43 9
50 11 62
32 20 39
25 5 47
1 34 14
62 32 14
35 30 59
62 15 41
51 71 23
24 51 7
57 58 36
41 12 39
9 3 60
1 56 46
25 34 44
48 63 22
54 45 16
57 23 54
14 15 32
65 10 39
21 3 31
60 22 26
18 63 16
15 56 29
46 57 53
47 45 61
19 18 42
1 18 44
52 53 8
14 54 15
57 28 60
63 14 4
8 35 34
45 52 43
62 56 23
17 27 47
64 49 48
33 34 28
30 64 63
61 69 25
68 70 5
44 48 62
25 6 21
65 39 16
14 13 49
65 15 23
60 51 22
9 29 31
39 34 4
30 1 46
27 60 56
9 59 8
34 54 56
15 67 19
60 12 18
33 33 23
13 21 28
5 30 9
33 4 62
7 53 8
16 12 27
26 70 46
4 39 5
26 34 63
41 40 53
34 23 28
59 50 48
66 26 54
68 9 27
33 62 50
50 34 63
54 72 4
1 11 23
30 16 20
37 60 17
3 54 45
23 56 51
69 36 48
36 46 44
4 34 12
6 49 12
26 13 14
22 32 24
42 52 33
3 25 48
42 72 38
67 19 18
9 67 25
22 29 41
16 52 72
21 44 10
58 35 46
32 65 48
27 7 55
58 9 9
68 60 25
32 47 1
37 4 69
11 27 70
65 9 17
41 22 71
49 40 16
13 55 22
58 71 12
13 21 70
21 25 69
39 55 30
43 22 21
55 8 66
4 17 16
12 19 55
1 19 5
44 36 28
56 57 29
29 16 20
22 26 67
21 57 65
43 71 62
54 49 15
33 34 56
64 62 2
22 55 65
59 42 54
35 7 24
8 13 28
55 37 71
69 72 65
9 35 38
4 15 30
61 21 71
32 59 54
64 3 42
64 34 31
21 34 5
66 36 39
16 58 68
27 28 42
52 46 56
47 44 28
17 70 28
71 52 54
71 24 1
41 22 70
70 24 27
7 71 46
15 8 57
18 36 11
69 40 57
58 21 7
50 12 58
54 17 47
40 70 5
72 8 21
38 37 11
53 64 66
39 62 11
56 60 25
26 21 72
29 12 25
48 63 9
71 63 49
27 50 33
57 18 28
66 30 35
50 42 13
35 13 44
35 11 44
45 58 6
43 7 28
28 50 10
31 66 20
25 38 50
22 70 30
71 25 6
9 57 54
64 53 19
36 26 5
70 57 1
40 29 60
31 26 47
72 34 36
1 53 21
7 22 70
68 16 14
19 11 63
23 30 64
70 28 72
68 4 67
17 58 56
24 13 12
21 4 18
13 56 38
55 19 63
61 7 10
70 44 4
37 12 2
21 57 33
19 34 12
70 58 42
68 43 63
43 3 34
27 22 41
7 52 24
67 1 46
70 35 39
32 40 17
36 35 68
30 2 21
45 52 55
19 13 7
38 65 53
49 24 7
53 48 32
64 19 70
39 58 67
45 3 57
72 27 19
56 53 27
27 5 18
44 20 53
12 55 58
16 53 59
11 67 58
61 12 50
48 42 62
60 54 49
17 13 47
1 16 5
65 49 51
69 39 70
62 68 3
28 42 38
38 15 36
16 46 71
53 60 5
56 71 35
12 26 19
40 22 64
14 44 47
50 9 70
22 27 24
64 30 7
63 63 67
57 26 55
31 53 66
20 63 11
67 20 65
57 56 65
38 60 62
13 8 21
51 66 24
26 8 70
30 3 45
49 60 14
30 65 14
33 5 30
68 8 4
26 66 11
10 15 40
2 20 41
3 57 59
65 48 58
19 72 35
26 35 4
38 31 60
3 70 54
11 61 50
64 29 49
65 49 15
14 69 64
7 55 12
25 28 27
45 68 64
29 45 58
25 8 46
26 50 9
56 58 7
46 31 37
62 16 6
55 32 11
3 47 52
22 46 10
1 60 4
15 53 25
15 21 25
32 9 11
9 11 65
68 58 21
60 13 16
26 23 54
60 35 71
65 41 69
42 13 5
45 61 65
28 8 66
28 20 51
2 70 32
54 28 69
5 68 18
36 19 48
32 54 42
11 14 4
42 43 26
63 58 35
51 35 52
54 47 63
6 59 16
63 52 38
42 30 9
25 24 28
58 46 72
5 38 37
21 28 46
49 25 19
56 16 35
46 12 10
41 7 54
57 9 32
71 52 4
57 3 64
56 31 54
18 23 7
26 11 65
59 35 43
61 42 5
71 47 43
8 35 43
38 16 51
55 22 34
8 35 38
61 23 17
7 31 43
33 48 38
4 13 26
56 27 25
43 20 18
7 68 8
37 18 59
41 67 8
66 12 8
14 15 8
35 17 4
61 67 2
57 72 9
41 19 30
29 68 24
38 55 51
22 10 43
42 45 37
46 44 37
59 66 13
29 7 10
49 53 65
15 47 54
59 26 24
19 40 70
40 5 49
51 41 65
53 11 60
28 9 60
30 3 9
62 69 62
7 37 64
9 39 54
60 67 59
68 41 50
6 1 58
15 70 64
50 57 70
14 64 3
66 62 44
46 3 67
5 56 66
40 22 72
65 32 55
59 52 33
30 68 8
17 37 57
58 60 43
55 62 37
67 5 29
19 22 68
50 16 46
38 10 66
34 39 28
18 20 16
15 61 20
49 39 8
37 6 47
32 41 34
33 68 18
59 66 51
36 71 56
39 56 11
49 71 21
63 34 72
37 61 11
71 16 69
63 9 1
30 38 36
60 71 56
13 72 59
65 26 4
34 24 23
13 47 48
13 34 10
7 70 37
11 69 11
16 38 38
48 72 15
50 28 13
44 1 10
6 49 9
20 56 35
49 68 12
43 53 12
72 71 14
59 6 26
10 18 10
59 29 72
12 28 10
7 7 67
56 35 52
40 72 22
42 10 12
45 24 44
24 70 64
1 47 27
19 62 5
56 44 1
6 44 12
5 32 63
49 55 44
72 66 8
17 46 43
31 26 71
31 51 28
62 32 39
8 19 10
44 40 9
67 56 14
12 12 28
41 8 34
71 48 63
25 18 70
3 10 40
71 59 63
72 64 51
33 29 57
56 53 71
11 49 56
45 38 46
39 62 69
53 28 72
55 46 69
20 40 5
68 9 60
50 68 52
13 26 58
38 33 63
61 62 26
45 15 40
41 66 21
50 37 38
13 15 42
23 4 24
61 38 24
47 49 13
31 40 3
10 66 11
47 28 6
10 22 39
71 3 50
47 56 59
23 15 54
20 69 1
70 64 19
8 9 17
61 30 3
54 72 17
34 72 50
24 63 12
62 1 25
43 6 9
14 11 65
70 15 16
6 41 46
20 61 39
41 35 70
34 21 36
50 61 61
60 54 59
4 4 40
65 65 16
52 24 37
45 9 48
51 45 34
27 10 22
4 33 41
66 2 9
56 16 40
14 22 7
23 16 16
10 27 19
67 49 14
68 23 19
13 57 45
42 2 20
27 54 26
64 1 34
29 45 36
9 67 48
19 12 57
8 52 48
71 54 14
55 26 57
51 67 23
26 27 47
45 19 39
33 59 56
49 19 65
20 2 30
51 38 34
30 62 19
51 25 41
5 49 56
56 63 31
35 52 4
28 39 68
9 47 51
56 51 52
61 67 50
6 18 11
20 13 42
50 58 60
25 49 51
21 60 24
69 57 69
7 58 22
29 59 28
48 22 49
29 62 41
54 37 67
70 29 63
43 40 71
59 52 52
34 44 23
65 67 17
2 25 13
1 56 19
2 36 55
1 41 5
19 71 67
63 18 71
23 3 14
9 62 70
61 9 47
6 15 24
10 67 61
7 24 17
1 49 20
5 15 15
29 5 59
8 67 43
64 48 32
58 3 44
58 24 64
31 14 2
24 19 21
11 61 25
52 54 10
16 39 41
42 13 19
64 30 18
46 1 31
44 60 52
48 17 14
27 45 48
32 55 64
26 9 53
43 56 22
20 52 29
21 53 20
37 69 19
58 56 43
52 26 37
71 53 21
3 40 20
1 27 30
43 35 11
50 30 64
14 3 30
24 70 30
8 21 68
4 50 56
38 1 61
71 8 66
64 43 10
40 22 14
38 46 35
15 31 36
40 30 69
67 48 9
29 50 69
28 54 1
32 16 5
50 47 26
58 48 32
45 42 63
53 31 62
50 5 20
25 15 33
43 72 21
32 35 55
39 45 66
69 33 30
68 23 36
51 3 63
64 67 1
42 3 4
4 34 30
32 36 55
43 64 25
48 53 21
35 44 52
14 38 47
72 59 51
66 11 18
31 32 52
9 2 57
58 70 24
41 22 50
49 17 39
41 14 45
69 7 35
2 62 22
33 16 30
62 23 32
56 39 29
18 46 26
18 15 6
17 9 30
37 62 72
44 71 26
28 35 35
53 52 13
24 42 36
67 5 59
60 6 13
45 11 8
37 49 4
40 2 4
57 25 30
56 13 71
59 70 64
8 13 55
21 39 61
10 5 2
40 10 22
71 15 20
41 35 27
69 53 67
54 54 40
49 48 68
68 29 30
49 10 42
61 44 16
49 6 53
45 57 1
56 28 16
60 61 70
67 45 32
21 24 50
31 42 64
55 61 49
22 20 47
64 47 56
10 30 58
23 37 51
64 2 36
44 68 11
49 2 3
26 48 12
19 17 11
66 6 22
9 29 64
32 43 60
57 20 70
56 48 43
54 43 53
48 1 27
40 36 48
54 19 27
65 11 15
49 61 71
41 32 18
53 38 71
48 48 37
15 69 21
59 68 12
34 52 42
3 70 11
20 26 37
72 60 29
64 63 36
21 1 35
59 8 67
14 52 29
36 42 46
64 21 12
55 14 5
44 56 21
56 56 5
14 28 56
35 27 49
22 40 67
24 68 38
7 18 12
37 15 35
16 37 63
35 65 39
51 39 31
31 48 70
25 22 25
19 39 16
6 43 55
44 7 42
27 37 72
17 56 26
63 27 48
22 57 51
45 54 56
8 61 51
60 47 12
24 7 58
60 44 54
65 24 13
54 45 51
19 28 33
42 2 16
7 56 14
24 47 16
38 32 45
11 20 46
33 21 31
26 45 37
68 13 64
40 49 72
72 56 29
72 3 28
35 17 21
7 72 18
59 8 3
67 55 70
60 56 4
70 10 34
24 24 70
32 40 34
68 22 67
71 39 7
58 3 65
12 33 49
28 30 46
70 49 4
47 25 55
28 40 54
57 60 44
13 31 46
39 17 14
20 13 20
11 65 34
35 25 25
8 12 39
72 18 17
57 11 55
14 30 18
61 59 19
66 71 64
46 67 22
64 24 40
66 24 33
11 48 30
44 43 48
48 64 60
57 56 10
21 72 56
7 23 20
34 44 34
72 18 18
72 18 5
22 23 24
61 19 2
69 16 64
38 72 14
72 61 34
55 66 44
42 13 31
28 24 53
42 63 49
65 44 34
41 34 48
60 58 70
72 70 16
41 21 71
69 3 39
41 20 40
57 5 36
35 62 7
11 67 11
24 19 70
12 7 58
65 38 54
13 30 19
53 39 67
4 6 12
28 15 54
52 43 48
51 58 71
52 19 57
42 16 68
38 54 44
43 2 24
31 28 2
26 63 54
1 42 50
69 33 49
65 2 63
71 15 20
68 68 64
29 7 19
38 4 38
39 1 36
15 8 18
49 71 30
44 64 59
28 24 6
42 37 28
53 8 3
47 40 50
47 52 11
2 22 4
8 58 20
25 72 31
53 59 42
6 64 43
69 48 44
38 29 69
10 37 29
27 34 29
15 28 28
7 5 6
44 40 71
72 44 47
46 17 69
64 54 38
13 52 21
52 68 4
72 64 10
72 17 19
55 67 13
5 47 36
23 37 52
46 2 13
61 37 70
43 72 54
43 1 72
18 65 17
13 5 31
18 10 7
56 49 3
51 22 50
32 28 5
68 55 46
23 21 39
63 65 21
1 8 30
16 35 47
67 69 65
4 20 8
12 16 40
22 65 2
23 39 51
2 59 18
67 13 63
21 5 65
29 22 55
24 19 35
54 14 40
26 42 47
44 40 51
61 8 14
30 45 46
17 10 51
22 45 14
34 17 29
62 36 6
13 32 12
58 34 61
64 31 8
67 43 55
58 20 42
14 35 15
69 68 67
44 62 62
46 27 46
43 57 32
41 16 42
62 8 59
56 4 36
65 40 64
66 48 60
59 54 20
25 57 10
62 42 12
31 57 4
60 10 43
37 63 5
28 57 25
37 44 61
69 4 41
37 54 43
50 12 31
29 23 72
50 5 32
24 25 72
2 6 51
28 60 36
22 4 18
56 31 22
51 53 55
50 50 17
32 3 24
52 21 39
46 63 6
28 7 58
38 10 5
16 19 17
67 70 5
54 37 68
24 22 36
62 68 36
5 42 24
29 57 21
11 38 42
26 70 3
8 35 20
29 16 17
53 47 3
38 2 41
6 50 4
72 27 12
10 58 36
46 62 50
59 54 71
43 7 1
34 49 22
43 5 29
32 35 51
54 15 52
12 41 41
37 46 18
62 2 66
70 10 9
40 52 4
23 53 41
30 61 25
3 59 56
60 8 18
60 35 15
56 3 27
35 65 70
29 66 72
1 40 40
47 56 11
65 11 41
27 20 5
14 14 23
10 53 13
28 63 26
49 38 41
39 16 71
56 69 35
5 61 67
12 43 11
2 63 5
70 1 48
70 32 36
34 4 29
38 36 10
9 53 43
64 67 5
30 15 28
49 70 68
4 50 14
20 16 66
11 7 40
25 70 5
13 31 5
58 56 19
65 50 33
66 28 10
54 55 38
16 36 14
69 30 36
38 8 41
61 59 25
40 2 1
16 64 32
25 31 16
56 20 25
24 11 45
13 29 4
12 16 52
31 29 8
17 63 58
49 16 60
18 1 36
20 69 65
71 14 25
33 64 44
68 24 54
20 7 8
69 63 23
29 48 5
7 36 34
59 49 24
62 61 36
66 42 17
17 72 40
35 53 63
57 61 17
28 47 25
31 17 61
63 36 68
70 11 12
19 16 72
26 23 7
44 14 13
42 15 46
8 60 44
40 22 13
61 8 9
23 34 19
54 33 39
45 32 17
32 25 9
14 20 55
11 61 14
58 5 22
10 60 3
17 3 17
45 51 56
7 12 25
17 15 41
71 54 53
27 7 50
34 58 43
6 69 24
26 43 54
16 10 13
54 23 60
21 31 55
49 33 14
18 35 12
21 10 44
67 8 62
19 57 48
42 59 1
27 37 32
26 41 63
57 42 30
15 13 43
59 13 14
2 16 52
28 35 22
65 25 19
42 25 45
66 39 31
39 47 23
16 72 56
5 28 36
5 57 14
61 10 39
48 13 34
48 57 26
38 26 5
55 27 54
14 11 71
46 1 51
64 18 23
26 28 27
5 65 14
56 19 64
70 47 10
52 1 63
43 6 12
55 53 15
13 59 69
11 21 14
58 22 30
9 20 1
47 47 40
69 57 65
29 53 16
35 72 50
4 63 55
1 25 72
48 47 10
61 4 34
13 14 58
62 14 29
69 65 24
28 57 66
64 58 15
20 18 35
1 72 30
49 4 14
69 35 24
47 70 39
39 68 23
63 7 7
60 60 36
2 59 14
47 60 32
58 45 52
38 3 40
31 64 43
59 17 64
65 64 49
35 20 3
54 12 64
9 65 26
43 41 13
16 59 13
48 33 6
4 40 63
19 2 39
51 2 12
43 4 1
72 58 20
16 4 49
1 1 11
64 29 28
55 57 16
34 16 3
38 61 69
71 55 5
5 49 70
55 54 62
62 70 36
42 59 37
72 47 36
42 58 69
47 49 65
55 66 20
34 46 48
70 68 53
70 36 37
25 41 49
9 44 2
33 1 4
40 49 66
3 71 47
35 70 21
54 9 20
56 12 46
60 1 68
67 17 59
27 9 50
53 60 62
14 36 55
62 63 64
64 60 28
8 65 47
23 2 50
3 33 71
36 37 2
1 52 5
24 5 23
64 1 36
4 15 33
61 20 14
42 1 45
65 16 36
4 39 47
38 35 62
15 10 25
72 18 37
53 29 69
47 20 70
47 33 62
14 9 57
32 6 8
42 28 46
33 25 55
54 67 35
11 21 30
65 54 23
21 50 54
23 71 10
39 60 6
14 15 69
33 71 31
71 27 17
27 5 15
5 34 71
11 48 52
69 1 30
53 19 61
44 42 22
3 2 7
66 63 45
72 43 71
31 1 10
30 46 72
71 67 42
63 41 1
48 19 18
11 60 50
57 39 28
60 25 12
70 38 24
43 42 41
53 51 2
55 13 6
60 63 31
15 14 71
30 44 1
60 42 35
65 51 30
39 43 40
33 11 67
29 40 66
41 62 30
47 42 15
26 63 5
1 49 44
13 67 33
10 62 66
70 68 56
25 37 71
32 6 35
59 13 39
6 32 59
63 44 23
61 69 37
54 2 71
20 23 12
69 38 16
61 57 4
28 14 17
53 34 26
2 51 24
55 48 20
57 36 26
46 1 64
31 28 53
19 41 71
44 17 36
51 69 18
26 57 25
24 34 64
45 29 57
13 5 23
46 47 30
66 61 40
10 64 47
56 56 70
2 6 12
44 50 29
69 17 7
68 58 38
67 22 5
12 36 22
12 37 24
58 54 60
57 62 50
30 60 26
6 48 12
35 50 6
49 45 53
34 66 13
18 59 35
42 2 70
64 8 9
66 31 38
45 24 63
44 3 71
9 62 33
41 32 53
25 72 15
54 15 46
52 8 60
10 41 12
41 48 69
38 64 55
66 34 5
34 43 18
57 9 51
32 66 54
55 50 41
15 61 22
8 45 27
12 27 43
66 64 62
52 9 5
46 51 19
66 32 41
72 21 26
53 59 37
14 37 7
23 47 28
57 62 43
71 19 43
45 17 9
53 56 47
25 60 42
58 33 34
72 44 41
9 61 68
3 28 65
39 22 26
21 21 29
19 42 22
38 69 64
53 46 12
25 61 33
56 23 40
45 7 53
38 54 22
71 1 11
72 7 48
6 15 5
2 45 2
48 58 54
30 30 53
17 30 40
8 49 26
72 56 20
48 28 47
12 11 15
18 45 17
17 28 2
35 43 17
35 43 5
26 22 39
21 52 38
58 57 33
56 67 57
15 42 45
63 20 17
32 61 1
32 59 50
20 42 47
7 22 57
37 67 42
25 35 23
51 13 65
71 62 48
8 4 48
38 17 2
62 6 32
49 3 34
21 26 26
23 38 2
6 23 60
24 11 55
27 39 57
69 2 67
40 62 56
65 8 69
66 9 3
26 25 16
24 13 16
29 46 72
10 34 1
1 32 45
48 64 63
62 45 12
28 18 62
41 17 28
35 56 3
46 18 36
68 17 34
53 35 72
64 67 8
9 10 11
6 68 29
15 27 44
4 41 50
63 34 22
32 36 11
57 61 44
45 44 24
6 26 27
57 6 62
38 58 16
28 9 28
70 8 60
33 15 68
70 48 62
32 59 2
16 57 43
56 53 64
51 44 47
69 9 36
68 17 36
17 72 21
34 23 52
9 22 37
8 22 1
65 49 42
20 2 15
71 63 50
44 3 35
15 16 1
13 52 43
29 20 65
43 56 55
44 31 36
58 8 13
35 66 62
64 25 55
69 70 5
48 7 26
55 29 21
27 44 47
32 68 50
60 7 57
38 38 2
12 48 12
72 61 31
36 3 41
40 37 20
12 12 26
35 32 12
58 43 29
25 51 23
36 29 49
24 8 7
12 16 45
64 68 33
63 2 18
43 17 33
9 3 68
40 14 59
2 49 48
25 55 19
52 67 11
29 15 40
35 67 46
9 14 3
45 33 6
47 13 26
69 22 7
70 48 19
57 29 22
46 43 6
40 14 50
3 59 59
57 68 52
3 25 28
70 70 10
35 23 12
69 70 28
57 32 54
50 1 71
50 43 68
62 28 23
64 37 48
33 6 54
58 19 33
9 25 32
40 36 34
48 14 33
54 20 69
56 21 31
26 20 34
14 2 49
62 17 34
70 4 51
49 16 31
15 10 64
25 68 13
68 57 28
57 39 61
57 60 11
28 69 16
31 19 42
25 58 57
70 31 54
37 51 43
23 33 62
23 50 43
64 8 27
13 8 12
15 15 2
16 1 29
71 8 57
1 6 8
40 69 63
18 37 48
22 2 16
27 45 31
18 9 56
59 12 44
53 16 26
28 39 8
15 10 57
29 57 14
14 19 25
29 13 45
40 17 62
18 63 47
27 61 35
12 64 65
65 25 28
24 45 63
10 28 58
71 72 48
2 52 22
33 65 48
22 41 24
48 52 66
66 14 40
38 44 31
43 43 25
56 46 23
19 12 5
12 42 49
4 14 67
45 20 45
42 50 70
60 11 40
26 31 42
28 5 17
8 20 55
43 36 60
21 59 72
56 37 36
31 26 57
40 46 70
67 40 47
59 39 16
51 58 64
33 35 1
47 45 39
37 7 53
35 38 16
26 23 51
5 29 27
42 28 15
35 4 19
65 40 67
33 8 38
59 14 31
33 27 34
31 38 8
44 67 56
31 61 26
48 19 17
38 51 53
13 34 71
72 55 30
51 45 7
14 55 65
24 68 58
65 2 68
56 63 63
63 57 20
13 41 5
71 32 33
24 50 6
60 59 71
64 68 11
32 23 40
49 4 11
8 44 16
47 53 55
1 54 42
55 68 47
32 7 16
21 12 18
57 24 51
68 34 7
42 36 52
4 63 4
27 35 36
37 56 24
45 17 58
13 15 46
71 12 63
57 54 23
70 61 61
62 24 57
60 29 30
34 72 33
58 5 11
17 24 35
27 1 29
13 33 52
25 26 64
2 7 30
39 49 11
15 22 65
20 59 51
5 69 22
1 45 8
70 8 5
55 3 62
25 14 14
28 31 11
21 4 42
38 55 48
22 51 51
44 67 31
22 62 25
2 29 5
3 49 34
23 12 9
60 28 12
2 38 34
14 65 3
19 44 3
51 43 20
12 66 2
57 53 9
13 54 5
31 10 37
4 25 16
46 58 61
16 5 43
37 60 48
15 42 65
6 66 22
11 47 22
41 57 62
65 59 12
11 26 64
42 39 13
32 7 62
18 4 58
17 13 45
51 15 27
1 66 50
26 55 24
38 44 7
53 15 15
15 36 22
43 24 7
62 60 9
22 22 69
61 56 53
47 5 15
51 56 31
10 24 56
28 55 38
4 33 23
32 1 46
66 64 27
44 36 12
57 15 14
32 19 57
14 32 67
40 56 21
24 58 26
6 7 47
37 49 21
4 32 34
10 15 45
10 66 64
54 56 36
36 4 40
29 22 25
34 19 71
8 52 68
14 23 8
53 20 67
17 1 27
56 28 50
48 68 7
44 71 40
11 14 30
3 10 22
15 67 14
56 46 61
72 21 48
13 69 62
50 29 12
40 57 58
70 25 61
33 22 58
12 16 19
13 67 51
60 14 59
70 33 59
55 27 64
28 38 39
60 66 69
63 53 42
66 24 38
51 66 56
45 59 69
23 2 67
32 48 4
50 48 59
23 9 58
12 2 7
72 67 34
62 63 9
45 58 19
42 39 39
20 36 58
51 55 70
11 42 64
62 46 66
47 63 39
68 3 71
2 2 70
25 23 29
41 12 40
53 5 60
30 48 60
50 19 70
58 68 58
71 31 40
31 41 23
20 2 23
69 71 54
34 33 53
8 33 64
19 67 48
61 40 69
13 24 12
50 42 63
40 10 8
26 38 30
28 62 55
53 65 58
12 2 1
59 31 13
21 71 7
62 27 22
31 14 4
56 61 32
72 1 9
61 66 9
60 6 3
72 48 66
46 28 21
48 30 68
42 2 45
41 37 62
47 39 59
33 7 37
53 27 64
24 4 40
19 2 56
64 26 58
46 68 71
62 7 42
12 53 24
50 28 25
6 51 66
69 43 29
67 61 45
13 71 69
55 33 71
6 36 27
28 44 28
8 62 70
50 40 45
2 50 16
41 11 51
64 33 22
34 6 22
50 45 39
42 40 63
39 21 9
56 59 37
55 45 42
39 67 62
63 1 59
45 70 10
71 32 57
31 43 12
16 2 2
1 11 64
11 23 16
43 18 62
19 37 70
21 7 68
69 43 39
70 61 15
36 45 2
16 34 20
15 5 54
57 29 31
6 59 6
45 24 70
65 57 10
37 51 65
43 17 42
21 27 17
28 35 38
29 38 60
34 7 50
10 36 24
44 32 16
28 36 7
57 24 68
72 49 56
44 1 68
39 64 26
25 52 18
17 51 21
61 53 49
14 16 58
48 37 31
23 72 4
18 35 31
70 30 23
33 14 57
6 51 24
23 64 35
48 46 17
38 63 16
47 52 25
9 52 51
13 45 15
34 30 68
30 67 23
34 26 21
33 15 34
51 55 59
67 2 3
63 26 21
31 38 53
35 28 8
18 46 60
53 59 13
21 46 39
55 31 11
30 27 5
23 28 5
59 53 19
70 5 44
50 65 15
19 65 54
8 11 12
48 33 46
57 23 20
63 16 28
67 71 47
8 42 14
15 52 3
41 58 64
9 20 47
49 69 22
57 72 63
17 48 24
53 31 38
20 61 50
34 4 52
53 59 50
67 26 25
26 44 14
69 42 49
38 45 63
59 4 48
63 16 48
62 12 36
2 3 36
69 9 17
28 25 29
55 2 21
3 27 67
27 61 17
31 36 71
6 50 37
60 7 55
5 59 35
52 6 57
28 30 34
55 40 31
15 27 22
9 15 18
48 65 66
40 8 13
17 51 23
30 13 9
18 69 63
21 51 34
60 52 26
37 50 72
1 68 22
56 66 33
57 34 48
32 21 33
16 35 54
4 55 28
18 7 39
30 69 69
24 40 21
38 9 1
2 61 35
5 60 23
9 25 22
15 63 61
59 49 23
38 29 67
58 69 4
41 40 6
70 58 1
16 4 11
6 36 44
21 71 25
9 13 36
25 59 41
31 42 54
22 70 21
2 72 19
4 9 60
10 7 45
36 1 18
37 51 21
48 32 18
52 2 51
11 7 30
39 69 71
28 12 46
4 17 35
43 2 52
23 54 43
29 32 35
25 27 66
63 35 19
25 51 54
57 46 69
27 18 51
65 36 19
43 19 26
9 45 42
71 29 42
40 32 24
34 27 9
26 7 62
56 56 58
62 36 43
60 24 38
11 42 25
67 52 47
60 14 52
54 43 46
29 54 28
32 8 4
47 33 4
60 58 32
9 36 37
15 3 21
44 9 7
40 67 30
39 37 57
39 38 21
11 19 68
28 45 33
43 26 34
61 8 2
8 62 67
8 50 53
46 18 15
44 72 11
62 53 68
33 34 5
56 24 6
36 18 57
52 26 19
18 31 59
9 49 42
34 47 65
60 9 13
68 38 30
35 30 63
14 71 67
38 5 60
26 25 48
14 61 7
65 10 40
46 17 40
21 70 35
2 31 16
17 36 60
10 62 27
17 51 37
7 54 35
28 67 59
38 24 57
53 9 29
40 69 38
62 24 45
44 42 47
4 11 16
38 12 33
10 17 5
41 71 32
38 24 65
45 25 27
33 69 30
69 34 54
62 18 47
56 21 41
5 3 33
26 35 13
4 32 10
47 2 3
42 17 30
36 59 30
43 53 64
24 29 57
44 4 35
71 63 30
63 28 47
44 46 41
16 64 20
45 52 7
32 12 50
62 69 55
19 9 60
41 36 46
6 30 30
30 21 7
6 19 45
53 44 27
10 50 2
36 50 21
46 44 39
21 39 26
55 67 33
65 64 46
54 33 42
42 37 25
57 54 53
6 19 6
20 25 51
47 4 50
48 8 69
69 63 12
37 31 60
23 59 30
70 61 44
51 31 45
7 70 43
6 14 27
47 64 25
29 10 10
47 12 1
46 69 58
59 70 15
38 57 58
2 46 17
46 20 7
71 53 14
43 61 25
32 25 49
6 8 57
1 39 40
13 6 24
31 15 40
2 29 46
45 58 10
59 57 38
1 64 32
58 15 71
25 10 22
27 2 41
35 33 58
65 4 45
45 64 49
36 8 25
62 8 43
69 3 50
24 29 29
10 54 45
23 56 69
10 1 58
71 9 55
33 54 10
69 41 28
21 67 43
62 67 12
50 71 28
12 70 69
57 50 58
30 26 59
4 32 6
35 59 2
23 45 17
35 12 53
3 48 5
41 39 14
16 48 22
3 68 15
56 4 60
13 7 44
24 37 49
6 57 30
65 23 8
54 9 32
60 52 68
13 30 22
10 8 69
18 16 18
34 40 41
38 65 7
60 59 60
64 70 53
7 60 44
69 41 72
2 29 14
31 22 57
58 22 15
51 63 6
15 8 52
26 5 52
1 65 11
47 66 21
61 47 14
68 26 31
40 31 55
32 30 26
56 15 21
54 42 71
31 37 31
29 25 35
27 48 51
27 42 28
3 13 12
8 58 70
63 38 58
24 65 67
3 33 23
34 5 6
38 32 3
51 16 10
20 47 22
16 58 27
71 22 39
68 57 40
3 59 64
72 15 45
60 19 31
37 71 45
13 17 9
59 21 56
61 45 19
35 28 15
52 33 55
37 9 20
12 59 43
42 23 65
67 34 12
17 7 35
12 1 38
31 11 34
9 28 61
1 3 9
62 70 31
50 48 9
13 46 59
31 68 18
35 7 12
61 44 51
59 67 9
46 53 29
33 21 54
42 69 63
70 27 40
53 62 32
5 49 5
23 43 42
23 44 49
7 36 37
37 21 69
51 53 8
22 60 49
41 13 26
54 22 24
29 56 48
2 61 24
47 46 14
28 39 45
64 19 12
9 68 38
58 15 12
56 60 63
67 60 1
47 10 54
19 22 70
13 21 17
41 54 43
53 1 33
28 32 28
68 4 58
66 7 21
26 36 10
10 55 39
36 9 57
31 41 18
40 67 46
11 45 11
64 69 46
19 66 36
40 7 53
45 45 50
34 46 42
40 62 20
54 30 46
65 5 59
66 33 28
57 25 72
28 63 68
67 44 45
25 17 29
7 36 38
68 4 60
45 51 3
56 65 50
7 60 37
59 58 53
60 9 23
47 9 70
46 56 5
29 71 24
2 62 19
11 49 5
8 9 56
6 52 53
61 26 47
58 41 16
62 3 27
39 58 41
37 38 32
19 43 41
36 69 61
7 32 48
25 55 48
35 50 1
15 39 50
5 64 15
11 52 41
27 21 9
69 18 17
72 5 43
67 63 39
63 8 21
14 11 30
56 30 60
27 56 13
41 21 12
54 33 68
58 67 42
28 71 14
56 47 23
13 15 62
42 39 36
55 34 13
60 29 30
59 46 43
32 20 19
38 70 44
13 24 35
57 23 44
37 43 7
44 49 6
16 38 60
37 42 12
47 35 31
29 22 30
43 56 27
46 21 40
12 51 59
54 15 65
28 33 45
43 15 5
40 5 47
24 67 63
12 39 19
60 63 57
15 7 18
2 26 51
55 51 23
63 23 47
38 56 47
10 3 60
40 13 6
57 49 1
53 36 18
21 39 64
31 26 66
15 55 36
1 15 5
35 23 50
47 57 12
55 42 45
41 17 69
6 33 14
28 12 64
21 59 56
62 12 1
23 68 58
7 28 61
26 9 15
49 70 27
45 9 42
3 6 8
60 43 28
14 21 17
10 2 39
43 65 59
7 40 18
40 61 49
71 19 25
50 36 2
59 4 69
57 39 19
66 69 41
62 40 7
64 20 6
61 13 59
51 66 55
56 69 30
51 50 24
49 21 35
38 35 24
61 28 55
2 25 15
22 35 39
45 67 43
70 64 66
11 29 41
9 56 27
1 51 64
8 55 45
26 43 60
40 37 18
1 20 68
10 53 62
52 19 71
22 25 8
37 65 27
49 16 53
72 53 16
43 26 6
31 31 66
58 24 50
53 29 61
36 17 21
15 17 27
14 13 26
18 8 21
49 5 27
49 65 42
18 18 40
21 55 46
33 49 21
18 61 34
71 68 25
5 54 59
65 15 59
48 37 42
21 46 5
17 69 25
43 62 37
32 42 71
28 51 21
21 9 46
52 55 52
44 13 7
59 24 11
62 54 57
30 19 54
19 11 40
23 23 43
14 31 33
56 10 64
9 32 22
70 4 20
5 60 37
45 9 16
69 15 15
71 71 25
10 43 18
28 34 26
39 34 68
30 59 12
33 26 25
17 40 16
2 8 44
64 10 32
64 26 50
47 34 68
7 8 40
18 32 12
32 49 72
41 26 24
65 44 55
70 28 55
8 2 4
10 11 18
56 6 8
40 37 47
38 34 58
20 20 23
47 1 11
39 41 40
36 35 48
4 20 4
4 22 5
41 58 49
8 66 23
26 71 51
7 29 56
57 23 57
6 57 47
71 11 5
23 2 22
26 70 41
2 63 37
36 23 25
36 17 30
52 42 44
39 59 26
14 10 70
68 66 22
37 70 55
57 23 25
60 58 58
53 18 51
66 19 55
13 27 32
61 56 24
40 16 13
58 72 50
45 17 23
40 61 32
34 61 52
28 61 51
30 33 5
5 37 45
63 45 61
4 55 39
64 70 72
44 45 42
52 27 33
60 48 52
46 26 52
6 46 4
3 32 56
33 11 47
47 71 64
46 67 59
64 56 51
53 31 10
42 27 45
72 54 25
26 41 31
36 21 46
2 17 9
50 20 17
72 19 66
21 40 43
37 43 26
1 54 41
51 61 47
20 60 34
2 50 23
10 23 62
69 65 51
50 72 54
39 7 67
64 9 7
20 71 18
66 26 6
9 46 63
16 8 51
18 14 60
24 3 60
39 43 52
57 22 17
7 3 41
68 14 29
39 42 50
42 32 12
35 31 22
67 10 23
23 4 34
71 54 65
72 44 72
34 13 31
15 22 65
69 49 19
48 1 45
16 6 33
34 52 68
62 57 12
62 35 26
23 24 14
50 35 25
52 20 1
28 55 53
27 33 64
60 25 27
41 1 11
11 51 8
35 58 27
31 5 12
36 41 7
12 8 37
44 58 35
7 53 43
15 41 5
4 49 49
37 12 25
61 4 3
20 1 29
19 65 16
68 57 35
19 33 44
68 8 59
1 33 13
34 68 18
35 29 51
20 41 10
35 54 36
46 7 32
71 38 66
24 58 68
42 5 65
72 37 34
37 47 34
50 62 48
46 68 25
15 63 3
24 12 41
65 47 3
63 60 16
57 3 45
10 12 5
27 23 62
19 63 35
31 31 55
52 34 51
9 43 13
33 66 65
26 27 58
35 31 64
43 26 61
7 71 47
26 65 33
12 8 71
42 12 55
17 57 46
67 67 17
68 62 6
44 23 9
7 33 46
45 47 26
40 59 46
5 8 30
43 11 14
3 53 8
58 37 70
72 4 69
36 23 9
39 15 10
14 19 20
26 27 17
51 29 27
28 52 11
12 23 72
18 50 56
53 18 24
32 28 5
38 13 52
2 24 55
51 51 37
60 40 56
16 17 40
53 51 28
61 8 61
32 48 27
67 42 12
46 55 44
12 34 16
12 50 3
45 8 23
63 48 10
64 69 40
8 41 48
46 44 47
5 39 44
64 62 51
46 41 12
15 59 49
3 12 5
41 36 11
42 1 65
52 50 34
70 1 70
40 40 45
36 19 69
18 22 40
2 55 19
62 13 43
19 6 16
43 44 33
16 68 59
47 42 43
72 61 70
38 3 46
40 5 31
66 46 69
54 22 40
67 67 12
15 7 57
47 50 18
49 10 50
52 36 52
32 7 13
23 16 8
12 40 70
22 32 71
21 16 17
33 10 46
39 66 26
5 10 18
2 34 28
3 37 71
62 71 34
36 25 43
66 3 53
51 33 1
41 52 62
3 70 10
30 13 17
29 34 40
2 15 43
28 19 10
67 64 66
71 19 4
21 16 58
8 21 61
5 15 5
13 40 65
8 24 56
46 9 62
16 54 4
30 13 12
12 9 44
60 40 26
17 38 50
7 53 44
70 38 51
29 5 12
3 25 48
12 51 34
55 65 55
54 12 8
20 44 69
10 27 50
68 60 38
52 50 46
39 63 37
43 19 42
4 35 42
19 53 29
39 35 63
30 10 54
14 1 34
11 54 3
37 58 49
44 5 28
57 16 67
55 2 19
12 16 19
34 9 53
30 25 31
59 26 39
69 10 71
40 12 47
70 15 67
64 30 36
60 53 20
61 23 58
9 13 48
43 56 51
64 16 50
35 46 32
13 30 8
6 61 46
42 3 19
31 9 23
62 59 11
56 3 50
28 48 52
31 66 49
53 59 28
10 49 8
43 67 55
66 22 72
7 10 47
51 71 16
45 1 53
55 46 6
31 11 46
4 56 34
53 21 66
25 43 48
18 44 68
64 51 43
18 1 38
7 13 49
6 44 12
61 47 33
26 10 50
14 72 62
64 10 65
60 5 29
58 48 10
37 38 69
49 31 70
46 5 65
15 35 69
64 39 27
66 68 28
5 10 48
71 12 21
61 31 28
33 59 30
67 28 23
51 57 60
27 4 37
68 28 2
6 3 72
69 20 43
20 20 11
26 19 23
70 49 14
23 9 32
57 1 45
48 10 66
7 58 20
8 48 13
12 60 68
23 47 5
8 12 47
72 21 60
64 29 33
11 20 24
43 70 66
12 24 69
14 4 58
60 9 42
65 4 44
32 55 58
72 56 53
47 45 51
5 34 13
9 48 60
12 11 48
72 58 67
32 12 41
32 18 69
72 29 30
51 32 3
60 70 33
68 69 11
18 6 1
64 46 65
6 2 41
7 44 54
20 57 7
10 8 10
47 62 12
10 40 16
29 69 6
10 26 48
29 14 47
28 2 17
65 7 12
65 68 14
23 46 10
43 70 9
12 18 16
41 49 5
33 52 23
65 38 25
35 60 48
58 27 14
47 11 17
2 12 70
34 11 5
16 20 45
5 58 35
27 38 47
67 12 6
72 71 24
60 41 18
10 56 18
52 55 28
39 12 40
35 67 12
7 38 41
68 51 18
61 30 25
70 42 44
4 55 33
13 29 24
32 36 65
40 25 44
8 14 70
34 70 8
1 69 23
63 39 18
56 65 61
49 15 52
63 64 46
31 37 57
29 16 44
35 15 37
57 35 28
29 34 10
16 24 35
23 25 21
63 4 28
58 18 9
38 3 5
57 54 46
40 19 64
22 9 41
40 34 63
8 63 51
21 49 30
54 58 33
16 9 36
21 44 1
8 70 19
71 31 46
1 42 67
34 42 48
35 57 33
63 54 67
46 18 44
26 34 64
57 35 53
27 40 34
31 21 57
58 1 34
60 2 25
64 33 19
21 6 14
38 47 71
66 40 10
13 65 69
61 5 46
42 12 40
37 49 35
33 70 71
40 3 49
30 45 67
64 30 6
63 9 59
41 58 30
25 25 45
42 47 45
33 62 22
11 32 2
12 5 16
71 18 35
36 1 29
18 61 22
41 47 52
66 53 52
30 35 40
25 63 32
43 44 14
63 61 1
64 25 54
23 31 3
48 4 23
38 31 40
29 65 31
40 72 59
30 3 30
13 65 57
11 58 8
29 36 51
35 30 9
57 68 18
56 3 31
24 24 45
35 7 17
3 29 16
48 46 23
13 68 38
41 47 49
69 32 19
13 13 72
28 49 22
16 28 29
48 63 55
34 1 33
54 55 72
8 62 29
64 11 12
19 15 2
17 42 8
7 4 60
63 33 35
36 58 40
5 35 8
32 21 12
39 1 33
43 18 15
15 38 1
4 22 10
66 49 62
57 62 21
68 5 11
41 1 46
51 56 28
55 25 55
34 28 13
3 2 33
37 29 45
36 1 65
71 41 56
45 38 24
49 1 3
5 8 35
26 4 41
62 69 70
31 1 37
45 35 11
39 44 33
8 41 50
11 68 28
68 15 59
10 44 25
64 16 46
60 1 38
30 36 4
4 53 34
44 42 43
3 48 4
55 17 58
36 10 56
46 46 72
13 48 40
71 30 56
26 20 42
61 8 24
38 10 38
4 70 23
65 36 21
31 25 51
70 6 71
31 11 47
19 6 30
56 72 64
14 70 17
3 64 23
41 12 52
29 49 36
24 41 32
28 19 50
29 45 10
38 14 8
61 62 9
12 72 37
26 53 35
42 43 6
35 23 58
15 3 20
10 59 9
69 62 31
72 33 60
5 50 44
53 63 59
30 33 64
12 35 44
16 18 27
54 62 29
34 40 53
60 27 43
51 54 33
43 38 13
31 42 20
24 46 7
28 13 64
16 54 41
16 68 70
34 40 35
22 63 52
39 37 70
36 66 2
70 65 37
28 41 33
38 12 68
21 42 2
48 23 15
48 38 65
52 11 66
10 39 37
9 36 44
53 67 45
31 31 11
16 52 60
32 7 18
47 71 69
20 11 53
41 63 28
7 61 54
8 59 32
54 19 29
23 57 45
22 34 72
12 49 55
56 48 65
2 55 17
27 21 7
41 68 53
63 28 50
67 55 67
50 58 37
29 31 18
68 54 9
64 35 27
47 42 47
20 17 45
61 34 5
6 6 20
63 56 16
11 35 49
29 37 34
32 57 26
65 41 53
19 47 44
49 3 66
54 35 23
12 7 5
35 3 43
62 1 44
7 48 24
2 50 72
61 24 29
39 43 45
6 36 30
5 56 21
37 6 6
29 22 46
59 35 25
43 66 72
56 24 28
23 63 14
2 46 25
9 66 24
10 25 72
57 49 65
47 65 19
43 20 3
49 37 48
55 67 39
29 6 69
5 16 31
65 10 33
36 20 64
61 9 25
31 40 38
69 13 46
25 14 69
30 22 28
41 9 17
37 59 10
14 2 4
9 31 12
66 12 7
4 37 27
59 57 12
68 55 42
44 22 37
36 9 37
50 35 62
33 18 11
55 65 62
68 9 43
4 65 72
72 22 43
1 2 22
27 53 55
68 18 45
46 60 71
4 6 70
30 16 42
30 54 44
46 7 16
13 16 37
66 6 46
63 6 45
50 65 65
51 51 8
1 5 45
36 17 58
45 41 71
67 7 51
9 61 17
25 3 17
71 34 43
59 53 28
23 47 64
16 13 37
3 16 36
54 30 38
12 64 23
66 56 23
64 2 12
14 10 53
15 71 55
24 14 65
20 64 22
37 52 55
27 25 43
23 39 35
48 49 72
33 66 54
36 32 56
64 58 46
36 44 20
34 40 11
34 55 52
29 50 1
52 24 44
53 2 29
2 1 55
7 14 62
51 18 67
72 66 19
31 32 33
48 70 39
72 11 40
9 5 24
69 43 55
65 52 30
15 23 8
68 53 29
30 65 36
57 35 56
60 15 2
47 69 44
15 39 68
20 7 46
58 39 8
49 52 5
38 65 19
20 61 68
32 45 15
24 43 49
14 50 10
69 7 68
48 47 14
45 50 29
70 63 26
49 24 7
6 9 25
44 33 5
64 7 18
67 72 55
50 11 11
24 62 60
45 29 43
11 41 1
15 28 27
8 42 32
44 13 46
5 23 10
44 3 15
48 59 62
65 28 31
3 25 37
40 21 11
67 67 72
41 67 71
59 2 26
65 20 12
55 56 5
58 27 8
15 36 44
9 54 69
10 69 19
21 57 14
32 26 64
16 59 51
72 44 12
44 17 43
42 26 7
63 54 12
38 32 33
22 64 22
14 65 42
39 53 2
51 51 62
31 6 47
29 66 5
52 51 43
61 3 31
41 57 57
48 31 57
16 36 12
66 32 7
43 9 30
12 57 72
20 16 16
62 14 9
45 32 30
36 63 63
33 62 34
8 44 16
13 28 65
47 29 57
38 49 66
52 17 15
52 28 71
32 69 12
14 25 50
29 33 30
64 68 37
55 60 37
65 33 16
11 51 70
48 12 32
51 20 45
71 19 10
67 44 56
46 47 37
7 15 13
68 59 51
53 33 45
16 17 4
35 52 42
49 72 40
68 41 57
57 2 3
12 46 52
43 30 28
61 16 40
3 46 4
33 15 27
69 20 3
70 13 55
18 49 41
42 19 32
44 17 12
60 71 43
59 25 1
52 21 14
9 39 21
67 10 8
5 61 10
6 36 48
54 35 51
36 36 48
39 23 53
16 63 55
35 26 46
47 70 42
11 53 53
12 68 8
18 10 53
25 61 19
68 31 63
3 28 13
49 1 61
15 39 30
34 61 36
57 45 68
18 30 11
38 50 2
60 45 48
2 21 30
17 20 61
35 10 51
43 9 50
20 30 69
39 22 20
12 38 57
21 68 69
16 42 65
60 56 1
26 22 26
34 71 64
11 37 10
8 60 4
16 27 52
64 31 43
8 7 8
68 39 28
33 10 20
35 29 16
66 9 33
47 33 63
5 38 10
20 28 23
10 36 69
13 43 33
11 14 17
37 17 71
55 1 8
29 26 54
31 42 25
9 16 55
59 55 4
37 67 19
2 68 22
37 4 9
37 52 22
22 58 5
4 42 55
20 72 29
52 22 34
31 2 59
8 19 2
57 36 13
1 52 12
42 58 5
57 54 30
16 71 72
39 8 32
16 23 52
19 9 34
61 59 51
56 51 50
39 9 24
72 4 21
43 46 68
69 63 13
69 62 24
56 25 27
12 13 26
37 8 33
15 30 24
56 48 11
71 36 62
10 47 16
42 26 29
65 28 38
11 6 22
43 64 34
22 43 53
57 12 31
61 23 12
21 40 39
1 37 31
43 60 68
9 52 72
70 15 18
27 11 10
12 21 71
56 72 55
25 52 68
20 19 29
22 57 69
11 14 2
58 58 30
57 47 52
33 34 52
17 34 47
50 13 16
42 8 21
16 27 61
3 70 54
47 57 13
32 64 62
19 36 33
47 37 10
23 41 25
6 27 55
61 11 1
33 66 34
16 16 20
62 6 17
25 9 49
18 71 38
7 43 2
5 41 21
27 53 71
9 2 53
12 25 44
39 26 2
67 26 67
66 20 41
70 64 27
54 30 61
42 13 21
64 40 39
10 38 45
58 39 60
16 58 62
7 3 24
35 5 50
51 45 6
69 51 38
59 29 22
36 49 47
39 22 26
11 13 59
36 36 20
36 42 10
2 27 54
21 13 34
7 61 36
65 37 36
61 4 54
47 32 49
51 50 18
38 38 23
30 61 39
7 38 8
57 64 61
45 38 54
24 39 21
32 40 15
57 58 16
16 7 68
59 32 39
31 2 3
60 2 15
57 12 12
25 49 34
38 71 56
50 26 3
34 25 27
14 53 15
6 11 62
43 29 6
6 54 7
37 13 28
23 66 8
41 21 70
57 60 9
57 21 16
5 69 35
36 56 2
42 26 71
47 25 23
55 69 14
68 51 52
28 26 37
50 56 51
64 39 60
66 4 6
42 32 48
13 4 39
56 40 29
7 51 1
58 54 51
32 15 52
36 24 32
41 8 62
8 59 61
56 48 26
24 35 67
40 4 17
11 7 7
8 5 13
27 26 9
67 13 48
63 34 29
65 57 56
34 54 6
5 51 12
57 36 64
38 71 60
33 30 7
13 70 39
60 34 9
33 7 39
47 13 61
49 41 64
51 32 28
25 58 21
2 19 33
6 64 58
66 17 21
10 36 59
71 60 21
43 38 67
27 26 14
70 49 44
3 6 2
39 21 42
9 14 4
1 34 3
43 32 27
2 71 60
31 58 25
51 22 16
58 44 72
67 52 17
1 39 6
44 58 45
50 26 33
34 11 25
64 30 65
67 6 13
68 55 18
32 37 13
68 44 28
20 9 5
56 65 13
28 43 67
8 18 12
48 7 11
38 15 49
33 1 41
46 22 31
51 39 25
21 21 14
23 34 28
59 53 45
36 50 52
34 56 54
22 61 57
41 61 63
28 47 44
24 12 18
25 52 2
12 15 45
71 52 1
18 62 28
53 10 32
31 67 63
60 2 35
21 6 8
55 54 22
60 44 54
72 49 7
38 26 45
65 14 57
21 58 56
14 21 56
37 33 54
15 47 13
22 7 57
31 26 1
62 55 18
62 70 65
15 36 17
31 44 30
24 52 17
38 33 62
10 70 32
60 35 38
51 23 69
71 36 58
70 53 4
30 35 3
70 32 53
16 2 9
13 36 42
41 24 46
48 27 27
22 33 40
37 65 4
47 30 35
65 34 6
72 18 1
57 9 5
22 44 21
20 25 1
27 25 41
50 24 20
1 59 72
18 14 45
67 18 66
15 21 21
68 14 13
23 29 19
71 7 67
62 9 71
6 49 8
34 62 37
62 72 19
32 14 22
11 67 67
11 17 53
53 48 3
28 28 46
7 61 59
13 57 62
9 44 26
6 46 32
66 30 72
29 54 15
26 15 63
23 25 7
62 20 15
1 18 45
41 38 31
60 20 9
12 6 50
54 51 65
2 28 1
30 35 43
4 70 62
31 34 47
70 42 49
46 36 34
42 56 44
29 12 43
21 56 39
50 57 51
25 40 16
38 57 47
29 15 25
40 47 49
54 69 17
31 72 62
18 47 53
21 32 67
40 9 28
26 70 13
52 17 19
18 33 22
63 46 23
15 33 47
15 38 15
68 71 46
46 46 35
24 58 60
62 19 46
41 62 35
5 46 11
62 16 66
42 20 24
38 49 37
16 32 52
34 32 29
56 1 48
69 49 36
43 55 31
11 5 16
1 46 51
44 36 12
30 51 45
25 13 10
33 43 47
19 53 7
43 34 52
33 46 18
43 25 26
51 52 10
23 7 27
1 7 28
63 30 21
64 27 67
12 4 62
32 57 27
55 39 48
42 43 37
3 7 61
39 38 1
53 59 4
53 2 23
1 49 67
42 45 60
5 48 41
36 35 56
41 10 22
52 23 21
68 24 30
38 57 27
38 32 36
61 30 38
47 33 16
69 52 22
31 63 40
69 22 3
17 62 48
51 8 58
15 50 11
18 67 19
51 58 30
27 27 31
29 60 45
35 15 50
25 66 70
9 59 1
51 7 36
49 48 70
51 66 28
63 22 42
11 24 67
72 40 4
16 5 34
55 4 53
61 71 35
35 57 67
19 8 57
31 5 10
62 58 42
34 36 18
14 47 25
58 24 3
30 34 18
44 28 15
19 28 66
60 47 59
3 67 59
47 10 20
13 60 29
35 51 52
58 50 24
14 49 52
28 17 72
47 42 13
72 43 62
30 65 32
19 23 46
5 44 56
32 7 28
8 40 15
29 13 3
39 62 18
2 64 27
34 69 52
44 35 5
41 41 40
26 56 37
1 52 16
47 4 44
29 44 17
18 71 21
56 5 31
69 62 48
12 44 2
60 27 45
20 48 21
55 6 47
1 66 37
70 1 7
32 1 34
28 70 50
1 24 25
16 29 61
52 54 9
29 6 57
47 35 51
69 15 19
24 38 40
35 58 70
1 41 48
66 71 54
26 51 69
18 64 39
17 1 27
69 27 11
25 27 55
55 38 25
24 35 24
35 50 59
60 19 16
54 20 64
20 41 33
50 41 11
36 71 34
8 23 21
33 18 21
68 17 44
24 41 27
8 67 28
54 20 30
68 26 29
14 38 15
45 43 47
69 22 6
12 6 68
13 63 38
63 33 44
58 45 3
67 49 15
25 50 40
31 45 29
66 7 26
25 68 20
23 47 51
8 55 54
36 13 54
24 48 35
28 67 49
43 43 24
35 15 66
11 6 71
57 47 67
31 63 2
66 65 19
35 72 63
9 33 23
17 62 23
58 27 7
32 29 4
38 14 58
43 9 9
52 54 70
72 17 72
67 57 29
70 35 42
16 11 65
71 24 44
63 18 32
29 19 3
6 23 15
50 32 67
47 20 35
6 30 65
46 50 69
38 69 35
33 7 12
30 40 65
21 28 11
47 28 59
35 21 18
42 7 35
47 30 37
31 66 22
6 1 38
46 68 15
65 32 47
26 42 54
57 67 51
3 55 49
33 71 45
6 69 25
43 17 29
6 30 44
62 64 27
69 70 48
16 17 6
33 30 6
10 71 43
13 27 41
16 7 44
1 45 33
11 31 42
43 70 30
6 58 30
11 53 42
20 35 42
17 17 8
43 63 72
18 66 49
60 58 32
58 25 29
35 64 38
15 38 18
36 52 17
21 4 32
45 12 8
32 68 45
11 15 58
43 19 2
40 68 4
65 61 17
35 65 50
51 41 48
59 20 43
68 57 38
43 25 44
28 4 6
18 45 22
72 69 13
35 46 40
27 36 70
3 28 29
10 11 20
16 51 4
2 38 6
40 44 58
47 38 66
42 36 22
36 27 70
8 34 26
57 40 58
20 51 62
54 30 35
39 16 60
60 55 1
27 16 53
71 20 19
26 17 68
37 59 44
23 8 66
60 56 48
26 19 26
14 69 68
39 24 22
11 33 34
63 35 15
62 55 42
20 12 16
55 26 4
19 50 35
53 15 34
35 17 44
52 44 2
21 37 43
39 52 14
48 17 32
4 44 15
44 2 40
72 3 26
33 67 6
30 2 65
1 48 62
19 66 63
13 45 60
43 59 68
12 5 25
66 64 12
2 33 49
10 25 67
33 40 49
38 58 52
54 68 11
56 66 35
46 70 18
65 34 70
40 10 18
59 17 59
48 45 60
8 63 22
34 7 47
20 19 45
59 52 38
49 50 64
47 14 34
27 25 24
61 40 70
66 45 17
70 36 11
31 26 18
5 60 45
12 62 46
26 66 56
59 39 29
71 3 47
3 44 50
58 48 66
26 18 44
37 60 59
57 69 23
44 69 32
16 48 44
68 2 38
26 45 1
7 66 3
45 42 43
7 44 14
12 7 1
38 56 28
32 54 41
52 37 72
16 15 7
59 44 59
32 47 7
27 23 52
13 7 16
27 54 33
66 46 4
53 4 13
52 46 70
40 32 12
45 40 38
41 41 39
40 28 56
24 26 19
72 1 62
12 41 51
61 37 45
43 24 3
16 56 14
45 61 27
48 5 60
27 40 1
28 44 52
8 51 59
62 30 66
10 49 67
27 4 45
27 40 24
26 24 51
34 10 30
22 29 27
46 59 59
4 12 38
32 4 1
38 7 9
43 18 48
29 29 49
46 45 14
64 22 67
18 32 33
35 7 1
53 39 69
63 25 4
9 42 46
38 17 15
59 72 26
44 70 36
65 57 31
39 12 22
32 59 4
50 5 55
33 71 37
8 31 8
65 71 7
61 33 55
12 40 10
17 57 69
58 20 32
13 43 48
41 34 19
27 12 23
16 11 27
13 57 48
29 65 34
14 11 71
16 70 6
49 3 58
32 36 68
40 10 12
71 28 9
62 19 70
50 7 54
40 37 69
59 61 32
18 50 12
50 57 14
13 56 66
51 65 19
3 34 29
65 45 27
33 40 19
32 9 34
65 10 52
49 67 26
27 42 2
21 19 44
17 28 69
9 67 66
6 35 7
69 36 50
51 30 38
34 35 21
70 24 35
39 31 71
8 52 25
25 12 13
53 65 64
46 41 58
39 35 66
15 5 60
64 47 45
59 14 1
6 21 13
26 30 49
33 63 10
1 10 57
49 11 34
30 8 2
70 65 47
4 66 48
44 61 65
12 52 46
42 68 2
9 36 10
47 17 64
60 27 61
18 18 6
70 46 8
59 46 47
11 2 68
37 71 43
11 42 20
56 60 70
61 42 52
25 60 67
44 19 18
24 5 8
7 59 36
23 69 47
5 56 10
14 36 54
37 25 21
42 63 35
31 4 7
25 55 31
60 17 13
62 54 21
9 45 15
10 11 45
67 14 36
68 63 27
23 61 46
14 15 54
55 16 1
29 34 44
54 2 28
15 41 33
19 57 34
69 13 69
11 9 24
41 15 12
31 55 67
19 54 67
13 51 3
37 14 8
30 39 28
71 55 50
38 60 51
61 66 68
47 65 23
13 27 31
7 1 10
64 31 33
33 44 43
16 7 27
26 25 52
69 54 32
15 64 32
12 55 37
27 44 58
61 45 66
59 17 71
64 5 32
58 64 46
33 14 10
65 47 7
2 24 2
51 41 58
67 46 30
34 1 19
31 39 44
65 23 68
27 47 57
59 64 31
34 31 6
27 39 25
62 11 23
50 42 20
63 52 5
57 12 63
5 22 69
4 64 38
10 67 9
36 18 11
52 26 18
1 12 4
29 61 18
22 72 9
18 10 4
27 62 31
9 13 32
31 37 68
57 28 7
23 33 17
35 40 6
55 29 58
63 40 66
47 17 57
34 10 19
36 68 59
14 33 55
7 46 28
45 66 43
27 37 56
24 27 2
46 3 22
27 55 47
57 46 30
67 19 4
58 14 50
66 25 16
23 7 51
49 67 41
13 60 14
26 65 56
61 23 28
46 11 56
65 15 39
66 70 27
47 41 42
40 68 66
60 16 2
22 55 52
13 53 55
38 22 10
20 47 1
47 13 44
45 10 54
19 30 13
12 64 3
41 49 62
38 4 40
32 7 66
55 69 7
40 44 16
63 35 6
52 41 27
48 52 8
15 71 45
47 33 9
34 40 52
43 14 36
51 52 33
37 30 23
9 40 44
55 25 25
61 53 34
15 49 59
1 43 56
22 6 15
62 40 46
54 36 18
28 68 38
25 42 36
55 65 18
30 27 36
10 54 34
10 38 33
15 44 19
42 15 62
12 50 68
49 54 43
8 58 16
36 6 65
17 6 54
13 64 30
36 40 26
24 65 5
63 54 49
25 15 43
66 43 26
14 60 60
30 57 40
34 36 5
57 22 42
49 67 40
36 25 1
72 68 25
49 45 53
6 7 71
11 69 48
27 35 29
46 66 61
11 18 63
31 58 5
44 18 27
16 48 1
14 25 11
32 50 71
17 52 61
61 2 30
18 7 40
25 30 18
18 54 25
42 30 30
2 44 22
33 21 72
43 43 39
19 42 55
48 26 30
36 67 66
23 33 62
31 12 13
51 19 72
2 24 5
18 72 50
64 42 2
71 17 19
14 60 14
42 31 44
26 13 35
53 14 2
34 70 39
6 7 41
18 51 41
27 43 63
61 9 36
57 38 23
44 54 9
12 28 68
12 17 10
43 40 45
28 61 65
69 48 4
3 4 52
36 57 27
21 40 18
71 7 30
6 38 46
68 62 71
24 5 57
48 17 58
10 12 22
33 59 27
55 40 60
28 32 33
50 60 71
44 58 37
59 3 1
46 37 37
9 39 67
17 28 70
16 34 13
72 69 71
11 10 42
11 3 2
61 65 24
26 55 31
10 2 61
21 62 5
40 18 45
9 23 51
14 53 2
16 62 33
25 47 6
28 25 25
23 18 50
63 52 30
10 70 49
59 1 33
21 48 17
33 26 68
19 2 47
11 53 26
9 61 25
28 54 42
51 30 2
63 54 26
34 15 56
40 56 48
72 28 37
21 22 55
46 13 40
36 35 17
47 50 62
42 57 31
57 35 53
18 32 35
55 9 47
64 10 25
37 12 31
38 33 15
71 71 38
34 12 30
11 32 63
17 17 42
10 24 11
18 14 27
25 72 11
17 8 26
29 8 62
36 46 34
24 64 39
10 48 43
12 54 2
14 51 19
23 45 26
30 30 65
34 1 46
61 6 18
1 20 17
62 61 21
19 12 53
39 11 6
22 34 42
70 7 19
50 33 39
50 51 7
56 25 15
25 14 33
43 30 4
43 35 1
22 13 36
60 62 9
15 22 5
48 42 71
30 20 53
36 20 2
69 21 56
44 65 57
64 33 52
26 47 65
63 1 50
52 23 47
6 9 38
64 13 45
3 27 22
1 59 68
9 40 23
25 32 43
8 46 45
40 18 51
24 55 12
48 19 11
49 23 61
16 69 2
20 40 22
35 58 10
5 13 51
72 41 69
28 29 49
64 6 35
38 49 51
51 7 3
28 26 42
65 41 42
14 17 41
57 64 35
58 72 45
11 15 57
61 64 30
53 49 6
56 45 35
15 46 70
60 45 29
29 53 14
50 3 54
56 48 1
11 63 64
22 32 65
52 64 33
71 14 55
52 42 15
64 40 49
62 59 63
44 9 62
20 34 60
32 47 54
41 24 31
39 46 20
19 34 69
18 40 35
63 38 10
69 28 32
67 25 46
71 63 24
32 25 4
57 3 50
8 55 65
70 55 18
48 62 62
39 22 43
39 21 7
35 37 1
22 53 63
59 12 30
59 32 42
56 42 9
55 54 17
60 47 48
25 69 62
38 60 34
45 33 69
9 41 21
38 53 41
47 31 64
29 27 67
43 65 68
42 28 9
43 25 18
55 69 63
56 41 18
46 59 40
72 3 8
27 46 64
38 60 3
69 19 24
69 61 1
36 36 19
19 69 28
13 65 25
61 25 22
58 20 68
68 69 42
17 56 44
69 32 52
62 33 20
14 46 44
10 29 17
2 19 12
31 23 39
25 24 26
32 47 34
59 61 7
42 19 67
72 64 31
16 70 18
21 26 24
9 45 28
66 35 55
46 9 48
1 4 8
13 2 68
10 40 54
1 66 12
71 21 30
34 59 27
35 21 1
1 1 10
61 72 69
4 64 47
1 11 29
71 5 58
14 51 31
53 62 52
17 67 21
20 6 8
51 32 62
70 14 47
46 36 65
21 8 38
24 11 55
3 51 49
58 30 67
36 10 56
6 71 32
37 4 69
64 7 9
61 31 60
69 42 12
36 18 38
21 5 65
30 31 40
55 68 16
58 56 30
24 70 60
60 24 15
32 68 70
47 10 30
72 52 45
7 32 53
15 21 46
19 68 61
70 46 4
72 26 54
43 65 21
20 46 63
42 55 29
7 29 49
68 18 71
8 6 53
24 18 9
69 15 34
66 14 27
48 19 9
31 72 29
63 36 16
15 24 44
53 48 30
49 64 59
30 42 35
57 55 22
12 34 38
45 24 34
34 12 29
36 63 35
33 58 20
70 3 7
55 31 17
34 52 31
42 59 38
39 59 50
49 63 15
30 2 27
70 56 27
6 41 8
71 48 66
37 16 49
37 23 55
39 53 16
72 56 34
58 25 65
14 70 16
6 51 68
15 24 53
31 67 43
33 56 11
3 43 66
59 7 31
63 62 15
27 46 40
39 68 72
63 41 30
26 16 33
57 19 43
41 42 6
1 6 56
14 25 49
28 64 19
52 54 59
40 3 20
44 60 70
25 38 68
31 56 40
12 13 67
69 24 64
46 42 18
71 31 48
5 17 22
58 44 60
62 31 62
27 15 69
70 45 34
14 7 48
23 5 32
17 10 60
53 28 66
57 12 50
20 52 44
21 33 13
63 34 4
9 70 26
67 58 26
9 22 51
2 72 49
21 55 52
55 24 53
45 26 5
72 65 48
27 15 46
55 31 4
38 65 35
32 32 65
7 48 59
64 27 36
71 17 52
65 28 35
63 67 51
44 24 26
39 10 15
42 10 31
28 23 72
3 12 44
51 33 65
23 4 42
64 33 25
22 28 69
72 40 43
21 66 48
3 10 4
63 58 6
67 64 7
56 3 65
39 58 48
50 49 59
56 61 8
54 12 34
11 43 17
47 58 16
57 27 36
70 56 54
52 48 61
51 67 63
26 4 47
5 46 32
4 7 24
31 39 49
30 22 19
42 24 13
69 51 67
67 54 67
47 55 63
39 30 19
27 67 22
20 31 17
32 20 3
28 53 28
46 39 29
18 23 67
3 15 61
39 34 51
60 71 62
66 4 65
40 29 11
50 5 65
47 66 21
64 35 54
39 34 12
11 38 51
20 34 71
4 50 44
70 20 13
43 65 41
52 38 61
3 69 41
52 43 44
62 48 18
30 11 36
9 63 19
69 11 3
9 62 11
41 53 17
51 1 41
68 49 51
23 53 71
46 66 31
71 71 67
52 37 10
61 44 60
69 13 1
16 70 14
44 26 27
27 57 31
36 19 17
14 63 40
40 68 2
5 6 44
33 6 31
12 33 28
71 71 5
4 23 50
41 3 38
24 20 19
64 37 6
17 65 13
64 36 67
23 30 29
66 21 18
48 53 68
32 52 1
9 67 19
16 44 24
71 65 15
21 24 25
1 39 3
64 45 43
67 29 3
8 19 35
15 16 56
26 6 59
23 2 67
43 33 52
27 3 43
14 10 39
1 56 2
33 19 7
33 37 41
36 60 22
45 22 49
10 70 19
8 23 33
3 27 46
14 64 68
30 12 51
46 69 52
28 58 14
19 24 12
5 25 7
57 57 49
22 44 48
55 64 25
68 64 37
54 42 29
44 66 60
15 21 33
18 58 33
69 2 5
58 49 5
9 27 18
56 50 20
44 8 70
55 23 54
58 29 22
68 30 51
34 9 45
2 50 72
12 36 68
53 25 3
46 25 43
20 10 55
21 11 5
67 5 17
19 6 23
40 42 52
68 23 15
59 32 21
69 56 67
63 3 31
5 47 1
69 41 19
17 71 20
11 19 56
13 37 28
58 15 42
30 39 43
10 7 34
63 20 36
59 10 50
8 72 67
20 2 20
27 52 40
65 51 5
32 33 36
56 24 49
24 14 44
30 39 22
36 22 60
4 58 12
10 49 55
33 21 50
47 53 51
10 14 8
50 29 10
54 61 23
71 69 45
28 60 20
71 59 60
60 69 3
9 25 53
64 3 59
48 28 36
51 62 71
62 10 35
19 18 60
33 12 54
13 11 6
18 22 41
25 56 6
28 29 30
54 7 37
5 18 25
15 14 58
20 4 56
36 28 46
40 64 32
51 47 59
51 10 27
26 33 10
31 47 63
28 60 38
8 63 10
71 53 69
63 39 55
54 44 59
6 39 8
30 28 20
58 17 28
4 45 28
27 68 6
32 11 67
64 19 69
17 10 56
46 64 69
13 39 43
3 1 32
70 15 24
71 61 41
44 49 31
51 16 25
15 58 68
41 60 41
35 56 43
62 62 50
72 57 11
19 29 28
54 56 27
38 38 34
72 22 42
60 28 35
52 11 48
10 68 40
56 49 43
12 48 7
36 67 58
69 28 41
55 68 21
40 57 57
59 8 19
59 47 26
70 49 46
10 72 7
12 4 62
57 10 7
24 17 40
22 6 41
11 62 43
27 38 59
59 12 4
6 38 28
71 72 63
50 58 70
49 30 55
66 63 32
70 66 50
54 27 41
65 22 34
17 6 4
60 19 47
35 13 24
16 48 71
37 49 12
2 29 3
66 66 39
41 40 9
53 36 31
59 11 69
35 59 13
27 4 36
40 2 33
61 58 52
45 37 32
70 25 59
24 13 52
45 46 36
58 8 37
63 12 29
67 56 69
45 10 15
2 15 56
67 36 26
44 8 36
71 41 37
24 45 70
32 17 45
51 8 11
23 11 41
59 68 9
67 21 68
62 67 33
46 64 29
57 13 69
34 24 7
22 68 45
22 61 17
70 19 31
53 68 67
51 16 60
36 15 32
18 46 63
38 67 67
69 38 65
66 48 10
28 56 42
21 43 27
70 10 28
70 49 65
16 70 57
13 44 36
23 40 55
60 7 35
6 22 19
41 47 51
71 11 31
6 3 63
19 47 15
49 62 59
16 19 70
35 30 64
24 65 68
52 45 21
28 25 8
29 72 31
21 27 58
51 15 57
42 4 16
5 39 48
68 27 31
44 66 32
14 19 47
3 18 42
72 19 7
25 33 50
25 51 9
61 26 46
67 31 6
52 47 25
57 15 49
62 66 32
18 37 13
49 66 29
8 7 72
3 72 6
36 34 54
35 7 57
33 63 50
49 18 69
2 67 8
36 40 42
57 22 9
51 24 32
22 36 71
3 2 44
64 4 16
59 17 68
8 5 42
32 4 25
16 30 33
57 39 35
36 16 48
39 32 51
39 40 37
23 56 62
1 59 71
64 24 3
1 49 63
42 63 27
63 42 37
56 38 1
11 70 55
72 17 34
14 32 32
34 41 20
21 69 46
38 3 43
23 16 21
50 6 14
44 56 60
62 50 45
24 52 2
18 20 66
36 29 24
68 16 21
7 67 23
46 19 64
17 62 1
46 62 70
18 20 71
18 31 50
1 5 29
27 16 70
41 4 54
43 43 4
49 42 18
59 21 70
20 57 17
66 36 44
51 29 51
3 69 60
65 24 19
71 53 8
45 47 3
64 16 18
71 71 28
13 69 43
72 46 35
32 44 30
7 44 65
69 57 29
18 60 15
35 63 62
32 10 59
21 1 62
67 5 36
28 5 1
46 17 45
17 13 65
37 65 47
29 15 2
35 28 39
20 16 62
13 63 52
14 28 26
23 23 65
70 66 1
54 7 35
28 58 5
45 32 40
20 6 29
31 45 22
44 38 41
51 19 48
69 67 12
66 52 59
63 6 40
63 37 25
49 35 29
31 52 56
3 33 65
38 49 30
14 2 66
24 66 45
67 69 27
6 44 37
8 67 45
4 27 53
48 71 15
59 69 66
41 9 64
4 36 37
68 14 38
17 2 57
36 18 14
28 36 17
4 8 3
27 50 26
35 15 19
11 64 26
31 63 61
32 22 38
10 45 34
64 34 58
5 27 56
38 50 47
3 55 19
3 71 69
63 34 5
27 72 26
25 37 20
31 37 22
40 20 27
53 33 11
69 35 69
1 69 43
27 69 48
33 26 64
60 4 8
24 52 67
25 54 69
3 30 45
4 61 64
22 17 33
27 10 53
31 22 5
21 68 40
8 62 26
17 23 68
3 35 44
21 11 55
29 25 16
37 51 58
57 47 28
13 15 65
43 45 70
6 40 2
42 46 6
64 49 47
25 23 46
49 23 8
46 55 9
11 12 45
30 66 10
17 61 8
18 59 60
7 55 4
21 28 12
42 43 24
44 36 51
52 14 13
30 19 33
2 47 61
29 70 63
47 17 1
14 53 50
17 50 2
32 13 25
24 19 59
30 7 19
65 4 6
52 64 58
22 26 67
41 27 10
23 28 52
14 9 36
9 30 37
22 8 24
28 35 35
21 41 7
65 25 43
20 20 34
36 51 54
41 65 41
42 31 6
53 34 68
16 59 9
22 27 60
23 46 10
37 41 64
31 69 48
40 40 70
2 53 71
52 62 21
17 56 19
17 2 63
34 20 71
7 56 1
70 57 30
14 71 2
9 10 1
32 66 21
50 65 34
20 11 52
41 51 14
36 22 38
58 19 28
3 41 57
23 10 65
26 20 25
1 15 19
22 19 19
56 67 69
25 57 7
53 43 67
64 6 44
37 53 12
3 72 22
2 9 27
31 60 13
16 17 43
45 19 8
66 52 8
51 17 9
37 47 43
44 69 66
58 44 18
7 39 10
19 29 34
10 17 70
48 33 51
1 58 63
23 64 54
55 71 13
60 13 3
52 16 58
23 26 4
53 9 2
42 11 19
56 30 16
32 48 30
30 8 56
70 7 38
51 29 37
25 58 10
47 60 24
71 5 52
11 43 19
4 9 46
43 23 9
64 60 4
6 9 56
13 33 68
41 38 31
43 13 54
50 17 71
70 15 57
39 33 2
3 9 9
67 3 43
72 20 29
41 1 14
41 4 43
53 31 65
72 66 66
34 2 64
8 24 34
12 65 4
12 32 27
45 16 50
8 57 25
66 21 25
51 57 72
46 48 3
10 64 40
7 57 3
36 66 2
44 66 1
69 35 40
36 43 38
63 67 44
4 3 35
17 13 42
35 35 25
1 46 52
45 54 12
49 6 58
62 46 55
47 35 7
71 8 68
29 24 71
14 7 47
12 11 17
49 29 27
68 32 18
62 27 72
65 8 61
21 61 5
45 29 42
2 34 30
12 65 48
15 11 67
69 58 54
25 39 7
41 45 43
21 15 30
71 56 10
43 60 7
28 65 39
13 3 15
3 45 49
27 53 34
47 47 66
44 20 24
54 71 40
56 54 48
52 59 2
23 20 48
26 36 44
55 66 22
71 42 60
3 51 4
8 3 10
47 55 69
70 69 69
45 56 66
26 18 13
51 67 62
34 32 52
14 55 36
1 28 40
59 20 52
16 72 70
12 34 60
64 14 72
68 56 12
27 43 3
52 57 6
18 31 13
5 54 58
69 56 30
53 53 50
37 15 50
47 11 4
65 14 42
32 70 69
8 35 37
54 58 44
32 48 64
42 70 41
52 47 8
36 6 21
28 2 2
33 9 41
18 16 14
45 29 28
58 63 25
70 8 25
72 47 2
50 49 48
34 65 35
25 52 14
16 53 13
58 42 33
43 48 8
50 25 36
30 69 37
55 27 3
47 59 2
26 7 61
10 34 46
23 33 10
64 58 62
24 46 64
58 31 14
71 71 70
9 48 5
59 25 6
53 12 71
68 2 14
21 67 21
15 60 14
69 9 6
40 71 61
6 57 18
5 9 29
32 43 29
61 29 22
34 64 17
6 54 25
42 63 47
49 48 6
45 52 12
7 53 45
36 57 47
53 56 49
23 55 47
9 60 19
17 36 68
25 72 44
62 68 51
7 8 61
47 1 7
3 11 2
44 16 22
24 28 44
28 37 61
18 36 8
41 23 50
33 55 9
38 53 7
26 1 38
43 39 63
2 43 40
8 53 3
36 15 20
18 61 42
5 26 7
38 24 11
36 41 11
4 49 58
33 60 37
28 61 3
51 4 35
53 31 1
9 26 11
66 52 70
58 50 47
6 47 53
69 12 51
2 43 20
44 72 23
35 72 55
59 72 32
51 15 62
27 45 33
4 24 62
45 43 3
10 6 9
57 21 21
25 19 5
22 34 25
26 54 48
69 72 1
16 45 51
9 69 58
51 17 38
6 52 38
54 14 24
48 25 27
47 53 10
39 28 38
20 39 37
7 51 35
10 39 33
4 60 68
20 9 40
21 16 38
51 11 26
16 60 68
42 2 4
4 46 40
29 22 65
31 17 22
29 12 30
57 23 52
54 51 12
59 55 63
59 63 64
5 53 68
15 28 41
38 36 42
34 39 11
43 52 26
55 23 69
36 38 36
51 27 64
33 20 39
35 5 68
25 20 53
7 69 12
19 41 52
29 21 21
61 49 28
45 41 14
21 19 2
60 6 36
43 68 59
33 62 1
3 51 52
66 63 46
34 59 54
36 48 34
15 30 7
8 61 45
54 37 43
50 31 60
37 50 17
72 30 11
37 5 37
40 32 16
41 3 30
5 20 47
2 51 70
45 51 66
63 21 72
27 59 19
56 46 23
18 63 32
37 53 5
1 59 33
29 34 58
27 64 43
65 1 20
12 55 55
58 5 6
48 46 67
69 22 28
18 27 34
64 34 46
59 46 3
37 36 20
71 19 63
4 5 20
57 52 30
47 22 21
35 38 28
41 13 53
37 34 40
36 37 19
62 64 5
39 54 44
41 17 7
9 48 39
4 22 66
3 30 19
67 69 11
58 16 19
30 64 45
2 29 18
5 6 50
5 18 57
19 12 61
31 49 59
61 25 34
15 55 14
46 3 43
53 53 10
2 63 45
45 64 47
31 31 35
51 21 17
68 17 6
28 48 57
46 24 32
10 56 50
4 34 4
2 62 13
38 8 25
36 5 55
41 36 37
51 31 14
21 70 57
15 70 55
11 44 16
15 47 53
56 32 12
10 29 29
17 32 62
51 36 43
52 60 68
52 70 14
48 41 51
44 49 59
7 16 69
66 61 11
14 54 37
34 69 21
12 46 36
36 25 43
36 29 49
38 56 63
48 41 14
58 27 55
50 10 12
7 63 58
4 49 12
13 5 24
51 48 17
37 6 9
2 18 54
37 64 63
39 68 32
38 9 42
65 67 35
3 28 66
29 17 10
46 2 36
45 1 11
23 54 20
26 44 15
38 12 8
42 72 5
42 22 47
46 69 70
39 44 59
17 58 48
56 66 44
48 69 59
15 13 37
64 47 13
59 20 3
59 2 24
19 30 63
39 38 36
40 6 43
49 13 10
43 65 44
51 44 55
34 12 67
2 63 53
16 19 9
16 17 39
21 55 31
16 51 35
30 13 72
43 63 62
57 40 35
19 27 33
69 3 31
67 39 6
49 42 51
44 22 61
69 68 52
67 62 53
12 37 1
18 17 22
3 40 16
35 55 25
8 5 66
72 26 48
58 13 70
31 60 48
10 41 4
9 72 45
50 28 67
55 25 25
59 41 41
50 33 48
9 26 28
7 22 48
15 40 9
52 54 38
24 3 32
3 15 48
16 5 32
41 48 64
2 32 2
51 66 56
71 32 49
39 13 7
13 25 29
17 66 64
25 51 35
59 71 68
69 21 35
60 29 7
63 25 21
71 53 31
46 5 62
41 31 37
53 31 68
29 23 2
23 15 15
14 40 53
6 28 57
15 61 8
68 16 39
53 7 68
66 8 71
34 63 72
48 17 53
22 4 19
69 69 51
33 17 19
9 70 51
60 59 49
16 2 18
5 10 38
31 32 68
44 23 65
36 39 9
65 41 28
61 46 60
10 29 66
65 1 61
54 43 61
12 33 38
67 8 63
71 30 47
21 26 47
27 58 22
62 21 68
27 42 35
28 5 34
55 24 55
11 23 59
47 35 57
17 44 27
70 54 11
58 65 48
25 52 19
36 20 44
16 43 63
13 11 35
55 10 25
52 11 46
23 65 36
55 55 61
33 34 10
36 60 22
40 51 26
16 46 45
54 10 8
43 15 70
48 42 53
69 63 34
20 63 67
58 1 61
4 51 26
14 61 24
5 66 57
20 20 64
41 22 5
31 71 67
21 38 31
62 13 11
53 1 12
51 48 24
68 30 55
66 71 23
56 37 9
72 67 5
31 31 12
21 7 42
69 16 62
54 71 11
69 70 38
14 2 19
4 43 40
44 66 41
48 63 59
68 45 19
42 45 28
66 9 1
52 42 71
70 13 44
46 28 28
1 33 54
30 58 23
13 4 20
35 62 40
34 66 46
26 69 66
51 2 23
37 53 54
52 6 53
49 7 21
6 35 31
3 42 63
51 34 8
47 12 39
60 60 4
40 60 16
28 71 1
51 15 68
7 42 6
21 15 22
17 6 60
51 8 72
11 68 31
28 10 32
8 35 72
30 13 26
68 11 62
17 24 37
14 39 67
8 18 58
26 11 57
64 13 16
25 47 61
43 35 50
54 61 28
70 72 35
38 49 31
72 69 8
24 22 15
71 63 52
65 58 24
4 65 57
42 1 61
18 30 20
23 12 65
27 62 7
52 26 38
53 47 63
25 17 58
72 37 29
65 20 18
60 7 38
47 44 45
25 11 22
31 22 71
7 49 12
66 18 39
50 4 47
65 40 32
65 59 23
71 62 16
39 5 4
26 12 71
57 26 56
11 21 32
47 19 23
48 57 14
15 17 25
9 46 20
69 71 14
17 7 44
3 64 42
69 29 52
33 11 36
13 47 26
2 57 31
24 52 1
3 70 46
46 61 62
8 37 49
36 17 3
47 52 46
22 4 24
47 25 43
68 28 17
31 2 3
27 64 9
46 16 26
22 58 10
26 71 12
2 17 6
30 2 64
65 42 11
31 65 52
70 61 7
68 6 58
28 69 25
18 28 46
40 18 45
26 34 47
15 19 8
53 21 14
13 61 24
52 61 21
3 32 48
53 3 2
64 43 23
28 27 25
19 15 57
72 18 10
4 51 66
21 48 40
65 14 5
12 36 72
45 62 63
57 53 67
65 61 6
43 7 17
54 35 49
27 21 8
32 23 30
3 6 27
41 9 23
8 38 57
9 33 48
28 69 26
37 65 55
30 62 71
56 26 52
13 19 39
16 61 21
34 8 10
41 6 63
71 24 55
64 50 7
48 66 69
23 22 22
37 32 67
21 60 61
36 49 15
17 33 37
70 15 42
17 56 45
31 50 36
17 51 50
36 49 31
16 61 67
57 23 69
35 25 16
32 17 17
58 1 69
61 10 5
9 63 51
15 30 18
12 64 57
42 20 68
69 57 6
25 16 16
8 54 7
19 11 31
18 49 1
14 27 65
40 48 43
64 60 44
5 72 49
50 1 67
33 25 60
10 21 35
43 47 10
7 52 21
72 18 16
9 38 15
14 31 2
44 3 5
40 55 6
7 13 72
36 41 58
41 32 17
22 2 66
11 34 55
53 13 48
8 38 36
40 15 33
27 5 16
45 35 25
56 45 64
48 51 56
34 69 14
65 38 2
5 43 12
15 5 70
6 62 56
34 18 22
66 38 63
50 10 37
62 3 29
51 27 64
32 54 70
70 25 28
12 49 37
24 65 42
38 49 23
62 33 66
12 6 61
32 20 23
3 43 49
22 63 59
8 33 61
67 52 56
33 43 9
29 51 23
60 6 30
6 69 56
32 16 28
71 53 68
62 61 39
27 67 52
13 58 68
63 68 21
62 62 46
39 25 47
41 71 11
47 71 68
47 49 40
29 67 43
24 25 64
19 40 62
32 49 47
70 2 37
10 4 56
60 72 52
41 39 19
27 38 9
17 53 51
48 29 12
8 58 67
7 43 24
47 33 67
66 47 50
15 71 39
30 66 6
70 53 8
40 52 64
3 55 44
1 44 8
21 21 1
70 72 29
21 24 51
65 33 68
49 2 59
60 32 5
6 53 51
21 57 47
14 38 60
32 19 52
3 70 31
14 23 8
65 50 72
49 27 41
64 54 50
62 60 21
39 30 13
7 11 8
5 7 66
50 1 44
18 28 41
52 36 41
57 68 7
57 51 33
35 12 31
26 63 44
49 28 23
6 52 70
16 48 30
46 44 26
5 32 14
40 71 41
16 64 42
19 7 68
31 62 39
1 37 26
3 52 13
12 22 15
18 37 38
68 3 34
69 26 70
49 2 40
54 63 24
65 70 56
14 42 25
27 58 58
65 1 45
55 3 49
49 21 25
56 18 7
54 58 41
1 61 17
21 5 62
27 34 48
12 60 68
12 43 10
70 11 50
23 26 51
2 10 55
30 68 48
57 62 21
3 54 70
55 59 16
8 37 5
63 41 10
34 34 69
66 37 30
19 22 29
3 41 32
18 39 33
52 32 5
14 10 72
46 57 29
20 49 36
33 16 57
21 6 27
9 28 22
70 33 18
33 7 8
11 48 12
48 68 6
57 63 4
62 30 61
67 10 6
47 27 9
56 21 28
11 54 23
26 26 49
63 31 6
46 71 17
4 47 72
2 70 35
2 26 3
6 46 37
18 52 3
17 64 58
11 14 10
29 42 8
29 7 8
32 72 57
16 25 57
22 48 71
69 56 50
64 44 9
39 72 31
48 18 53
43 55 64
61 67 65
63 45 50
55 72 20
52 65 70
22 50 69
59 6 23
69 8 17
58 64 55
21 14 43
11 21 22
9 26 18
44 21 2
43 32 50
43 38 37
42 5 71
57 31 28
4 37 37
9 70 7
29 61 13
33 9 59
2 40 57
41 11 28
47 15 30
33 59 20
26 35 69
53 52 37
53 34 38
32 6 49
27 54 62
32 26 48
53 18 12
68 50 48
68 67 7
20 50 69
50 29 34
48 26 57
19 65 56
50 21 48
65 34 53
30 32 44
12 61 54
71 62 50
31 72 25
49 45 16
59 59 46
18 38 23
55 62 16
63 39 16
27 65 39
25 23 50
6 40 22
37 51 58
19 41 29
51 10 65
11 55 54
69 65 24
63 35 31
17 71 22
24 41 55
27 39 23
11 7 18
8 65 37
11 27 50
21 53 65
66 25 16
47 58 62
64 58 44
50 27 30
61 72 22
45 21 19
33 46 43
9 28 29
62 55 30
28 40 49
17 54 3
64 40 46
24 20 51
6 33 66
49 62 50
43 72 54
20 39 7
2 19 62
5 45 29
34 6 15
25 34 5
67 64 71
64 66 14
4 71 46
8 57 55
44 11 64
6 58 41
21 33 50
55 5 58
47 32 52
68 1 38
60 10 3
14 26 61
66 68 71
5 39 8
47 59 39
64 3 12
43 6 38
6 58 6
19 48 60
54 24 38
61 12 17
58 48 29
24 22 19
11 72 12
38 24 49
43 71 1
71 67 52
23 23 32
50 8 27
34 15 14
48 42 45
20 44 47
34 71 63
32 20 51
61 24 2
45 39 8
58 27 24
37 55 18
58 39 32
1 69 38
15 42 62
24 7 31
4 69 31
5 29 71
41 53 43
40 66 20
24 42 37
10 52 10
54 26 52
15 18 9
52 39 9
41 12 71
51 48 49
11 34 34
56 65 51
44 56 58
61 32 69
51 64 64
49 4 34
64 11 30
40 62 52
25 17 49
61 38 24
42 36 66
24 63 42
58 13 48
6 38 64
28 68 19
12 47 64
54 70 16
37 59 3
8 2 1
60 1 49
68 22 34
12 67 23
8 64 66
38 56 2
65 49 49
33 46 29
24 54 3
13 46 16
23 22 62
30 45 1
31 24 23
38 72 26
54 41 22
31 28 22
21 60 30
11 19 1
19 33 42
43 45 31
2 18 56
42 4 22
59 65 55
27 25 13
21 11 27
18 43 28
19 6 8
24 63 3
23 43 55
55 23 34
18 46 53
71 28 5
26 40 24
9 21 9
55 71 71
69 66 37
45 32 60
54 41 40
10 43 34
31 30 6
5 60 67
9 64 32
51 1 15
59 37 48
30 33 64
8 41 56
21 54 2
55 11 51
46 43 2
40 49 35
67 31 35
30 53 45
51 3 59
12 17 11
41 47 5
2 11 27
14 25 54
26 41 28
41 41 65
19 17 45
51 7 28
18 50 59
45 35 29
57 19 62
52 51 3
72 50 5
17 59 63
28 66 57
9 68 42
50 19 17
12 35 25
69 40 20
61 57 39
71 10 13
24 30 7
44 8 32
2 50 34
12 41 49
12 46 50
14 6 68
61 52 3
70 42 57
11 24 60
9 57 20
43 65 39
72 14 2
36 19 32
39 37 69
7 39 43
9 16 15
34 18 42
2 19 38
48 56 50
35 17 10
21 46 67
34 10 56
20 34 64
46 5 29
2 67 47
42 61 50
45 71 61
41 6 64
61 37 61
4 3 69
63 26 32
35 66 57
26 42 39
31 26 47
5 44 58
46 1 68
55 25 62
27 65 38
27 40 38
1 15 17
24 21 53
58 58 13
28 72 59
52 24 46
61 41 62
67 72 67
63 3 21
22 4 10
23 24 26
12 27 60
33 22 44
35 20 64
18 57 52
36 27 10
33 39 58
68 49 51
64 52 18
25 11 5
16 15 53
63 47 23
26 62 19
20 69 42
61 6 41
60 31 55
66 53 25
2 59 58
27 63 22
57 49 45
12 70 7
72 23 25
46 47 17
68 31 12
13 38 46
54 15 52
68 45 25
32 70 52
43 36 22
33 62 52
27 66 54
48 67 29
65 58 40
7 47 40
47 71 57
53 60 13
37 56 9
64 53 43
9 6 68
24 38 28
34 18 14
21 16 66
68 60 28
29 14 7
66 6 49
47 15 30
44 44 8
46 51 66
6 13 50
24 55 64
67 9 6
48 25 42
61 44 6
53 14 68
45 17 7
3 7 42
23 40 43
55 31 12
26 30 41
4 31 67
29 34 17
18 68 52
26 34 67
28 70 68
39 49 47
58 23 54
56 17 48
57 17 46
29 59 43
43 16 11
22 35 18
31 41 11
30 7 2
69 28 37
72 61 38
14 67 23
2 35 55
45 70 14
1 23 16
8 27 54
46 20 30
32 68 41
41 50 59
18 52 55
14 57 18
8 32 65
57 59 48
63 15 38
71 49 33
17 45 14
70 63 54
5 52 35
5 6 42
26 57 10
9 44 30
32 60 29
39 46 27
56 53 43
71 66 68
59 68 18
54 30 14
15 3 49
10 23 2
35 8 44
5 62 18
21 5 50
52 62 67
33 7 36
19 4 66
71 28 21
19 10 65
5 70 59
20 31 18
51 47 9
8 41 45
41 53 5
37 41 39
70 19 23
66 47 23
43 67 1
46 64 1
15 43 67
5 37 12
48 55 43
69 39 8
29 68 52
2 39 43
21 38 67
26 54 39
13 26 46
54 7 9
8 53 31
42 28 41
23 64 62
14 33 43
44 49 21
17 24 5
4 22 64
18 54 28
60 40 17
3 37 48
23 52 69
20 52 69
59 22 23
7 40 41
70 10 34
20 61 40
47 39 42
7 16 8
15 56 64
9 10 13
9 10 71
57 8 14
53 62 37
35 65 7
3 54 10
62 60 32
32 23 14
2 59 62
30 43 44
44 64 51
14 60 30
51 13 59
72 27 59
25 48 53
15 47 9
72 29 6
7 33 33
25 15 64
11 5 71
67 39 72
54 25 26
20 5 21
54 33 47
20 21 33
44 66 5
12 66 5
16 63 71
53 33 35
39 24 39
27 26 18
27 6 70
37 35 57
35 39 47
25 36 43
42 14 70
2 51 61
39 11 29
7 61 72
36 58 11
66 5 38
59 40 31
55 15 60
28 4 25
64 61 39
21 48 59
47 59 37
60 27 62
49 2 14
12 66 61
53 20 56
64 20 44
15 32 46
35 43 34
48 56 10
8 27 43
34 1 23
21 64 52
3 30 47
22 58 31
20 54 53
27 48 11
16 57 30
12 9 55
40 33 53
54 59 55
21 18 9
42 17 31
17 35 58
11 66 5
52 23 5
19 14 34
70 4 6
15 38 35
46 21 22
71 19 11
28 51 60
30 50 41
18 56 64
66 16 15
62 37 24
19 20 22
42 38 19
18 47 61
19 24 50
29 2 19
29 51 49
14 17 4
62 46 53
33 35 63
23 16 60
3 47 43
44 6 68
53 42 14
8 71 45
48 38 12
13 15 71
1 54 71
21 38 64
45 10 55
62 44 28
8 13 59
47 31 42
28 71 26
59 71 63
19 23 35
32 21 4
6 7 14
59 48 19
64 11 17
71 51 19
20 27 30
4 26 37
49 11 18
70 64 63
68 22 9
67 40 37
20 45 41
63 33 50
42 19 61
46 40 55
41 15 48
42 70 69
56 3 1
35 7 3
37 24 68
2 66 2
16 18 60
58 26 52
68 70 21
40 14 9
31 27 16
11 28 54
21 10 48
12 23 20
21 24 7
39 45 58
43 14 24
16 9 5
8 29 18
1 39 56
46 63 65
17 5 10
1 29 6
26 4 24
66 58 65
38 47 46
60 22 24
46 59 46
20 11 55
1 48 46
67 64 54
4 34 27
23 9 55
20 21 62
10 3 15
31 51 27
40 67 66
26 66 72
63 59 49
2 37 67
22 58 19
52 60 56
40 6 71
30 27 45
31 34 49
69 58 47
37 31 66
58 23 43
58 22 35
40 38 37
65 58 47
67 38 63
19 13 27
58 46 6
2 63 52
63 37 68
33 16 12
43 55 40
34 20 19
14 21 60
29 44 1
58 62 43
18 44 59
55 66 37
69 68 7
2 42 22
18 40 19
49 13 21
41 22 44
68 31 9
23 12 69
1 33 50
10 60 56
23 5 37
53 27 33
40 23 65
35 48 35
62 3 6
71 50 66
49 16 60
67 10 69
31 6 34
36 36 37
29 72 26
49 59 44
53 67 71
32 17 36
17 24 21
27 66 72
19 20 16
21 17 12
17 11 43
20 42 43
66 70 51
33 34 62
69 21 33
44 26 22
39 36 70
68 15 47
30 34 1
18 21 29
71 64 15
2 38 52
16 69 48
37 53 64
55 35 8
4 27 2
53 39 10
72 25 17
16 9 52
43 19 32
61 14 72
42 65 67
64 34 48
70 67 51
67 72 25
24 59 13
17 38 45
24 54 64
43 23 55
50 15 55
33 42 49
68 20 59
38 58 42
43 69 4
2 58 26
65 57 45
18 3 45
46 50 37
24 13 14
14 21 39
18 26 46
19 48 4
57 9 57
6 66 50
21 33 58
12 30 59
70 46 2
26 37 30
36 9 33
46 8 67
48 19 40
59 9 58
13 27 52
18 46 61
38 71 56
38 67 17
67 35 44
8 35 44
64 69 62
47 58 54
6 44 48
8 56 37
53 33 71
58 62 35
68 65 33
11 26 57
51 9 37
14 38 42
34 54 4
4 43 39
42 48 61
3 6 16
36 15 7
69 40 54
60 41 30
1 58 65
62 45 1
34 66 53
67 55 8
55 46 45
46 3 28
71 38 11
62 22 41
45 6 40
12 17 13
16 20 5
69 53 55
55 59 49
72 30 32
23 17 30
4 62 37
58 36 1
10 23 39
58 13 34
26 17 9
48 40 55
71 63 62
7 13 5
7 20 61
65 34 66
26 48 40
10 7 13
45 14 62
70 40 68
59 5 59
41 57 56
58 14 31
55 2 66
37 29 65
67 12 57
48 43 20
69 50 66
62 28 26
57 68 18
19 55 61
63 28 25
10 41 3
12 7 38
21 20 7
31 65 3
47 53 23
46 34 3
28 51 62
1 49 12
24 67 50
4 53 16
35 53 67
45 8 15
64 42 61
10 71 31
24 63 29
16 16 63
11 4 4
27 72 12
43 3 68
53 43 30
33 42 53
69 12 45
60 66 56
40 35 27
46 13 40
64 38 24
5 32 53
25 18 67
70 37 9
5 21 43
60 21 26
55 35 62
8 13 68
11 3 49
38 21 36
68 9 38
29 38 30
64 52 52
38 42 59
16 46 31
6 66 50
31 30 61
36 35 66
54 65 26
57 17 4
22 8 21
39 27 58
25 35 13
55 19 71
40 11 22
44 36 50
15 23 23
61 64 19
68 33 5
57 16 15
46 27 29
9 57 67
39 9 21
42 40 21
18 70 54
52 11 70
42 53 9
32 19 65
12 13 2
61 36 3
45 12 32
16 30 41
20 66 26
9 6 40
12 41 20
13 41 57
30 13 30
27 29 2
43 30 26
11 17 58
14 23 10
53 4 68
22 48 61
67 45 45
45 38 68
64 48 68
59 36 52
34 66 62
44 12 33
33 67 1
55 69 47
32 56 41
28 66 57
32 70 57
14 48 50
55 5 64
35 55 70
49 54 2
67 70 69
49 48 48
4 67 72
18 43 39
16 40 53
59 28 34
43 17 56
53 44 51
46 59 56
67 7 45
64 22 21
20 59 28
36 72 32
67 48 11
43 30 18
51 48 67
64 45 18
67 68 70
30 53 67
56 57 28
34 9 61
24 12 10
20 35 22
45 41 5
65 49 54
1 58 47
17 35 40
34 32 11
53 41 50
58 50 43
60 34 13
31 52 70
9 48 10
41 34 1
42 60 52
52 53 7
62 26 2
32 9 71
35 12 44
37 55 19
66 18 7
71 67 31
63 13 56
23 71 62
25 5 27
25 7 33
32 25 58
36 25 39
64 33 69
47 13 15
40 29 26
40 5 31
45 64 18
45 57 46
6 51 37
50 13 27
57 63 19
23 72 5
64 26 50
17 23 22
49 5 13
22 23 54
32 21 42
69 34 19
61 60 30
47 68 1
6 15 50
62 45 50
51 8 43
44 61 38
25 41 26
4 35 56
47 35 70
29 54 65
14 37 7
13 47 8
33 42 3
56 22 23
16 48 43
52 16 56
66 70 71
49 33 48
61 54 41
31 57 64
41 57 32
33 69 58
6 11 47
66 33 3
8 28 50
15 59 3
57 36 20
47 42 6
24 70 20
50 2 38
19 66 69
21 63 64
1 14 61
38 30 41
60 41 62
18 8 30
72 6 55
4 59 67
24 58 71
39 7 47
47 63 53
58 41 21
21 63 9
20 61 57
47 37 46
51 68 54
33 69 24
54 15 42
26 65 14
43 48 72
34 36 49
65 26 38
24 72 66
32 19 55
57 39 45
71 55 33
65 42 70
23 6 3
46 54 32
39 23 69
5 20 22
45 29 58
50 22 41
17 52 9
7 69 8
4 42 69
25 11 3
51 69 69
69 61 4
66 55 25
53 68 37
54 39 56
54 64 43
20 26 58
4 28 22
29 11 34
66 38 38
23 40 6
63 69 14
61 53 52
22 61 63
15 17 56
9 2 12
16 18 2
45 60 53
33 13 36
51 54 17
17 2 43
12 28 3
23 4 45
28 61 68
16 60 18
71 30 56
6 38 15
20 63 41
65 5 3
21 34 41
36 29 17
69 25 38
34 17 70
39 34 25
3 18 69
40 66 42
21 3 22
8 53 67
27 43 72
30 62 55
6 22 30
53 58 2
46 23 10
57 50 36
21 33 48
21 72 71
50 64 71
32 61 26
58 65 26
30 59 32
1 48 2
12 53 26
15 52 37
36 61 12
18 23 27
67 48 45
19 69 48
12 30 30
7 43 13
72 42 59
16 12 13
12 22 9
11 17 5
53 7 66
72 36 56
37 16 54
14 65 1
9 41 21
24 27 52
65 46 71
23 65 11
1 16 71
57 9 12
69 40 42
69 50 33
31 71 34
51 60 7
46 24 6
71 41 42
67 50 23
5 31 28
63 18 11
31 69 22
62 35 44
2 44 33
24 4 50
1 2 49
57 55 35
19 67 12
7 11 35
66 45 35
71 37 7
53 51 8
24 44 8
24 7 60
45 14 24
39 71 12
47 52 62
16 72 56
21 47 8
4 50 70
2 64 28
47 18 63
4 44 67
34 34 19
35 25 40
30 52 35
22 51 24
59 71 8
66 3 51
70 23 33
37 14 70
69 41 11
30 24 13
5 61 68
5 54 61
65 5 50
35 27 45
21 56 47
48 41 65
18 57 11
27 42 15
1 61 17
17 47 46
56 40 9
23 50 43
41 36 67
60 72 44
19 60 38
11 60 58
25 68 6
32 32 36
16 66 44
27 54 34
51 36 54
4 22 6
40 2 63
17 42 3
36 56 49
2 16 25
20 5 28
31 9 60
64 56 62
61 41 16
70 69 49
66 21 56
51 46 65
64 70 57
32 29 36
34 8 37
52 63 4
7 40 70
12 24 23
42 16 47
42 31 21
71 17 71
10 50 53
18 59 7
44 10 12
59 15 21
24 16 36
30 27 21
27 37 20
32 59 36
60 61 29
12 52 41
47 53 53
66 36 62
15 24 25
63 66 45
66 35 21
17 28 3
52 27 67
19 55 45
47 1 34
47 71 29
1 12 47
14 26 51
35 22 8
4 35 51
43 65 22
13 60 24
64 33 3
27 62 12
41 51 19
15 40 12
48 4 30
52 47 32
30 42 69
5 52 37
16 49 37
13 43 25
32 67 57
43 33 70
30 57 67
43 64 34
45 65 40
47 25 50
44 67 18
68 36 3
22 21 72
43 6 44
39 37 66
35 1 67
47 64 61
4 72 47
58 70 3
30 70 21
69 8 23
7 46 27
4 51 71
66 12 23
14 45 28
47 33 32
18 50 55
28 50 37
3 27 2
52 66 18
41 52 39
58 46 50
35 61 27
21 68 43
7 19 72
67 34 30
12 4 20
24 60 54
40 10 51
21 70 55
45 6 24
16 72 16
46 62 31
34 15 4
65 10 1
71 55 40
46 11 30
65 34 58
14 36 22
45 17 41
50 33 35
25 41 40
69 39 72
67 48 28
2 24 38
18 44 5
34 50 52
67 32 45
41 32 11
65 63 45
36 6 48
60 22 56
33 69 28
31 3 26
53 56 8
27 20 3
8 54 11
58 62 63
33 58 25
33 50 54
56 3 47
6 34 45
55 37 42
65 31 15
48 50 17
56 4 20
9 30 61
20 72 16
26 38 9
31 22 9
45 23 70
7 34 71
14 48 28
54 36 58
42 21 33
17 30 55
72 29 23
23 16 4
52 41 67
6 7 20
31 12 50
63 50 27
8 1 40
58 4 33
47 66 28
61 43 49
32 39 42
7 50 61
57 68 54
54 28 2
18 55 43
56 51 51
44 16 8
49 51 49
38 43 4
27 47 6
69 36 28
18 22 5
43 46 13
33 62 3
67 18 27
60 54 60
58 25 47
1 28 8
41 53 13
56 8 23
45 32 10
42 17 2
35 53 22
42 1 46
13 14 50
50 1 32
1 8 9
72 3 16
42 39 63
9 8 23
30 31 59
39 35 40
43 25 28
16 32 18
21 36 31
6 35 47
45 56 64
47 6 32
14 69 62
31 55 50
22 72 4
8 50 65
68 29 44
63 48 46
10 71 36
1 19 30
69 26 5
20 26 34
7 17 28
10 12 69
12 40 27
15 32 27
23 50 3
21 64 38
45 60 45
15 19 20
38 43 32
69 11 2
47 57 41
46 32 65
68 17 63
36 10 61
56 27 2
9 54 20
67 70 12
3 4 5
9 4 1
30 71 43
22 45 39
65 28 22
62 50 65
10 51 1
13 55 67
9 7 63
28 1 28
8 3 13
58 38 24
53 54 30
43 67 56
26 65 43
54 34 8
5 33 47
31 52 46
18 37 8
24 24 67
6 70 45
47 19 38
39 3 59
9 14 3
34 50 5
10 41 17
19 47 22
47 45 56
46 18 51
41 56 49
26 48 4
71 4 66
11 19 56
51 29 62
54 25 23
61 38 52
19 11 5
46 62 71
18 46 44
22 52 59
14 61 11
57 26 29
47 32 72
43 10 38
36 4 17
24 26 42
28 54 29
52 54 41
31 16 59
20 13 6
36 7 55
25 60 70
8 71 66
35 71 4
71 38 65
69 7 66
48 20 39
20 44 28
21 6 28
23 70 32
52 65 9
54 64 24
25 72 42
9 20 12
16 63 55
28 7 56
42 33 4
70 67 35
16 58 26
11 6 18
30 44 25
39 41 44
39 12 16
15 69 20
56 35 9
35 64 48
63 50 13
46 16 46
49 3 46
56 48 45
23 23 63
61 61 61
45 48 62
61 61 55
4 2 27
8 19 63
8 68 59
52 52 22
72 64 58
9 4 19
49 23 36
46 15 11
32 34 45
18 49 56
27 38 58
23 34 45
9 40 60
6 36 16
1 66 21
32 37 23
35 32 22
63 63 8
40 61 30
67 51 45
12 12 37
32 46 54
32 45 50
21 69 58
1 30 26
72 11 23
34 59 38
5 41 30
44 69 18
52 14 15
59 18 57
11 61 11
68 2 49
39 61 30
9 14 15
11 27 53
27 46 71
23 51 3
15 37 44
23 42 24
2 67 52
55 62 71
4 11 45
59 43 17
1 9 60
65 12 2
44 69 3
18 60 45
28 67 18
5 39 72
40 54 42
34 31 16
40 51 53
22 12 53
35 33 32
13 53 71
28 10 58
52 68 18
31 34 4
25 36 10
7 21 57
64 25 52
30 62 39
41 61 43
54 53 33
13 16 30
26 28 12
34 68 42
2 13 5
17 51 54
53 37 27
7 46 51
42 67 39
28 55 37
24 21 41
34 55 2
37 4 13
32 29 4
24 44 62
51 63 72
29 43 28
50 44 51
55 4 25
67 49 47
9 48 47
18 12 5
57 4 38
70 25 47
8 57 56
47 9 31
25 15 68
27 1 54
5 39 69
46 12 11
15 29 58
36 15 24
22 37 64
66 12 65
21 29 16
18 57 48
52 55 11
60 67 64
47 40 4
27 27 15
63 7 41
15 62 16
63 71 38
21 27 59
35 36 49
72 61 2
69 44 48
50 40 72
57 56 11
58 12 51
35 43 53
27 2 15
72 23 14
60 22 57
2 10 12
66 41 65
32 47 70
21 6 14
38 20 31
37 50 70
20 15 14
15 15 18
58 61 5
39 40 29
39 25 63
42 2 3
56 58 33
7 60 16
18 58 37
66 35 39
72 18 10
66 27 21
16 18 51
71 26 2
36 24 63
55 62 71
25 11 25
10 66 69
47 26 34
17 3 29
70 20 24
24 72 65
18 56 7
8 61 48
30 13 19
55 65 72
4 35 42
3 4 10
68 63 72
33 27 45
24 39 68
23 31 69
49 25 1
61 1 64
15 27 30
64 37 55
69 44 4
58 36 3
39 46 42
54 16 58
8 71 48
62 72 2
43 58 46
7 51 13
66 23 22
4 1 42
39 17 50
23 42 19
34 4 7
32 6 72
49 1 3
49 20 7
3 37 53
19 7 15
23 64 5
71 3 63
15 6 45
44 19 16
56 54 34
45 21 67
15 1 45
19 4 17
7 26 5
39 28 9
64 68 35
52 52 17
61 4 66
40 45 28
62 65 50
67 7 19
55 19 45
53 51 31
6 55 67
59 64 3
8 54 43
41 1 18
30 60 34
38 59 26
16 34 64
35 48 43
18 62 55
63 16 68
7 44 11
49 24 57
3 55 68
46 68 58
38 30 42
4 56 12
66 37 68
35 56 64
11 10 11
16 65 2
21 8 58
65 8 18
6 32 63
68 7 51
33 67 57
53 1 15
48 32 12
37 70 67
24 27 21
46 27 46
13 16 18
61 22 46
58 17 30
4 55 37
45 54 10
8 20 15
38 17 56
12 54 23
13 26 4
16 29 18
18 66 51
14 17 49
72 13 22
50 11 58
24 58 25
56 63 37
7 1 20
40 20 9
1 21 66
51 30 46
63 13 39
62 50 11
21 17 51
70 27 72
15 44 3
21 19 47
30 23 63
4 24 25
72 57 46
60 61 6
4 28 56
20 59 21
22 29 65
43 29 34
48 34 53
41 18 39
23 65 62
26 69 67
63 31 4
20 33 53
43 6 35
71 17 31
70 29 54
20 23 5
64 71 45
24 39 50
62 15 3
68 36 48
50 53 58
11 59 58
7 62 29
5 16 36
35 66 24
9 12 20
5 71 36
47 49 24
13 71 47
51 3 43
17 66 60
19 2 47
64 27 51
32 10 70
69 48 64
5 66 31
20 54 1
15 52 25
39 9 20
59 44 39
51 28 12
26 71 39
24 57 26
37 67 40
57 58 71
12 13 16
40 19 48
47 44 24
5 70 7
48 8 54
23 57 69
15 68 23
12 57 36
46 35 45
70 33 64
21 63 66
43 70 56
52 60 23
9 33 66
33 44 40
68 35 14
53 5 22
59 18 14
61 61 5
34 48 61
2 55 49
24 66 30
5 49 19
22 64 8
47 43 63
7 29 51
46 71 34
28 9 19
5 36 40
55 16 70
9 64 72
29 9 31
49 52 22
12 46 54
16 41 20
24 36 36
37 16 39
20 52 11
55 28 25
40 45 12
24 72 29
33 30 26
41 23 34
13 43 58
22 40 5
55 55 67
33 71 67
60 13 18
38 14 52
8 23 7
36 36 2
19 4 39
57 52 13
5 18 10
34 53 68
2 71 21
26 18 29
22 44 50
43 5 58
12 20 7
61 20 50
37 24 25
2 34 43
46 36 30
32 31 41
36 52 69
60 21 46
35 53 33
53 29 38
36 28 53
59 9 38
10 64 45
22 5 63
42 29 3
19 57 72
11 18 61
45 33 67
21 37 10
5 60 12
2 68 22
19 23 3
45 65 3
37 52 55
47 66 34
45 68 36
39 70 59
41 35 37
38 56 69
25 18 55
66 36 71
13 4 21
21 36 15
68 46 12
65 16 58
59 10 36
7 39 55
26 14 32
20 42 40
26 48 36
13 14 43
23 26 49
55 15 7
12 55 62
45 23 1
49 66 33
15 44 53
11 68 64
66 28 68
3 23 37
51 70 68
50 18 28
34 57 2
19 2 46
68 61 50
63 4 12
1 6 45
7 51 20
65 33 46
43 14 29
51 11 37
48 45 26
44 36 54
65 26 6
6 50 48
30 14 40
17 62 34
38 29 38
42 52 67
52 71 54
39 64 23
42 6 70
72 24 53
4 20 1
34 64 44
67 70 8
34 19 14
14 25 23
47 62 15
38 53 71
51 32 45
5 28 3
49 25 20
22 33 72
60 11 66
22 34 10
3 49 37
28 63 35
65 33 17
21 17 29
10 32 22
39 2 54
16 30 45
32 29 5
60 66 47
44 3 58
30 67 49
43 41 57
61 71 62
61 28 3
10 42 27
67 39 47
52 9 13
6 29 25
31 58 16
60 51 13
21 30 28
45 45 17
46 15 57
14 33 19
21 22 48
37 49 47
60 61 24
71 44 1
66 1 33
25 50 49
18 58 45
2 16 38
11 35 71
42 54 22
71 71 44
3 2 19
56 58 28
25 33 9
22 20 69
57 59 54
38 14 7
14 22 65
48 66 14
49 42 12
68 36 56
24 29 43
19 53 43
64 68 35
59 27 69
58 5 69
9 21 8
39 68 46
15 67 2
1 43 71
57 62 45
11 40 40
33 11 4
15 21 30
34 29 11
38 9 58
56 43 57
36 23 54
69 70 62
23 60 12
71 30 39
70 10 9
26 29 65
50 66 49
36 2 21
11 62 49
24 35 49
59 18 60
56 34 71
34 40 7
72 12 18
72 29 72
62 44 30
12 15 8
37 60 70
52 49 52
20 71 34
52 67 4
42 36 43
33 53 67
57 34 8
2 18 46
47 12 12
65 26 53
46 29 22
62 21 60
37 22 44
5 60 35
44 56 61
19 60 22
32 30 16
41 23 12
21 60 4
66 40 69
26 3 11
19 5 71
26 61 23
35 70 7
21 42 41
7 7 68
30 33 67
59 27 48
8 60 52
53 55 1
53 22 62
37 51 30
32 63 3
35 41 35
5 59 30
32 14 24
24 37 45
24 14 49
62 32 48
32 3 68
12 13 42
11 65 56
50 62 46
58 47 64
2 15 35
16 69 30
11 53 18
34 55 10
67 33 7
1 38 36
57 47 46
19 13 43
3 22 25
24 13 58
34 38 9
59 4 15
49 36 26
26 23 13
45 33 37
17 59 22
36 68 51
40 19 61
39 72 4
36 23 58
14 65 46
5 64 21
67 31 32
10 10 20
61 34 30
9 55 68
18 7 62
14 59 11
42 44 51
4 15 23
13 20 68
56 1 67
68 1 54
64 25 59
45 63 50
20 40 37
34 30 7
26 63 66
50 35 30
67 17 22
69 35 72
56 12 47
65 47 31
25 69 54
69 38 71
19 14 22
7 22 24
65 48 16
38 50 49
12 16 33
5 59 71
37 27 49
42 4 10
51 10 71
2 39 37
48 72 69
65 7 39
8 25 50
30 34 10
62 42 23
58 62 62
23 13 30
10 67 19
6 44 57
53 9 68
27 22 25
52 55 66
46 42 14
37 18 59
69 42 57
34 35 45
68 62 59
26 67 40
5 9 30
70 34 48
9 65 23
5 37 30
37 21 19
40 55 8
21 3 7
49 48 2
10 24 49
38 17 22
48 36 32
1 70 30
2 19 29
66 13 38
43 58 4
25 17 57
20 23 27
13 50 63
50 6 47
59 60 1
56 34 8
44 48 34
9 64 29
4 39 45
6 47 7
66 12 26
64 43 27
6 34 36
34 54 70
26 27 23
57 9 16
23 39 9
2 29 32
60 27 62
67 24 11
23 44 39
33 48 13
41 10 30
47 8 70
55 1 36
37 43 39
8 40 37
9 3 57
46 55 45
34 9 11
63 20 29
62 70 66
46 52 26
30 43 71
63 12 53
13 4 68
10 24 72
32 52 59
52 67 30
51 46 53
28 23 35
32 17 2
8 55 27
3 46 33
50 5 6
69 7 64
22 2 28
26 70 56
59 52 29
52 54 4
20 54 35
39 9 68
5 59 52
53 52 3
8 51 66
6 45 66
11 35 52
51 56 22
21 24 10
71 17 70
11 6 65
15 35 21
72 66 19
1 48 13
19 71 48
42 5 62
70 47 37
46 52 12
33 31 52
38 56 50
58 59 5
25 42 53
37 53 70
11 56 31
34 37 17
26 16 5
67 24 15
14 43 3
47 9 38
44 25 38
38 5 47
67 8 67
70 31 38
41 13 11
68 60 4
57 37 46
51 31 68
52 65 23
8 46 25
20 25 24
21 8 5
9 35 35
51 10 71
9 65 68
66 70 49
64 44 17
46 38 28
70 4 25
61 59 54
32 68 62
64 66 7
60 1 55
59 36 45
8 31 5
49 10 28
17 5 30
46 68 46
23 1 72
67 55 12
37 11 6
21 32 37
67 55 32
55 25 41
29 5 5
1 65 63
8 59 36
12 62 58
26 1 27
16 9 30
41 22 56
47 66 70
35 33 25
25 60 2
14 15 8
50 68 72
11 23 59
67 31 64
40 3 56
20 51 24
37 10 36
64 27 8
72 7 15
42 68 16
44 34 7
69 61 65
1 45 47
17 68 19
61 6 66
7 58 32
21 9 33
2 50 35
20 12 48
50 19 2
8 43 52
6 8 52
49 3 14
31 62 27
33 21 46
45 35 60
49 54 72
55 17 32
53 22 50
38 22 3
1 21 23
14 14 11
4 44 40
57 64 15
65 49 13
67 10 63
48 24 46
54 12 24
3 54 17
53 27 4
56 2 4
29 1 44
23 40 59
57 45 44
56 55 66
23 9 52
66 62 32
32 39 64
30 70 58
11 40 71
71 65 57
19 41 42
6 71 72
39 30 71
7 3 25
13 24 36
70 8 46
44 54 69
40 71 14
72 27 41
1 41 18
39 11 44
71 21 24
1 29 38
47 58 4
55 1 39
22 38 19
60 19 18
7 23 3
23 32 16
55 7 47
31 39 2
42 54 53
34 70 59
22 7 9
8 54 39
14 65 30
7 12 48
64 46 4
17 52 30
16 71 51
33 51 50
64 49 58
12 38 34
36 61 21
24 46 19
70 33 12
63 30 68
43 67 16
9 27 61
62 26 6
34 25 2
61 7 14
63 63 21
44 50 71
37 19 67
41 21 68
53 62 10
68 60 32
22 3 71
2 19 70
21 34 31
64 37 10
50 39 26
35 11 42
44 38 35
50 63 44
21 42 28
25 30 5
67 2 22
59 6 59
28 26 36
66 22 18
18 32 32
16 9 32
36 4 44
37 32 50
48 11 62
40 47 28
70 26 10
70 3 5
72 63 23
58 42 56
61 35 10
22 70 27
31 44 30
64 62 68
18 1 67
55 66 41
51 27 67
16 61 24
29 59 70
64 4 32
28 9 63
23 60 8
24 55 71
72 32 59
66 49 72
21 44 56
21 45 63
70 70 68
37 51 25
28 13 10
43 15 2
54 66 66
63 29 2
31 17 3
34 62 7
28 2 8
18 34 48
32 16 10
29 3 51
9 59 55
7 51 42
24 70 6
68 4 17
12 46 46
34 27 44
14 33 20
48 67 68
51 68 24
44 38 22
23 4 39
68 31 55
12 34 52
70 38 23
62 49 60
34 31 21
60 33 68
70 6 19
66 27 42
36 36 56
10 54 38
4 68 8
64 59 19
33 42 35
24 68 71
49 8 9
71 36 67
13 2 35
72 50 4
50 29 46
61 12 26
53 10 50
56 42 7
49 38 9
6 66 9
3 31 22
70 58 10
8 59 3
22 60 34
37 15 50
14 36 50
9 21 8
60 55 59
19 38 66
9 3 5
25 32 70
59 71 36
7 69 45
34 37 58
32 67 40
34 43 42
63 32 3
65 55 41
61 12 62
14 37 44
45 62 14
39 41 9
11 15 36
8 26 18
29 12 58
39 51 26
50 29 15
31 37 17
23 2 1
58 57 41
6 64 5
12 25 38
15 44 14
2 44 35
63 41 68
23 23 25
41 63 63
24 58 51
52 71 54
31 34 69
21 34 27
30 46 71
72 41 51
14 10 2
25 22 35
58 65 2
5 62 60
18 12 4
41 38 62
71 50 44
38 7 15
65 59 23
56 69 70
15 58 69
9 41 28
64 67 69
41 21 9
70 64 18
25 15 23
15 9 27
36 13 39
64 35 40
55 34 70
6 20 35
40 20 13
1 1 11
35 52 38
54 22 31
39 31 23
44 47 60
66 11 18
23 70 42
72 6 40
43 70 21
12 10 7
13 23 37
15 57 40
68 43 67
44 40 1
68 6 71
70 57 42
29 57 28
69 41 72
30 49 10
61 25 16
7 16 12
45 58 19
23 21 11
21 32 67
30 55 39
49 68 10
12 66 5
24 18 63
30 9 10
39 49 14
15 67 33
59 9 35
9 20 64
4 43 66
44 61 21
33 14 70
38 58 18
23 28 52
1 67 57
71 50 43
59 15 45
69 21 48
46 39 61
72 46 54
4 65 66
46 22 55
10 28 55
20 64 7
20 59 22
28 20 9
11 22 8
57 1 64
22 38 3
25 38 17
60 49 22
62 40 7
31 1 23
54 18 16
3 49 49
62 17 8
51 10 45
1 21 33
31 18 27
56 41 60
55 31 40
20 60 24
36 12 45
53 57 33
26 36 71
8 33 9
4 55 46
36 51 29
18 53 28
2 25 46
13 11 19
5 15 67
40 48 25
62 18 64
2 29 70
45 40 5
65 69 58
41 13 44
7 6 51
30 60 19
7 29 52
17 13 60
63 64 13
37 72 27
69 67 20
20 15 41
9 30 57
9 37 1
10 4 68
34 63 15
54 70 8
3 17 51
41 40 27
35 37 72
66 46 15
61 22 32
60 17 39
65 53 45
50 58 24
51 58 61
35 56 63
35 23 31
70 60 51
8 46 48
19 53 48
72 50 2
39 70 48
50 1 27
47 7 20
41 18 54
64 29 65
36 69 25
72 49 34
10 18 31
61 56 25
64 61 25
62 23 59
8 53 27
39 36 50
9 38 59
14 48 25
70 70 62
25 56 68
30 61 68
60 10 37
70 21 65
32 15 24
37 40 55
19 59 22
36 49 21
35 68 33
57 40 44
65 53 45
52 13 57
48 51 55
3 23 27
10 22 6
33 17 7
15 41 31
57 33 57
46 4 64
55 17 60
64 43 57
5 10 70
45 62 55
27 43 54
66 21 54
8 27 7
25 32 1
14 66 36
32 51 17
50 1 13
7 66 13
16 52 69
58 44 5
40 10 66
19 66 15
42 12 38
61 1 31
67 50 20
33 13 21
29 7 39
4 13 42
69 12 27
40 32 60
53 60 46
3 15 3
42 22 33
39 62 72
16 41 53
56 59 22
61 36 17
66 41 50
38 58 4
11 29 15
29 6 46
12 5 27
27 35 63
9 27 38
40 39 39
15 30 44
20 2 5
1 54 50
50 66 7
61 8 20
62 36 71
55 43 16
65 38 41
36 27 7
50 34 7
59 36 33
40 20 52
13 42 35
32 30 17
16 21 8
54 5 10
39 42 2
17 39 63
60 34 6
59 52 66
52 61 30
70 65 34
47 19 58
5 25 8
58 8 54
25 7 54
62 39 24
13 47 11
61 47 65
40 49 29
24 49 8
38 5 70
9 16 30
58 52 32
49 67 47
65 11 36
12 72 22
71 28 34
18 25 72
19 58 66
17 38 7
6 22 44
20 61 54
62 7 18
33 64 8
28 68 3
6 28 38
56 50 62
35 14 3
22 68 62
56 57 25
23 46 22
63 28 69
39 42 6
29 49 50
57 33 22
28 38 71
17 1 48
50 66 48
20 16 42
8 18 37
10 33 57
14 47 21
25 23 36
30 2 56
42 26 36
19 28 20
21 46 31
55 64 13
48 56 16
13 7 20
7 53 46
12 51 21
44 33 68
38 2 72
44 22 8
61 55 37
29 10 17
48 64 9
45 14 26
54 20 38
30 44 48
37 14 60
39 66 62
42 40 52
31 29 35
32 62 54
50 14 19
28 2 46
16 37 17
27 17 13
67 11 15
68 47 6
30 69 23
13 22 34
53 16 69
22 22 61
66 31 35
45 12 60
5 50 60
15 55 41
6 70 14
30 54 49
19 8 27
25 34 60
45 47 16
12 67 17
40 67 28
33 50 66
41 39 30
63 20 1
69 40 54
43 72 38
64 45 5
70 49 52
54 46 18
11 29 62
66 16 24
45 49 24
23 68 43
52 10 40
63 33 5
17 25 65
37 17 48
16 35 56
33 70 43
54 61 68
4 19 43
54 38 60
6 69 24
44 42 7
57 22 27
54 26 24
35 72 49
47 58 7
51 23 43
16 46 3
63 45 35
19 36 44
50 36 55
33 70 44
43 50 37
70 46 6
54 15 19
20 65 35
35 67 24
1 34 11
17 31 43
48 45 33
31 8 35
46 21 26
16 64 60
9 19 35
71 16 64
2 13 58
20 40 6
60 48 29
29 11 30
6 13 59
17 50 14
4 34 24
42 1 56
8 40 33
64 12 41
47 51 5
64 26 39
35 5 41
40 51 39
56 30 58
52 57 22
41 48 24
14 58 15
68 10 56
38 55 25
11 63 22
68 31 57
31 53 11
42 14 63
33 39 6
39 14 48
50 27 65
50 40 38
32 42 33
5 54 1
57 4 45
27 44 35
14 17 15
52 46 1
66 11 30
41 36 61
17 23 41
22 55 31
56 22 5
51 2 15
32 28 3
30 38 19
51 42 42
40 56 23
25 48 46
25 46 58
1 30 43
41 16 23
66 24 21
45 3 35
19 67 31
40 3 29
58 72 28
5 23 68
20 30 40
3 54 53
54 34 39
30 57 41
29 53 45
72 8 49
38 24 15
22 8 50
22 50 9
54 8 41
17 54 33
66 25 28
60 37 29
59 9 3
72 63 50
18 22 29
58 56 69
9 29 65
60 15 24
30 63 56
56 30 37
8 40 49
9 69 1
50 1 62
32 37 64
15 4 65
30 52 69
7 30 44
48 32 19
16 67 33
39 25 45
42 71 49
14 41 26
48 50 31
65 41 24
7 44 40
16 12 50
49 22 63
53 20 5
12 70 16
59 46 50
18 67 43
35 15 41
52 7 19
39 39 56
51 70 21
42 56 72
9 3 43
54 47 2
35 6 27
49 3 62
47 12 8
20 15 48
33 40 52
11 16 61
60 41 66
15 7 52
13 71 45
57 5 42
50 13 55
65 5 64
56 10 40
11 7 15
43 44 44
10 28 68
9 57 65
72 45 69
26 3 71
24 55 25
7 39 42
9 45 19
6 71 20
24 72 36
65 53 36
71 21 12
46 23 16
25 38 52
40 15 47
54 48 1
56 70 16
51 64 2
19 41 19
31 41 3
13 47 52
61 61 56
66 4 4
22 68 43
24 11 3
30 53 65
48 51 45
53 12 40
8 8 31
72 33 34
4 41 61
62 41 4
51 65 59
32 24 65
5 32 52
40 18 38
10 3 5
16 50 63
59 7 38
48 15 36
70 25 31
38 10 72
16 55 29
23 70 65
14 68 4
36 2 34
35 7 54
30 21 54
27 52 68
51 5 15
44 35 15
45 23 49
68 48 63
46 37 61
65 27 30
52 45 26
62 30 56
51 15 41
38 66 8
22 61 41
2 41 66
67 57 28
5 27 3
31 28 38
44 9 7
34 6 10
66 71 25
14 39 35
43 60 39
9 9 50
62 58 3
15 27 20
63 9 42
67 72 51
52 22 50
16 38 4
63 20 44
24 28 66
11 57 51
9 44 64
55 63 43
46 42 69
15 12 61
2 60 61
38 2 35
37 8 72
22 70 60
70 33 40
50 18 21
46 28 5
71 59 29
58 11 51
29 23 54
10 50 65
40 33 37
5 16 9
48 36 20
2 24 29
17 33 18
19 9 42
52 9 30
71 33 9
4 59 68
26 70 29
19 52 32
71 70 22
12 9 65
59 61 38
58 35 66
27 45 11
26 2 55
45 27 43
30 8 26
25 69 31
55 17 58
10 12 18
53 45 39
49 1 36
21 39 65
64 48 38
1 3 42
9 26 52
14 38 4
26 20 16
5 46 63
22 55 7
37 27 53
69 53 55
31 17 36
20 62 37
1 30 72
12 66 43
48 2 53
68 8 45
67 43 20
20 22 13
30 8 40
34 31 66
39 42 13
5 54 67
45 63 27
22 72 27
44 18 1
23 51 47
41 65 1
52 64 45
20 59 49
13 6 39
64 31 28
55 55 41
27 64 8
21 38 37
31 44 4
38 2 1
24 41 65
9 10 32
2 72 17
51 67 46
13 35 64
40 18 9
26 49 1
46 6 35
72 1 52
69 15 15
28 15 64
24 37 53
72 53 42
66 49 27
26 43 22
48 26 28
23 3 11
58 70 4
69 60 30
54 42 36
20 34 8
31 31 28
40 19 2
38 28 26
43 27 12
61 24 40
4 25 38
36 11 50
13 15 58
72 46 2
71 28 9
39 31 18
15 43 64
48 28 33
11 3 46
50 10 54
17 30 72
21 18 66
22 9 33
16 23 52
63 3 63
8 67 28
1 39 38
1 44 16
19 51 20
4 26 44
31 72 68
57 36 67
12 30 49
36 68 52
50 36 34
70 72 60
10 23 29
56 52 69
14 67 69
26 58 40
3 15 61
26 72 8
49 56 18
36 6 59
23 22 51
50 18 62
39 26 71
16 58 69
8 64 53
59 44 33
42 52 69
34 25 57
27 25 12
4 3 29
16 3 23
20 5 11
17 33 3
42 52 5
39 51 22
37 11 61
48 39 64
9 28 36
47 70 18
7 9 60
7 20 38
23 35 19
28 38 70
29 50 59
25 71 59
5 65 16
28 42 63
71 51 29
18 24 69
19 47 6
16 45 16
71 32 56
58 51 37
35 36 47
37 17 19
14 10 64
57 13 72
2 14 24
39 58 30
45 23 44
17 34 46
3 48 15
27 10 21
31 67 24
67 62 53
54 54 47
48 34 27
19 16 22
61 65 61
33 44 35
2 17 67
49 41 45
8 53 32
10 59 29
43 31 10
25 41 11
55 69 45
28 51 36
38 27 37
26 10 34
49 33 55
38 21 71
33 37 35
50 62 45
21 59 61
5 59 42
25 46 33
47 19 31
40 2 26
33 27 31
43 35 48
8 37 41
34 31 26
60 62 71
35 5 27
19 42 45
21 32 50
21 42 44
36 9 1
3 16 33
71 23 54
54 39 27
16 20 44
36 13 64
43 3 50
38 57 8
57 30 30
72 24 15
56 29 10
34 18 13
45 44 58
13 70 7
63 55 6
51 61 15
22 7 14
58 68 41
4 45 41
59 9 24
49 27 15
2 50 48
35 71 12
31 30 36
52 37 55
34 14 62
27 42 37
58 56 6
33 37 29
38 70 2
25 14 29
34 17 35
58 16 21
49 11 57
17 5 58
46 47 46
27 50 20
60 3 32
66 8 32
48 21 11
45 26 9
15 26 61
35 4 66
62 15 17
27 13 26
32 40 69
63 67 29
21 42 45
34 65 57
23 64 62
2 24 56
3 63 50
17 58 48
56 33 43
5 19 64
36 41 25
51 38 3
24 41 2
1 70 64
2 17 61
11 58 39
19 36 64
38 57 3
19 65 38
55 1 8
26 34 31
32 37 11
27 58 54
65 61 9
41 41 15
59 69 56
16 57 41
5 70 64
6 17 71
23 72 13
1 10 36
63 48 52
4 48 45
43 62 50
60 69 1
29 24 26
43 46 50
6 18 36
25 58 32
37 52 60
71 44 48
56 42 29
1 62 69
6 4 4
11 49 30
30 16 7
28 51 50
59 39 48
15 71 25
34 41 53
41 64 3
33 27 45
45 39 1
22 32 69
13 69 61
24 12 33
35 38 67
11 28 47
34 59 1
48 67 59
70 19 47
42 44 17
48 15 48
47 62 16
17 71 41
63 16 22
13 37 49
30 30 45
9 24 69
17 34 70
61 53 71
58 33 27
44 28 27
67 67 54
34 67 29
47 55 4
14 64 72
45 69 57
67 17 24
46 71 44
63 19 31
2 44 62
38 12 44
14 61 66
72 44 36
67 25 42
70 28 10
56 71 30
65 14 34
38 31 19
26 26 20
57 20 56
19 3 29
3 18 63
66 18 24
6 60 29
21 3 43
5 23 9
36 44 49
26 70 13
32 43 63
9 58 41
45 3 50
46 41 19
9 32 62
36 19 13
30 47 55
32 31 40
17 12 43
2 16 8
45 5 21
16 26 69
23 38 62
47 48 28
47 10 43
68 72 2
53 31 53
55 17 67
32 65 33
47 16 63
17 25 60
14 71 24
27 10 44
10 64 33
60 52 26
3 17 38
6 30 48
8 15 28
21 50 56
30 55 15
70 34 1
35 20 52
35 67 19
25 35 62
59 58 69
1 21 57
34 63 34
4 40 30
41 41 61
34 70 20
57 13 56
44 42 59
61 60 8
31 48 58
10 48 6
31 53 31
8 62 23
18 9 17
25 26 63
30 57 21
61 38 66
70 57 64
63 17 38
7 37 25
2 67 6
18 49 66
17 49 19
39 30 40
56 47 21
71 3 27
22 60 51
41 70 7
44 27 69
6 40 4
32 72 49
60 4 22
51 17 19
5 61 7
50 72 66
46 27 53
58 61 42
58 43 62
46 59 21
50 52 20
12 66 20
59 37 33
3 19 11
49 46 69
59 23 46
29 6 64
56 24 13
54 29 71
71 49 62
70 69 30
18 45 32
2 29 18
55 29 20
60 62 62
37 5 2
26 51 72
65 56 47
68 64 14
9 52 4
66 34 34
16 39 20
4 5 41
24 61 15
35 69 3
1 46 37
44 70 28
65 68 35
17 21 4
70 3 6
66 30 40
6 28 54
51 49 30
2 29 12
62 54 4
50 5 52
36 21 12
37 39 29
42 26 33
14 9 10
33 62 47
48 45 25
34 26 10
55 31 15
27 47 46
32 11 18
23 54 18
21 9 63
69 41 65
22 62 32
13 54 21
45 57 31
69 10 56
8 64 60
10 72 2
42 48 70
3 37 28
32 13 19
28 20 53
37 34 30
37 36 2
6 70 3
62 49 59
9 4 19
63 33 66
41 72 67
54 32 7
27 21 54
32 22 61
30 52 57
16 13 5
13 18 25
22 30 4
22 48 35
70 34 57
42 70 14
17 62 71
26 44 26
17 33 24
65 10 17
48 36 23
11 66 11
2 49 46
28 4 70
65 28 57
65 5 21
19 57 26
21 66 63
53 64 34
50 69 18
14 54 72
62 14 25
30 2 63
5 8 71
6 16 62
52 13 45
53 3 47
40 71 63
67 5 13
32 14 15
29 5 52
36 50 13
50 37 26
40 44 61
6 34 67
9 8 13
53 28 24
71 65 22
2 20 62
72 40 35
44 37 14
72 39 6
19 49 51
55 72 16
65 52 16
56 69 66
4 10 40
22 63 64
15 68 5
20 54 17
66 17 18
30 36 30
45 17 60
66 13 54
50 34 22
13 28 56
51 1 18
31 17 8
56 33 36
41 7 62
46 10 49
62 29 19
9 56 57
52 5 19
18 38 25
70 62 27
8 70 2
44 36 12
54 47 5
25 60 11
3 19 68
55 45 2
17 31 30
31 35 59
25 31 12
26 55 33
52 7 21
48 38 46
69 12 32
61 13 64
71 24 31
42 36 63
67 47 67
43 49 54
2 5 72
35 22 44
42 41 27
66 44 68
50 60 10
33 9 42
5 4 63
51 10 53
45 49 34
38 34 46
69 48 7
69 35 45
30 14 32
17 23 37
2 21 62
49 48 28
13 68 58
18 8 20
53 24 72
13 19 15
71 47 51
58 49 9
46 53 4
21 26 66
39 72 63
43 4 22
9 71 49
14 2 63
51 22 24
1 59 12
31 21 37
47 61 60
64 62 54
24 16 52
22 32 43
4 69 56
36 67 44
38 3 5
8 26 26
16 13 68
48 14 18
59 42 41
28 42 56
56 65 1
1 10 17
30 31 61
55 67 30
43 34 14
72 66 33
64 25 38
21 41 30
