55 9 45
35 48 36
60 44 23
50 1 76
10 2 10
66 30 67
51 22 2
18 68 78
45 40 10
23 21 56
14 49 62
37 61 11
80 43 46
6 14 60
32 45 23
72 32 61
4 3 71
70 12 63
37 8 24
33 5 77
79 1 62
49 75 34
74 14 73
9 51 31
12 24 13
71 32 9
52 12 78
17 33 78
37 50 61
9 17 32
56 65 71
48 61 32
11 75 62
63 74 80
20 48 39
12 53 36
53 28 34
14 24 50
7 69 73
52 28 19
5 18 19
33 66 8
45 18 6
57 34 35
7 51 2
56 65 35
33 51 62
64 27 80
14 71 55
64 14 72
39 3 61
2 28 44
28 72 17
27 50 22
64 21 24
72 75 48
6 14 27
20 42 46
49 32 76
17 43 63
51 19 51
69 50 10
19 71 50
13 43 37
70 20 65
48 62 21
10 5 22
1 31 50
5 59 68
38 61 42
75 15 39
4 7 55
12 44 1
7 61 4
36 70 32
25 53 3
49 46 78
74 47 50
48 59 45
75 80 66
46 40 26
8 39 72
74 17 68
55 35 22
31 76 47
31 18 55
51 68 35
38 72 64
51 11 35
64 33 63
42 10 16
22 63 40
24 6 10
67 6 19
11 58 46
34 58 51
14 8 51
4 37 79
49 63 22
71 78 59
12 46 68
64 4 59
21 39 26
72 61 29
12 16 40
4 22 67
73 42 62
28 25 57
20 15 13
6 22 63
77 11 13
17 15 78
32 11 70
39 58 72
60 29 53
27 41 34
28 52 35
72 57 72
59 61 59
54 17 19
4 17 67
49 23 45
54 70 37
51 1 66
36 48 8
75 34 14
22 60 23
36 56 67
6 54 53
10 60 41
37 31 75
2 47 31
43 11 45
12 3 55
2 65 23
77 60 37
13 80 19
65 59 21
50 12 7
39 66 38
70 45 63
73 11 63
70 11 40
71 4 34
13 19 19
54 45 7
28 38 3
1 54 73
58 9 42
38 3 60
26 38 43
3 8 14
65 4 33
48 49 59
38 48 32
32 28 55
77 22 60
71 43 18
12 69 4
32 36 3
33 1 69
8 28 12
67 33 24
48 20 52
72 7 62
54 70 54
58 20 72
59 8 73
66 27 43
22 34 18
49 77 49
27 9 72
48 77 70
36 52 70
71 67 13
80 14 24
57 72 37
75 61 7
53 11 8
14 49 20
47 80 12
64 51 67
76 49 34
20 15 5
43 77 45
72 75 58
11 74 54
42 69 63
59 62 52
50 27 52
57 16 74
80 25 30
74 30 58
76 32 39
28 52 10
8 54 75
61 28 27
73 23 29
52 47 76
6 55 39
8 68 24
43 48 31
52 68 11
9 9 20
65 76 69
72 66 64
75 74 74
15 35 67
4 32 78
23 55 57
79 69 22
23 51 10
35 15 73
52 61 16
15 80 36
55 70 34
19 40 30
27 18 68
24 75 33
8 8 16
70 58 57
47 27 36
42 67 75
62 64 34
52 51 69
53 65 51
48 59 57
21 29 23
77 28 60
70 67 34
7 1 60
33 27 3
56 57 17
22 5 25
1 11 59
67 74 9
68 34 34
48 40 23
51 32 77
45 12 77
5 30 21
60 13 65
51 6 13
31 5 67
32 57 22
22 6 33
65 27 3
7 69 61
29 27 18
15 33 21
77 64 10
78 19 55
16 36 23
79 15 44
33 78 8
71 9 45
34 55 29
3 57 64
5 25 35
44 60 55
14 10 11
67 76 60
42 72 69
5 10 34
52 80 35
51 73 44
73 22 12
24 22 46
35 5 70
56 63 53
46 30 1
77 75 68
32 66 8
9 45 6
2 60 19
66 64 52
4 6 5
31 31 68
6 28 51
30 70 8
59 52 50
59 66 21
62 72 59
23 67 36
39 54 13
23 74 64
11 2 40
54 52 44
63 12 71
35 63 76
6 65 68
44 8 63
59 34 29
46 75 80
68 50 3
41 21 76
13 76 53
22 35 35
37 51 25
61 74 58
70 25 12
66 26 49
37 32 6
17 20 38
74 3 73
34 47 30
22 73 26
50 63 10
69 8 9
28 23 54
45 3 7
25 57 58
77 64 53
51 49 50
10 1 52
79 52 48
3 13 72
58 61 43
14 20 14
77 52 60
55 59 36
61 14 28
38 25 31
58 78 47
16 34 12
56 62 48
68 38 30
16 62 54
18 61 33
11 30 77
43 76 27
14 3 64
61 2 35
44 45 9
67 9 44
63 80 62
20 15 20
38 64 59
64 28 69
1 80 58
60 2 74
19 49 73
63 55 9
42 7 1
54 66 51
25 18 67
68 51 16
57 37 40
79 35 14
77 72 69
72 10 23
65 23 16
55 53 52
62 65 32
15 54 60
74 19 40
27 68 2
46 60 75
18 25 27
66 69 30
24 69 55
50 42 40
65 11 32
58 54 21
12 38 34
40 48 73
41 26 4
80 43 58
67 42 25
53 54 17
15 27 10
79 62 50
44 58 35
74 18 18
42 34 46
79 58 56
24 6 52
7 3 17
27 1 4
3 13 21
69 3 54
50 67 69
30 16 44
43 44 48
74 56 6
29 46 73
10 41 53
13 22 53
23 61 71
44 68 29
13 70 75
15 1 78
76 12 18
37 43 30
20 57 23
61 35 50
49 24 27
49 15 1
57 35 71
33 47 20
75 24 52
9 22 75
73 57 69
69 74 49
11 8 37
5 27 1
66 38 10
35 36 13
78 21 34
19 1 19
11 62 29
53 28 69
65 43 46
33 32 11
29 6 31
60 52 76
50 53 48
65 44 24
22 26 31
70 21 39
33 6 40
77 57 53
55 13 53
45 59 67
36 20 43
1 41 29
34 76 11
19 17 41
44 38 49
77 60 56
36 36 25
59 35 3
26 67 48
15 56 9
26 32 59
74 52 33
15 75 40
44 69 25
34 75 35
36 47 18
36 56 31
66 47 7
70 31 77
12 31 63
65 62 45
71 5 22
3 18 7
4 80 7
45 2 20
11 69 78
32 66 21
80 12 63
65 66 10
78 80 64
74 31 77
37 73 21
69 56 64
23 2 6
7 35 51
67 33 28
7 10 2
16 22 7
50 12 31
14 4 80
19 32 17
27 20 48
10 20 1
44 4 73
44 48 18
12 74 20
60 44 54
10 45 16
10 57 24
69 28 74
44 24 56
73 71 8
55 35 40
36 12 22
28 58 63
36 37 58
6 55 71
24 2 22
71 17 78
5 70 77
66 27 45
16 18 79
62 45 41
31 27 18
60 51 33
73 26 17
38 68 66
25 26 56
26 24 78
50 2 20
30 66 13
46 39 11
48 73 21
25 62 25
27 51 43
35 76 29
62 39 38
69 65 10
67 31 61
69 69 1
38 26 42
56 23 40
48 16 46
3 45 19
3 61 30
38 64 67
8 58 54
16 62 36
79 80 9
23 27 18
44 33 72
59 12 28
50 20 37
43 37 76
7 56 52
77 44 47
17 5 31
38 54 54
33 73 37
56 77 1
51 15 45
1 41 62
40 30 73
57 44 40
65 43 32
21 75 78
41 49 38
75 30 34
76 6 58
33 16 29
61 33 36
45 37 29
51 14 64
29 33 38
16 31 79
74 56 46
5 32 56
38 62 67
44 46 2
13 1 33
71 55 44
59 6 77
59 61 33
10 20 9
2 60 64
63 37 23
21 28 68
58 69 32
51 6 4
76 71 46
20 9 13
63 64 46
24 7 17
25 65 27
38 17 38
2 58 16
58 40 3
48 60 21
18 79 2
37 40 71
38 77 43
53 79 49
51 42 26
64 42 58
26 16 2
2 39 77
35 74 30
62 77 69
72 14 74
80 41 78
25 39 75
37 61 79
75 65 24
30 9 50
21 37 77
70 32 26
17 66 22
68 66 29
49 8 27
33 73 1
47 11 52
39 54 31
69 45 41
64 71 3
66 31 29
72 43 57
1 2 56
32 19 58
35 48 77
13 76 13
57 43 47
9 41 61
69 73 62
21 17 76
12 13 6
58 23 27
20 12 2
21 14 34
79 42 2
18 62 61
37 41 58
74 46 33
50 44 45
35 46 36
34 25 61
3 34 55
13 44 67
3 69 2
42 34 41
54 9 14
74 49 60
33 29 46
77 70 35
37 34 69
25 16 19
47 70 11
45 58 18
71 32 72
28 59 21
3 29 80
28 24 77
2 12 71
35 5 60
59 10 30
12 35 34
69 58 18
50 73 48
29 70 50
25 76 64
69 65 2
69 38 73
4 23 27
46 49 20
78 48 65
20 72 44
64 17 70
70 13 57
77 71 63
36 24 73
68 23 57
12 28 22
67 13 69
21 20 44
50 64 66
18 16 80
44 4 64
69 56 15
27 52 35
15 38 17
11 59 47
63 3 27
32 19 74
46 46 61
24 75 7
58 26 61
20 42 72
57 48 34
36 12 63
57 36 22
54 2 25
52 35 32
16 41 50
48 34 43
22 18 73
8 64 38
13 4 71
58 67 62
55 10 9
69 2 53
42 52 69
45 69 25
63 20 8
14 9 69
1 67 12
80 25 69
41 57 59
25 80 76
60 75 61
60 65 27
72 72 53
28 58 20
41 80 66
8 70 8
11 53 10
66 35 35
39 56 56
3 40 34
16 70 71
13 67 13
61 12 49
45 40 9
52 10 43
76 31 29
64 67 59
32 57 42
66 78 42
8 1 6
40 45 72
45 13 61
71 15 1
53 11 63
59 16 72
59 68 74
64 2 58
50 62 19
50 67 35
79 72 28
9 44 67
37 75 60
43 55 1
78 69 60
22 17 41
43 73 14
70 53 5
59 63 65
10 22 16
11 41 57
37 5 42
77 2 57
11 50 1
42 51 79
50 73 55
62 1 43
47 40 35
76 4 50
58 74 61
10 80 44
23 8 69
62 46 6
28 68 8
29 65 40
5 39 18
59 58 47
22 21 36
49 38 70
57 32 61
9 14 59
69 18 75
78 4 69
48 78 22
52 29 50
36 50 77
28 60 25
3 3 24
27 21 63
31 9 43
30 48 80
49 78 36
57 71 3
22 38 51
30 72 53
5 50 40
70 57 40
9 12 13
36 51 73
61 76 74
26 55 79
40 68 59
12 80 78
17 52 6
78 42 50
24 11 59
19 1 62
58 42 41
27 75 29
63 78 72
24 69 39
60 3 64
39 3 22
31 80 53
68 79 77
34 42 21
21 41 21
64 45 61
69 60 15
33 9 22
65 33 63
64 80 35
11 58 57
29 28 30
45 68 66
1 52 46
71 46 27
12 25 77
76 42 27
25 52 21
27 66 18
79 50 9
12 45 15
18 41 32
14 37 16
41 75 23
44 69 1
8 17 79
61 8 54
42 5 3
75 15 71
17 74 53
70 76 52
32 20 50
78 7 64
23 17 16
37 42 70
65 1 7
45 4 31
18 79 60
65 44 12
60 42 40
64 79 35
68 74 48
74 72 24
67 22 48
37 26 17
68 13 77
53 2 12
36 2 74
30 41 30
45 18 62
55 26 23
74 11 42
1 50 33
38 59 60
1 27 3
1 62 42
21 30 23
33 57 64
14 11 36
20 4 5
48 62 57
1 18 30
37 63 40
10 36 12
44 31 22
28 75 36
27 26 42
59 63 57
59 39 41
2 11 72
47 22 15
45 26 7
12 41 43
47 8 17
29 49 1
55 10 70
67 11 16
61 32 80
32 52 6
40 28 22
45 13 34
56 12 69
10 50 71
33 13 68
40 30 19
33 74 6
53 71 51
42 34 13
19 78 67
9 44 68
10 25 80
8 62 72
26 41 44
75 53 44
32 65 80
4 74 48
63 45 80
18 34 7
12 68 27
79 21 11
31 45 35
61 30 24
36 28 52
18 33 57
40 13 62
13 21 23
7 31 62
13 48 77
19 60 32
21 76 35
60 70 23
16 45 54
68 75 5
6 62 27
21 26 39
79 75 79
53 10 12
69 17 17
43 6 48
69 10 20
9 39 7
2 37 79
53 20 68
47 80 43
63 76 60
24 54 7
48 11 34
52 68 33
12 53 20
28 7 35
60 34 80
37 7 15
39 45 38
32 69 61
55 30 43
62 57 19
70 30 16
55 26 41
4 4 22
62 57 19
7 56 33
46 74 72
75 33 31
63 14 38
28 58 27
71 31 24
12 53 7
2 16 47
69 11 16
49 55 26
2 3 40
51 13 32
55 21 8
3 20 18
75 44 25
21 7 2
16 13 36
59 79 41
53 64 27
43 49 27
67 10 53
70 22 5
35 24 51
56 66 40
47 51 45
56 78 72
72 10 78
55 62 62
52 44 24
25 27 28
2 63 50
72 33 31
28 36 10
41 33 41
61 74 21
18 68 4
2 75 12
42 26 65
19 16 68
49 67 46
6 22 67
22 13 33
22 55 52
53 41 21
21 27 9
29 49 66
80 41 6
3 19 9
74 1 62
73 70 14
59 39 13
32 56 79
40 77 80
76 63 10
44 22 32
59 66 39
14 24 67
70 25 9
59 17 31
1 77 39
1 43 58
75 57 68
67 10 13
71 35 74
34 6 30
76 48 73
51 18 44
30 66 42
17 62 3
41 13 36
20 17 34
39 68 70
15 40 61
11 64 37
55 18 51
23 76 42
22 53 14
45 47 45
8 46 12
62 51 70
60 32 7
20 4 42
80 72 51
60 46 33
55 62 26
77 69 47
65 73 78
73 16 33
18 19 30
24 77 72
41 9 6
22 49 36
26 10 75
15 32 6
5 60 72
14 30 46
50 12 28
47 57 27
76 71 54
34 63 32
24 63 48
30 25 58
39 50 33
64 19 56
33 55 22
34 28 50
58 26 48
6 63 45
80 20 32
28 46 78
47 73 38
16 14 63
27 73 37
3 56 1
43 35 2
63 57 44
44 72 12
10 30 30
48 7 41
4 70 40
43 25 1
78 45 7
1 60 20
15 52 27
12 22 19
61 59 11
18 50 65
72 39 55
77 43 10
23 25 43
19 80 24
49 69 8
56 59 75
69 68 1
55 1 6
19 28 8
62 18 56
59 70 79
49 23 49
78 14 6
80 52 16
36 8 68
34 46 16
24 10 56
61 30 64
75 50 47
16 24 44
18 47 46
77 37 30
20 72 22
52 51 10
56 65 78
35 56 33
12 54 21
9 34 36
17 49 45
39 31 36
46 14 74
5 58 26
24 44 4
30 50 14
2 38 3
3 23 50
71 44 15
6 10 14
26 44 32
56 80 36
25 19 80
68 28 42
49 27 4
9 75 36
61 3 70
17 3 78
52 28 1
58 35 55
52 34 57
58 23 76
17 18 33
42 36 77
77 79 66
16 35 36
2 4 38
57 60 19
36 77 75
9 58 70
46 44 70
7 29 40
43 66 75
30 40 69
38 1 68
29 58 62
5 42 34
33 57 70
28 4 34
5 77 12
48 80 8
1 35 24
80 2 48
11 15 40
23 80 24
46 69 3
27 32 37
7 22 25
59 3 28
17 1 75
30 80 53
56 59 68
38 14 74
78 5 28
75 3 33
6 3 19
62 43 9
39 44 19
17 55 10
67 64 58
54 76 9
34 8 77
23 22 6
80 78 25
18 69 53
40 12 5
40 13 52
9 70 22
71 59 56
45 64 8
30 55 17
40 41 18
34 73 11
78 40 51
71 27 18
46 64 70
19 41 67
26 16 45
18 30 1
24 47 37
31 70 48
8 51 53
35 60 53
23 26 52
32 52 12
58 55 6
55 65 60
48 79 51
58 38 32
70 18 31
49 10 4
78 55 17
39 50 32
61 69 50
42 35 10
31 79 50
62 40 73
59 57 16
8 24 68
64 67 53
44 23 46
44 29 66
73 47 32
65 67 79
65 57 78
5 17 38
6 22 65
22 44 5
4 23 39
52 67 47
11 13 66
36 71 33
51 37 64
7 19 20
77 27 80
67 14 10
20 59 52
25 52 48
60 77 79
55 80 19
74 71 2
43 26 67
73 18 32
48 16 65
2 7 70
60 13 1
21 75 13
19 9 63
7 33 6
6 34 37
75 53 40
8 25 46
73 69 40
60 33 65
42 76 13
58 30 27
58 48 27
74 44 49
4 7 8
22 76 45
10 33 78
28 50 4
76 20 69
14 36 42
43 40 4
52 69 29
12 60 35
69 74 20
58 48 66
10 30 14
70 38 8
45 27 40
28 9 79
48 22 61
40 51 67
58 9 31
23 45 57
26 23 60
43 37 32
12 37 78
11 3 31
23 26 33
1 79 79
64 41 5
45 20 32
8 15 4
1 60 73
9 17 35
39 43 1
35 49 66
54 10 71
53 71 21
49 77 36
42 53 65
6 17 67
42 52 67
50 66 27
36 66 33
21 64 73
76 40 7
71 75 57
48 6 13
43 64 6
20 7 43
74 20 77
80 54 16
12 2 30
13 48 29
75 64 76
29 41 12
42 78 59
8 74 15
34 31 35
35 24 67
38 63 21
9 24 17
47 46 37
49 48 50
47 21 64
78 69 62
72 38 76
67 11 18
16 11 70
27 19 53
74 49 6
23 26 34
17 62 70
67 29 6
68 11 41
3 8 28
64 29 50
50 22 68
44 64 36
26 59 26
60 71 70
40 67 28
72 63 55
5 55 70
16 3 78
55 1 33
53 2 56
39 59 66
34 9 3
51 38 48
46 80 54
57 70 38
71 24 61
49 56 72
35 33 39
2 49 61
78 59 66
53 78 24
54 9 65
72 47 44
45 66 77
24 32 8
60 61 49
5 30 63
39 3 70
77 49 11
42 16 17
4 5 65
70 39 51
65 60 66
76 3 50
49 6 46
18 74 38
4 44 40
72 70 78
44 42 48
43 3 80
23 27 26
2 17 20
73 4 55
70 8 14
58 68 10
4 80 20
10 30 51
13 71 12
27 50 6
35 14 35
47 7 14
63 17 69
49 64 19
30 22 2
43 27 67
28 55 21
22 2 2
21 56 50
62 13 12
62 57 31
28 65 33
57 32 58
35 41 29
62 2 53
22 56 78
59 78 42
32 76 2
54 67 54
68 33 60
1 30 12
15 6 38
12 68 53
23 67 77
35 35 54
19 54 30
76 19 10
37 28 2
9 42 6
2 65 69
9 22 35
9 65 37
55 37 74
59 68 9
80 9 40
36 38 19
53 17 40
13 4 75
2 58 52
29 24 37
37 20 52
65 30 76
55 45 38
37 14 2
48 65 44
47 26 73
67 64 31
34 40 26
73 40 62
46 45 55
24 43 57
46 32 49
27 45 8
58 57 23
19 71 48
14 23 41
61 53 32
25 24 45
21 7 13
72 70 38
8 61 10
59 44 19
18 43 79
20 13 65
45 1 55
30 4 41
18 65 44
52 19 16
5 33 19
46 7 31
75 3 58
43 12 64
5 20 24
54 17 38
74 38 46
22 5 61
75 41 7
43 15 65
79 60 39
73 12 63
73 39 2
80 37 14
15 9 75
27 57 71
26 29 2
23 36 6
34 13 15
74 79 53
31 65 38
24 9 65
78 58 79
25 26 70
7 42 38
4 58 61
29 44 15
45 75 20
25 36 8
37 31 2
6 23 72
34 40 21
71 28 9
56 28 28
30 34 20
52 68 14
8 28 28
3 52 29
11 60 34
8 43 70
38 59 43
44 43 46
69 47 80
8 46 5
4 76 10
9 67 77
39 26 70
16 37 80
63 42 37
51 35 73
13 78 33
33 79 33
28 6 42
15 28 80
18 37 42
40 54 29
69 62 64
63 48 57
31 51 22
24 44 27
2 47 53
59 14 75
69 35 47
22 53 80
11 57 75
12 13 16
65 49 58
48 7 67
58 68 50
26 35 63
29 42 78
46 12 76
7 48 49
80 68 13
23 52 19
2 58 15
25 2 72
45 47 71
1 64 28
60 59 73
45 28 70
3 76 69
78 56 53
12 34 6
2 66 27
47 36 9
18 76 26
20 16 19
69 5 64
34 50 29
36 75 50
22 41 34
19 16 80
2 28 36
51 23 22
13 65 30
40 32 12
16 14 36
54 47 76
18 6 14
30 63 22
17 80 15
76 12 24
27 22 45
58 38 76
3 72 47
36 35 30
76 29 49
18 27 33
11 55 33
27 17 2
52 40 14
47 67 76
10 70 56
53 45 35
73 35 64
11 59 24
10 43 25
72 63 64
14 43 43
5 13 13
26 22 52
66 71 16
64 5 44
11 17 6
29 52 2
21 54 76
42 2 14
9 53 9
78 55 28
56 24 76
76 50 25
36 45 44
49 49 34
32 38 62
48 28 30
68 6 60
27 79 76
22 62 52
41 45 39
54 4 32
30 33 29
66 72 70
41 23 32
46 78 63
77 13 3
41 14 20
10 27 19
6 32 21
79 48 69
77 70 44
6 2 61
8 5 67
6 3 62
59 67 56
46 4 27
45 61 18
11 76 18
16 12 40
78 71 57
44 23 25
66 31 46
27 68 34
19 80 77
71 15 74
61 43 38
19 40 33
24 50 73
51 71 56
63 10 4
47 37 25
15 56 28
40 14 76
56 77 43
31 29 72
44 19 15
22 63 8
30 39 51
8 12 9
30 62 40
39 32 34
67 6 18
50 77 2
54 53 7
72 43 77
1 56 16
19 15 47
50 40 35
1 48 45
22 52 55
12 17 39
34 42 78
25 43 8
62 60 11
59 67 29
79 71 5
24 3 6
48 32 57
69 37 38
76 49 79
79 2 19
59 67 5
2 49 20
2 16 30
23 51 70
54 64 79
14 43 42
36 10 5
13 43 54
63 25 21
73 21 22
48 26 36
10 10 71
20 17 62
16 53 71
16 62 39
35 56 63
66 43 28
39 56 54
36 1 57
41 77 9
56 77 55
29 11 1
9 30 15
36 63 25
70 14 63
54 6 6
77 62 80
59 15 20
71 71 52
3 33 68
67 50 38
27 66 76
7 40 67
51 24 71
54 64 49
48 13 51
50 17 67
67 66 42
46 11 49
27 70 8
74 53 51
28 49 71
30 66 51
80 80 62
37 11 70
69 58 20
35 10 55
59 34 4
65 32 51
39 46 5
30 17 70
11 32 52
73 55 11
75 22 78
30 80 19
30 51 18
35 60 47
54 7 57
8 55 49
14 58 65
40 24 14
15 29 7
70 73 68
2 45 5
68 4 78
67 27 53
2 17 45
21 14 47
37 1 11
28 71 55
30 53 19
10 2 70
41 6 21
11 71 61
7 63 5
10 19 21
65 18 33
11 19 18
69 45 42
49 50 62
63 72 32
67 26 31
42 75 62
36 67 33
45 28 63
57 36 8
39 32 3
28 35 61
22 56 50
47 53 18
48 57 20
29 33 30
54 2 77
4 64 22
47 7 45
52 62 30
74 63 57
21 63 72
75 26 29
29 42 25
45 71 17
69 62 47
25 35 53
60 34 42
31 41 17
47 49 21
48 28 8
35 28 38
33 72 78
34 27 42
32 80 30
22 21 2
22 32 73
47 3 25
72 56 8
49 59 56
57 38 4
20 49 35
20 19 42
78 69 74
75 5 2
29 15 19
78 56 60
19 7 78
55 79 29
65 68 39
74 67 63
43 75 79
71 17 17
10 23 19
50 14 48
74 68 63
10 2 52
7 17 8
5 35 30
46 16 25
32 34 41
9 74 24
14 7 9
1 16 80
38 56 67
8 70 74
68 58 62
9 48 23
20 41 43
70 17 57
32 18 35
31 59 8
17 20 37
11 5 1
62 48 53
11 72 11
3 26 78
26 66 58
12 67 9
18 65 1
75 72 78
39 57 35
30 26 31
14 37 52
16 80 32
20 18 30
15 19 11
66 19 22
75 12 27
18 40 72
71 46 55
37 13 76
44 51 55
41 2 55
27 42 19
13 27 69
35 61 37
65 42 23
52 28 28
39 22 17
28 77 6
38 76 61
79 50 56
42 49 49
2 14 29
17 43 65
21 34 69
33 37 54
73 23 76
48 57 8
27 18 29
39 44 70
4 71 9
62 70 48
29 64 77
22 18 78
23 51 59
30 49 65
63 2 65
43 54 79
62 37 74
50 30 43
18 8 29
23 22 27
32 52 77
2 54 58
78 24 37
2 26 17
26 2 17
28 55 75
11 20 40
21 8 54
14 6 43
12 62 62
72 60 33
9 40 23
4 16 18
6 44 47
37 32 41
37 31 59
80 58 40
41 6 25
67 42 20
20 18 37
78 79 21
60 57 59
29 15 70
21 65 18
19 37 43
38 7 46
1 58 14
38 57 43
43 59 42
40 78 13
25 72 20
41 35 67
3 47 76
74 75 61
2 74 40
3 6 55
49 22 39
67 74 13
65 11 12
46 56 25
39 58 61
67 1 46
21 10 20
15 7 66
45 67 53
78 55 29
3 20 21
4 80 73
60 8 11
62 66 74
57 16 67
27 58 72
59 49 77
4 1 69
23 22 7
48 63 9
15 21 30
29 38 16
78 7 23
34 49 66
77 45 2
73 10 30
19 64 49
78 27 56
56 49 41
10 32 38
5 37 75
13 76 1
33 45 3
38 33 79
38 8 14
9 68 20
59 13 42
72 54 25
71 27 70
35 26 39
70 42 56
78 10 72
25 36 41
57 79 6
35 69 33
24 18 65
46 31 76
27 47 64
64 39 33
54 42 34
44 54 15
70 40 18
51 35 46
39 78 16
52 11 44
30 26 50
37 2 28
21 36 18
2 5 48
9 15 43
78 80 3
60 19 66
57 33 23
53 77 77
35 58 23
66 57 60
16 78 20
11 54 47
48 54 42
17 56 10
46 17 63
53 40 27
58 11 60
77 75 49
63 70 51
31 26 55
8 27 36
51 69 69
3 76 9
36 73 46
74 46 16
32 16 54
71 53 60
71 64 12
27 59 74
19 41 34
64 52 6
20 57 45
68 10 55
6 12 70
59 21 68
65 51 62
26 53 33
78 21 18
54 73 74
46 32 56
30 30 68
57 46 14
8 59 73
70 4 63
74 16 31
12 37 17
3 14 37
75 28 80
61 48 47
30 41 11
32 34 2
46 70 34
72 70 46
23 44 60
64 31 11
6 43 8
17 21 41
20 24 77
2 6 16
41 68 6
38 71 74
74 13 77
60 39 27
16 54 39
41 51 8
30 10 6
45 73 29
19 16 46
10 15 21
71 31 22
50 59 30
5 32 80
47 41 69
67 20 75
9 71 47
51 10 4
68 59 5
63 56 37
41 14 63
43 9 47
68 21 49
53 54 65
42 36 10
34 47 48
73 40 25
26 53 2
55 9 47
70 1 43
23 63 40
19 24 2
12 16 25
21 67 80
63 44 13
71 52 51
31 42 58
6 67 18
11 15 48
45 8 48
59 33 56
74 37 16
28 74 46
72 54 39
55 62 64
14 14 3
13 6 46
39 37 23
49 56 72
3 11 20
39 36 66
20 2 67
6 9 53
41 68 3
21 44 66
9 48 32
57 74 21
14 50 46
44 56 45
30 23 49
8 7 52
43 35 16
29 73 61
67 2 6
50 59 72
36 69 28
49 75 37
73 11 58
12 12 15
53 34 61
70 74 77
19 62 57
24 3 36
69 41 43
10 76 16
16 31 65
74 64 62
50 59 54
55 38 46
76 26 70
23 44 9
16 34 78
17 14 50
36 55 71
41 55 65
61 1 10
10 49 13
19 48 8
17 5 72
5 8 21
75 59 11
65 65 73
58 44 43
3 74 72
48 77 70
66 4 8
67 45 48
2 27 14
75 61 13
54 31 36
10 25 11
1 52 12
46 64 67
67 2 6
33 19 50
30 69 24
4 58 20
42 30 69
69 55 77
80 56 57
48 77 31
29 1 9
30 69 57
14 72 20
64 26 17
13 76 50
63 39 9
51 17 47
68 18 56
62 49 79
31 74 48
18 75 64
20 77 14
44 28 10
53 34 34
70 57 60
49 2 56
80 63 56
77 41 3
3 39 64
22 14 23
8 75 32
29 58 49
74 11 54
32 20 36
57 44 80
33 31 73
74 62 30
73 34 80
17 34 12
14 68 51
9 37 4
23 34 67
3 36 55
43 14 61
65 76 7
2 30 3
74 36 77
54 75 53
56 45 1
21 1 1
30 80 14
11 37 8
52 60 37
51 12 60
63 45 63
24 51 22
74 16 12
61 6 46
47 51 76
52 61 19
6 55 70
79 65 8
51 59 48
46 35 69
51 12 9
59 36 38
65 63 4
64 51 8
6 60 20
10 75 8
68 57 74
69 16 69
58 59 3
34 26 29
30 27 54
18 65 37
51 15 11
62 9 65
33 51 76
18 72 57
71 51 12
46 23 12
35 11 49
19 42 69
7 43 60
33 19 78
10 1 8
12 21 49
15 55 38
75 9 60
11 2 9
54 34 54
31 79 4
54 73 6
6 59 77
12 13 60
16 41 74
59 26 56
72 49 62
23 34 40
68 60 48
54 21 57
67 27 42
38 11 62
47 52 8
75 37 58
32 10 30
5 14 49
36 61 76
6 30 59
40 23 3
33 67 67
63 74 23
33 61 50
53 11 59
7 64 38
22 13 18
79 77 39
61 75 26
48 33 70
38 68 54
28 68 49
6 15 35
68 63 40
71 15 46
21 28 53
6 58 80
16 26 28
38 57 45
25 55 73
41 66 39
28 33 69
10 29 31
35 80 67
71 1 75
68 40 7
9 74 76
30 76 42
2 33 71
40 2 13
56 28 78
50 67 67
54 21 67
11 41 64
26 14 24
77 26 6
15 52 43
5 70 5
52 74 74
56 1 4
4 39 50
42 62 10
33 26 66
14 77 13
71 80 42
38 75 63
9 28 11
52 18 17
7 8 20
9 35 59
58 70 36
8 27 56
32 27 18
78 26 22
74 45 64
58 68 35
41 64 78
48 70 40
47 38 32
40 58 68
48 55 28
33 48 50
23 39 11
22 5 23
39 25 30
36 59 27
30 37 79
24 11 24
70 37 69
23 67 25
15 74 80
22 65 34
4 7 63
62 16 34
34 11 17
62 78 71
1 36 72
67 1 52
44 42 2
26 44 35
18 38 65
44 63 36
49 37 60
78 32 12
38 66 43
36 1 1
62 17 40
23 23 59
1 44 34
16 74 39
11 27 50
54 77 8
3 71 33
45 12 75
14 80 25
1 40 28
76 35 44
59 32 62
12 30 6
1 55 33
77 36 28
42 49 3
51 7 10
67 56 77
80 22 37
28 59 69
49 17 53
72 16 80
54 9 18
42 67 49
31 1 44
39 75 52
30 17 17
2 30 15
36 14 35
35 71 20
72 52 33
49 10 54
50 61 46
72 58 47
58 10 78
50 13 4
68 9 61
55 28 7
72 36 17
71 41 12
5 19 72
52 60 20
47 61 6
78 65 61
48 41 28
3 24 34
18 10 50
45 18 70
71 25 23
74 1 3
63 30 75
76 17 35
73 52 26
79 8 77
80 49 12
75 28 31
21 65 76
60 3 21
5 23 21
3 47 58
1 26 73
14 65 23
67 59 1
29 70 65
2 57 34
51 52 41
58 50 63
15 24 21
4 66 43
54 11 59
49 8 54
6 18 29
58 22 66
30 27 59
13 24 77
71 2 51
36 40 5
13 45 69
10 15 47
20 16 13
17 21 43
56 50 53
44 57 69
50 8 80
73 19 36
71 34 24
44 2 71
29 37 76
62 19 51
80 41 28
12 80 75
69 15 40
4 58 57
20 51 29
57 35 55
22 53 26
56 36 12
25 5 60
25 65 74
29 74 8
19 79 41
68 21 34
46 77 6
79 10 24
53 11 68
68 22 30
57 41 5
44 69 41
75 4 21
79 68 21
74 54 71
77 59 53
59 68 64
22 29 65
36 30 10
55 67 53
42 2 14
79 55 10
76 60 29
3 53 16
62 60 38
23 71 3
6 51 74
19 43 49
40 74 21
29 55 47
79 68 40
60 43 16
74 70 69
2 27 75
23 16 76
40 39 30
24 59 3
30 12 56
50 16 38
53 39 31
79 36 49
60 39 60
65 40 32
15 70 29
21 28 61
1 64 23
67 15 46
58 12 19
17 57 28
70 63 53
59 24 70
45 76 70
59 48 26
24 15 63
21 6 47
53 17 39
72 59 69
75 25 40
1 48 24
13 40 3
5 18 21
69 30 64
64 39 23
67 11 60
73 77 7
64 16 21
7 57 42
56 63 39
10 7 73
48 5 58
21 14 25
38 8 3
54 66 69
53 24 23
49 9 52
46 38 49
57 58 61
5 14 67
71 46 2
47 34 8
26 76 60
1 58 7
73 35 52
8 24 29
68 36 76
40 67 70
48 56 45
33 64 56
37 27 30
79 10 48
70 28 63
49 68 4
72 7 79
53 12 10
43 7 23
70 52 19
51 61 64
5 14 11
71 40 48
31 35 9
58 33 52
7 26 41
30 80 70
28 30 5
75 76 77
16 61 44
37 6 8
16 11 54
5 61 53
46 61 26
54 13 14
18 30 34
20 18 25
5 14 3
62 6 63
13 76 48
54 45 52
13 56 2
40 80 2
71 46 76
60 7 74
64 37 59
11 57 42
40 55 44
28 21 21
17 8 11
31 13 60
59 45 31
65 4 67
34 48 80
64 21 55
47 16 56
24 37 54
66 72 62
15 20 6
57 33 49
30 33 23
18 67 80
29 20 37
76 32 62
61 54 35
38 16 1
80 66 64
48 51 65
48 35 36
76 11 21
11 46 70
10 9 8
31 43 78
58 17 2
3 8 64
66 53 29
46 12 62
11 13 35
34 52 55
35 61 64
74 17 21
67 65 26
75 44 36
47 41 70
57 52 47
12 47 74
37 1 71
79 17 76
33 73 80
47 45 48
53 23 23
3 68 17
51 52 20
11 70 5
51 59 4
11 75 1
48 19 57
64 23 53
36 8 75
72 22 38
65 20 34
22 70 38
72 43 75
32 69 21
60 1 24
65 11 43
40 55 26
4 53 40
2 41 38
53 25 77
41 62 6
78 2 30
77 39 50
53 66 9
27 18 32
16 52 75
71 5 8
6 30 39
21 14 4
57 69 66
59 18 11
64 80 50
15 57 54
76 37 38
8 60 77
49 43 41
55 21 26
40 40 60
14 56 79
14 69 40
74 11 29
27 56 51
5 48 69
78 72 63
10 22 10
33 67 65
65 7 77
20 53 20
56 74 14
14 48 72
66 45 68
18 50 68
48 2 59
12 30 34
8 30 65
56 47 23
45 12 66
56 80 54
70 46 28
37 17 15
61 2 30
76 76 63
11 27 26
61 41 13
30 33 66
30 40 36
8 29 16
80 80 42
5 60 52
27 50 63
69 9 67
62 45 42
33 27 40
72 35 12
63 26 18
25 21 31
50 35 42
18 45 27
2 25 58
54 59 36
21 2 35
3 25 64
57 1 66
11 25 12
72 79 53
8 32 48
77 59 10
49 1 14
47 19 68
55 31 61
73 51 69
24 27 18
71 21 16
52 5 32
25 4 42
49 13 51
42 76 73
76 64 35
78 16 67
38 16 79
55 30 58
77 50 68
53 69 72
36 7 61
49 52 52
75 52 74
50 74 66
53 15 41
78 6 60
15 18 43
44 70 53
51 41 27
69 22 79
15 58 71
12 54 52
63 15 25
67 26 50
36 35 57
53 76 16
12 38 66
37 73 38
15 76 64
61 19 32
61 18 48
46 48 30
21 55 30
75 49 66
39 65 16
10 22 60
55 2 46
18 17 11
7 51 28
56 71 2
25 9 47
78 76 16
70 67 35
33 80 41
40 80 48
48 59 30
69 45 8
31 10 24
21 14 47
14 76 48
55 35 46
79 27 79
64 21 37
3 23 43
60 69 61
64 26 28
13 51 36
57 79 20
31 26 34
61 14 43
68 7 63
70 3 79
73 11 24
71 34 34
22 28 21
5 69 19
6 10 43
53 54 40
52 45 1
77 51 69
21 4 62
29 27 54
40 58 10
34 74 60
54 57 4
80 3 42
26 8 42
63 39 12
60 60 31
2 42 58
42 5 71
59 77 34
28 48 57
26 51 50
36 47 69
64 77 74
45 77 53
31 62 39
70 35 48
48 12 23
61 30 41
60 67 6
70 33 45
74 45 39
46 55 2
78 54 79
25 42 9
40 71 21
78 16 11
65 16 1
15 40 38
5 31 66
24 49 57
51 45 29
5 48 15
71 50 79
42 75 78
70 69 76
7 22 56
10 51 39
77 54 61
66 13 76
22 1 74
53 42 64
78 62 35
51 71 3
32 56 79
41 29 73
56 65 41
37 24 2
55 49 60
7 47 58
68 36 76
1 59 27
39 52 30
72 73 63
73 65 63
38 5 59
19 35 39
39 39 78
77 55 17
38 3 34
41 55 27
3 23 33
56 8 63
10 50 33
76 69 78
14 50 78
69 13 19
60 16 7
66 9 52
60 32 20
42 66 52
77 59 43
31 3 10
2 26 31
66 76 74
21 56 2
53 10 26
50 76 30
4 28 76
58 75 61
35 51 78
58 30 62
25 59 29
48 42 56
51 14 3
48 48 42
30 35 66
60 7 41
56 31 52
5 26 35
41 45 45
15 64 48
63 32 9
55 65 46
13 60 33
57 15 62
67 19 19
7 80 5
22 2 7
73 69 59
5 44 51
7 66 61
38 56 51
9 46 31
41 42 33
52 78 45
44 62 76
52 30 80
34 7 1
15 48 17
28 53 30
53 16 47
2 64 65
60 46 34
42 54 33
19 1 43
64 62 35
26 1 10
44 22 35
60 55 35
25 9 22
16 40 56
32 40 58
61 8 30
3 54 34
74 21 49
53 52 11
4 54 25
64 36 61
17 44 65
77 40 3
79 30 59
78 47 3
49 29 66
78 37 29
21 80 37
11 60 48
27 57 28
38 32 26
53 19 8
39 60 53
54 74 68
53 27 71
53 71 49
58 8 19
28 40 17
76 47 20
11 15 64
65 52 40
35 50 50
22 75 45
31 62 71
60 58 57
79 34 8
33 26 5
9 30 32
18 39 55
61 20 22
68 34 80
9 60 73
42 43 38
44 18 50
44 39 4
77 24 8
40 8 30
41 62 12
5 11 78
33 18 44
9 77 1
8 32 33
66 36 72
79 9 78
22 75 38
20 52 5
69 13 67
70 2 34
46 77 27
27 63 31
46 10 1
63 19 53
37 12 68
69 39 60
20 53 79
53 80 15
73 55 52
27 66 17
35 6 54
79 34 56
40 79 76
76 10 6
65 21 5
51 49 8
6 50 15
4 37 62
62 34 11
10 57 80
48 52 52
25 66 69
40 71 27
71 70 22
10 50 4
56 73 78
22 41 35
17 65 46
80 35 54
31 35 79
8 74 50
55 77 27
68 51 23
49 36 22
17 24 35
65 60 45
39 36 47
67 19 22
54 52 75
1 79 68
6 61 80
9 50 13
9 59 58
25 78 35
49 25 33
46 54 70
72 29 16
61 9 56
45 15 64
8 24 36
38 53 38
26 39 20
17 72 51
57 29 38
25 18 78
48 2 78
54 66 44
33 66 77
29 67 38
79 51 20
5 54 38
31 23 75
35 26 26
26 29 21
50 72 4
25 61 9
13 3 27
42 62 64
74 31 18
45 36 8
34 60 14
23 77 52
78 44 78
52 16 46
23 62 77
50 37 36
25 19 76
50 70 63
18 33 62
52 16 12
77 47 29
16 73 70
2 11 73
29 1 71
29 64 64
5 49 39
52 14 36
18 73 60
15 13 16
21 13 7
37 74 2
41 80 12
56 78 75
62 25 28
1 57 32
65 80 5
3 1 79
26 17 42
43 54 45
48 7 68
39 7 57
33 11 1
43 36 79
44 27 65
67 2 6
36 50 34
32 73 23
74 1 2
78 35 70
27 54 68
53 22 73
24 2 59
32 78 45
3 2 2
28 2 1
70 43 9
68 13 73
63 16 14
7 27 70
45 52 78
65 50 74
15 61 2
80 10 32
67 13 50
10 30 24
59 53 66
24 18 27
17 39 53
78 14 52
4 44 33
52 69 50
16 48 14
57 20 44
8 78 21
65 55 73
28 67 67
54 30 61
15 77 40
5 50 49
58 70 5
63 26 65
43 45 41
14 33 15
78 25 40
28 13 26
16 7 22
26 22 5
6 73 42
24 12 3
13 19 80
61 21 21
40 52 45
22 2 19
25 36 12
67 49 29
60 66 55
1 16 13
59 10 38
70 63 47
38 79 78
39 5 54
47 12 8
41 17 8
14 22 78
17 75 19
5 13 35
62 49 60
15 11 33
50 42 77
45 60 73
75 30 5
31 32 54
4 27 13
71 59 41
26 32 13
44 27 27
46 8 52
37 10 5
20 54 62
76 79 39
72 68 3
54 26 21
41 12 70
62 22 74
30 22 12
60 3 26
10 6 3
75 24 8
17 28 33
15 29 51
32 72 62
79 9 39
9 76 55
18 75 35
4 62 61
73 32 16
8 80 40
26 17 75
50 58 76
15 35 80
42 21 16
30 63 62
55 40 51
34 39 9
53 80 47
46 21 78
65 55 17
29 41 31
77 34 31
54 58 2
26 49 22
41 45 45
11 30 48
14 58 29
50 4 70
54 38 23
15 76 48
79 25 41
22 60 44
64 37 43
15 65 13
47 72 14
42 41 65
61 26 26
35 46 58
50 65 29
51 43 56
8 37 34
21 76 70
80 16 78
62 68 61
34 44 70
2 71 69
9 78 19
13 22 18
30 69 62
20 58 58
3 20 25
40 44 42
12 72 37
10 2 19
55 10 58
72 68 13
19 79 51
55 30 71
67 1 3
63 12 7
3 9 71
5 40 75
40 33 5
18 28 56
75 20 4
54 29 52
6 3 69
66 7 26
58 5 75
14 23 31
48 67 36
77 65 58
53 27 65
48 55 45
65 67 76
79 22 19
60 33 78
1 34 42
34 30 21
52 69 36
65 39 57
80 57 69
11 40 16
63 53 62
73 5 20
19 67 66
29 19 4
13 70 36
58 40 58
43 72 58
75 44 34
4 28 78
10 27 28
53 68 32
47 56 79
37 64 48
17 10 58
27 32 72
2 17 24
34 75 41
31 28 80
24 74 22
66 51 66
72 8 10
43 21 21
55 41 62
37 52 62
71 27 23
8 7 42
50 8 22
41 7 17
34 29 64
8 33 74
33 8 73
63 76 66
38 44 66
72 7 68
65 4 8
17 35 20
49 51 78
78 16 79
20 72 69
52 21 17
24 65 17
55 54 2
44 80 44
1 21 79
7 6 8
71 19 42
70 48 32
57 60 32
53 34 14
54 18 5
31 29 55
14 10 62
27 25 18
79 18 74
76 4 30
70 56 72
31 63 38
64 25 26
36 41 30
71 28 64
71 39 10
7 31 25
5 63 79
19 71 27
4 37 34
72 66 25
68 5 18
71 4 78
6 70 65
20 80 42
4 48 14
54 31 60
5 58 5
5 14 80
55 31 15
62 30 39
10 2 34
9 25 72
46 23 75
56 80 57
16 4 78
16 40 8
8 49 40
43 30 25
10 27 69
22 54 65
67 64 35
69 59 53
30 29 39
20 66 1
2 5 69
40 38 5
70 18 12
4 4 63
14 24 74
32 55 3
40 13 47
13 35 14
37 62 10
58 27 58
2 15 55
44 29 33
71 78 8
18 38 28
24 36 25
59 43 56
6 32 48
46 21 13
14 13 3
14 14 17
31 71 33
76 22 52
45 37 8
13 19 35
35 4 66
30 2 30
80 11 5
58 45 62
48 14 30
53 40 79
2 53 39
65 43 43
30 28 66
77 14 42
33 39 80
63 75 74
41 58 6
40 65 49
69 56 5
60 3 21
61 75 46
76 42 5
33 63 68
76 7 56
2 40 41
63 64 3
51 14 68
21 80 79
31 34 12
16 58 39
21 31 47
76 6 13
56 36 71
9 47 17
51 27 12
72 61 72
27 71 3
17 78 1
56 57 76
24 72 55
43 30 31
52 57 12
41 53 65
47 53 66
31 1 11
78 63 61
8 3 32
45 80 6
24 11 76
59 33 14
45 59 80
64 36 77
37 19 48
13 18 66
18 48 73
48 37 21
15 39 62
77 33 10
32 10 47
9 26 36
26 54 11
41 34 27
30 54 47
60 25 31
24 27 15
39 32 71
37 77 15
33 55 70
27 71 64
27 12 14
68 69 7
62 53 27
18 25 78
46 70 31
18 77 64
31 60 47
65 29 43
77 55 21
74 9 57
27 72 40
59 72 14
32 79 63
52 60 14
15 70 69
55 65 8
79 22 25
1 1 1
77 26 45
58 76 5
62 18 1
31 73 18
16 9 56
19 35 56
55 13 20
30 77 10
76 30 19
5 59 26
40 32 64
54 30 11
14 67 75
53 66 76
52 22 67
47 75 50
4 53 21
76 43 41
7 45 24
2 2 55
67 50 48
42 30 76
23 67 80
46 60 30
11 19 4
37 15 39
7 2 53
43 68 34
42 53 80
34 16 74
39 26 32
35 19 58
67 27 68
12 67 21
75 71 73
20 12 48
70 79 61
18 20 62
27 56 53
63 8 31
5 15 22
57 52 57
65 14 33
34 65 62
29 66 7
16 39 20
80 17 1
74 70 33
14 76 73
35 46 14
18 29 40
59 53 79
39 55 22
71 34 36
67 8 46
67 27 52
48 13 16
29 40 54
14 49 49
55 38 40
3 12 4
27 52 40
24 80 38
50 53 46
78 63 52
35 69 75
30 34 23
62 18 40
72 17 37
62 69 67
19 36 69
36 69 26
2 27 58
13 66 49
8 46 53
75 55 70
58 21 20
16 8 42
1 56 47
52 14 33
56 43 47
68 60 55
17 26 9
8 58 47
32 51 41
15 48 4
42 1 68
20 58 76
24 5 9
40 14 28
71 20 47
76 5 62
53 5 77
62 5 12
80 56 72
61 68 75
71 20 64
25 75 66
15 21 31
56 33 71
27 12 6
63 29 75
30 37 32
10 64 74
69 53 11
1 65 54
22 22 24
30 28 53
23 21 79
34 71 76
24 57 73
35 67 56
55 76 69
64 61 50
76 26 50
61 18 68
62 42 39
64 53 53
63 54 65
52 57 44
13 73 28
23 26 68
71 9 31
5 3 21
45 42 74
13 67 26
29 56 50
64 50 26
65 4 51
50 35 47
44 23 44
28 65 17
61 65 18
4 45 29
16 69 76
79 26 20
13 10 78
70 58 2
52 25 68
45 54 3
61 10 78
36 27 51
74 58 8
33 74 17
24 11 51
24 42 72
24 25 23
22 79 10
28 5 49
1 37 26
29 26 5
68 31 3
17 52 66
34 64 68
58 16 25
72 57 47
37 80 46
24 30 72
71 49 13
66 11 25
68 41 25
66 11 50
5 20 52
24 71 60
1 19 80
55 57 54
56 59 75
71 51 27
29 21 64
18 45 43
79 49 19
19 73 74
53 43 23
43 63 53
23 20 20
3 15 23
55 43 28
28 14 42
26 63 34
11 8 19
14 39 63
25 31 1
72 24 79
58 57 76
52 79 46
9 36 29
14 60 66
69 11 56
61 63 65
35 23 52
48 24 44
32 19 41
8 44 21
16 32 35
40 18 73
34 38 13
22 77 44
74 41 70
69 70 72
27 49 37
44 17 12
12 72 40
46 49 7
42 73 75
18 34 43
14 47 77
42 41 76
7 49 44
11 68 76
10 18 68
50 33 32
22 47 63
47 7 63
17 44 62
24 62 33
5 4 20
75 51 68
20 61 39
33 63 43
9 74 31
7 23 49
3 14 29
72 75 47
31 31 9
19 4 77
6 69 63
3 59 51
22 60 22
46 63 56
23 57 64
50 76 28
74 25 27
66 24 53
21 40 26
32 6 54
68 15 69
58 77 66
69 35 6
26 7 38
3 29 75
53 15 71
26 4 67
53 75 55
16 80 35
23 16 61
24 34 57
52 67 30
50 50 60
15 63 65
32 23 47
75 15 31
1 1 54
23 10 22
70 75 68
41 37 53
8 52 53
45 22 35
73 39 57
80 24 13
74 5 15
8 58 42
63 33 36
18 68 46
7 18 41
64 5 10
30 60 45
12 3 35
18 74 57
39 67 80
5 64 3
72 40 24
18 70 65
74 78 21
19 45 12
7 39 45
68 55 80
13 68 61
27 67 12
46 50 36
51 80 61
18 76 44
11 74 42
76 20 58
26 45 31
46 36 72
55 33 11
25 21 53
6 73 52
18 31 40
58 28 34
20 20 33
69 20 76
23 58 11
16 58 40
42 3 19
70 17 76
47 65 47
26 34 53
28 31 15
29 52 19
16 32 48
43 64 73
62 64 73
67 58 38
36 67 77
67 22 50
46 41 17
45 44 18
47 6 50
51 8 66
62 13 19
39 11 72
40 8 48
50 21 26
34 14 16
72 61 80
12 63 44
79 66 32
27 71 6
59 46 70
79 14 22
35 33 4
44 74 72
48 59 36
63 23 6
58 5 4
34 19 80
37 45 24
76 33 19
78 34 31
77 32 62
69 10 32
77 48 76
71 77 39
53 77 18
24 74 64
59 19 72
26 48 10
25 28 33
77 72 73
6 14 34
45 16 65
61 58 5
32 71 4
72 13 52
12 50 64
11 40 45
20 19 64
38 20 3
55 48 15
19 69 39
59 77 2
76 27 25
23 74 49
64 75 56
34 62 70
18 6 8
50 34 71
51 3 55
51 65 7
80 31 58
78 73 10
38 75 43
52 26 21
71 73 77
22 29 17
77 39 5
74 75 77
25 10 65
31 51 68
76 74 5
45 57 55
14 28 62
73 14 60
68 78 67
61 50 58
62 63 63
75 47 50
79 23 63
33 19 65
75 10 43
64 34 19
68 23 3
25 54 51
38 52 56
58 13 3
48 61 49
36 24 18
7 2 48
30 6 61
76 24 59
37 14 14
29 71 24
73 14 57
69 46 44
60 39 77
74 14 37
15 9 32
10 76 71
36 22 76
62 54 24
65 27 58
39 74 3
41 40 72
59 63 20
35 59 45
48 1 20
38 22 13
79 4 54
59 5 71
18 11 56
75 77 7
78 23 33
28 27 41
49 22 62
55 23 59
49 1 74
64 45 58
27 60 24
39 16 18
71 7 40
65 32 3
67 63 13
31 27 65
2 66 1
25 3 2
50 57 20
5 51 61
17 53 50
32 70 27
50 43 2
10 61 7
78 42 44
52 15 78
75 41 56
37 74 36
15 38 57
37 49 28
17 18 42
55 4 10
20 2 42
58 4 17
66 70 26
65 64 43
40 3 3
36 23 16
45 67 62
42 70 71
42 76 48
22 9 9
39 80 35
29 50 18
5 57 8
79 32 45
5 77 78
12 46 77
49 51 75
48 69 52
74 24 10
6 71 38
8 50 76
13 65 21
58 17 62
1 48 63
7 79 80
56 80 25
47 76 45
9 28 33
34 21 68
24 76 76
20 63 57
14 38 23
16 34 57
63 10 50
44 60 33
56 34 68
80 38 12
65 77 77
48 5 6
46 80 37
27 44 27
40 52 15
43 78 18
50 8 22
22 77 33
47 78 8
69 14 49
76 27 38
15 67 32
49 53 74
13 21 21
54 45 41
10 58 75
14 50 18
55 65 61
29 65 48
36 51 10
80 37 43
18 71 32
4 77 5
59 75 37
20 62 33
78 37 22
17 72 29
57 31 39
60 50 35
72 37 53
41 59 6
27 71 76
37 4 35
79 44 79
78 75 31
13 65 37
71 52 27
15 50 57
76 67 4
61 2 12
59 31 20
26 18 8
58 57 25
14 35 58
69 48 27
60 76 44
19 18 80
45 32 26
56 4 76
21 53 42
39 22 22
77 31 16
7 1 62
29 35 72
49 17 33
9 11 27
36 9 14
28 9 41
51 53 15
58 70 71
8 58 36
44 9 5
72 78 41
11 38 50
54 53 18
41 20 9
58 70 9
55 63 51
39 30 2
18 67 18
45 54 25
7 17 71
28 59 57
49 63 49
2 79 29
24 5 13
49 78 76
18 65 5
76 2 71
48 30 35
21 68 7
79 7 57
30 27 64
79 75 12
68 69 34
7 72 16
22 23 62
25 42 1
40 26 3
14 16 69
69 60 70
75 41 78
32 9 48
11 67 24
7 12 62
76 26 80
39 73 5
21 50 38
13 24 30
17 8 34
1 38 16
14 16 17
25 61 13
34 34 27
44 69 42
77 32 64
5 15 45
47 72 5
76 67 44
36 14 74
35 35 75
40 50 32
30 50 36
45 78 26
67 69 43
29 54 79
23 40 7
24 50 36
53 3 42
54 25 55
45 57 8
78 21 32
23 80 33
59 39 35
8 27 70
13 13 68
30 22 72
35 38 56
55 29 15
16 77 61
6 41 41
70 1 29
6 25 3
19 8 14
34 65 59
1 19 43
66 65 5
75 56 23
78 69 68
22 58 56
72 62 17
28 33 63
26 46 21
12 59 5
31 7 62
59 28 3
67 33 31
4 1 33
40 26 38
8 34 63
35 30 45
73 65 66
80 63 47
2 74 24
44 63 21
10 73 62
72 72 30
56 49 59
52 49 48
47 30 27
58 44 20
52 51 77
75 39 71
12 44 2
36 43 32
49 40 7
24 78 63
70 40 67
52 32 16
12 46 67
15 3 59
67 27 15
6 29 55
43 41 53
17 76 35
1 35 4
41 17 4
40 21 9
18 40 60
60 5 70
43 59 68
3 76 73
50 63 40
79 68 1
15 65 11
38 39 80
74 2 22
66 16 66
19 35 30
70 15 43
76 40 18
8 39 17
26 75 26
62 45 48
59 60 61
51 42 63
74 58 28
41 67 73
23 1 4
30 14 72
11 13 49
73 9 29
76 59 26
6 15 71
31 51 16
40 60 2
33 60 65
59 11 43
46 12 76
8 71 58
78 36 48
20 19 69
39 60 55
38 52 3
18 23 66
57 45 59
30 9 37
15 52 15
50 8 50
9 10 13
13 13 61
37 3 72
5 20 66
64 60 26
11 43 64
36 68 1
36 57 1
53 29 54
43 23 23
31 65 47
75 80 66
28 37 76
44 51 78
30 40 57
14 8 59
50 12 22
22 29 18
28 73 70
49 2 32
71 55 48
5 31 80
27 57 9
25 51 1
29 55 1
30 79 67
53 56 49
75 78 19
32 33 71
24 75 66
56 13 55
24 8 31
17 78 69
31 49 4
78 8 49
23 22 74
44 40 68
79 33 39
43 31 1
74 20 31
40 74 69
76 20 37
5 70 41
36 42 43
29 69 22
48 68 37
25 28 47
29 69 12
69 28 20
60 53 17
37 3 47
42 26 42
7 6 26
68 17 18
3 35 57
26 31 55
5 64 67
20 41 19
8 68 53
66 3 73
8 35 53
16 65 1
25 2 71
25 47 4
72 67 6
70 58 1
40 52 61
18 80 23
18 37 52
67 53 43
68 78 76
13 43 54
53 1 47
8 29 39
29 33 47
6 46 79
2 64 66
17 34 6
68 65 53
14 22 27
57 31 8
8 32 15
46 10 25
15 4 20
29 11 54
37 16 61
62 27 78
75 10 5
46 37 79
59 42 32
63 15 66
70 20 32
16 37 18
71 60 48
46 36 60
12 49 21
64 53 41
65 40 49
24 62 18
64 3 17
47 31 52
8 6 21
23 33 26
34 15 57
38 53 48
29 76 62
44 65 37
74 41 1
65 50 22
24 15 32
39 41 63
29 68 4
68 48 36
72 6 72
68 75 21
44 32 56
75 47 57
16 41 10
48 7 43
13 10 31
38 18 45
3 25 8
12 76 33
29 27 70
2 60 23
75 58 17
45 39 21
25 6 69
23 56 77
10 6 32
30 1 32
2 41 4
35 37 59
14 77 30
40 26 74
30 70 5
57 63 54
31 48 54
63 67 53
41 63 10
73 48 47
67 32 78
67 49 71
37 33 20
70 78 76
64 18 42
27 14 26
55 36 57
76 39 65
55 44 52
16 33 49
64 78 78
71 42 14
16 14 59
18 21 34
44 38 43
27 45 74
19 6 23
56 17 4
54 47 22
10 71 74
13 44 8
23 19 54
69 52 44
49 32 56
4 70 78
27 35 13
69 13 11
57 40 9
5 76 17
19 1 28
57 66 68
8 19 60
5 49 52
35 8 28
63 53 41
68 12 62
58 65 45
45 48 70
65 37 21
42 27 66
54 60 38
13 51 46
36 47 73
2 20 10
8 57 6
6 49 76
69 19 60
43 40 48
27 18 28
5 32 19
20 38 2
47 8 19
16 54 43
18 72 65
72 64 35
63 3 64
14 50 68
80 80 15
1 67 65
7 55 64
14 41 26
21 13 39
42 47 73
42 60 37
8 19 70
28 12 20
51 72 50
79 17 28
32 29 32
73 72 34
17 63 22
25 64 63
50 67 72
78 33 8
58 13 70
6 42 28
36 53 72
1 43 44
8 64 37
28 11 22
30 52 55
36 25 4
44 50 13
21 46 41
28 32 29
2 68 18
5 80 1
12 61 78
23 1 76
57 45 42
56 4 67
44 16 47
2 43 60
18 12 16
36 35 30
44 21 54
30 33 28
48 17 48
78 21 72
58 29 79
3 42 42
63 43 12
44 20 18
59 30 65
62 12 47
74 65 5
60 16 70
62 11 56
31 26 3
58 80 10
23 73 80
29 71 29
68 18 20
22 55 20
8 61 1
1 66 21
48 19 79
59 20 54
34 76 31
3 40 78
8 55 48
50 58 12
5 16 28
56 26 47
62 65 68
62 80 6
4 58 68
76 80 62
9 60 4
22 44 25
36 28 15
7 50 33
17 77 36
77 7 59
78 61 11
39 6 5
1 59 61
9 11 69
73 79 59
59 58 1
40 35 24
56 75 59
57 73 56
25 52 12
33 22 11
8 60 9
48 74 55
2 49 15
34 37 3
75 9 43
2 66 73
16 59 25
42 48 22
52 8 45
40 59 75
78 42 33
78 31 37
3 26 57
56 36 27
23 54 46
54 71 1
51 8 71
67 37 21
31 9 18
76 38 6
36 63 21
20 12 9
29 40 76
24 24 80
30 77 68
9 2 68
76 40 17
5 32 16
62 5 77
30 18 70
54 78 25
51 8 42
73 8 49
77 55 71
32 32 44
35 47 60
45 76 23
67 12 36
5 43 12
67 35 14
46 31 77
1 23 29
23 26 72
79 22 17
29 51 3
40 13 18
80 57 22
10 17 49
3 36 16
75 60 52
42 74 72
37 31 11
2 17 78
38 78 7
38 39 27
10 18 54
3 77 23
32 31 73
57 73 72
38 15 2
37 32 40
55 78 3
65 72 9
71 67 29
51 35 55
60 18 53
48 33 39
70 43 6
20 28 38
58 14 24
33 25 12
73 48 77
69 76 14
12 61 4
28 63 32
28 60 60
57 44 66
36 59 61
65 21 45
39 42 15
21 2 57
55 7 11
14 40 23
42 66 25
60 24 23
71 73 65
74 58 49
16 74 73
69 1 18
40 53 7
64 77 72
61 15 46
36 40 73
48 61 30
79 17 25
15 62 22
77 35 35
58 15 42
69 66 2
10 14 73
61 9 13
31 59 60
27 11 28
20 31 35
25 63 29
61 37 67
24 65 72
51 72 27
53 80 54
53 43 32
35 65 42
62 63 45
38 65 9
49 24 22
41 5 56
71 65 37
17 43 63
23 37 19
5 49 41
61 35 32
70 2 45
53 58 39
13 46 40
62 16 54
42 1 8
59 38 68
72 35 19
2 31 60
13 3 53
32 72 68
61 21 67
77 15 34
24 66 31
43 24 76
41 68 34
77 50 24
66 44 34
45 30 41
71 55 6
65 17 44
23 20 53
39 54 22
19 2 6
64 5 60
50 8 28
38 80 8
57 77 38
74 63 11
17 24 26
26 21 32
65 13 21
52 73 28
37 16 71
39 46 40
79 24 31
33 32 15
5 70 19
32 75 71
67 4 40
44 40 79
65 46 62
17 35 53
72 41 31
1 14 20
60 5 36
54 19 56
40 6 37
34 56 10
34 20 28
72 65 19
53 21 70
39 1 64
48 28 56
36 33 56
62 49 57
41 4 46
28 46 40
10 38 41
46 70 22
55 29 37
18 7 75
67 53 6
45 66 38
23 75 5
60 51 63
51 56 65
44 6 71
54 57 6
57 20 19
43 17 52
58 61 68
27 80 42
69 45 77
21 28 50
49 65 49
37 35 46
37 8 2
34 16 74
48 39 32
2 68 61
39 38 15
66 71 67
32 30 19
62 9 4
23 45 4
79 8 25
71 26 63
77 26 36
23 41 47
21 21 16
20 70 10
33 12 2
50 38 64
68 18 54
1 14 61
13 10 53
74 26 44
33 4 3
45 11 33
57 10 70
12 36 17
63 32 49
25 70 75
3 24 58
43 31 76
7 26 15
16 44 11
19 3 67
34 59 79
39 49 56
66 33 61
50 4 12
33 75 18
50 73 26
71 45 26
3 29 14
17 69 69
47 6 27
35 51 75
8 57 76
10 53 27
75 51 79
69 19 26
34 36 50
47 40 55
31 29 32
36 30 70
59 25 34
22 78 34
61 44 53
36 43 6
16 68 62
24 55 69
66 25 20
27 61 23
29 66 48
48 67 38
16 19 4
60 77 14
29 17 37
14 5 66
61 42 1
79 4 76
11 78 65
58 53 58
47 19 68
50 19 3
33 14 80
73 54 14
34 80 51
38 11 30
59 71 5
13 73 69
1 11 47
44 73 50
35 7 35
19 48 15
72 73 74
78 15 43
58 14 37
6 2 45
69 9 56
23 55 31
43 41 49
9 65 79
65 20 67
66 9 36
18 51 26
54 9 65
19 76 1
71 15 32
69 76 39
61 75 49
43 63 50
11 26 21
16 49 75
10 15 73
32 70 16
61 38 26
2 24 38
4 55 62
11 54 1
13 51 23
74 73 12
66 45 10
9 30 73
20 36 15
13 16 21
18 75 41
78 6 30
21 56 56
28 23 68
21 46 7
52 13 76
24 10 5
42 8 16
48 8 36
44 62 69
37 21 31
36 56 33
55 4 73
39 68 49
2 9 70
65 49 52
36 3 7
36 16 4
21 10 53
55 61 71
47 66 20
69 28 51
53 30 64
50 58 25
46 29 56
32 46 63
28 70 25
10 14 9
17 33 15
7 1 17
19 6 44
9 77 44
80 67 62
42 72 59
46 54 19
25 12 63
62 20 47
18 59 63
60 34 19
46 56 73
46 56 63
4 56 48
38 40 47
11 80 7
18 72 78
14 40 19
11 62 68
24 23 36
16 52 34
1 5 65
58 73 5
51 44 23
9 37 24
73 52 33
60 48 60
52 78 29
6 56 10
65 62 48
59 48 3
48 39 56
20 70 41
72 27 1
58 54 46
41 36 76
21 31 36
4 74 42
20 30 36
25 62 16
16 44 27
2 50 76
32 31 28
48 3 44
78 62 25
55 47 69
17 1 22
64 61 64
15 17 16
35 72 65
78 80 4
79 11 16
53 14 32
62 48 34
76 37 55
48 74 60
19 54 16
2 33 38
12 79 27
54 1 14
29 13 56
50 51 70
14 53 8
55 34 29
44 17 32
4 8 23
40 75 64
75 79 8
39 58 63
5 20 42
47 68 66
10 43 18
68 18 39
13 19 21
9 3 4
5 28 38
59 28 19
75 42 7
13 23 71
23 53 18
45 66 74
74 29 55
40 3 18
64 74 19
8 26 4
55 30 73
17 68 41
45 73 38
12 29 30
58 68 6
71 46 55
80 40 47
39 79 59
23 7 14
37 20 52
47 34 13
25 59 8
75 48 68
72 4 34
8 52 8
22 71 16
26 22 58
70 50 48
5 74 55
26 51 39
21 45 37
30 30 69
24 59 18
24 32 14
51 3 28
55 24 71
25 18 2
30 7 28
57 73 17
13 44 9
31 78 74
70 9 70
40 67 22
78 77 48
9 80 71
46 28 63
62 69 43
61 72 60
60 25 69
73 69 40
32 22 32
42 56 4
26 38 36
19 43 33
46 14 30
31 44 28
10 39 57
27 72 59
36 22 51
46 46 65
6 12 11
58 27 8
36 18 55
10 18 54
43 33 29
4 36 22
37 58 1
49 60 58
70 19 55
10 68 12
70 62 78
56 63 52
4 37 65
47 25 43
70 60 50
74 27 48
49 27 59
23 39 29
2 74 64
2 63 39
45 71 29
4 70 74
64 61 60
48 78 52
25 59 61
49 23 9
41 30 50
45 30 16
56 58 1
17 61 36
27 5 75
7 48 17
43 28 34
9 19 52
26 7 71
30 80 40
48 32 27
63 59 54
38 50 55
53 2 1
4 67 35
1 40 7
59 7 76
7 64 3
8 54 50
50 19 42
36 66 78
11 73 15
30 22 41
33 3 69
4 70 79
43 36 80
65 39 52
80 78 21
10 25 40
43 22 67
32 56 34
67 28 18
60 1 80
27 22 47
50 10 44
80 8 16
59 79 79
8 50 27
58 26 65
59 48 75
69 40 21
23 21 57
47 44 62
64 29 61
12 76 9
20 47 14
66 58 8
27 68 62
45 16 4
12 36 39
48 68 11
23 9 67
72 17 56
42 74 44
70 4 11
46 16 57
26 71 70
18 69 75
33 64 38
30 36 41
58 11 7
78 71 50
28 38 47
37 64 59
24 15 30
66 20 52
28 9 80
78 24 28
43 10 73
34 6 31
3 62 70
32 49 26
55 77 32
79 8 4
20 34 42
79 8 19
11 17 12
51 63 2
60 6 41
62 78 41
24 57 80
41 31 37
66 34 31
1 71 27
13 65 69
28 18 51
6 5 74
6 79 47
50 32 49
62 59 14
49 42 30
39 67 72
10 73 57
12 9 22
26 39 24
5 47 59
67 43 65
53 9 20
4 46 31
52 40 33
55 48 45
3 49 19
77 68 75
34 69 45
2 49 6
71 55 76
4 64 54
67 4 45
80 64 73
4 45 11
14 59 80
14 8 30
70 55 79
36 24 17
41 66 1
20 65 13
17 73 31
26 37 37
60 27 61
9 9 39
46 20 79
73 61 73
9 60 3
21 13 10
29 9 60
56 15 56
6 15 15
60 11 6
50 42 51
36 69 18
60 20 32
39 39 47
10 65 32
1 71 55
32 19 78
37 78 16
40 70 12
56 38 76
61 15 24
4 74 5
20 66 6
23 72 13
76 61 64
29 63 31
33 12 71
11 3 39
46 12 67
70 52 2
56 56 47
5 30 22
51 16 58
39 77 18
19 51 77
48 75 68
5 10 77
6 54 71
26 7 1
1 62 76
66 5 62
80 42 51
68 10 60
36 3 6
3 26 59
2 45 2
43 34 24
30 67 35
18 27 48
77 78 62
61 68 12
43 65 7
75 77 49
36 33 66
6 48 40
48 57 54
9 50 78
12 2 18
17 62 11
29 72 67
7 21 27
67 9 48
10 34 72
57 70 44
58 46 1
70 28 27
46 50 12
78 54 75
73 61 29
18 47 72
21 55 56
13 34 47
80 4 58
52 9 61
30 37 3
42 57 46
19 8 64
21 80 5
2 70 77
62 54 18
73 45 18
20 44 71
66 31 12
48 32 64
48 52 33
12 50 52
5 32 75
72 35 77
25 3 29
57 69 51
51 50 22
52 2 75
34 60 79
48 13 24
59 36 15
44 32 57
19 46 40
16 30 6
80 41 5
9 8 39
29 35 38
22 69 34
52 4 27
25 39 54
32 39 2
34 79 21
62 58 34
25 77 22
22 6 30
63 10 20
4 62 12
13 45 75
13 6 21
25 69 23
69 66 38
74 28 69
57 26 15
44 31 25
18 44 51
35 49 46
14 14 76
18 15 34
8 24 2
46 54 27
60 43 13
14 2 56
2 45 35
9 59 56
77 15 69
31 64 61
63 53 76
19 41 77
2 37 38
9 55 5
36 70 3
58 33 71
16 65 46
43 4 55
45 41 34
6 20 4
23 57 23
59 12 64
32 29 11
34 25 8
68 27 37
56 22 11
38 43 28
25 25 9
2 47 70
54 32 8
39 11 23
34 1 40
77 67 10
40 56 30
15 30 55
68 79 30
55 78 51
60 43 65
61 52 39
42 11 36
23 5 22
60 9 50
18 76 50
18 59 28
62 37 76
40 30 7
35 25 66
54 50 45
66 5 58
29 31 13
75 58 16
73 38 54
41 12 14
69 10 53
22 32 66
42 29 59
46 44 46
30 70 17
12 22 4
50 42 39
62 72 49
76 53 53
52 77 38
5 30 3
45 50 1
56 13 54
40 78 18
58 43 21
40 70 7
56 37 56
43 2 40
50 53 26
8 46 32
3 19 31
35 71 69
23 16 78
4 17 28
54 7 38
35 36 30
54 54 30
48 7 26
57 73 9
22 49 22
6 48 38
56 15 76
63 39 15
47 22 37
9 44 49
17 19 6
10 3 69
33 54 17
3 25 29
76 50 34
27 29 16
4 67 53
18 37 5
21 13 44
25 69 75
7 53 17
27 13 73
43 47 9
35 16 20
7 48 27
17 48 6
76 23 50
1 53 16
72 56 53
11 51 5
26 70 51
56 24 48
59 21 4
13 61 13
63 41 54
79 68 61
58 24 13
45 75 43
53 58 60
1 56 68
69 15 30
39 16 69
60 5 3
33 71 58
18 17 53
50 39 22
36 11 50
71 72 63
66 26 10
63 75 17
57 44 67
26 68 39
4 32 58
51 8 11
20 19 8
65 9 19
28 33 78
16 8 58
73 52 68
10 75 75
50 58 64
70 31 30
26 12 79
30 2 61
28 78 10
68 24 14
56 53 49
24 33 79
58 21 46
23 65 38
21 67 69
40 44 39
28 58 49
41 10 74
22 59 52
55 63 7
51 36 56
68 69 42
52 40 74
14 66 8
23 29 5
26 33 60
13 30 67
45 8 11
39 5 38
27 57 22
63 49 30
47 44 37
8 16 40
56 41 52
48 23 33
28 15 61
49 48 32
9 42 9
50 66 52
26 9 78
33 65 7
34 72 64
15 78 50
40 27 59
77 7 8
28 14 56
78 61 42
72 43 2
6 51 38
31 15 8
41 12 13
53 22 36
14 58 26
6 53 25
80 10 55
57 28 43
15 6 62
17 53 20
12 38 24
73 13 8
44 68 16
31 51 9
47 45 46
49 66 55
39 60 41
65 40 28
7 42 71
22 10 40
59 62 62
6 24 38
56 35 39
64 76 22
63 30 77
9 31 15
13 38 61
13 39 34
72 40 78
64 37 56
63 3 27
56 22 43
36 34 73
68 68 23
15 53 77
55 10 6
79 71 21
26 9 56
49 47 23
8 63 27
21 28 44
60 59 15
54 29 58
33 53 11
62 77 56
8 50 43
10 8 79
46 57 17
20 12 65
71 48 56
54 53 22
71 52 58
47 70 40
33 44 54
23 76 79
33 42 73
43 31 64
36 17 54
76 13 13
67 77 24
64 49 37
50 12 31
49 11 5
50 76 34
63 35 31
1 62 58
48 67 73
19 49 66
50 15 41
53 73 22
45 27 50
14 76 38
42 15 48
7 25 75
39 38 62
72 7 46
53 37 55
18 4 29
74 30 56
21 13 77
44 57 59
21 35 22
31 61 20
77 65 71
53 40 67
5 31 45
55 20 69
63 61 3
62 77 15
75 7 11
15 36 36
14 9 44
32 4 33
13 20 33
46 47 78
80 50 24
12 72 79
79 45 77
26 57 3
50 76 10
65 18 48
46 18 37
22 14 77
49 8 62
49 41 53
15 78 36
71 29 28
55 2 50
62 75 66
15 63 26
29 24 39
80 58 63
27 57 48
67 46 77
18 30 56
52 16 3
26 47 73
63 14 70
45 66 2
21 3 44
1 30 39
22 22 78
47 41 9
65 21 13
9 39 30
14 54 50
77 40 73
60 39 24
71 52 58
37 3 40
30 26 62
78 17 20
25 68 39
62 25 11
24 53 73
41 60 40
48 3 76
24 74 12
64 72 59
73 78 5
10 75 63
47 51 31
26 46 41
53 66 69
25 2 41
2 57 3
26 74 71
29 67 79
54 79 30
6 50 27
30 65 68
62 12 51
44 22 55
1 41 22
52 21 56
19 61 26
15 50 61
78 8 72
63 70 28
71 80 15
73 24 70
61 9 4
50 2 61
3 59 40
60 59 45
56 20 32
65 76 18
7 75 18
63 16 37
67 60 7
56 58 69
69 56 63
73 20 44
80 59 32
30 57 7
41 74 54
35 75 48
21 52 21
19 40 4
69 11 18
72 31 4
31 42 3
22 19 69
65 11 80
48 61 68
46 35 13
10 33 34
29 35 7
79 35 20
76 69 32
72 27 63
11 51 77
77 17 4
35 71 13
78 65 7
21 36 30
6 63 41
1 9 33
43 8 22
42 18 25
2 25 3
69 72 63
11 1 19
37 56 62
37 33 40
32 8 10
13 13 68
16 50 4
64 2 30
75 57 4
69 70 53
15 55 61
47 54 6
26 48 48
6 1 59
4 44 30
77 62 30
31 53 64
46 25 51
8 52 59
4 69 7
73 34 59
72 4 3
12 58 56
7 49 13
18 62 30
2 22 13
16 73 2
40 65 80
69 19 54
23 8 64
21 41 12
62 57 74
23 15 57
4 20 31
56 7 73
70 1 68
76 64 34
71 71 2
61 7 14
68 7 61
50 20 29
16 79 25
30 30 38
63 75 22
22 27 78
25 77 30
20 74 3
48 58 17
46 75 44
64 58 74
47 68 42
77 46 1
38 80 1
77 57 67
49 69 50
39 49 28
25 1 51
74 29 45
21 71 51
42 47 28
47 56 7
19 20 80
77 32 14
55 29 58
40 27 37
8 76 9
49 46 29
69 64 51
74 28 43
45 56 56
41 24 75
23 79 34
61 29 42
71 62 76
26 4 53
32 56 17
43 59 22
36 55 18
45 30 65
74 75 33
48 26 34
19 34 65
68 67 63
55 54 74
10 53 50
7 56 42
20 34 32
76 34 21
22 36 58
33 77 12
39 33 15
43 77 51
10 6 33
77 4 77
49 77 48
31 62 57
38 78 14
13 54 20
12 10 76
5 60 62
35 20 50
21 6 43
63 9 80
33 23 30
1 6 24
65 49 42
21 12 11
56 60 36
72 46 18
8 80 19
73 31 17
4 32 33
30 24 60
58 13 80
45 61 63
59 71 9
27 57 54
16 25 19
29 42 74
42 5 42
29 71 59
61 79 5
7 44 18
33 49 20
49 17 77
16 80 72
53 28 7
68 72 66
74 80 41
65 45 78
63 72 5
68 71 14
74 59 50
39 25 60
30 8 45
74 27 2
40 77 46
9 34 34
1 75 49
3 65 15
33 59 39
7 55 76
25 58 45
52 1 47
43 65 63
1 69 38
12 58 6
64 16 12
6 9 46
39 35 32
28 52 43
18 67 77
61 42 71
76 56 47
9 57 59
24 13 36
46 8 19
69 51 56
29 68 14
30 44 69
66 77 72
10 19 63
8 58 77
63 33 42
26 49 56
60 72 80
66 58 77
80 34 74
5 22 37
76 65 48
20 70 80
79 43 45
21 47 48
1 20 70
69 18 21
68 9 2
61 12 55
41 39 59
68 56 56
64 62 39
41 74 42
23 15 60
39 21 1
61 8 12
4 51 25
58 43 74
77 29 30
1 58 30
38 69 60
68 11 21
6 19 17
24 10 75
22 53 5
33 33 60
37 62 43
5 44 37
20 4 11
64 7 42
10 54 28
75 3 49
26 36 8
64 32 5
77 42 60
34 49 16
43 8 45
61 33 38
50 33 52
75 45 56
54 54 7
14 24 4
21 69 70
34 20 31
15 37 72
43 45 48
35 72 59
12 40 79
6 48 74
68 37 21
62 79 56
43 39 59
70 76 57
35 49 68
65 6 55
77 8 30
30 26 42
24 4 26
7 7 79
30 44 24
41 68 24
28 45 54
60 34 7
36 8 4
21 57 37
73 28 41
38 34 76
51 31 27
65 3 1
35 21 7
15 6 28
49 29 22
31 41 41
46 58 71
67 60 24
75 80 12
8 62 39
45 67 52
45 7 13
33 57 4
24 6 14
22 60 46
15 43 72
50 11 56
57 47 6
68 65 23
4 47 13
2 69 44
61 51 73
19 75 3
30 42 64
25 51 70
30 21 5
65 51 36
55 63 33
35 34 11
52 70 50
24 14 20
51 27 49
4 53 62
14 30 1
16 25 37
32 40 75
38 67 37
37 9 36
13 46 5
4 24 23
16 64 48
75 45 77
3 58 33
13 67 16
37 34 67
74 40 4
8 37 61
10 62 2
12 44 60
24 17 44
58 76 11
38 67 58
29 1 77
8 75 47
16 69 3
64 12 67
32 62 40
62 33 75
72 46 66
61 4 56
38 3 76
48 8 23
61 80 80
46 39 43
60 15 55
47 8 37
67 77 33
23 4 34
69 36 27
68 67 55
38 53 78
19 68 16
13 8 1
55 68 59
8 18 53
78 69 54
32 16 7
2 11 49
37 32 3
67 29 55
78 15 52
72 14 45
19 3 41
13 13 75
35 23 13
51 70 61
45 33 44
77 13 1
59 72 79
45 69 19
11 17 17
4 4 69
5 62 38
36 7 39
55 34 56
43 61 12
26 9 38
72 78 51
14 64 48
44 4 2
78 19 76
46 10 73
37 21 6
26 54 37
35 32 58
7 64 22
46 8 65
59 39 48
12 47 19
66 33 15
33 8 49
3 40 41
64 44 17
67 31 40
79 27 70
11 35 20
60 72 17
50 4 6
71 74 51
32 23 44
34 52 21
34 36 66
5 8 35
47 60 29
53 10 68
74 31 7
47 45 65
63 39 24
53 7 66
77 28 66
6 18 65
2 46 45
65 47 52
58 60 75
43 66 9
32 15 30
61 80 77
2 45 5
64 6 21
77 61 27
40 23 79
42 66 26
59 79 6
59 56 62
69 66 10
76 29 73
67 47 68
79 25 33
59 6 65
65 42 35
7 7 77
57 48 16
4 50 49
57 58 16
17 39 52
37 23 10
11 46 75
24 60 30
46 71 80
32 1 26
10 40 40
79 23 41
66 23 11
11 14 39
48 4 62
76 68 35
71 13 19
66 44 62
58 52 1
18 44 11
32 10 64
53 9 1
30 80 73
53 32 43
35 70 78
15 22 55
4 60 67
21 10 61
25 15 75
61 73 42
20 12 25
52 42 55
37 6 33
73 71 48
56 3 39
3 68 23
66 57 69
35 25 61
13 77 53
14 26 9
78 34 16
78 29 9
22 39 60
43 77 27
24 22 53
39 38 57
54 42 24
73 69 3
74 32 54
29 64 12
54 65 58
48 36 63
80 18 43
66 16 63
35 34 10
59 56 1
41 73 37
46 31 13
25 46 47
27 42 38
48 55 71
4 59 78
44 7 19
11 43 26
17 64 7
66 16 47
3 75 40
19 4 17
6 74 61
27 17 60
51 54 2
38 5 52
3 52 30
9 38 61
7 64 74
32 70 9
1 78 16
60 45 70
72 80 62
56 71 80
47 3 3
74 12 68
49 46 9
54 14 25
36 52 17
73 78 34
66 45 65
21 40 55
70 61 70
50 3 64
11 45 33
2 4 18
28 31 52
44 66 31
43 49 14
45 1 44
21 26 3
3 46 66
77 43 24
41 52 71
61 75 27
26 53 32
58 29 62
34 61 31
24 39 65
18 15 14
58 18 13
52 36 53
25 61 13
37 70 27
57 46 51
6 57 31
5 3 23
59 50 43
4 28 31
7 56 23
55 2 39
7 71 7
40 9 71
47 28 75
24 79 36
15 28 54
39 9 5
14 31 13
66 68 10
3 38 4
22 40 9
5 43 5
73 66 37
23 71 16
27 40 15
70 44 71
10 14 76
41 62 3
44 15 20
13 6 8
68 1 40
30 38 47
60 3 19
51 73 35
1 51 11
11 14 33
40 28 35
76 49 48
31 69 8
24 54 11
70 33 48
20 70 55
22 76 18
63 80 24
57 21 20
18 19 33
34 25 25
12 78 63
73 52 34
51 76 30
59 34 26
65 35 20
49 54 78
32 3 1
69 25 53
59 28 43
76 42 72
78 19 44
38 53 36
40 49 56
33 61 43
53 79 16
65 70 36
64 17 64
20 29 77
64 56 61
24 27 45
32 9 68
64 37 14
76 1 34
45 9 60
52 28 1
66 35 43
50 60 42
74 53 3
27 28 62
45 42 3
1 22 3
78 72 43
38 49 75
23 58 3
80 67 28
49 66 55
36 28 35
49 40 50
26 64 27
16 3 24
25 68 56
65 17 55
22 26 4
54 28 37
73 40 10
66 28 5
50 74 49
64 39 18
35 49 50
22 12 37
47 11 49
3 9 16
33 7 51
7 71 51
58 57 66
57 20 73
7 48 45
42 62 60
58 56 42
4 57 51
31 52 14
14 12 45
24 45 31
69 54 19
17 5 53
60 52 2
25 31 60
80 33 69
45 19 53
14 53 25
8 60 37
70 73 63
48 11 40
15 64 61
9 64 26
73 38 48
49 48 59
26 26 36
79 32 64
62 32 42
21 48 67
79 25 11
77 42 57
46 72 61
63 47 71
48 39 9
15 49 68
33 67 63
56 72 63
34 12 29
1 67 74
29 71 48
19 19 39
44 19 16
60 33 75
57 57 54
80 18 70
77 78 77
16 55 4
22 12 3
68 63 25
76 38 12
72 37 20
48 19 49
49 73 41
30 37 36
62 49 32
70 78 24
5 57 59
12 17 72
71 27 61
22 3 61
38 65 45
65 58 22
3 37 42
13 71 6
47 75 3
16 30 64
44 48 16
50 18 61
44 17 9
10 33 47
11 30 53
74 17 36
48 33 73
76 67 72
54 46 75
49 66 7
76 22 11
57 48 3
45 50 78
52 18 61
28 35 7
44 76 80
80 18 9
20 43 28
29 4 51
2 44 23
76 48 10
2 62 43
58 17 47
33 2 31
39 30 80
40 17 78
66 52 24
42 44 63
79 77 73
40 2 27
8 45 38
54 64 23
62 63 33
49 47 45
8 50 45
51 36 46
37 66 2
2 53 7
69 22 9
64 33 49
17 32 32
31 11 50
13 55 76
73 44 40
14 74 74
13 21 31
60 4 67
28 55 51
57 60 51
76 45 25
70 22 63
7 70 42
49 21 37
49 8 12
14 62 61
47 69 31
25 53 56
79 15 2
79 53 23
12 61 79
73 12 33
69 23 11
50 24 52
18 56 67
51 38 42
39 40 67
74 75 15
50 2 32
80 76 23
5 76 74
79 35 35
10 50 39
73 70 51
37 65 27
49 14 18
57 33 69
40 60 71
41 22 33
69 11 46
3 78 47
18 7 68
31 42 47
45 2 72
8 32 21
50 63 69
7 35 33
36 13 17
68 17 79
80 36 16
6 9 49
71 52 48
30 73 25
48 35 52
74 13 33
45 69 64
26 18 64
75 37 3
10 72 42
18 51 23
12 12 66
71 71 16
22 36 32
79 53 79
41 28 24
5 7 13
27 3 47
23 4 79
30 20 64
47 57 26
11 29 46
51 71 75
41 77 21
2 35 4
12 64 19
18 40 73
23 48 19
8 43 72
67 18 10
71 21 38
69 4 18
45 45 25
36 59 35
74 16 66
72 64 55
53 62 34
27 64 42
44 30 73
53 55 68
17 57 40
55 68 66
62 70 27
29 22 48
53 60 3
15 5 24
25 12 29
21 50 69
27 13 59
14 48 29
6 18 17
41 15 23
56 20 7
9 77 51
14 15 29
54 9 67
55 10 52
5 47 37
21 73 19
58 8 47
17 51 13
24 51 66
49 4 68
56 35 78
14 27 67
13 22 31
64 54 78
23 67 60
16 57 79
49 4 29
7 71 63
6 19 58
22 59 72
75 2 47
21 9 40
6 31 24
2 43 18
9 17 42
54 43 49
78 57 60
5 52 57
44 20 13
77 39 14
7 25 49
30 31 40
72 15 8
39 40 55
48 9 69
70 58 46
45 9 75
69 57 59
42 50 18
26 12 42
16 20 15
50 47 60
12 31 60
61 76 42
75 62 35
74 49 44
44 12 11
60 65 79
14 56 43
41 36 16
10 67 61
6 56 27
29 36 38
65 57 5
71 28 26
67 11 35
2 50 3
25 10 43
57 65 73
45 79 74
67 23 71
29 33 45
47 78 33
10 73 17
63 26 60
64 56 72
3 73 17
51 43 66
76 78 57
46 54 26
9 42 39
74 51 80
53 27 19
74 3 40
12 36 44
9 71 16
31 25 5
8 51 1
79 34 71
78 48 76
40 50 27
10 31 12
64 19 43
75 49 48
60 3 60
14 70 25
34 69 43
49 1 11
42 45 7
51 1 50
5 26 14
38 48 59
61 26 69
21 53 20
25 54 18
20 78 50
24 18 12
62 31 59
54 6 36
73 55 69
27 4 19
42 76 45
55 58 58
45 35 28
18 13 16
37 41 57
75 39 15
71 50 19
48 7 78
70 56 49
80 79 5
13 47 42
7 74 31
18 69 8
67 13 18
30 41 11
5 30 64
72 33 46
76 46 42
5 36 31
13 34 43
71 62 33
46 43 35
43 6 19
70 65 77
70 55 55
72 18 30
60 15 31
7 14 49
64 35 52
42 45 43
6 78 77
28 51 36
19 75 63
13 10 49
37 33 7
73 66 29
42 76 12
52 15 27
20 35 30
37 53 77
34 33 43
62 28 21
37 74 23
1 39 27
31 67 74
57 21 2
17 14 50
64 65 4
17 41 26
35 61 7
3 2 4
19 13 68
23 41 22
34 40 48
41 57 1
55 36 41
45 16 78
34 10 29
53 41 26
38 76 47
52 48 31
44 1 14
40 4 7
40 48 9
47 75 1
69 53 55
52 50 45
1 7 12
49 13 37
75 61 49
58 9 24
72 12 47
15 59 17
69 41 47
73 54 45
26 9 18
43 22 62
1 41 70
46 76 21
51 70 66
40 36 42
62 11 63
71 2 73
62 52 55
62 57 8
16 37 66
1 37 66
2 45 17
61 55 1
20 40 10
32 51 1
61 76 13
22 8 58
42 42 26
10 28 60
69 34 29
43 27 64
57 19 16
16 55 56
15 28 24
70 17 52
20 30 31
23 29 47
67 77 77
54 57 4
6 11 27
10 57 62
40 77 32
80 58 37
60 36 4
14 23 34
15 59 12
20 59 79
75 24 61
36 57 51
71 27 9
24 49 3
17 12 74
7 15 11
33 51 8
47 41 12
48 63 69
25 37 59
73 8 29
45 4 34
69 67 45
12 41 6
24 36 13
31 56 23
13 50 14
69 11 65
8 74 38
32 3 16
80 51 18
6 63 39
5 55 65
6 62 75
63 71 49
14 8 51
34 50 79
72 11 73
57 80 46
77 74 24
63 64 4
42 45 43
14 41 32
36 4 8
14 46 63
67 75 48
61 73 53
24 43 8
67 3 79
30 75 61
41 24 67
15 23 72
63 24 11
28 63 50
26 53 60
67 22 77
38 66 80
25 28 29
16 80 13
47 1 53
72 43 63
24 37 56
39 17 39
22 62 69
18 16 17
17 28 40
39 28 8
43 70 7
12 44 28
74 55 19
77 65 62
23 11 14
64 55 20
58 61 38
4 14 6
47 8 60
15 26 77
76 46 39
31 73 3
55 16 47
17 40 77
45 6 3
76 30 76
9 12 37
11 75 74
24 32 53
78 76 16
2 19 9
30 4 48
51 14 8
76 34 15
69 80 80
4 77 33
47 37 74
51 35 50
54 14 35
34 70 2
78 3 61
37 24 29
3 9 24
63 9 10
5 33 57
32 73 54
48 36 31
46 73 5
25 65 8
30 10 55
54 73 34
18 37 58
1 36 45
33 35 72
20 46 24
62 15 36
37 37 55
27 43 54
10 39 27
65 41 34
63 48 68
79 55 2
39 16 25
57 7 67
43 68 29
49 40 3
42 61 51
54 61 8
7 80 25
55 17 22
41 43 63
65 59 32
26 31 2
6 77 28
23 61 63
71 63 67
36 18 35
26 34 69
13 36 15
6 60 41
51 69 56
15 50 54
76 6 21
66 17 9
40 19 27
42 48 45
25 68 40
36 48 65
69 61 76
44 53 70
51 61 19
6 49 79
21 63 38
66 20 63
66 57 53
44 78 57
24 35 47
12 63 76
36 6 47
53 64 66
73 11 79
54 58 25
31 2 73
12 18 8
28 70 40
80 71 1
50 7 8
57 75 10
20 74 37
80 20 34
49 68 68
71 62 36
44 36 49
63 17 5
16 55 62
23 32 41
4 49 16
80 48 4
69 18 79
80 54 47
52 50 53
34 79 71
53 6 32
73 19 65
20 51 56
18 61 77
49 8 43
51 14 10
49 35 34
26 58 33
8 40 67
63 51 58
68 25 13
45 43 41
47 3 35
53 22 6
3 61 37
14 50 39
76 78 55
11 65 43
60 48 68
40 51 4
28 63 38
45 24 61
16 45 16
38 39 52
66 20 13
42 10 68
3 16 56
34 78 26
68 66 13
68 9 52
61 58 67
55 2 2
72 38 47
48 14 70
36 68 26
59 71 71
36 35 42
72 11 46
24 44 50
77 77 74
71 34 2
46 37 51
68 15 2
44 69 4
47 4 20
3 44 45
28 47 72
34 11 79
80 26 51
42 18 34
5 57 26
46 2 40
4 54 58
58 48 60
80 33 34
44 56 59
46 78 59
49 56 8
67 58 11
20 72 11
76 79 40
2 37 65
13 16 12
60 21 38
49 58 58
12 53 61
2 27 71
53 65 72
54 40 60
23 22 42
33 12 58
63 74 17
2 31 3
66 13 54
61 8 65
54 74 42
74 16 76
45 33 75
59 8 75
6 48 49
56 53 52
39 45 36
49 69 73
70 6 48
65 47 26
20 8 30
37 50 34
16 48 54
70 56 33
59 61 72
27 63 26
65 33 74
25 45 53
14 7 26
13 27 31
23 25 62
34 33 76
11 9 59
24 16 66
72 51 77
15 41 57
1 24 11
44 15 47
21 62 26
59 80 71
41 35 8
31 28 77
50 33 36
71 71 55
61 49 53
34 69 17
4 52 28
77 80 34
1 12 71
40 59 69
42 29 60
55 19 22
37 61 3
64 8 13
20 24 11
64 27 13
23 22 19
75 17 80
46 34 77
64 30 10
53 22 16
18 3 42
27 5 55
48 17 12
5 47 25
20 31 7
52 43 19
34 74 59
21 29 14
43 12 44
31 52 37
63 44 75
8 33 76
12 19 34
28 1 72
69 60 18
24 4 75
52 67 34
62 12 56
32 9 15
41 69 35
39 48 51
15 19 42
17 5 40
22 54 36
29 78 35
9 7 19
80 25 65
74 45 62
39 59 52
25 43 77
77 29 55
37 37 11
66 30 69
24 10 68
51 59 60
80 4 72
38 67 30
77 15 32
78 26 21
77 14 60
19 43 14
74 57 24
53 36 48
4 3 60
73 24 53
45 80 49
34 14 31
9 26 55
1 9 57
18 20 42
63 25 44
74 46 58
65 44 22
59 34 17
14 53 77
41 73 52
77 23 16
68 4 63
40 56 23
36 75 22
54 49 11
75 48 67
15 65 74
19 51 58
21 24 72
5 61 15
29 64 8
72 4 58
66 33 64
73 19 41
16 1 58
9 25 36
44 75 39
62 29 32
45 58 76
36 34 49
55 37 71
1 8 3
54 60 11
46 24 43
54 6 21
12 44 35
1 5 6
19 79 71
75 28 71
55 17 54
52 64 13
60 64 7
27 6 13
66 47 71
47 25 57
59 30 35
26 7 73
21 21 39
19 36 26
79 64 11
3 33 16
7 59 46
13 46 73
2 63 5
15 34 56
37 66 67
42 23 74
36 56 6
76 76 53
46 34 56
70 7 10
76 16 72
30 73 73
12 42 18
25 21 7
78 37 67
20 43 63
57 71 39
31 50 20
2 80 54
64 34 31
69 26 79
70 20 64
38 67 37
17 22 44
78 19 58
78 28 22
42 62 7
26 33 54
33 78 60
13 31 37
8 69 35
26 24 55
68 16 10
1 23 8
24 24 36
6 10 4
29 39 11
26 11 46
18 69 28
47 38 67
18 20 38
34 65 14
63 17 31
22 78 11
70 72 24
36 10 9
35 3 44
2 31 7
80 34 77
24 25 31
17 24 10
13 65 72
9 72 55
30 5 66
25 13 55
40 2 79
27 7 18
5 3 44
5 24 20
17 19 58
14 54 38
72 63 76
58 48 70
16 14 57
11 23 31
65 55 79
6 52 66
30 1 66
55 1 56
46 17 18
44 71 21
74 1 56
39 25 46
64 74 62
79 8 19
55 51 11
75 70 62
20 34 5
11 11 56
23 21 51
23 47 37
19 80 11
63 16 66
35 10 5
51 74 42
52 65 42
62 33 16
68 23 47
80 61 3
72 50 77
25 7 23
45 80 47
67 73 20
80 63 5
6 44 75
35 31 41
62 35 63
16 34 29
19 25 76
75 54 69
71 10 77
36 78 25
27 11 79
75 49 19
7 44 16
56 13 9
54 37 39
18 43 28
69 15 13
17 28 4
25 9 66
66 63 67
70 76 43
76 24 37
7 61 35
17 73 46
3 41 75
7 54 24
23 71 80
46 37 3
65 62 51
10 64 48
15 28 2
24 75 6
42 33 21
3 67 25
12 44 12
58 38 68
44 48 80
37 54 11
23 48 25
54 61 76
57 7 70
75 72 33
63 21 65
18 65 76
71 59 37
66 33 45
73 46 74
43 71 37
39 54 54
22 43 2
39 62 29
26 7 32
15 46 65
46 35 56
3 43 30
49 29 15
56 62 73
43 21 44
56 52 31
15 42 76
66 70 66
5 71 68
45 62 14
67 32 35
65 77 19
79 21 32
3 4 46
19 27 80
15 60 39
63 7 16
6 74 20
24 2 58
34 54 45
6 24 14
29 45 16
77 31 12
1 22 66
9 68 3
66 60 45
7 56 63
47 12 75
7 13 68
74 24 35
72 73 57
71 36 50
75 59 5
53 74 74
74 46 1
17 4 34
52 65 62
59 64 12
15 76 49
22 52 80
51 70 34
26 67 19
30 60 55
9 61 28
9 12 70
47 7 25
70 40 69
22 80 78
15 74 49
15 50 7
37 44 18
11 1 44
13 10 17
14 29 46
14 42 57
10 8 68
49 31 23
49 33 6
16 17 17
41 8 20
17 34 19
7 13 72
39 63 4
24 5 54
17 55 20
3 17 8
3 40 64
74 78 35
8 63 75
30 17 19
68 2 74
29 45 53
78 27 79
43 58 32
74 8 28
24 11 42
34 65 33
22 61 67
19 62 59
43 61 21
53 66 73
79 25 36
42 42 30
15 37 71
73 69 27
2 58 49
35 77 79
5 57 50
4 11 48
80 28 39
31 11 67
56 34 74
80 80 62
49 38 80
67 56 28
35 56 63
23 24 29
32 23 13
77 50 38
47 11 47
42 58 16
78 64 62
35 11 20
24 36 64
69 23 51
9 3 66
60 76 8
37 16 10
43 40 28
12 54 66
20 62 7
16 76 56
20 15 31
9 28 46
45 51 72
28 64 39
61 25 50
58 48 20
36 36 18
48 80 34
53 61 61
64 25 15
46 17 61
16 40 28
80 10 61
74 4 47
35 67 2
64 31 41
31 70 50
77 41 14
49 30 41
48 35 24
20 12 32
52 41 60
66 57 47
64 54 37
63 17 4
61 65 47
43 8 30
10 5 13
67 37 21
39 16 17
61 72 44
52 23 23
8 51 65
9 50 22
29 54 27
18 51 16
31 65 17
39 77 25
30 69 75
48 64 18
35 16 34
2 37 69
40 31 14
72 46 12
58 38 80
66 3 4
11 45 1
21 49 34
5 1 62
69 14 32
59 7 29
72 50 68
21 2 62
37 30 34
69 3 7
77 64 7
59 10 19
51 8 7
33 20 22
35 33 4
42 77 9
70 11 44
53 64 13
68 19 34
18 21 41
41 72 53
24 49 78
4 39 30
4 22 61
39 65 32
75 25 29
52 55 19
46 52 44
66 67 6
16 28 79
29 59 21
45 15 20
20 78 74
52 70 32
62 2 43
28 38 39
62 4 71
2 36 68
80 22 67
49 19 13
34 5 22
79 70 44
24 25 19
16 25 20
45 56 53
70 16 26
36 46 61
38 73 35
25 58 68
50 80 2
32 49 22
66 24 52
79 75 42
28 7 32
39 73 47
7 64 58
69 51 1
72 17 42
43 13 35
26 60 59
54 55 12
77 3 16
67 27 73
56 68 24
28 80 17
21 76 78
62 77 48
34 63 49
3 74 43
33 50 2
39 12 45
3 71 75
23 2 54
5 41 22
34 22 77
69 45 79
28 78 14
38 71 50
58 1 46
26 10 3
12 51 17
37 47 17
70 74 3
41 15 35
42 18 6
70 23 42
31 72 29
8 26 75
28 14 46
73 32 64
72 53 77
74 32 17
15 56 49
56 5 58
60 3 30
42 80 53
44 63 62
34 8 19
33 41 33
41 60 19
65 35 69
30 12 58
50 60 30
21 4 74
51 55 67
60 46 15
47 39 69
77 19 23
68 77 54
45 2 49
13 71 15
68 47 12
38 70 14
46 32 51
64 18 33
25 71 46
16 14 2
72 4 60
25 30 4
43 43 1
4 71 76
53 7 51
33 46 24
75 51 23
63 45 43
67 55 72
74 39 40
59 15 2
46 14 1
57 66 62
57 38 59
50 32 70
67 69 70
78 1 78
3 8 1
3 4 74
77 54 3
75 42 65
27 46 53
19 58 11
65 22 50
29 68 58
35 75 46
27 30 46
52 23 22
20 6 75
1 27 40
46 45 25
14 80 42
73 43 73
13 36 78
45 21 31
41 73 17
24 77 63
30 69 6
43 79 76
35 73 76
48 28 56
6 46 19
54 43 59
79 2 2
27 47 37
2 55 33
36 48 69
77 14 25
74 66 78
2 68 62
37 46 49
71 17 61
67 54 54
63 53 44
40 28 14
16 49 72
3 6 38
36 53 34
37 18 49
50 34 11
1 51 38
10 53 10
7 40 55
44 45 29
69 43 68
12 31 53
29 2 78
6 16 50
7 27 78
61 62 30
63 25 51
2 30 33
30 36 29
74 67 38
55 22 48
16 26 45
13 80 42
58 68 31
43 20 38
75 62 69
77 22 65
70 23 23
35 10 23
30 47 75
73 37 77
11 15 21
21 24 42
73 23 37
54 39 59
13 80 6
11 76 29
80 79 70
60 70 41
59 8 32
61 67 44
59 17 36
12 1 25
80 30 36
10 40 1
11 60 65
18 41 27
6 65 30
22 73 67
48 59 1
78 2 4
40 57 22
50 33 65
58 74 36
54 45 44
32 19 20
65 18 5
36 22 38
43 79 5
76 41 14
51 2 7
36 51 60
7 56 3
2 7 71
65 34 18
12 31 15
57 65 30
17 2 60
23 33 42
12 2 33
72 49 41
51 42 19
77 28 55
16 25 13
37 24 4
9 32 46
19 79 47
68 77 25
78 67 71
58 22 63
28 73 40
24 75 4
36 38 41
20 64 22
65 29 12
21 29 11
26 33 44
15 64 59
74 17 35
78 80 21
73 34 40
48 35 26
21 40 41
16 7 24
27 77 19
55 29 9
39 5 62
17 80 46
75 54 62
65 11 1
42 31 21
80 62 75
29 27 13
27 64 1
33 15 5
23 7 55
14 14 37
75 28 42
55 57 31
9 3 37
53 79 57
21 69 7
64 24 77
22 14 53
6 48 13
58 15 7
48 54 72
75 67 21
10 15 57
79 73 57
61 5 78
68 11 4
10 72 74
31 40 78
43 31 2
16 28 65
70 61 52
47 80 17
55 57 5
10 21 25
44 15 31
12 43 7
64 75 77
33 34 49
74 74 49
3 1 24
11 64 25
14 51 51
49 7 21
32 55 18
33 57 41
77 37 74
76 41 50
15 47 22
41 41 67
31 9 73
26 64 22
31 44 33
27 8 69
27 26 26
59 15 8
21 8 38
69 7 29
41 78 6
41 53 50
18 37 80
21 21 71
17 9 75
69 19 48
36 3 48
32 77 27
65 73 3
66 76 69
41 25 48
80 43 75
74 55 16
54 78 40
59 29 15
77 47 2
5 29 62
80 40 70
72 10 5
13 44 11
32 43 36
30 45 39
25 60 63
40 28 74
38 24 46
39 64 22
13 76 43
12 12 35
74 4 47
23 53 68
31 40 15
74 67 78
21 79 9
15 15 64
1 72 30
10 73 18
80 22 21
60 58 4
65 22 16
56 52 30
7 15 76
79 71 20
40 79 37
71 11 20
62 20 39
34 10 68
27 3 53
7 61 9
77 2 76
38 61 19
23 12 36
5 56 11
21 66 20
2 59 35
54 77 29
56 25 64
21 12 22
62 15 71
51 46 76
38 80 31
53 61 32
79 59 37
17 15 36
50 16 67
57 74 30
70 22 61
27 27 21
78 53 55
1 73 23
4 28 53
38 5 64
31 50 8
17 39 46
52 49 40
15 30 6
62 75 17
50 34 65
3 25 9
76 9 23
27 48 3
4 6 31
22 79 57
52 46 65
63 58 50
80 19 62
66 17 56
15 43 38
35 66 73
42 31 60
36 1 15
28 74 36
33 5 60
2 28 29
52 17 61
55 44 25
5 7 22
11 7 20
8 16 73
1 33 73
77 3 20
59 77 25
30 66 41
58 74 16
80 60 59
68 62 1
47 41 54
15 10 55
30 17 11
6 4 79
20 61 48
25 74 65
24 13 39
16 35 58
33 70 57
63 36 67
24 52 59
33 48 50
39 31 23
46 43 18
52 19 40
39 3 74
26 58 3
51 2 22
74 38 64
47 42 48
8 25 60
79 38 38
63 38 80
16 54 44
47 65 73
68 26 64
46 18 79
65 28 62
20 54 17
72 30 48
26 8 70
11 76 58
52 18 46
12 77 40
75 39 7
33 79 26
43 25 39
1 37 11
48 53 71
28 72 20
31 1 51
9 16 17
78 57 59
66 69 63
55 44 34
28 29 18
25 5 9
67 53 61
36 35 62
48 11 48
65 80 68
71 1 36
34 46 77
15 19 65
54 30 32
72 5 4
39 64 32
41 21 16
39 49 13
39 22 66
10 8 38
76 67 55
12 38 1
43 44 43
53 53 41
54 72 24
14 61 57
40 7 40
41 43 41
39 51 73
20 1 1
20 7 4
10 17 48
7 27 38
7 75 54
44 23 2
33 20 21
61 14 53
60 1 43
61 13 47
60 28 8
17 53 64
66 65 74
30 51 39
27 76 2
32 5 47
28 21 9
25 58 28
72 25 32
60 64 27
21 6 51
63 33 32
78 67 29
3 47 34
63 66 2
75 51 48
21 46 45
47 53 15
48 29 47
73 57 73
67 43 2
53 31 43
57 16 40
66 57 41
2 51 12
56 14 27
61 55 68
74 48 4
66 40 13
43 18 47
69 75 31
49 43 19
26 40 28
10 4 40
55 62 68
23 4 68
26 18 26
51 4 37
30 7 68
52 19 28
9 35 62
63 53 35
60 8 20
79 3 65
19 50 40
28 26 17
35 74 35
14 45 59
76 59 44
65 37 26
18 15 75
45 70 70
8 76 77
51 79 2
26 36 30
13 28 37
46 60 8
60 9 30
32 32 53
6 53 47
53 73 79
9 34 13
5 1 19
45 6 48
68 42 48
71 27 23
29 60 47
54 31 40
73 33 80
72 68 57
23 73 72
64 21 22
64 31 49
35 72 58
22 20 80
27 39 21
21 57 40
8 40 67
60 69 3
79 62 5
24 75 61
50 61 12
12 17 33
20 5 57
29 46 2
23 65 36
77 22 78
17 79 24
63 61 3
73 49 52
24 68 44
20 2 29
46 3 60
28 23 73
57 79 8
65 31 57
11 62 52
71 37 12
18 34 34
32 37 43
49 72 44
19 13 58
56 53 71
23 10 45
2 29 20
27 13 76
8 24 13
16 23 9
8 25 30
55 61 68
67 37 71
9 22 59
35 4 34
67 13 69
43 34 62
14 37 47
45 9 61
34 15 11
68 6 28
23 3 21
43 18 47
19 67 33
61 55 23
40 10 45
1 12 65
24 41 72
53 78 58
72 59 59
72 4 53
70 47 80
62 8 24
75 16 57
55 64 2
45 40 77
77 28 19
45 26 37
37 43 50
1 28 60
22 15 41
46 35 77
40 58 15
74 76 56
42 11 24
73 32 39
10 10 25
80 63 61
10 64 35
38 26 13
56 40 69
51 21 62
57 70 12
23 16 59
29 78 75
22 36 23
72 19 24
67 32 66
31 70 26
64 4 80
21 8 2
3 42 25
8 5 53
29 31 33
38 55 30
49 39 62
48 5 52
55 46 16
38 21 39
58 35 80
23 19 14
7 52 6
36 36 31
6 78 69
58 58 5
66 70 62
63 49 31
80 49 74
28 5 53
26 18 41
7 42 65
35 64 62
56 51 24
20 7 64
73 55 27
2 6 3
15 37 76
11 28 40
70 23 2
20 47 33
33 13 43
31 13 3
32 72 57
40 40 77
8 22 69
64 47 69
42 10 44
38 56 25
50 39 71
16 4 59
16 71 29
37 72 63
33 3 71
79 44 63
31 69 13
70 16 29
62 34 75
27 59 54
11 47 62
58 30 78
46 61 66
64 79 36
11 18 77
14 28 1
12 77 10
53 31 74
53 54 75
51 60 30
47 74 77
69 54 2
73 2 12
5 54 32
42 52 35
76 19 35
31 16 65
29 13 53
36 73 33
39 78 42
79 60 61
3 36 77
64 42 15
58 3 79
42 63 28
15 17 68
56 78 44
53 19 70
49 48 16
34 7 68
10 73 51
5 76 65
5 43 63
45 20 18
66 29 73
59 72 2
6 45 33
74 19 70
52 38 59
50 52 72
9 65 29
1 41 33
30 41 1
57 51 55
15 26 7
23 1 74
47 15 65
9 56 75
17 76 33
53 55 25
1 60 4
7 74 7
28 50 10
59 16 62
56 9 23
1 9 54
2 80 66
19 54 72
32 49 7
49 57 46
19 49 38
11 15 1
58 69 75
53 32 22
16 46 70
61 39 13
76 30 67
18 40 31
9 43 41
36 57 19
31 15 16
53 37 30
55 52 79
77 40 45
78 25 11
40 64 38
25 6 9
16 19 30
8 16 49
49 34 2
34 7 62
17 70 67
3 69 17
23 37 39
63 38 73
27 23 70
4 11 70
63 74 66
78 55 35
58 54 63
69 33 32
3 2 55
54 18 20
17 13 50
3 43 74
25 80 54
3 18 25
70 43 54
55 5 6
35 20 4
7 20 75
23 62 48
33 41 20
26 7 43
23 25 36
31 74 51
21 42 13
48 12 44
42 24 24
11 37 39
62 12 51
75 30 40
13 23 50
73 70 36
55 25 73
25 69 14
24 59 52
60 6 19
38 25 52
78 14 63
27 64 11
14 68 75
36 59 61
72 78 21
43 1 44
16 30 58
40 74 13
75 10 58
20 16 51
41 12 22
9 79 16
23 40 49
57 40 80
9 12 10
33 65 43
27 14 2
51 57 57
21 67 26
72 18 75
72 61 20
17 7 27
74 4 61
39 37 58
21 69 45
35 7 14
44 24 9
67 68 56
63 72 24
22 27 56
11 71 19
42 75 67
3 41 70
60 73 45
37 48 74
1 3 6
37 57 60
65 40 1
26 77 4
50 37 16
74 11 38
77 7 64
30 10 24
2 72 62
35 45 9
63 7 27
45 60 2
60 20 30
5 46 56
6 46 39
74 22 52
55 68 7
52 58 71
13 73 60
80 50 46
32 42 17
9 14 62
43 66 24
37 14 43
13 17 35
77 33 17
71 17 44
69 37 36
61 40 43
5 40 22
46 3 69
5 41 6
49 10 54
35 80 58
60 65 13
8 33 30
35 3 16
28 62 13
28 70 3
80 6 38
69 41 28
6 10 14
30 64 47
32 39 8
44 1 48
49 60 3
27 75 44
6 36 65
79 66 45
56 20 67
40 63 13
43 24 59
68 62 42
67 66 19
36 45 12
30 46 43
46 15 20
4 76 44
28 8 21
23 23 80
51 8 50
39 13 27
21 43 33
66 5 34
28 19 32
17 39 29
73 55 73
27 4 71
7 13 71
69 38 69
16 41 77
79 20 55
17 3 75
43 61 62
63 58 30
17 77 20
7 4 36
62 21 55
23 80 21
10 64 4
70 80 65
52 77 73
23 15 47
70 61 35
56 8 57
68 61 13
50 63 23
78 37 45
27 78 20
75 15 74
10 51 71
76 21 49
59 57 72
45 17 68
39 28 64
53 5 53
71 32 74
17 75 14
7 59 71
63 22 35
60 71 35
23 5 52
38 20 68
4 53 42
58 18 54
4 10 2
64 59 48
34 4 29
56 61 59
42 49 68
23 52 35
31 15 6
59 59 32
8 46 47
72 38 6
23 31 80
29 40 70
56 62 20
69 10 25
76 79 43
67 7 56
24 31 18
50 51 5
60 61 43
21 35 77
43 56 36
14 4 59
24 63 40
6 68 44
47 31 17
7 69 28
50 23 40
42 80 68
69 55 50
23 47 25
19 58 50
57 53 34
8 18 67
33 59 70
20 4 65
49 23 69
20 42 51
10 52 65
55 53 63
36 58 68
29 52 33
54 42 48
9 10 61
29 54 60
35 46 40
72 64 58
75 17 59
40 11 33
76 41 14
42 21 73
62 50 11
36 65 13
51 19 54
53 79 56
7 22 60
26 37 14
80 79 55
1 18 64
66 30 66
54 25 61
33 62 9
6 67 48
4 2 18
70 23 68
69 75 60
39 23 68
1 21 57
49 47 32
53 2 54
70 27 51
71 32 40
66 42 77
75 44 6
69 61 77
25 40 74
43 75 72
48 25 10
51 13 18
10 35 4
67 1 58
15 22 9
26 70 26
46 24 73
3 33 40
70 17 47
7 4 78
54 32 5
2 56 72
69 34 5
64 40 30
30 62 16
45 65 72
14 58 68
51 59 57
68 72 44
58 56 5
40 38 27
23 72 74
36 51 22
71 44 10
77 53 49
28 17 30
36 60 10
47 20 21
28 77 5
45 10 44
46 1 40
71 29 9
60 5 66
59 16 12
14 26 73
55 47 79
53 73 33
67 75 41
73 30 26
22 45 9
75 14 48
23 6 48
76 6 44
8 10 19
28 61 2
70 7 65
65 59 71
28 4 49
6 37 17
57 8 60
78 78 7
28 44 2
63 71 42
19 60 70
2 42 46
6 9 20
73 31 60
32 20 22
71 21 1
31 10 27
37 23 46
8 20 31
12 56 63
36 38 32
22 60 16
54 54 10
49 53 76
45 3 43
64 52 15
23 19 2
19 49 33
22 75 58
43 20 23
28 3 48
19 55 11
77 60 33
41 19 57
50 38 11
72 19 59
19 73 73
6 54 43
14 17 35
43 43 49
79 80 34
78 2 55
66 74 45
56 5 14
3 27 33
65 2 18
44 29 68
80 73 2
14 24 4
38 12 5
39 22 76
27 4 5
62 30 48
19 67 28
73 36 30
34 70 61
1 34 20
30 22 49
55 74 60
43 74 71
64 66 72
69 26 42
38 42 1
53 10 26
25 34 57
70 19 32
4 21 46
29 76 36
23 12 44
4 4 56
29 65 62
37 80 68
22 9 49
52 49 42
61 55 21
36 37 30
77 49 55
10 38 79
5 22 45
37 61 1
47 77 1
31 63 22
61 42 53
74 51 1
57 12 3
35 14 6
72 68 41
72 60 18
50 19 52
31 63 68
65 5 23
29 40 63
7 14 50
62 25 32
18 36 16
61 6 8
78 71 30
2 24 76
29 74 20
8 74 62
16 75 3
7 27 45
40 73 47
60 41 4
72 69 45
29 40 69
16 7 6
35 2 41
70 12 28
69 17 2
34 70 30
19 22 55
75 79 12
16 24 8
39 45 70
3 33 34
7 41 59
31 75 41
80 79 77
43 13 34
72 58 75
1 47 54
24 41 13
15 14 15
12 42 58
57 62 12
44 29 37
43 22 74
78 60 48
68 17 33
48 16 50
21 65 25
37 36 60
34 28 7
47 74 17
44 4 18
55 49 15
46 48 10
25 65 45
6 53 8
19 18 48
20 2 48
67 13 65
78 14 67
47 56 39
27 76 18
55 18 26
77 12 54
41 9 19
28 66 63
44 68 53
6 6 54
38 51 12
1 67 26
22 40 24
57 28 20
60 37 45
5 2 9
80 61 35
18 28 51
33 23 11
49 8 1
54 25 79
46 78 1
65 63 37
74 65 18
80 62 67
22 61 44
27 28 73
53 8 69
57 31 8
69 57 55
24 72 50
75 36 53
40 52 57
55 50 67
38 76 64
23 37 69
46 21 79
75 64 50
55 33 42
11 76 56
61 42 25
27 65 44
30 3 19
7 47 60
24 29 39
51 77 42
68 14 9
11 14 39
23 27 79
78 40 61
68 66 7
15 72 41
25 25 37
48 39 53
14 6 68
41 42 50
36 42 44
11 2 50
76 80 2
7 34 39
56 64 65
13 11 33
62 79 17
12 15 72
51 63 20
23 10 41
3 4 25
46 42 65
8 74 51
4 13 41
9 6 27
60 63 12
47 56 2
30 55 54
48 16 55
61 20 6
24 9 57
75 25 64
53 40 39
19 62 76
31 66 16
40 11 51
78 40 52
69 63 79
49 22 9
30 47 60
37 14 2
28 60 44
64 1 13
5 74 73
8 53 14
51 56 54
17 67 60
6 70 48
60 67 13
29 14 30
73 68 30
32 17 66
35 59 15
67 11 30
15 55 75
12 53 2
2 2 23
5 3 30
46 79 72
52 47 9
76 69 77
49 37 21
59 68 44
37 58 30
56 44 62
11 20 21
56 14 72
66 31 33
65 61 53
21 44 8
51 60 59
7 35 75
25 32 45
4 65 73
13 68 73
76 21 79
55 62 72
76 34 32
41 76 76
76 58 46
45 40 35
56 54 72
78 42 79
35 66 77
24 31 31
7 7 58
23 53 31
41 77 77
20 10 35
14 3 43
19 35 77
28 23 31
34 3 59
40 38 2
45 15 51
57 64 4
4 45 71
54 69 41
42 77 5
52 57 41
38 41 48
78 52 36
50 69 76
44 62 18
10 20 50
8 13 56
15 16 27
39 78 18
21 52 76
69 74 66
6 28 26
66 80 75
15 51 35
5 4 32
7 26 15
20 8 24
13 23 58
74 69 61
80 71 17
39 30 40
13 15 29
51 63 79
55 76 19
14 26 17
49 45 56
68 58 73
71 5 10
15 70 5
46 44 51
31 16 17
22 21 19
50 50 36
25 70 17
52 34 4
43 49 75
62 40 28
56 69 77
7 36 5
29 15 78
59 24 10
35 32 48
79 54 59
4 39 69
76 4 2
5 22 33
33 2 73
26 22 46
66 18 27
35 35 65
12 74 80
44 62 74
51 24 55
63 78 71
74 55 77
38 22 58
54 29 10
32 61 26
61 25 15
7 22 25
63 15 59
33 23 9
27 72 37
2 14 76
12 26 52
19 38 64
52 72 45
47 75 2
5 8 47
51 61 55
1 15 66
41 36 3
1 78 22
40 42 75
73 79 57
39 17 66
39 23 65
54 57 56
30 6 9
64 1 20
59 23 74
15 1 13
2 27 40
63 59 17
61 63 60
41 54 31
36 13 9
32 31 11
42 55 59
58 67 43
33 76 66
42 38 45
11 74 55
71 21 78
3 31 74
45 28 17
4 75 9
20 27 2
27 78 65
46 78 50
46 22 40
35 4 22
47 27 45
6 17 17
1 30 75
18 56 23
22 63 24
8 4 13
17 43 30
74 38 43
73 54 10
79 14 29
70 45 59
11 22 41
43 57 70
40 41 12
43 64 75
41 8 57
39 36 29
54 45 42
44 66 18
62 4 58
23 53 19
62 53 64
61 26 39
37 57 12
70 32 71
47 26 3
42 71 47
19 45 39
53 66 22
66 54 75
77 67 41
3 8 45
61 6 24
14 9 53
60 41 78
40 73 28
38 7 73
34 24 72
57 6 13
44 9 66
45 40 55
17 52 57
66 60 4
70 50 54
60 65 72
7 78 6
56 18 37
58 45 37
60 38 80
44 23 21
40 39 3
73 2 65
26 10 46
13 5 24
17 52 47
29 62 70
6 50 22
32 75 72
63 57 55
43 31 16
39 80 44
64 26 6
4 22 75
73 23 52
38 43 75
43 53 69
1 49 2
1 18 5
22 74 14
4 19 11
47 76 46
76 57 25
21 25 10
36 19 41
41 5 11
67 42 26
21 42 28
70 39 74
35 35 20
32 1 30
77 71 35
60 67 78
35 27 52
63 29 80
36 53 61
54 68 19
72 41 67
64 60 4
48 73 79
5 2 46
41 76 11
38 53 11
28 59 54
59 51 73
72 25 6
56 59 40
26 60 53
47 74 70
33 46 53
40 16 21
42 74 73
5 61 51
1 1 42
67 53 19
67 10 62
36 2 56
12 32 71
59 61 12
37 60 31
71 31 77
27 25 10
19 17 60
57 53 64
46 31 55
76 37 46
40 35 59
75 25 59
73 12 28
37 71 76
70 28 27
25 14 26
41 28 55
69 35 41
25 67 1
8 42 54
26 36 43
44 74 4
21 41 55
29 16 59
3 61 78
47 3 59
77 20 64
8 26 13
51 37 17
9 33 80
61 56 4
21 19 3
58 1 7
70 36 2
17 57 63
1 50 15
70 69 33
69 64 40
60 43 39
24 62 41
34 47 22
79 66 29
8 33 59
30 63 77
48 60 3
56 56 76
8 22 32
44 49 61
34 33 33
11 24 79
39 42 53
36 71 36
17 28 61
43 37 22
41 2 22
30 7 65
59 14 2
61 59 2
9 30 61
27 12 6
46 74 43
51 53 79
28 15 45
17 20 45
50 1 78
74 50 5
40 45 52
10 2 33
21 13 33
19 37 5
38 39 9
6 66 20
11 49 66
33 50 5
54 42 43
73 65 52
22 68 40
64 48 4
52 20 42
2 33 63
37 46 58
11 35 67
73 26 3
12 38 50
55 79 72
19 6 48
15 19 18
9 47 24
56 8 10
68 80 12
51 27 79
38 49 6
20 15 67
9 31 29
10 71 69
50 4 72
6 1 53
13 57 23
39 80 71
12 29 32
7 42 65
42 75 28
72 46 32
47 32 64
3 76 15
70 12 8
13 61 42
80 34 74
62 76 55
42 66 49
15 26 53
57 75 9
25 69 15
1 80 36
7 16 13
18 21 26
48 3 41
43 74 61
60 13 65
54 34 43
36 12 42
43 33 23
13 24 3
18 36 61
69 48 74
22 4 16
45 47 20
12 4 46
5 24 69
18 60 28
13 69 65
1 25 65
23 71 17
11 30 52
75 6 35
9 63 43
65 80 57
35 20 4
41 1 8
45 13 44
12 38 42
41 2 9
61 48 76
37 36 80
32 47 3
26 50 22
78 20 47
46 41 9
14 5 31
67 36 14
58 75 54
29 48 31
73 42 7
10 74 37
69 58 30
44 53 65
76 7 64
44 71 21
64 41 72
19 30 13
79 19 50
43 15 24
52 45 1
76 68 30
40 11 24
47 14 6
41 28 35
29 60 63
48 13 23
53 35 11
30 11 37
4 60 58
45 38 53
15 50 57
77 57 71
45 25 75
4 1 23
65 59 71
54 27 28
53 48 55
42 10 29
20 51 1
44 6 38
74 34 23
71 67 33
28 64 4
80 76 7
73 61 8
24 61 59
77 71 65
57 29 50
4 71 29
16 64 53
61 73 35
33 30 28
67 67 20
23 71 59
73 48 55
54 58 50
77 59 32
5 48 26
77 60 16
38 6 4
68 74 61
47 20 47
35 61 66
79 50 7
41 31 19
13 12 62
16 65 21
59 15 71
28 33 11
41 32 40
39 43 70
25 56 51
27 30 67
28 16 52
75 57 64
5 31 7
61 9 17
50 73 53
51 39 59
23 25 48
44 17 53
9 52 21
39 10 49
45 19 3
36 69 58
72 67 18
37 13 8
14 19 38
56 24 3
37 27 33
29 38 62
61 78 33
13 53 8
56 2 14
40 25 65
30 42 64
16 65 40
50 45 39
31 53 35
7 1 5
28 18 46
8 1 21
39 54 32
40 54 17
12 54 54
21 51 15
47 9 62
20 11 28
62 75 66
54 21 54
61 4 6
5 8 35
9 61 33
59 7 67
25 48 39
61 42 71
32 78 54
55 78 35
11 17 41
52 30 49
47 61 39
26 38 56
50 32 72
8 42 17
27 14 78
5 64 20
27 61 65
56 3 50
62 68 33
61 70 30
79 70 54
26 62 49
33 5 55
17 14 80
39 45 53
10 70 5
62 62 10
41 68 44
71 45 73
57 62 61
25 64 5
16 14 2
24 36 17
80 65 46
14 76 22
59 19 27
75 13 30
40 12 10
1 50 1
79 70 60
59 27 9
34 45 56
45 64 48
71 67 51
73 18 36
29 23 53
55 74 77
13 53 35
24 41 78
42 56 67
55 56 75
27 7 59
47 73 26
71 21 46
7 14 59
64 70 41
66 26 42
31 11 55
48 79 66
2 68 26
71 21 47
21 52 34
69 75 3
67 2 28
70 20 35
77 43 42
62 48 5
16 58 7
30 36 62
37 56 15
40 66 37
53 1 70
47 50 25
39 29 47
22 67 49
29 18 6
47 53 54
45 14 38
40 18 35
76 14 1
70 26 53
47 49 45
69 76 19
42 68 57
22 53 68
17 64 19
40 38 10
58 1 8
18 75 44
76 58 34
27 74 24
43 2 67
4 77 37
15 21 34
38 65 19
42 68 10
15 53 31
40 52 10
26 43 70
46 59 63
54 2 9
53 51 3
45 17 52
35 65 24
77 26 40
58 4 77
67 23 48
62 61 41
28 71 43
62 10 55
57 33 73
42 34 67
14 16 71
36 75 9
7 24 23
48 6 1
34 54 62
57 33 68
15 21 55
10 34 61
13 38 43
29 46 61
60 36 73
79 64 6
58 15 9
60 35 52
66 9 39
15 62 4
13 59 70
29 4 13
67 12 77
76 59 1
35 71 73
30 9 18
62 28 66
37 46 1
70 23 67
80 13 34
42 41 52
73 52 57
8 64 70
68 11 61
21 80 75
65 35 39
28 40 4
46 79 70
14 22 17
36 75 29
31 68 61
25 17 14
12 49 52
26 17 73
24 19 68
40 76 17
27 5 12
33 1 20
2 55 77
57 15 41
6 43 20
34 14 14
72 46 19
19 10 76
35 12 71
68 16 28
66 10 7
30 24 34
77 6 11
24 24 62
2 73 45
45 78 7
79 58 21
30 13 60
8 61 20
11 19 28
72 78 25
32 62 42
37 6 49
2 57 17
68 11 72
60 27 42
75 22 10
46 48 4
68 46 58
66 36 28
40 38 29
7 34 14
10 21 68
67 65 16
76 27 52
21 76 56
27 42 21
7 35 49
7 40 79
17 2 75
17 19 80
35 16 61
71 76 60
31 33 46
78 54 21
75 79 60
26 33 37
46 14 46
64 51 19
62 24 61
24 40 68
50 12 41
65 41 57
3 62 50
69 22 40
4 26 76
59 78 43
43 69 24
57 78 20
26 74 54
6 14 59
15 14 32
70 8 3
19 34 51
35 44 23
64 40 8
38 1 16
39 51 54
47 1 46
47 73 12
33 3 18
1 63 40
2 65 49
60 79 47
16 68 64
76 26 8
73 79 11
38 77 21
58 53 2
39 43 37
27 34 43
54 39 36
62 41 58
72 21 15
7 63 71
50 4 22
54 37 62
55 13 73
48 27 16
74 1 58
2 30 47
35 44 22
7 72 7
57 31 28
61 50 6
65 15 2
79 63 62
47 43 55
1 41 40
67 7 73
10 72 34
29 25 1
55 44 24
79 61 5
39 12 9
70 33 32
25 13 1
32 40 42
5 36 35
22 8 42
69 55 60
36 34 59
60 78 80
17 9 36
40 11 26
58 40 43
39 78 48
4 69 20
78 62 21
7 64 53
56 69 32
43 80 20
57 56 17
10 42 80
8 17 38
58 4 51
21 15 8
61 40 77
78 66 60
61 45 59
46 58 9
18 9 51
57 56 28
78 70 40
79 7 53
11 5 33
36 61 18
76 66 62
74 62 80
25 48 15
44 59 25
39 40 22
60 78 40
73 20 80
9 37 80
21 59 9
26 58 65
59 10 15
6 13 75
38 5 22
31 54 31
3 58 48
51 36 27
40 78 68
57 31 69
75 18 58
18 10 1
6 28 40
20 45 26
29 21 60
60 28 17
39 16 3
70 12 15
37 13 66
34 80 74
33 71 15
2 64 9
60 52 55
41 44 63
27 33 30
67 33 42
70 48 36
66 9 38
79 61 39
70 47 33
1 6 77
4 56 20
71 4 42
47 50 46
25 7 3
61 13 40
80 38 8
78 62 49
39 42 23
35 40 25
28 37 25
20 9 47
41 13 69
41 65 68
7 27 2
10 61 49
64 42 51
15 36 3
32 38 61
5 49 30
57 33 21
35 74 23
35 11 9
5 20 48
53 75 48
65 70 58
23 18 54
3 17 14
67 70 66
76 55 65
15 11 35
42 39 53
12 34 16
55 29 77
80 10 56
53 73 77
13 45 29
64 57 14
75 27 19
66 50 4
57 69 53
48 31 61
41 21 18
73 74 71
61 11 60
27 19 12
65 55 7
35 73 51
15 32 25
32 33 62
61 29 77
34 38 75
23 49 64
69 34 2
32 4 16
1 1 6
33 19 7
4 45 74
12 17 12
78 46 39
10 57 66
11 51 45
37 43 60
73 75 32
2 61 72
32 24 76
1 55 4
23 59 65
77 2 13
56 76 1
73 39 4
1 32 26
26 5 40
21 76 50
33 28 38
34 74 9
47 51 25
8 75 17
24 68 51
5 35 54
73 38 53
26 38 59
32 61 53
56 32 1
75 59 38
32 6 62
34 14 39
30 47 6
60 80 39
17 14 11
51 63 34
42 25 22
45 75 23
34 31 35
19 5 48
30 31 33
11 43 40
31 19 42
72 22 36
10 76 56
40 12 6
37 18 62
64 17 39
49 26 18
42 41 76
76 28 69
34 22 13
29 77 66
21 65 56
76 34 67
55 55 62
79 65 17
8 46 45
4 9 17
22 12 45
79 51 27
66 33 13
56 74 51
74 2 27
1 11 13
74 80 76
72 77 74
26 17 27
77 74 48
61 20 17
59 75 1
3 8 49
10 65 26
7 8 73
58 44 20
62 13 3
7 25 55
79 63 32
73 28 54
1 24 79
66 43 35
33 55 38
63 63 25
80 75 56
64 33 40
17 64 11
28 1 59
72 41 27
71 48 77
19 64 59
80 75 79
64 65 29
14 59 58
57 54 38
4 21 4
76 30 73
32 43 36
70 52 69
31 58 5
27 28 17
59 19 47
13 49 27
73 50 10
4 51 25
67 68 43
79 41 18
28 70 68
69 4 31
40 77 80
41 1 35
32 33 15
61 71 56
45 76 9
57 44 10
33 8 74
20 22 44
57 68 19
61 10 45
72 64 41
46 37 47
69 49 63
5 51 31
43 4 69
58 57 79
56 67 21
55 29 66
23 71 56
36 56 8
15 80 72
65 77 65
52 27 5
80 8 61
17 73 49
65 55 40
78 72 47
23 49 62
41 7 35
45 43 53
38 73 43
4 20 33
47 22 50
54 35 62
23 23 36
69 79 20
10 16 64
3 9 56
13 79 60
24 75 54
28 32 50
42 53 17
77 44 61
26 20 30
20 21 2
21 76 3
6 59 50
59 6 24
34 58 76
25 18 24
52 71 63
28 24 46
77 12 76
75 66 66
72 16 9
23 59 30
60 61 68
27 67 17
33 76 34
27 43 21
14 47 10
29 72 8
61 79 27
32 8 16
33 26 48
31 68 28
33 7 15
35 14 10
5 9 34
76 21 5
57 57 45
48 16 54
18 63 49
1 30 51
75 70 10
34 14 80
18 38 74
21 35 9
48 44 11
10 74 57
50 33 71
10 78 26
14 52 50
45 22 11
5 4 68
13 6 28
78 77 61
72 10 68
1 80 56
56 37 10
33 74 22
36 35 3
79 77 43
71 27 55
4 75 27
35 72 43
35 6 43
6 2 77
55 62 62
66 57 72
61 43 16
64 16 23
69 54 70
11 72 17
9 5 13
64 61 13
23 62 6
10 40 53
41 21 63
50 45 31
16 46 41
14 25 44
12 39 2
75 6 23
6 68 59
62 21 46
6 62 27
1 21 32
34 32 31
68 31 32
42 57 52
24 56 9
50 38 33
26 25 41
20 51 29
47 56 73
50 32 73
5 59 54
47 29 52
80 68 75
19 21 65
10 33 17
74 34 80
29 41 69
27 45 30
63 27 51
51 30 18
26 49 69
74 32 3
5 11 60
7 63 80
17 34 77
57 55 39
78 73 12
62 9 38
60 11 31
1 80 17
43 65 21
45 72 5
40 2 74
69 32 64
17 48 31
64 24 23
17 3 76
76 60 11
4 26 53
36 66 33
64 15 8
44 32 29
10 5 34
35 77 31
58 14 56
43 22 72
46 57 41
9 51 13
1 43 74
26 57 31
66 54 31
38 59 65
67 38 48
10 63 26
3 54 67
1 6 8
27 75 11
47 48 56
72 51 42
72 43 19
51 23 46
57 19 13
24 22 70
78 47 31
47 33 28
17 14 23
56 77 31
21 33 34
69 42 4
51 46 33
76 2 12
11 77 48
76 44 38
25 5 56
3 58 80
61 76 36
14 18 1
62 22 58
31 60 2
63 13 79
50 43 72
68 6 60
44 3 17
10 17 4
40 53 32
43 13 77
51 78 73
57 63 73
38 49 13
31 13 29
23 61 2
34 67 25
78 22 25
6 65 11
45 71 31
53 74 72
27 64 52
32 20 66
44 2 74
57 18 46
55 47 38
72 39 15
53 3 51
20 32 20
66 18 10
75 77 24
31 46 30
72 70 66
1 66 11
41 40 30
57 13 44
32 1 4
66 59 6
15 10 78
70 37 29
3 65 22
6 64 64
59 17 68
7 77 2
6 14 42
70 64 69
70 16 40
20 46 70
69 37 47
1 64 66
5 77 76
29 38 24
55 50 29
70 6 78
27 72 45
26 53 70
7 56 35
6 77 8
54 17 50
4 61 64
79 56 8
44 46 72
16 53 49
48 5 69
1 50 73
20 43 4
51 14 7
12 34 8
58 80 19
7 40 4
27 19 28
30 71 13
78 22 43
27 53 58
18 65 60
5 20 67
29 38 31
28 76 26
73 59 9
52 62 62
8 65 12
40 55 2
5 16 64
18 66 77
77 12 72
39 46 4
11 71 61
46 13 12
27 36 29
1 46 15
63 61 36
58 10 15
43 57 75
1 56 38
76 68 71
30 31 64
69 50 58
10 69 53
17 20 7
32 37 34
37 30 4
77 71 11
56 14 11
69 1 74
24 3 70
60 27 51
19 46 28
57 32 25
67 21 69
38 28 78
59 8 59
4 26 73
70 58 76
24 13 21
79 79 20
4 75 63
5 45 70
7 76 42
79 12 54
19 62 76
71 31 50
28 31 57
27 15 7
27 15 65
55 55 11
69 16 10
71 24 21
2 31 9
63 70 61
78 73 77
32 5 51
9 27 27
76 57 52
32 48 65
47 68 52
12 58 42
38 1 49
2 79 33
75 36 63
47 22 17
26 74 4
61 48 8
24 46 80
24 69 3
5 44 62
19 18 75
60 22 69
74 14 79
76 22 52
77 43 46
48 52 14
59 62 37
67 54 74
34 32 11
51 30 38
43 45 12
16 77 4
48 39 63
58 78 62
60 71 16
25 28 61
79 33 2
15 6 44
58 12 6
42 24 58
64 57 4
8 70 46
51 6 37
48 69 25
25 61 76
40 71 47
14 9 60
24 24 15
51 3 16
48 76 69
6 7 33
43 76 23
12 34 28
76 41 21
33 37 18
60 9 76
67 20 41
26 22 31
78 74 64
54 78 28
68 41 74
41 45 76
60 58 76
56 3 43
55 33 31
5 32 57
63 55 51
11 31 66
14 79 25
21 77 23
7 5 34
28 77 34
67 6 20
49 69 50
44 42 55
34 14 71
13 2 25
28 50 28
21 25 39
43 26 24
42 73 80
56 53 58
46 27 25
5 4 53
51 77 49
67 33 28
55 62 73
54 39 37
72 48 77
2 6 36
16 64 15
40 10 8
2 43 40
56 40 57
1 67 40
80 77 16
63 12 49
69 1 16
74 27 77
49 73 62
34 46 52
39 53 75
48 22 78
19 3 47
55 54 17
47 80 54
41 14 17
70 28 33
37 76 8
57 35 17
34 39 36
70 49 76
31 16 42
53 12 53
5 18 44
23 30 14
49 65 51
37 47 6
46 7 9
4 29 6
32 61 66
49 67 78
55 28 71
10 72 6
34 53 71
68 17 65
15 18 60
61 13 26
61 39 71
3 63 68
48 32 12
25 27 9
45 64 63
22 38 41
6 35 44
2 28 80
76 35 29
47 80 46
34 76 4
32 14 7
10 1 79
54 7 41
12 40 34
63 80 52
8 57 48
28 31 39
75 53 49
26 41 53
57 29 50
31 64 22
47 67 23
43 16 35
13 34 44
45 19 34
35 4 42
14 43 39
77 43 18
47 19 7
59 77 68
13 36 3
52 11 22
76 69 72
60 22 30
28 79 73
26 52 9
79 10 24
37 21 63
56 2 54
51 68 71
14 55 53
10 35 18
20 35 64
29 58 58
36 46 39
58 55 36
12 79 59
20 64 44
49 6 41
54 21 8
11 76 65
56 31 77
35 13 50
2 14 62
22 77 42
54 80 71
9 21 41
57 46 69
41 30 64
16 2 79
23 57 66
53 70 42
46 51 78
20 17 20
79 54 61
39 19 44
62 52 70
48 35 47
49 34 55
73 62 32
22 48 51
68 46 43
80 75 66
80 6 34
25 58 36
41 62 8
72 18 80
29 53 20
18 24 63
67 11 12
12 68 29
77 23 9
1 79 47
21 16 28
34 56 34
12 72 56
56 43 59
62 16 50
4 47 53
67 41 33
49 10 49
33 33 80
58 53 11
41 75 50
18 20 78
35 71 39
28 26 68
32 75 37
58 14 62
25 10 23
21 47 5
28 31 79
66 3 75
33 25 15
