47 28 45
56 45 55
32 17 23
43 12 55
11 13 29
8 64 25
58 15 15
41 54 14
31 25 32
9 37 33
2 61 64
11 23 58
38 4 44
16 32 34
50 52 19
5 64 29
3 35 62
51 27 19
7 25 40
36 2 34
62 14 52
4 61 5
63 50 30
9 7 44
58 10 30
11 11 18
8 29 2
27 24 30
43 14 62
55 52 48
41 41 40
52 49 22
5 52 56
26 50 9
60 56 2
22 46 41
8 26 55
24 14 15
57 62 12
61 17 47
4 35 30
8 37 11
59 3 42
59 4 45
57 64 60
31 25 24
7 54 31
25 35 27
45 63 28
3 5 11
44 13 12
48 27 51
15 21 5
63 6 40
22 56 58
48 9 46
36 25 9
2 27 24
45 2 5
25 48 56
46 14 49
47 32 57
11 23 53
62 9 31
61 18 43
4 28 27
40 35 20
15 1 8
16 23 33
43 7 21
26 39 17
16 1 47
49 30 54
37 59 21
23 53 58
45 17 30
4 59 6
28 57 13
7 39 7
37 63 42
53 22 63
4 60 55
31 21 54
63 26 54
63 39 21
30 25 1
36 18 14
9 51 19
39 28 2
6 40 20
20 25 27
49 27 46
22 16 10
24 22 34
44 44 52
19 36 58
10 58 15
54 25 19
15 3 24
25 25 9
26 56 34
3 50 54
63 46 3
7 31 7
24 6 23
35 7 13
63 43 45
39 27 42
21 36 28
37 8 53
42 9 21
58 33 25
36 24 48
35 1 14
5 58 15
24 20 42
23 60 14
51 60 13
46 45 7
21 35 25
13 48 38
3 47 25
30 27 15
38 32 12
31 24 12
42 34 63
33 32 6
63 17 58
1 54 39
28 55 48
8 42 39
55 35 20
48 11 19
14 31 21
48 25 63
21 11 27
5 25 2
2 49 3
40 9 26
23 32 25
21 12 42
50 17 18
15 6 61
13 51 48
39 49 58
38 22 62
10 34 62
32 14 5
11 33 38
11 19 56
32 42 37
13 62 53
44 55 55
5 40 17
27 61 6
20 50 44
43 52 57
36 40 11
54 37 5
51 3 45
29 30 62
51 43 47
45 60 43
19 14 58
29 40 18
61 14 63
41 11 11
55 43 36
50 53 60
11 28 26
26 48 56
2 49 53
21 15 38
48 21 45
46 6 18
51 19 19
21 4 2
12 6 18
37 63 43
25 31 41
13 31 50
3 16 26
4 21 21
38 7 64
16 1 59
20 33 44
25 17 5
62 29 62
52 35 35
4 17 1
8 37 46
54 17 53
30 3 2
56 38 3
33 34 45
60 20 38
13 25 8
22 42 20
45 46 12
11 42 63
16 33 32
33 55 54
63 49 56
5 60 55
16 43 2
61 55 30
14 31 17
11 7 33
36 8 44
44 62 3
13 11 46
53 48 7
50 9 9
48 30 22
30 49 60
46 61 17
39 62 56
10 24 38
32 13 26
54 45 26
45 13 30
47 58 43
4 12 12
7 30 1
31 60 16
20 57 25
8 42 22
31 61 14
19 58 26
42 3 32
23 29 28
61 15 4
48 58 53
23 35 52
32 12 40
52 5 47
56 41 10
23 4 44
48 44 40
35 14 9
63 55 28
9 15 19
29 53 10
29 61 31
47 38 43
4 40 7
2 19 51
4 62 48
29 40 62
20 48 56
16 11 47
44 8 50
54 4 62
62 24 18
22 32 59
4 50 55
22 34 11
19 29 56
56 12 12
12 7 40
28 36 43
15 44 13
28 27 46
55 64 14
14 35 55
59 2 24
50 18 18
35 50 9
50 7 2
26 59 8
35 5 42
39 5 61
52 20 40
55 11 45
25 47 18
8 64 13
5 43 28
23 38 7
3 34 34
30 54 4
53 36 42
54 49 24
16 50 4
1 61 26
6 16 5
54 18 50
27 30 45
49 14 1
59 51 43
40 36 62
51 48 7
52 13 16
32 29 9
14 47 60
13 4 19
54 30 63
15 60 1
7 60 16
26 11 38
25 33 12
64 38 51
64 22 42
54 45 62
23 49 58
15 25 36
55 59 51
41 39 34
7 45 12
15 41 55
62 15 19
37 64 46
42 45 6
28 57 2
17 11 7
15 21 42
10 57 46
58 27 14
4 8 32
63 9 38
33 8 45
17 39 15
13 59 63
57 9 41
5 3 50
35 18 26
29 46 41
52 52 34
44 25 21
28 45 31
14 1 28
1 35 57
33 58 39
29 14 24
63 60 20
21 29 36
27 20 38
10 15 32
24 62 62
37 5 3
9 59 42
14 48 26
63 5 21
34 14 3
43 36 17
10 43 43
30 44 32
44 34 16
34 44 53
10 38 47
14 60 31
43 12 40
46 22 25
8 43 3
31 22 17
54 36 15
64 10 20
21 21 27
42 20 1
59 7 13
4 55 17
30 34 45
21 22 12
59 1 42
42 6 26
15 28 4
21 49 19
47 20 12
57 62 54
60 60 4
37 26 43
50 5 20
14 6 42
49 43 55
9 49 53
31 59 22
42 59 4
25 11 8
44 41 56
21 42 54
25 11 62
57 49 51
24 63 62
25 36 52
38 31 59
43 13 4
56 34 19
11 41 24
45 16 55
62 52 6
8 53 39
42 12 24
57 27 1
36 63 1
33 12 5
51 16 31
58 29 35
1 21 36
37 35 1
31 60 34
55 21 2
4 57 7
54 36 7
45 2 47
29 1 64
12 12 36
41 31 9
59 29 63
43 22 41
33 7 34
44 13 15
10 13 19
58 36 48
21 53 12
62 4 46
17 9 52
56 20 19
51 28 2
63 52 29
60 6 7
9 58 25
2 3 15
26 24 49
19 20 14
9 49 11
23 57 23
39 60 2
34 47 42
37 33 19
45 64 20
21 64 49
48 31 38
54 7 18
64 45 30
50 22 42
54 63 33
62 39 32
61 19 35
40 44 22
52 55 43
13 35 1
55 19 20
41 6 4
62 41 45
10 32 13
49 39 23
11 50 13
40 37 52
20 24 30
38 33 44
5 54 21
31 50 30
29 61 64
3 5 28
15 33 61
18 64 43
63 2 33
4 22 59
2 50 5
56 52 30
44 4 52
18 18 50
27 61 26
5 34 22
21 51 42
32 17 59
12 50 49
53 25 7
48 38 15
24 51 10
6 52 6
17 3 28
34 24 48
23 53 57
54 52 53
30 5 3
62 4 50
34 26 38
3 20 3
10 15 49
41 14 27
53 26 13
32 38 23
20 8 44
20 64 24
35 42 23
18 35 5
39 27 64
33 44 14
61 45 57
59 25 28
62 58 30
57 29 17
36 29 56
9 19 53
6 36 41
30 53 53
22 9 36
26 35 23
5 46 7
8 13 43
6 14 45
7 24 13
12 59 33
23 57 5
51 6 56
29 53 10
34 28 60
44 22 58
5 47 35
14 21 46
51 44 17
58 33 16
15 57 26
35 63 4
58 38 56
61 31 18
26 30 42
51 49 20
5 24 11
60 31 33
15 45 24
64 46 16
11 5 58
56 21 46
59 62 53
38 16 52
64 41 15
17 34 13
17 4 39
15 45 36
48 34 64
52 52 60
13 30 43
6 29 29
12 3 21
4 39 34
4 19 32
37 58 21
10 27 61
45 2 2
25 62 46
54 22 31
19 51 45
45 58 33
17 26 31
26 33 50
28 5 25
8 15 27
34 22 17
15 14 12
40 42 42
47 32 4
50 31 14
56 13 22
41 6 64
10 45 41
21 2 41
40 16 23
60 59 54
42 27 54
36 62 25
38 11 63
14 56 42
61 30 59
18 40 37
18 14 26
37 63 63
35 33 37
12 43 31
55 63 16
45 40 33
44 4 62
52 2 5
45 39 49
7 58 1
10 49 6
54 50 54
45 40 44
55 46 11
16 57 4
17 31 19
37 58 42
8 29 16
28 43 3
1 63 44
52 52 58
3 35 2
41 18 14
15 6 29
50 44 28
54 31 63
39 6 29
3 50 6
34 1 54
27 16 43
12 57 4
60 51 30
24 26 54
51 47 11
57 45 9
33 17 51
31 49 9
60 3 56
43 16 29
5 23 37
1 7 49
51 9 47
61 9 35
34 38 21
31 37 30
37 61 28
2 54 55
5 32 61
19 61 56
56 63 17
4 49 2
36 61 61
6 6 40
35 40 35
32 57 57
16 31 46
50 6 59
1 62 25
19 57 45
38 29 2
34 18 4
54 20 33
40 3 32
57 60 22
54 56 17
43 7 2
8 19 26
43 31 25
36 63 55
17 12 46
42 41 36
44 21 17
37 9 51
12 64 63
54 4 46
6 36 20
60 31 9
20 21 52
58 16 27
34 6 18
17 53 10
21 38 31
40 45 28
59 16 20
33 24 40
24 44 16
42 44 45
34 61 64
59 58 11
1 32 6
28 36 22
13 37 34
41 44 53
22 27 5
19 27 27
58 10 45
38 35 18
41 23 63
47 63 42
20 13 23
22 23 52
1 3 46
34 35 16
30 14 20
33 55 64
63 30 17
42 28 17
16 49 1
11 37 24
45 53 12
46 9 12
35 54 50
42 30 6
21 57 36
5 36 51
55 20 59
48 10 23
20 2 64
23 9 7
50 17 56
38 19 54
35 14 2
44 14 41
6 44 25
29 7 51
15 3 19
11 30 10
5 25 17
7 3 53
63 51 46
1 59 59
45 47 9
12 10 60
19 40 52
43 43 12
26 51 12
33 16 52
31 34 37
7 11 35
38 46 11
18 62 27
49 24 5
31 48 60
46 56 14
34 60 27
50 54 5
64 57 34
45 31 37
27 24 19
35 29 20
8 13 56
38 54 1
13 53 60
57 40 43
33 30 57
6 3 43
53 35 24
5 30 12
6 15 60
25 21 25
60 35 54
13 26 4
38 40 55
54 8 10
1 32 57
30 2 46
44 34 56
6 32 28
45 58 19
55 39 2
27 33 12
32 27 61
21 57 43
21 52 13
59 51 23
59 36 60
4 24 56
28 38 55
48 4 33
8 9 57
19 58 47
29 16 28
8 64 53
30 24 2
41 15 43
45 40 24
42 8 20
29 18 50
35 15 19
62 8 8
55 24 44
22 25 7
34 31 40
17 54 58
1 57 59
62 28 38
46 3 26
9 26 48
22 8 15
27 32 40
21 24 43
28 17 57
61 31 47
15 42 16
64 52 11
7 47 46
6 58 10
33 43 19
38 16 9
23 41 17
50 27 55
4 63 5
43 3 3
13 64 38
51 39 51
1 41 16
12 25 26
63 23 29
61 55 5
6 36 46
17 22 44
53 4 7
35 57 54
63 43 48
8 14 32
14 52 47
55 55 33
42 19 19
61 48 33
8 47 40
12 54 33
56 24 25
44 21 2
17 19 8
32 37 38
37 38 55
12 4 55
50 55 11
13 14 55
11 58 57
58 17 23
7 53 44
37 52 16
23 44 63
27 41 64
10 34 11
41 13 59
47 32 29
29 23 10
25 4 41
37 23 13
3 19 22
58 40 6
64 40 61
48 29 47
3 62 30
5 35 19
33 17 55
57 51 48
27 35 29
3 14 50
60 9 22
16 23 54
7 52 61
33 18 24
23 15 26
55 19 38
22 21 55
32 13 35
52 34 46
17 8 61
6 7 1
28 18 64
9 22 53
22 47 54
30 14 24
3 25 62
47 44 29
44 44 41
25 38 30
2 46 18
21 23 64
23 64 38
26 30 32
10 43 8
14 31 11
37 41 17
16 17 62
56 13 6
1 1 28
31 5 62
38 40 34
18 22 56
48 9 59
38 30 45
8 25 14
42 35 43
59 10 50
6 38 51
41 40 7
24 63 3
19 38 39
32 50 54
53 17 1
44 58 21
47 3 42
9 7 17
40 57 17
22 47 64
63 7 9
21 15 40
22 51 42
27 57 38
31 59 51
61 47 58
35 57 26
33 37 15
16 25 3
26 8 4
17 17 43
56 34 2
20 21 38
60 16 27
63 59 17
46 61 1
60 56 64
30 61 1
47 43 16
20 42 29
47 35 52
7 7 22
39 23 27
12 51 21
42 27 23
22 32 63
39 30 23
25 51 9
55 3 24
42 36 1
5 54 29
39 12 52
46 24 26
1 10 61
36 39 49
5 53 21
55 25 64
57 25 33
57 40 49
23 50 26
33 29 26
42 42 28
40 58 60
12 62 2
39 10 31
13 17 26
48 47 56
40 33 23
36 52 37
4 14 26
26 9 50
40 34 31
6 32 4
49 49 41
62 31 41
11 27 55
21 40 64
54 34 61
30 3 56
12 60 63
44 49 36
19 46 53
8 26 49
40 10 14
16 5 24
38 11 29
64 9 11
49 9 48
12 64 41
64 50 4
18 51 59
60 62 24
50 60 51
64 34 15
34 56 30
59 28 30
32 64 41
26 44 14
44 28 43
41 8 16
36 6 36
16 39 11
15 64 43
10 61 36
24 45 19
61 17 59
2 18 25
47 18 52
25 16 36
14 42 1
52 20 43
39 23 44
35 27 6
7 53 14
63 6 37
11 64 40
39 45 33
57 2 35
19 3 43
9 56 24
55 64 63
52 33 53
32 33 53
22 35 58
46 15 32
42 42 15
33 12 11
38 53 20
3 8 14
7 25 1
43 51 13
45 64 50
12 31 40
36 51 24
32 53 10
60 52 62
9 16 32
24 6 31
54 22 14
47 7 60
61 33 53
48 60 42
11 28 3
51 1 46
22 53 47
23 27 28
4 4 7
55 28 38
40 18 30
3 35 24
64 50 5
43 33 60
44 20 14
53 47 52
56 31 22
40 61 3
38 52 61
48 25 23
42 5 14
35 47 23
40 57 40
44 60 15
27 57 33
32 15 34
16 47 4
45 55 4
9 40 47
17 1 12
51 14 45
43 55 49
7 37 18
11 51 46
18 25 38
11 24 22
13 15 60
27 29 8
20 17 16
59 51 4
55 4 25
47 12 12
9 49 52
38 7 52
59 54 14
42 4 24
24 35 47
19 14 3
27 45 58
61 15 60
5 41 9
32 49 42
26 43 51
43 31 53
39 24 36
38 14 18
35 57 39
47 31 16
24 15 38
54 19 53
29 61 37
5 1 63
59 1 62
3 50 44
3 44 50
4 26 7
57 19 4
55 2 15
49 22 50
61 6 48
37 43 55
24 64 55
17 7 31
41 5 43
1 51 54
3 63 51
5 14 14
44 6 51
28 20 38
8 4 18
42 21 35
41 54 28
47 58 14
61 5 10
38 64 25
36 58 63
29 36 40
21 31 43
41 38 38
22 40 55
26 55 63
56 4 12
49 32 42
64 58 26
62 15 27
29 58 22
7 30 64
26 13 53
11 11 60
14 48 52
28 29 24
6 37 54
34 45 18
10 17 48
31 60 32
35 10 64
17 20 14
21 41 12
12 14 1
53 21 43
22 2 10
31 35 37
32 58 13
11 27 46
54 4 56
31 17 49
60 62 18
27 44 16
8 23 12
51 10 64
23 13 11
35 14 38
28 38 16
51 23 38
31 55 31
37 42 47
14 41 51
6 6 42
16 32 7
49 26 1
64 60 60
26 24 34
52 50 1
19 3 53
57 44 33
59 45 36
1 18 64
38 19 56
47 12 23
12 48 45
15 17 58
33 35 13
32 10 62
38 49 4
32 62 44
24 32 28
58 19 46
45 3 12
23 48 12
58 46 19
14 11 40
64 8 24
50 31 63
54 57 52
35 34 59
27 27 36
54 35 19
45 52 41
51 64 19
17 18 22
47 55 46
39 37 45
61 56 10
15 62 14
37 3 56
31 54 1
52 35 61
11 49 64
19 9 1
6 32 13
40 9 58
63 4 40
56 5 63
25 10 14
45 32 3
61 41 44
3 38 33
26 2 58
35 17 61
11 46 25
36 48 41
21 59 14
26 55 5
21 6 26
58 43 15
48 57 34
12 62 25
42 30 52
15 49 4
64 19 59
26 47 62
21 21 31
48 18 8
58 5 33
11 48 56
7 20 60
51 50 46
11 22 53
53 26 59
27 5 22
60 59 35
29 57 10
45 15 2
8 33 56
8 25 6
45 45 12
61 7 22
1 18 34
51 53 60
58 36 58
40 52 4
25 44 53
34 23 10
27 52 43
27 1 11
40 60 38
47 3 61
11 24 10
18 14 47
52 45 21
20 54 38
6 62 60
24 58 39
8 23 5
53 39 25
47 2 42
64 57 48
30 17 59
46 24 2
27 42 24
51 53 25
32 55 10
21 33 40
7 3 61
26 34 24
32 21 21
10 29 26
27 34 53
39 41 52
6 35 19
40 19 60
54 15 29
58 43 12
35 47 63
23 20 46
47 11 35
35 52 38
20 10 38
42 54 32
33 55 62
56 2 42
45 33 3
27 32 32
20 24 39
46 62 26
64 2 35
56 55 1
16 50 63
21 7 49
12 31 35
17 7 2
50 36 33
2 57 10
14 12 37
21 7 46
24 27 60
23 52 34
57 49 61
22 43 58
35 41 1
52 9 48
29 34 11
34 42 22
10 13 13
62 33 48
59 17 25
51 35 45
14 43 49
54 48 31
12 7 57
56 18 49
33 4 8
30 47 45
15 44 33
37 41 37
29 34 52
45 42 49
45 54 52
10 8 32
45 30 53
4 11 35
8 35 27
24 24 46
15 10 62
33 40 20
28 39 9
59 55 35
7 37 3
64 19 18
2 23 51
27 44 35
51 21 8
23 22 47
34 14 33
58 50 18
44 41 34
24 17 44
43 34 43
4 54 41
5 63 7
43 6 11
4 6 48
52 54 17
50 1 53
60 62 57
33 26 40
18 35 32
46 39 22
23 22 27
40 1 26
56 32 5
30 8 25
57 44 58
17 2 6
51 10 61
33 36 50
17 21 38
46 23 13
18 51 12
41 23 60
32 40 30
43 50 57
31 22 46
1 10 30
19 33 24
47 7 40
19 33 47
46 15 22
3 37 6
44 7 43
44 21 55
20 61 52
17 34 42
15 50 8
45 22 22
39 39 57
3 9 33
26 3 9
35 54 13
43 21 6
13 46 18
29 57 41
8 8 28
47 31 12
13 28 54
27 58 19
53 43 7
48 39 29
64 4 12
29 37 61
46 26 13
50 37 33
21 36 62
34 25 17
12 7 41
10 50 45
36 25 10
5 6 31
21 62 61
44 21 8
58 7 2
36 10 47
37 29 31
43 30 19
55 23 26
10 4 11
37 30 15
45 34 28
52 37 15
35 18 33
23 10 25
18 9 9
55 23 55
7 9 50
23 35 34
47 60 47
36 1 14
23 24 27
9 47 42
39 58 29
45 50 56
6 10 30
45 53 15
10 62 18
4 42 1
46 20 30
3 15 30
46 41 14
38 56 18
46 25 32
49 34 47
34 16 39
13 30 52
58 46 3
45 17 53
25 6 16
47 48 48
46 17 47
35 25 14
9 56 10
5 26 18
29 39 27
17 1 5
1 52 19
19 22 49
61 33 28
17 48 59
26 12 4
56 7 30
27 58 45
60 16 11
30 50 64
18 44 2
6 29 41
4 64 1
47 6 35
11 15 1
43 64 44
35 32 49
51 8 5
21 57 60
39 1 44
44 59 18
37 8 60
6 19 42
8 36 11
14 37 62
7 2 33
4 64 45
15 63 31
37 20 52
15 18 7
16 42 33
17 29 43
53 44 23
20 48 60
20 40 53
24 2 18
7 48 8
42 60 31
1 38 44
48 6 37
16 25 6
60 59 60
5 40 54
50 42 19
16 8 51
52 5 47
46 38 12
54 49 10
64 25 32
28 50 33
42 47 33
34 12 53
56 50 21
24 28 22
56 4 56
21 49 31
42 29 37
9 6 13
11 59 33
44 37 35
63 51 44
42 26 1
13 39 19
64 19 22
62 43 26
36 18 2
38 19 11
46 41 26
42 62 25
61 63 61
61 46 28
56 8 30
35 23 28
60 61 28
8 37 24
21 12 52
19 8 64
33 49 24
45 51 12
53 11 57
38 24 7
37 35 63
30 55 61
56 37 55
58 44 4
42 41 60
30 52 39
42 34 28
50 18 27
3 37 14
8 46 37
28 27 37
54 58 13
36 23 55
55 40 4
53 27 50
50 23 61
61 39 36
18 58 16
43 46 38
46 54 26
7 34 15
60 45 3
22 21 24
48 3 38
30 25 31
3 50 24
58 22 12
14 19 37
35 57 42
36 63 47
44 28 49
37 17 2
33 12 10
12 43 20
39 46 15
25 57 6
16 36 54
57 20 13
53 40 8
14 62 7
44 22 10
45 20 48
45 12 6
46 55 47
62 36 62
23 14 11
41 14 45
63 54 6
27 20 10
9 10 49
26 57 57
62 36 27
20 51 17
53 27 40
31 28 44
50 28 22
16 42 42
49 39 16
24 26 22
7 36 60
58 13 21
41 48 61
21 37 49
14 17 41
45 42 33
33 56 41
22 27 62
3 32 16
46 40 60
45 42 24
53 36 55
8 44 40
1 2 17
64 48 6
60 19 30
12 44 51
29 15 36
58 36 17
5 37 62
25 1 5
40 11 2
24 31 12
53 1 27
23 13 7
42 29 26
26 17 60
49 48 4
26 12 53
46 24 13
12 22 64
2 22 53
49 50 33
47 35 60
21 11 56
46 9 26
34 2 61
11 39 27
18 47 2
40 18 2
39 34 25
6 52 31
47 44 41
58 28 42
52 46 29
36 39 39
31 28 40
32 25 11
16 49 9
11 27 57
13 64 37
15 41 4
15 3 27
31 2 17
45 49 5
34 64 27
16 32 47
18 48 11
7 16 37
13 55 16
61 39 46
33 60 35
61 16 36
11 51 12
12 29 41
17 48 3
64 33 20
1 7 25
13 2 63
30 16 58
48 28 45
60 49 47
19 13 60
50 43 7
10 6 64
32 45 29
11 60 28
52 1 32
12 35 42
32 52 63
60 26 49
22 56 41
30 34 37
26 49 63
20 46 28
15 45 34
47 14 27
62 44 41
22 60 37
8 42 26
54 27 20
12 22 45
1 13 12
29 59 28
11 13 17
60 34 5
43 40 31
7 25 6
64 12 21
60 36 4
53 3 33
9 25 20
29 25 30
57 37 64
34 16 48
55 34 19
12 11 40
15 36 21
25 53 21
46 35 20
6 38 41
47 21 47
56 23 1
14 12 49
45 32 23
14 21 62
10 21 55
11 56 44
28 30 40
52 57 56
37 57 45
9 34 7
63 32 3
50 56 10
47 3 12
59 19 49
41 15 13
27 5 56
43 29 44
26 46 41
10 23 1
14 27 14
47 64 44
7 17 48
62 41 10
56 40 57
53 12 30
17 10 36
47 26 61
35 23 32
63 60 28
34 42 5
25 1 5
15 24 55
27 5 52
19 20 12
16 31 13
2 23 20
17 46 60
11 24 15
43 43 48
34 30 41
12 6 13
29 64 60
16 52 62
41 53 49
50 36 6
62 2 51
1 56 45
6 56 61
41 18 13
3 16 20
12 36 24
45 37 31
6 16 3
48 51 45
34 55 49
44 62 61
12 48 29
8 49 40
10 45 32
3 35 46
12 2 60
6 38 11
54 43 23
33 26 15
43 16 42
17 10 57
25 58 37
59 50 17
7 8 25
8 35 19
24 49 47
18 54 40
43 63 41
43 29 5
8 37 32
63 39 1
61 22 58
6 15 23
33 8 39
35 11 42
35 6 29
1 2 44
57 11 23
30 40 3
45 5 58
24 50 2
51 36 11
64 27 41
25 57 11
60 28 8
25 64 59
13 32 36
37 51 24
62 1 15
33 39 31
18 33 27
1 7 4
33 49 38
23 49 10
31 51 33
30 58 47
18 27 46
61 4 55
1 5 63
58 28 50
58 42 55
22 43 6
64 54 17
7 36 5
40 27 20
3 12 27
29 49 37
21 16 30
13 51 5
5 1 50
2 49 21
39 37 35
31 34 61
21 58 35
30 45 17
20 64 64
3 33 15
62 9 31
32 14 20
30 3 30
7 41 35
26 62 11
35 15 63
16 41 3
8 50 31
16 45 28
64 55 9
27 57 38
52 25 14
7 52 24
17 45 47
11 18 59
42 61 32
45 1 30
51 46 27
14 21 19
44 62 1
13 13 30
49 11 14
46 29 38
51 58 14
56 22 7
10 46 42
8 18 5
64 44 8
10 14 52
30 18 3
6 29 29
42 52 6
44 4 48
56 19 62
25 34 60
40 31 12
19 38 7
20 18 34
24 44 8
28 60 32
36 44 11
9 50 19
6 47 40
37 29 11
9 60 54
13 25 7
59 35 28
5 50 46
61 38 44
1 63 39
25 53 11
62 19 48
46 33 57
33 29 28
2 64 20
47 22 13
5 18 62
57 11 41
10 21 55
44 44 56
52 44 32
43 25 13
23 10 63
38 31 22
43 28 47
27 44 18
27 48 55
32 22 17
16 17 32
40 2 6
24 59 39
7 9 30
10 46 44
12 60 64
46 56 29
63 29 54
23 31 5
14 27 53
25 17 34
2 46 50
28 19 18
42 52 35
48 20 3
20 36 16
27 10 42
52 38 39
20 63 64
64 5 8
41 11 26
20 53 25
41 39 42
45 41 52
39 31 11
58 2 37
31 11 10
21 43 57
55 21 11
13 11 31
18 61 32
51 14 4
62 61 51
18 15 4
2 40 41
39 45 18
17 22 27
45 35 18
11 59 1
7 54 22
23 43 15
61 12 48
36 12 53
46 29 17
1 47 19
56 40 64
36 27 19
24 23 5
12 17 21
9 62 38
22 36 2
36 8 45
30 34 56
27 55 6
58 62 25
58 47 9
13 20 32
62 25 64
19 25 56
39 41 5
21 16 38
28 25 33
35 33 10
57 56 43
22 58 42
18 5 47
36 54 18
61 43 13
31 62 9
30 17 19
18 64 30
7 4 61
43 16 39
38 17 24
5 62 64
12 45 12
8 21 38
51 35 17
6 25 64
15 31 32
54 37 25
21 33 25
62 8 26
34 20 26
48 1 53
1 30 56
8 34 42
51 38 39
53 13 12
13 25 54
52 44 47
34 48 45
16 35 50
59 34 47
4 56 32
30 53 16
56 57 42
57 11 28
11 53 33
63 50 56
61 39 51
40 45 50
30 12 20
55 4 18
22 25 10
28 33 38
35 15 11
53 14 44
35 44 10
12 57 58
49 1 47
36 53 1
56 35 54
3 26 32
57 17 36
6 23 32
63 54 62
31 63 54
7 42 5
44 16 64
30 28 41
26 53 55
17 18 14
44 61 17
14 2 26
18 12 35
1 25 38
19 17 5
41 58 16
47 3 51
54 30 13
8 30 15
16 40 47
10 24 40
59 61 47
48 51 51
19 6 54
9 63 52
45 25 23
37 2 13
3 32 42
42 44 16
23 34 12
4 58 8
36 62 59
5 35 38
44 30 24
62 50 6
23 46 3
42 57 35
7 32 3
10 23 61
31 29 39
27 8 45
39 15 38
21 26 1
29 16 15
8 42 22
17 40 15
9 8 12
10 18 10
27 37 58
43 12 22
40 58 33
5 63 39
64 43 9
24 36 32
27 7 3
20 44 19
11 3 38
13 49 27
12 14 3
17 19 42
33 59 42
1 51 33
54 6 12
38 55 19
6 50 63
6 10 59
61 41 39
49 10 23
63 63 56
36 15 18
43 45 13
57 61 55
30 11 18
44 16 49
30 39 53
3 49 1
18 9 54
32 26 25
58 56 55
19 33 53
64 9 13
53 43 48
43 41 35
9 34 60
35 64 7
58 50 55
25 58 33
52 24 9
2 6 37
53 10 39
51 62 25
44 19 13
25 34 51
4 13 29
34 31 41
10 30 8
7 36 34
9 3 62
59 4 50
47 1 40
38 41 22
30 54 18
55 51 63
44 25 53
59 26 3
18 5 45
46 54 21
9 17 51
6 62 48
17 29 4
26 19 54
13 58 17
32 60 51
29 6 31
1 64 13
17 1 28
43 30 11
13 23 23
30 42 26
44 34 62
60 62 60
13 22 34
10 62 64
17 39 35
62 44 25
64 7 51
16 38 41
8 54 47
24 17 48
53 2 33
33 32 8
52 8 2
21 25 4
19 22 37
27 44 64
50 63 39
54 43 4
56 21 61
26 38 51
62 61 10
19 4 29
24 23 15
13 47 42
49 41 17
9 60 38
43 33 63
8 19 41
41 35 56
35 8 19
37 10 30
25 53 33
19 43 60
1 34 43
55 55 15
32 59 61
31 10 63
44 3 53
37 44 6
23 25 15
57 63 33
49 46 4
40 36 32
60 27 15
31 22 57
11 45 43
59 33 37
42 48 25
51 34 13
41 64 2
6 5 41
14 60 37
26 44 56
10 62 45
6 22 62
42 29 48
60 51 54
4 33 46
14 17 23
19 28 26
8 47 8
33 14 24
45 12 3
60 25 23
46 13 26
11 28 19
31 60 5
61 50 55
42 52 20
46 30 30
32 11 20
9 45 16
45 38 7
7 12 1
49 34 53
12 60 43
32 48 46
52 21 44
16 59 31
19 46 24
2 11 1
16 11 38
35 28 1
13 31 28
49 55 49
12 5 50
25 12 28
33 17 42
46 46 2
23 16 25
61 7 43
54 9 1
25 42 23
12 12 16
28 32 3
62 30 1
34 50 58
56 20 5
30 32 64
31 1 48
5 54 40
3 11 47
9 3 4
36 2 44
44 56 39
13 1 51
5 58 45
46 43 5
9 36 64
23 10 40
63 7 10
5 28 21
24 53 45
61 32 49
58 42 63
26 52 26
48 40 19
20 49 14
55 35 30
47 57 61
39 29 52
4 37 6
48 9 39
23 27 3
4 34 54
44 64 5
28 54 64
32 40 32
61 29 25
3 4 9
45 43 24
59 56 53
33 27 47
26 39 12
12 53 18
14 52 39
57 44 9
58 37 25
15 3 37
19 36 51
31 6 42
26 39 31
7 32 47
1 37 32
11 34 11
6 59 14
15 15 64
55 8 42
20 11 32
24 35 39
64 12 30
29 14 58
34 36 46
17 49 57
45 45 53
32 46 32
16 43 49
21 11 9
24 21 14
27 22 13
1 6 13
6 57 44
33 40 60
55 25 33
26 36 61
19 9 3
27 56 19
5 42 46
49 5 29
35 38 19
45 51 20
33 1 53
30 3 39
18 30 14
28 57 42
54 6 29
64 10 33
46 30 4
35 52 23
15 33 32
59 45 1
2 17 27
48 45 61
38 39 27
24 43 35
41 53 17
35 18 27
45 6 60
57 43 24
36 25 26
46 60 12
52 22 10
59 21 27
41 60 42
48 12 26
28 2 57
32 47 18
14 56 38
36 37 18
49 27 5
15 35 29
44 12 14
35 61 60
52 9 53
40 5 14
20 6 27
6 29 52
46 10 5
17 4 25
41 50 23
30 21 34
62 58 13
47 55 64
23 32 25
26 43 30
57 42 51
57 12 25
63 12 50
28 49 28
4 53 59
10 64 6
13 17 63
59 11 59
52 46 44
49 16 39
32 13 6
7 55 11
6 16 9
4 1 58
59 63 15
62 28 33
48 27 24
1 49 23
1 11 45
8 11 57
26 16 54
63 9 49
2 5 59
15 5 38
29 31 10
44 11 42
2 19 6
64 61 24
26 58 9
34 41 59
36 41 55
10 7 26
56 27 26
37 55 25
50 25 32
6 30 35
44 27 34
36 56 60
27 42 60
17 50 57
39 28 28
63 13 18
62 42 58
23 14 44
5 56 12
16 2 6
5 20 29
49 46 58
55 13 44
44 60 21
7 40 30
37 26 1
30 34 22
19 47 60
16 27 51
7 8 59
37 54 38
12 24 47
45 16 31
32 36 20
13 63 40
45 57 31
58 31 18
51 47 24
17 54 17
34 56 40
27 46 20
31 8 33
56 27 28
18 11 34
57 56 39
43 52 38
19 48 22
60 36 4
37 28 50
58 8 50
50 42 4
29 50 45
38 47 25
13 33 25
61 16 24
8 13 24
29 20 43
5 31 59
17 64 22
61 36 39
55 50 37
46 42 2
4 62 23
6 28 18
13 55 9
49 33 26
34 36 17
3 7 23
56 46 23
22 16 18
59 11 28
40 15 29
47 54 5
59 3 21
34 26 53
35 56 35
3 3 56
1 38 43
33 10 27
60 2 36
37 6 61
15 35 56
21 33 35
41 46 48
34 13 33
40 14 38
15 10 61
16 39 38
57 30 11
37 36 37
29 58 27
45 40 29
35 26 59
60 26 43
28 4 3
18 4 64
21 27 5
45 57 8
40 40 33
33 45 14
54 32 46
23 24 19
7 39 43
51 23 40
60 5 32
24 37 63
35 61 21
10 48 3
57 51 36
11 28 11
45 27 5
10 11 35
58 26 33
19 57 2
62 20 13
55 41 31
13 27 60
54 13 19
38 46 43
39 59 39
35 64 10
24 24 32
64 51 64
14 9 35
20 42 57
40 16 20
58 3 49
20 64 15
16 15 45
23 20 9
60 40 44
53 13 62
52 42 37
61 1 19
33 64 63
25 23 18
34 49 31
14 11 34
4 10 42
55 5 14
51 45 26
41 16 33
10 33 18
15 54 50
51 33 40
13 17 25
1 23 23
13 52 63
18 19 19
15 55 5
30 3 27
18 42 34
22 56 29
26 53 29
52 52 53
53 25 40
29 17 43
2 47 25
11 3 48
30 2 18
2 14 59
44 6 31
14 44 11
39 2 32
47 1 23
51 43 3
37 20 42
22 17 40
11 36 9
30 28 52
48 26 16
9 24 36
41 27 30
42 43 48
10 42 1
18 37 43
5 53 37
38 37 43
23 40 10
3 37 12
41 13 25
50 18 18
26 3 63
30 46 39
23 23 5
5 3 60
11 63 9
13 40 33
18 43 26
15 39 14
8 20 20
33 8 43
54 47 64
56 52 41
16 51 22
20 22 54
22 32 27
21 7 10
15 10 33
59 26 2
2 11 35
47 35 12
31 53 48
64 8 26
49 18 14
57 24 35
36 36 27
61 45 18
7 54 21
16 42 46
30 27 9
36 39 42
47 21 4
26 33 49
63 32 58
35 52 13
38 28 24
36 18 61
52 18 56
61 18 1
46 14 56
14 29 14
1 50 44
41 23 37
38 44 55
5 54 54
1 36 8
19 28 55
52 1 45
22 5 15
58 61 20
16 9 21
41 59 63
56 31 55
23 18 4
53 41 21
2 42 48
55 21 11
63 18 6
15 50 50
24 58 43
6 55 23
60 13 16
53 11 35
26 63 17
13 47 6
63 26 14
34 35 36
19 46 38
57 19 47
9 3 37
39 59 23
34 9 51
33 30 59
38 21 60
36 53 14
8 37 8
50 28 26
4 30 17
32 22 40
60 30 24
55 62 8
25 29 32
46 35 1
28 12 17
58 24 46
33 45 23
33 17 23
43 63 45
39 5 19
15 45 30
10 42 16
8 34 47
58 36 58
14 60 21
22 29 62
9 53 1
44 54 5
63 37 31
53 17 26
55 32 28
18 14 26
23 55 6
20 13 5
21 64 34
7 36 63
48 42 33
8 2 61
54 19 4
38 61 62
38 29 12
58 14 2
46 61 34
48 13 1
3 27 63
50 46 2
58 26 60
25 39 47
38 14 23
34 16 25
48 3 1
13 60 30
13 27 51
3 57 37
15 26 48
44 59 8
28 54 37
24 48 48
51 22 54
22 62 13
28 12 36
63 20 52
28 29 48
22 53 10
36 46 60
35 35 43
4 27 47
53 48 44
11 11 8
30 58 20
6 21 47
26 54 48
31 2 20
13 10 13
41 20 63
42 1 10
22 61 47
40 8 20
2 15 24
11 2 52
24 42 39
2 1 31
49 57 57
7 2 1
58 28 45
43 7 39
14 34 42
8 54 58
50 48 15
29 23 44
42 1 2
57 53 42
40 21 50
26 2 48
53 45 48
44 39 51
39 3 32
24 4 58
30 24 14
23 46 53
32 47 12
9 20 9
38 60 44
39 27 58
45 30 11
52 42 5
49 20 1
6 57 30
18 49 32
1 39 56
30 11 25
1 47 29
3 46 53
60 35 64
7 60 18
3 29 18
7 39 4
26 50 8
3 35 19
45 38 26
53 19 3
27 24 1
60 39 12
8 40 34
14 29 35
12 56 8
29 46 26
51 42 6
31 33 46
31 39 26
32 47 8
20 1 30
13 46 10
22 47 28
46 6 55
3 58 28
61 57 61
26 55 41
41 25 21
41 3 45
3 61 40
7 1 42
25 32 63
38 47 10
51 48 38
36 9 9
40 51 46
9 33 24
36 14 9
27 10 31
23 58 30
5 44 22
35 61 44
30 26 64
7 55 13
37 37 60
38 53 34
13 41 37
14 3 53
14 44 18
29 19 20
28 4 7
35 47 19
51 35 38
4 29 5
19 21 46
39 51 35
24 14 9
25 14 29
34 25 52
44 59 28
54 16 50
10 12 40
27 27 39
31 14 26
4 7 36
41 57 3
16 31 29
63 45 57
55 11 56
54 41 36
26 45 14
14 63 2
30 17 62
21 3 2
56 10 55
29 36 51
55 9 52
26 9 6
61 46 31
43 36 4
42 17 15
38 9 38
52 61 35
56 48 43
46 41 52
47 30 40
44 15 47
32 20 2
57 1 2
22 35 22
14 18 18
54 38 14
59 61 59
1 61 56
21 28 36
3 1 48
59 26 28
14 35 19
20 6 53
7 10 17
15 1 46
46 10 17
62 44 52
17 59 4
15 64 6
17 13 62
14 26 16
34 55 40
55 7 47
34 40 30
55 28 1
32 33 7
58 21 23
21 8 60
31 39 34
40 32 42
8 41 42
56 8 28
1 59 63
32 32 13
51 46 14
22 29 34
35 17 20
43 52 22
26 23 8
61 9 41
27 7 44
13 40 11
12 30 18
13 63 3
2 25 30
31 35 7
31 17 30
6 17 46
5 37 47
49 46 16
3 63 23
38 6 35
31 59 62
13 28 53
54 45 44
13 30 52
31 20 24
34 41 27
24 50 49
26 32 64
24 44 15
34 34 21
57 49 15
47 15 30
63 30 22
10 7 8
21 9 62
8 40 22
32 48 47
25 37 62
60 52 29
28 3 48
1 46 45
25 33 62
58 31 64
8 37 49
46 34 9
31 43 24
24 3 28
41 10 38
4 31 14
49 63 51
49 28 49
3 40 50
41 64 46
20 51 46
4 41 17
3 41 51
20 37 56
41 14 8
2 29 52
34 44 46
57 49 19
33 28 25
50 8 54
8 32 7
10 25 11
24 17 10
55 11 1
56 44 41
5 42 63
37 50 12
7 28 4
46 10 30
11 56 53
61 5 60
23 51 16
25 39 24
56 56 40
43 44 34
36 29 63
8 30 20
11 59 35
27 8 13
34 31 32
14 1 58
58 4 53
4 47 64
49 60 10
47 39 13
40 51 52
63 29 17
31 37 7
11 20 7
52 47 30
24 48 26
44 24 54
3 37 22
51 20 37
36 40 3
5 36 62
44 4 48
57 12 12
17 37 17
38 34 37
56 6 39
57 45 36
56 24 10
59 23 49
29 8 45
6 12 20
18 10 57
9 11 15
23 2 8
59 36 44
64 35 23
59 61 12
26 8 12
46 58 39
4 64 64
17 63 63
7 27 2
43 39 6
22 10 32
10 55 14
50 17 37
60 28 45
8 20 51
5 64 25
23 28 56
7 60 40
58 61 26
9 6 64
58 19 54
13 39 59
35 24 9
1 30 55
55 40 42
6 13 58
6 50 32
45 30 63
2 45 60
63 47 50
14 36 49
56 16 14
1 24 26
29 58 39
48 47 23
5 55 28
42 25 33
42 49 55
60 40 37
20 38 23
47 58 45
8 10 14
2 6 7
52 24 31
13 59 22
6 11 24
20 63 6
8 27 11
50 31 42
31 38 17
62 56 29
50 58 51
11 8 48
53 18 10
40 10 54
40 47 14
17 7 52
16 42 14
64 8 63
38 41 2
57 21 63
55 30 30
32 1 17
64 16 35
10 13 43
11 57 34
14 22 40
55 58 9
25 11 43
38 19 7
11 45 64
12 16 8
64 59 41
56 3 47
53 61 61
22 34 8
59 59 3
21 15 40
32 23 41
22 6 3
46 29 55
11 3 56
16 55 25
50 18 57
34 23 12
4 63 38
44 23 58
26 34 53
6 59 55
52 7 1
46 47 8
24 3 8
7 5 8
33 53 42
54 23 26
34 10 64
56 47 36
45 55 34
28 46 22
63 41 6
44 36 51
27 4 43
15 58 10
4 35 63
44 64 55
60 44 1
44 25 47
13 48 27
20 62 29
64 58 26
49 28 14
13 25 4
51 10 12
59 3 14
7 28 47
32 60 51
62 40 50
25 47 28
39 33 57
36 38 6
40 45 28
60 40 59
2 46 46
58 53 18
45 1 5
3 52 34
43 36 54
22 14 26
63 7 8
51 63 2
43 22 8
16 3 22
49 7 52
19 31 42
16 56 33
1 27 53
61 26 29
22 6 61
2 54 53
4 35 38
22 34 7
32 8 55
6 19 3
30 52 4
52 24 63
53 64 26
13 23 4
5 64 43
56 42 12
17 31 34
36 38 52
51 25 48
26 27 22
34 50 36
58 11 27
43 9 33
29 33 8
55 19 57
25 11 41
58 64 36
56 7 51
53 7 49
14 5 56
32 44 19
16 31 46
6 45 3
23 32 46
46 57 43
44 21 30
18 62 19
64 34 17
35 36 42
19 57 2
55 31 46
52 11 5
17 43 7
32 14 49
52 7 34
55 35 57
48 43 40
22 9 64
13 18 27
26 44 63
53 40 9
47 30 56
24 2 64
49 55 22
31 64 28
61 60 6
21 23 36
30 47 31
41 23 19
3 23 17
37 42 30
20 46 45
36 43 28
56 29 29
1 5 58
25 57 60
56 43 37
40 58 32
14 16 36
49 41 15
41 34 52
46 28 55
21 20 35
48 61 40
43 63 10
20 48 33
61 33 33
30 2 32
11 23 45
35 52 37
13 39 63
13 3 33
6 24 58
24 64 27
55 10 46
36 21 32
58 33 32
21 24 51
3 4 62
61 52 37
13 47 31
61 25 53
55 4 16
34 24 24
12 59 16
41 17 55
61 55 16
2 64 17
1 46 14
53 53 49
58 4 17
62 25 40
48 36 53
41 48 33
40 20 60
29 50 2
25 21 12
8 58 39
11 8 58
61 48 42
42 55 20
64 36 43
14 40 36
49 40 4
18 55 57
47 48 56
41 5 40
1 23 13
31 9 34
39 18 45
20 22 7
24 37 3
50 50 64
1 20 41
61 14 13
36 55 28
48 28 43
17 64 24
3 54 59
58 45 4
7 35 50
34 49 26
35 33 27
45 49 53
58 36 24
4 58 21
17 19 64
39 23 4
9 2 17
33 10 35
4 6 8
11 11 53
19 51 41
8 26 10
2 41 3
37 60 44
41 49 54
39 24 24
24 28 61
62 1 3
47 19 44
31 1 25
26 15 34
44 44 6
12 29 6
35 36 55
38 41 25
50 3 37
47 64 16
8 31 23
36 6 43
1 19 50
24 8 54
6 14 54
56 28 54
21 52 60
50 29 30
25 57 8
59 32 34
37 22 32
9 23 16
53 58 39
56 4 6
59 60 4
19 32 8
4 40 5
42 16 39
64 60 50
6 31 48
57 26 7
6 45 64
45 5 48
32 60 43
23 6 18
32 44 6
7 35 26
58 22 46
11 39 54
29 14 34
64 27 57
37 28 56
24 41 10
31 6 55
38 39 56
53 63 7
33 10 4
25 45 38
30 49 37
55 13 58
27 1 23
10 30 5
52 46 61
41 60 63
18 35 6
3 20 54
8 41 39
62 42 48
28 59 20
31 32 48
8 16 18
42 21 20
28 45 13
54 52 51
2 11 29
9 25 58
17 61 39
48 38 3
20 59 38
52 61 2
47 22 14
37 2 16
19 35 11
63 17 3
58 38 35
2 28 29
37 61 46
33 28 33
61 26 39
59 20 29
28 33 3
46 6 62
19 31 56
3 42 37
38 4 37
27 61 51
50 64 51
21 49 5
22 60 39
54 41 50
51 3 56
39 48 26
44 53 26
1 24 59
25 38 11
24 32 30
13 1 45
49 55 33
3 36 4
48 57 35
40 37 50
64 59 25
43 18 37
33 11 47
38 22 17
35 19 59
50 4 47
1 51 34
44 12 22
63 64 17
15 64 15
15 18 15
40 4 17
14 39 19
34 54 60
43 32 25
8 53 21
52 46 27
8 37 1
46 45 4
57 8 9
59 14 59
23 52 7
43 9 49
9 38 54
11 53 47
36 63 63
13 40 1
63 61 12
5 22 10
49 62 15
21 30 5
17 19 48
15 50 57
17 47 27
29 5 29
61 36 54
37 60 10
47 7 52
2 18 62
60 34 52
40 32 20
30 54 24
39 50 50
33 33 17
35 12 47
41 61 33
48 17 58
52 54 16
49 15 18
21 34 8
56 46 61
51 46 37
11 26 49
34 23 3
9 55 13
12 25 63
59 4 4
21 29 10
22 41 4
12 9 53
55 44 14
10 17 16
4 46 55
20 16 19
2 61 3
46 3 19
33 46 53
33 39 18
20 55 5
25 45 55
61 48 48
39 47 63
41 10 9
14 36 9
12 29 53
36 58 31
25 52 13
6 57 18
5 29 31
26 57 58
10 16 47
43 26 9
13 11 23
36 13 45
20 33 64
18 29 56
18 42 33
37 46 26
11 61 50
36 17 40
32 6 50
2 47 10
3 61 30
64 47 31
63 1 51
59 42 15
38 62 20
46 25 44
59 60 59
1 61 15
18 63 57
26 32 39
62 51 43
11 33 2
15 46 53
58 3 10
25 40 13
64 20 33
22 2 7
12 25 17
58 23 47
15 33 32
33 28 3
26 41 28
59 64 40
29 34 6
63 40 57
44 44 50
6 11 52
30 23 53
41 52 8
20 63 23
10 29 58
25 16 4
11 14 40
25 15 55
28 27 31
23 59 31
25 1 37
42 22 50
21 57 15
61 33 20
49 16 35
62 62 56
41 3 40
45 10 57
62 26 56
39 47 62
63 4 60
62 3 40
17 3 38
58 13 54
12 2 23
23 57 10
63 40 16
34 59 53
21 31 53
25 7 44
35 9 42
4 21 1
6 32 17
10 50 28
40 15 23
26 7 12
21 22 27
60 12 49
11 44 28
54 16 18
40 15 59
6 7 32
63 57 8
18 8 27
51 60 42
9 47 47
63 47 47
53 49 50
4 22 12
52 15 38
58 31 12
10 9 51
25 24 32
52 11 13
57 40 39
55 30 47
61 54 61
25 50 60
19 5 60
30 10 36
10 1 49
61 62 20
9 47 31
44 12 36
23 42 11
39 36 23
14 26 13
30 25 33
28 11 53
38 46 63
40 5 57
63 21 13
7 49 2
52 7 35
54 30 10
55 62 5
55 17 18
60 9 51
45 3 25
55 26 57
5 36 22
45 1 33
18 40 52
27 42 19
27 58 16
16 43 45
12 17 24
16 12 34
16 7 10
31 25 59
37 9 28
51 15 62
34 54 41
48 51 28
42 2 6
18 38 63
49 16 19
38 22 25
42 57 39
53 55 2
46 14 35
2 10 1
54 15 56
2 44 42
6 33 63
18 19 46
7 41 29
4 36 54
25 45 60
46 4 44
20 63 34
18 57 26
9 23 31
7 39 58
22 63 36
10 9 21
53 32 56
36 17 64
14 58 13
14 64 48
5 39 35
16 33 4
43 23 30
60 17 60
32 34 40
15 58 56
10 42 51
15 24 50
38 57 63
49 35 57
55 17 34
9 4 56
47 44 4
28 64 3
48 35 18
10 30 23
20 26 37
49 6 47
23 52 47
30 22 43
6 45 34
4 12 22
25 6 37
12 32 42
16 34 25
21 58 34
59 27 49
33 45 30
15 32 39
30 54 17
55 11 2
60 56 7
54 50 34
43 45 2
62 46 45
5 47 7
28 20 50
55 41 4
25 63 52
14 40 20
14 42 43
53 48 39
30 30 8
28 27 6
8 25 17
47 12 55
36 29 10
40 62 24
12 36 29
51 7 60
45 36 55
29 24 9
53 60 54
17 45 26
54 38 62
32 17 30
21 50 17
28 48 26
50 27 15
59 50 17
46 22 11
27 21 33
34 9 24
55 42 46
42 29 21
16 8 16
35 50 28
17 1 10
26 45 37
46 60 43
27 35 47
11 52 58
35 39 37
60 37 3
34 51 19
49 60 44
31 34 2
8 44 48
21 58 34
31 11 54
12 61 30
21 31 46
25 12 11
26 60 60
54 59 14
39 7 13
59 27 16
29 7 41
64 51 11
10 57 20
8 56 34
62 57 21
28 55 10
59 23 16
52 50 43
53 24 52
36 1 47
25 14 30
58 45 14
8 41 63
24 44 7
56 8 7
53 63 18
31 41 46
11 60 36
37 62 41
14 8 11
61 52 2
40 62 45
26 18 52
45 59 11
12 46 21
12 36 25
44 31 23
12 52 13
48 44 25
62 45 40
6 32 15
43 39 35
20 61 40
1 13 57
17 38 37
39 47 27
42 59 45
49 49 45
58 43 39
24 7 3
35 17 26
21 27 64
2 1 47
36 2 9
62 9 36
50 31 43
7 57 33
63 61 14
32 64 3
20 24 53
21 6 53
10 60 13
52 50 33
35 40 18
2 55 35
6 56 63
13 61 50
36 13 17
12 2 63
50 49 55
6 43 62
20 3 44
3 33 32
59 55 53
48 55 54
13 13 60
21 39 54
38 3 54
21 40 48
21 34 40
11 27 37
4 62 33
30 49 26
7 36 48
52 43 17
21 56 58
3 16 31
25 17 56
21 2 9
23 21 62
48 46 54
53 30 28
7 14 47
19 12 49
19 21 17
54 34 3
34 27 27
18 43 9
9 55 13
55 61 47
51 55 18
6 16 8
26 13 51
9 9 9
13 15 20
25 30 49
28 3 51
63 24 49
9 17 20
63 17 38
55 42 62
62 58 5
19 43 61
62 26 15
61 45 20
34 29 13
9 41 1
51 58 49
56 64 49
4 54 40
58 24 54
44 59 45
62 8 33
7 46 48
6 45 63
27 33 15
50 12 10
49 34 55
14 9 30
5 32 17
24 15 42
55 16 48
14 50 37
28 48 43
62 42 19
53 15 2
5 24 59
24 20 49
37 32 34
52 7 45
60 34 50
40 10 1
25 19 12
38 45 45
19 2 48
43 24 12
3 25 21
59 39 8
59 17 29
8 56 52
3 1 42
56 14 24
6 60 43
47 64 30
44 1 4
16 62 5
10 22 36
17 3 11
63 3 22
4 24 47
22 19 13
34 25 3
25 15 25
62 50 19
39 16 61
28 63 24
51 14 55
13 39 1
16 5 51
12 17 30
21 63 59
22 35 54
11 10 18
23 29 14
53 57 48
34 53 23
50 35 5
11 31 50
49 15 52
5 33 8
58 11 24
63 8 22
15 6 25
5 56 60
5 4 10
10 15 2
8 59 16
15 40 60
51 10 11
1 54 50
39 22 25
38 14 56
19 19 4
41 27 37
31 1 21
48 28 35
35 23 22
45 13 10
13 54 39
12 37 46
53 52 59
63 33 61
35 3 45
53 33 15
1 9 14
63 14 49
46 37 40
41 14 5
17 63 62
57 34 29
44 18 28
17 39 26
43 54 51
27 42 56
6 50 46
27 23 44
27 54 64
5 19 42
28 45 33
26 10 34
51 55 59
36 22 39
38 43 7
16 58 22
23 31 10
14 48 38
41 3 40
57 41 2
60 36 1
62 7 33
4 12 58
21 6 3
28 53 7
30 20 59
19 14 5
46 3 19
2 43 42
57 38 26
58 64 30
50 46 20
14 12 36
24 42 55
18 8 29
41 12 60
51 56 42
40 28 10
47 41 51
11 56 39
29 47 6
35 53 30
21 2 58
47 24 46
42 14 51
4 36 59
19 28 50
62 25 54
10 51 46
14 1 45
17 10 1
7 36 58
37 19 61
49 45 27
64 62 42
5 11 54
14 8 47
4 28 64
43 50 19
23 26 13
11 16 18
50 8 51
46 54 2
50 37 36
19 32 45
36 44 35
18 64 13
16 14 5
56 45 55
41 4 58
24 64 4
4 9 34
8 19 29
21 32 42
50 28 3
34 52 35
26 61 37
56 23 50
15 6 9
34 48 10
64 23 15
24 48 62
17 29 32
38 15 58
41 5 17
29 45 19
35 44 22
62 5 53
4 55 36
9 56 60
61 60 14
34 58 20
63 22 10
33 60 7
2 23 46
60 48 42
54 52 22
32 48 57
36 50 7
26 57 8
32 5 52
31 17 54
7 16 1
61 42 57
30 4 61
32 62 9
2 28 6
17 49 45
23 18 26
64 14 36
57 56 18
7 3 16
7 55 37
14 37 14
38 3 7
1 28 60
7 1 18
56 17 11
20 44 27
49 35 32
33 1 63
42 9 39
12 50 53
42 45 10
59 51 17
39 38 34
31 29 56
63 60 29
52 56 27
63 60 15
53 33 21
12 45 20
59 16 16
51 46 57
48 24 20
10 17 53
62 1 17
4 57 3
52 31 57
31 1 28
1 39 50
30 40 35
16 48 59
24 55 58
9 3 6
26 53 52
34 46 33
62 46 10
22 37 8
6 48 20
18 25 39
33 44 15
42 27 4
29 35 4
43 37 59
40 48 6
42 21 20
61 14 16
11 41 30
25 55 13
47 54 9
62 62 24
8 60 8
55 52 34
12 56 59
28 46 25
2 9 9
16 25 53
41 17 23
50 34 11
13 11 53
9 30 32
48 10 61
46 51 19
2 39 3
21 51 49
27 43 2
48 54 21
62 64 13
33 49 29
41 36 4
3 63 10
35 61 59
54 13 12
46 11 62
17 28 64
7 3 18
48 62 45
56 60 45
46 34 19
46 14 64
58 32 41
40 16 18
23 62 33
64 59 53
15 55 44
51 34 28
12 2 34
18 34 55
14 14 4
10 52 25
15 19 5
59 33 5
30 19 22
20 39 11
40 57 20
36 7 4
58 48 59
49 60 13
33 61 63
2 61 5
4 60 4
56 1 49
4 44 63
4 60 62
40 39 46
13 63 40
33 10 9
51 11 28
58 54 19
38 2 42
15 3 62
17 50 28
51 26 23
61 25 39
51 13 47
38 56 30
43 61 36
17 6 10
52 7 47
14 42 30
43 49 32
2 40 18
48 47 11
59 62 53
1 51 63
16 14 12
61 29 59
1 44 52
41 53 58
64 58 3
14 33 5
20 54 60
51 54 61
63 63 59
45 36 31
11 2 30
48 51 33
39 28 1
51 46 7
44 13 38
59 9 29
50 12 62
44 36 48
31 45 1
47 18 12
25 21 55
8 30 7
19 48 30
51 10 19
59 59 31
55 29 54
63 8 47
53 26 48
46 4 48
38 57 23
5 18 53
33 4 11
10 3 13
1 44 24
60 10 18
2 21 54
6 21 37
59 39 61
42 26 44
48 4 39
38 57 21
12 62 46
2 61 50
15 1 28
39 42 22
30 43 11
6 36 31
61 19 38
23 31 53
61 25 35
60 32 33
55 2 13
33 59 61
45 37 21
12 57 1
36 57 47
26 13 57
42 5 12
60 62 27
20 31 7
9 24 55
2 9 20
54 58 64
18 27 23
42 31 54
44 3 47
11 43 9
45 41 55
24 54 22
2 34 37
42 31 46
15 62 18
9 10 17
55 36 62
37 4 52
28 61 24
23 9 16
59 3 56
19 45 35
25 2 37
9 3 40
28 3 58
8 35 51
38 34 64
36 2 58
24 40 56
6 40 50
28 37 46
3 38 44
59 45 14
21 15 28
32 28 15
13 63 51
18 57 39
39 64 29
25 35 57
10 54 13
58 12 27
27 39 46
26 29 42
39 56 52
51 55 21
51 28 33
51 22 6
52 56 24
43 27 36
15 28 62
29 26 51
12 43 4
46 43 58
56 2 51
43 56 41
37 37 59
53 1 9
43 28 20
33 24 30
40 26 24
24 18 27
42 30 5
55 30 45
64 2 3
37 47 55
59 25 14
56 41 10
10 4 51
36 49 19
39 43 26
36 63 19
1 31 58
63 12 19
46 53 47
4 1 23
45 34 41
39 18 27
18 4 6
35 20 26
31 11 48
52 40 22
44 57 37
24 34 54
37 24 15
37 1 31
51 56 35
43 34 40
58 8 56
40 57 63
56 49 64
48 56 44
29 9 24
12 12 26
60 38 39
58 48 42
56 6 39
17 47 1
17 37 50
45 17 10
42 61 18
35 8 60
39 44 59
10 17 63
58 57 63
54 40 52
16 16 3
55 21 42
42 16 47
30 36 32
41 42 47
41 23 59
21 21 30
2 19 40
19 30 59
44 11 37
64 40 32
48 14 18
19 64 30
45 47 41
44 35 57
33 9 57
47 28 21
61 48 40
52 25 10
25 58 51
47 62 51
35 31 42
62 57 29
26 9 58
17 11 20
55 62 11
15 16 51
16 18 3
16 32 59
50 14 30
50 6 24
36 43 9
48 6 15
53 9 57
48 34 30
52 31 27
13 57 6
4 16 61
6 48 40
57 21 9
41 20 64
58 7 63
21 8 2
42 50 29
26 17 14
8 1 45
57 13 55
29 15 24
2 28 39
4 56 7
44 56 29
62 6 54
36 54 8
3 10 57
51 40 8
4 16 9
26 35 17
54 6 5
14 17 31
44 20 25
16 24 58
6 59 22
53 27 12
44 48 41
6 29 56
53 42 47
51 61 30
26 56 24
23 26 40
39 64 22
41 58 61
30 13 38
32 56 30
58 41 8
60 47 60
22 58 19
57 50 29
29 28 21
33 46 64
49 12 28
36 20 1
53 55 63
5 34 61
38 12 52
56 12 63
3 47 24
22 60 32
62 9 32
48 45 3
2 12 25
13 11 22
3 11 10
6 6 15
63 11 44
61 36 54
36 55 26
41 37 4
36 4 58
15 38 51
59 53 36
64 24 17
3 14 9
35 28 9
43 20 31
41 36 45
3 56 40
51 22 43
52 56 4
10 27 64
18 14 50
61 9 18
55 50 27
64 53 14
31 60 38
3 6 2
43 46 20
30 35 51
42 32 27
25 15 6
33 46 26
39 48 56
46 34 59
49 27 33
52 15 52
62 5 44
41 11 7
61 10 33
7 51 54
4 49 10
13 39 1
16 4 6
31 59 39
33 64 32
28 53 36
47 34 12
55 52 24
37 45 13
51 5 20
2 44 44
9 28 17
28 55 19
51 8 12
58 56 34
37 8 50
1 41 6
13 9 18
22 7 52
34 55 41
61 35 26
15 41 15
58 42 33
35 62 61
2 20 5
22 6 50
40 31 47
17 17 33
6 45 59
40 14 61
37 10 43
15 56 29
6 42 53
54 18 8
60 59 45
50 16 1
30 11 27
25 17 6
51 40 19
3 47 53
50 42 46
7 51 49
28 57 4
54 1 2
12 13 9
11 41 35
34 44 26
42 62 46
8 9 43
5 64 55
15 56 59
40 38 16
7 55 35
62 50 10
22 54 5
11 40 27
63 49 1
62 34 21
40 30 31
3 21 33
25 30 59
58 64 48
63 2 50
51 50 10
46 20 36
24 11 15
44 5 18
24 10 15
2 34 22
2 40 21
59 38 31
5 8 25
36 53 8
3 58 19
62 52 53
31 24 56
28 18 34
11 31 48
39 4 46
47 16 52
10 12 49
63 7 17
46 7 25
23 52 30
43 26 30
19 56 56
25 9 2
2 61 17
47 22 14
4 3 1
28 32 36
34 22 45
13 18 18
20 16 57
29 30 22
25 59 39
35 47 6
57 11 15
21 59 38
27 25 10
42 49 12
1 55 45
30 31 57
61 17 59
50 60 32
43 7 23
52 4 34
22 29 1
49 46 22
38 63 60
20 1 22
30 10 50
50 35 37
10 31 35
11 62 3
51 26 1
3 13 46
53 38 45
56 37 50
60 15 59
26 63 58
39 7 43
17 62 49
59 16 31
10 14 22
14 33 21
31 3 6
6 35 54
5 60 15
47 25 51
12 17 29
42 34 53
64 2 30
26 3 34
4 62 49
10 60 19
47 52 36
14 40 19
53 27 50
28 27 33
6 61 18
17 9 23
27 16 13
13 59 28
1 43 10
24 36 33
25 29 22
46 51 46
37 62 59
52 60 56
51 61 43
38 50 17
29 30 30
48 57 3
50 15 59
20 31 1
9 50 8
22 37 16
37 51 47
10 8 15
21 34 55
10 45 3
3 2 54
22 55 34
33 34 14
52 46 19
47 31 47
64 18 39
22 23 50
37 27 36
50 57 20
32 60 31
7 49 25
50 19 25
43 64 10
4 48 29
60 45 31
29 7 48
2 61 35
25 15 3
38 1 17
38 3 20
47 29 63
19 41 11
30 55 2
44 13 59
19 54 62
48 40 16
15 32 62
23 47 48
19 59 34
3 32 64
41 40 38
13 53 19
51 30 43
35 52 7
41 37 53
2 44 11
29 58 51
37 51 32
6 49 62
54 2 60
5 53 60
19 51 27
10 17 31
37 55 7
56 38 1
10 22 18
22 34 47
40 1 37
5 40 31
23 33 54
14 50 61
60 27 21
41 22 16
53 42 37
64 49 7
53 27 32
29 63 2
11 45 54
29 4 18
5 8 34
9 51 33
39 37 58
41 55 25
25 30 1
54 51 51
27 51 33
11 28 50
28 34 46
11 43 33
62 12 35
10 28 3
36 63 61
41 53 55
34 37 62
16 61 20
15 55 43
19 64 1
53 45 6
45 36 62
43 27 12
28 52 39
5 45 22
28 11 54
51 54 35
36 52 27
23 5 27
44 8 62
9 6 32
31 4 32
1 16 23
22 18 26
21 9 20
9 46 5
52 26 35
9 17 41
25 11 39
21 54 33
45 5 47
45 10 18
1 11 25
39 21 59
23 7 47
59 18 12
13 15 45
37 21 35
2 4 44
36 20 17
17 30 14
35 37 47
47 36 27
42 62 33
46 55 27
60 13 22
48 8 15
13 18 29
60 43 51
60 6 17
28 50 18
20 31 21
63 64 64
19 37 63
15 39 43
64 64 27
10 5 57
59 27 51
2 2 10
4 25 5
49 47 42
33 20 4
41 47 6
44 11 20
59 55 56
8 46 49
41 53 17
6 33 62
47 2 26
35 44 15
43 63 9
62 25 46
30 11 62
3 56 24
63 9 60
41 36 52
50 33 56
8 38 13
39 39 13
62 27 36
54 6 21
37 52 29
27 12 56
44 44 57
44 9 30
22 58 11
63 11 36
38 19 34
25 11 1
44 17 17
45 28 52
64 29 16
28 43 5
13 16 63
47 6 60
39 39 25
17 59 57
54 57 32
18 42 32
5 63 48
18 30 8
62 45 28
24 57 47
57 2 43
15 41 4
16 5 40
39 37 47
29 32 45
9 48 32
59 57 62
15 62 41
45 40 24
22 15 25
41 13 44
37 5 55
63 48 43
38 45 22
5 25 37
23 5 56
46 5 60
49 8 15
33 32 60
6 16 37
36 52 14
46 46 58
64 6 48
25 23 27
10 47 62
37 20 44
19 35 34
5 16 36
23 11 49
19 37 13
38 7 43
59 22 20
60 31 28
8 33 60
28 24 28
51 35 41
32 33 17
4 19 30
8 14 60
6 20 21
54 24 41
32 24 13
39 6 59
63 47 19
51 5 34
37 3 45
15 49 51
14 56 23
57 46 62
28 54 53
51 35 43
8 46 41
28 54 25
32 48 13
34 58 20
38 30 4
58 22 64
3 36 5
2 23 51
42 28 13
24 50 54
25 43 27
1 31 30
10 9 24
19 24 18
32 7 22
59 5 61
7 56 60
50 50 4
51 25 20
30 30 43
38 15 49
30 40 28
37 59 62
4 25 45
53 24 61
42 31 31
9 54 6
50 48 54
12 56 38
60 50 6
31 55 2
29 46 45
56 32 27
51 44 14
31 12 6
54 35 23
59 45 56
5 4 62
38 25 49
16 23 40
30 53 34
25 22 20
49 64 46
51 37 3
3 24 44
34 51 26
28 23 52
50 23 19
62 43 58
27 30 17
57 13 3
43 52 19
1 57 62
55 62 26
54 15 37
37 37 50
38 16 43
32 3 61
53 26 44
17 24 30
20 37 8
45 32 3
24 29 23
28 24 44
32 62 18
16 51 56
12 20 48
7 40 8
57 1 44
7 3 43
24 13 22
19 7 49
57 2 20
33 9 35
11 17 9
22 58 48
29 55 53
53 29 54
8 28 4
5 55 9
48 4 25
26 62 62
48 41 22
62 7 11
45 59 48
54 10 53
32 39 20
60 15 6
9 4 36
6 6 35
30 27 31
1 36 26
22 61 29
11 56 22
61 17 18
41 18 54
3 51 19
32 50 21
62 36 30
16 59 58
12 31 37
41 19 31
54 31 50
37 6 40
1 8 38
22 33 8
40 41 56
26 34 52
45 32 33
49 60 4
39 23 17
48 64 33
8 19 25
53 51 27
49 26 54
43 26 28
22 12 18
38 44 38
31 25 28
32 1 16
5 24 42
3 13 25
35 22 51
9 44 57
30 34 1
42 42 20
13 42 6
36 33 44
43 20 6
19 7 58
19 22 46
47 20 52
60 34 28
29 17 9
58 54 47
29 63 47
1 41 36
59 57 36
50 7 42
9 42 24
33 20 51
64 34 15
34 14 58
6 42 41
25 53 42
59 5 21
18 38 11
39 21 14
11 4 12
54 38 35
39 39 47
13 63 52
29 27 62
4 26 20
48 8 42
51 10 4
14 11 53
35 45 25
27 63 24
6 51 38
63 39 62
42 56 24
12 23 34
16 43 33
53 36 11
61 18 15
20 2 37
51 10 25
60 3 59
28 1 38
31 10 3
64 31 43
32 24 2
40 64 43
4 36 48
44 32 42
35 24 11
39 37 29
61 41 30
56 46 31
38 35 28
35 19 34
19 43 5
11 17 7
29 46 1
34 46 27
15 64 52
40 41 52
55 60 59
50 18 48
37 53 7
22 28 44
38 36 20
1 32 32
18 25 16
37 9 64
26 10 14
53 63 42
59 28 62
59 45 47
35 14 34
59 32 27
10 8 6
61 31 5
38 40 7
56 52 28
24 31 9
60 58 26
49 63 12
10 20 4
20 29 47
9 31 63
15 28 16
28 37 30
38 4 61
22 8 8
37 4 40
1 25 49
12 60 33
44 62 51
5 61 61
54 15 50
22 21 45
57 18 32
44 40 60
27 8 10
58 5 29
7 31 25
34 11 22
14 45 6
11 2 23
48 30 19
13 33 33
43 7 64
27 9 3
9 33 38
4 16 23
6 39 52
62 45 37
64 35 62
34 49 59
25 4 52
6 40 31
40 15 13
4 61 47
42 28 50
42 10 17
35 1 26
44 50 2
59 35 23
48 47 22
13 16 40
62 6 21
15 22 43
17 49 2
34 48 46
54 48 59
34 10 37
47 33 6
6 45 37
19 21 14
54 24 54
62 36 27
3 22 60
15 1 57
1 47 53
17 40 10
37 53 38
59 30 62
10 48 4
18 63 22
7 25 21
11 25 50
43 29 23
1 28 10
6 5 22
44 1 28
62 30 50
41 49 28
62 28 42
8 31 38
50 6 39
43 56 9
48 25 16
21 21 60
60 52 32
38 29 55
21 57 9
1 50 44
18 7 1
19 64 27
30 22 33
30 45 64
54 62 42
55 10 31
36 25 12
56 11 9
36 50 60
60 29 63
63 30 64
32 58 20
22 54 4
8 45 5
46 46 18
3 43 20
3 2 40
13 24 54
27 40 54
53 25 31
20 29 17
19 11 34
64 50 64
38 58 23
19 43 4
1 64 4
61 37 9
55 19 29
49 47 46
29 44 6
44 44 10
12 21 64
50 5 20
39 59 38
55 61 18
59 50 60
5 22 10
18 46 19
35 20 3
31 22 19
41 55 5
63 56 33
58 25 15
46 18 54
63 36 62
4 50 17
19 31 24
41 46 50
27 20 14
42 4 55
62 59 56
32 64 45
29 46 26
14 18 23
43 64 10
64 17 59
4 63 36
29 17 20
43 52 22
38 17 22
1 34 16
37 33 57
32 3 50
6 11 4
7 44 42
57 18 26
13 47 19
16 9 6
10 32 52
55 26 23
37 19 27
12 43 37
47 16 61
55 15 55
14 11 29
62 4 10
18 4 51
50 36 35
61 27 44
3 56 22
44 46 33
52 30 28
60 42 29
37 47 24
43 58 49
31 12 36
57 30 56
9 20 46
64 54 63
30 3 23
57 55 37
28 29 64
22 39 42
20 16 12
2 51 54
14 12 19
29 60 58
21 4 60
33 24 33
49 32 55
53 51 20
2 16 1
50 22 15
3 18 59
23 21 14
49 62 60
63 37 57
10 43 6
50 30 21
37 46 60
22 59 61
9 63 17
6 54 28
29 59 29
29 19 14
36 62 55
37 61 61
64 19 41
24 23 56
13 59 59
7 49 23
20 23 45
15 8 54
44 49 55
46 46 12
48 29 30
43 11 29
13 27 27
31 26 43
48 28 48
17 6 12
16 48 46
59 59 34
28 29 51
52 38 49
20 40 5
30 18 37
2 22 33
9 24 61
7 55 54
61 58 31
40 25 3
48 7 62
17 61 52
47 41 17
44 8 4
49 41 40
7 12 54
4 21 63
29 42 34
54 34 33
38 57 9
24 43 60
4 58 56
35 41 26
25 49 3
58 11 24
28 39 44
48 18 39
64 16 44
13 18 62
54 16 40
53 64 30
31 17 12
55 38 45
36 3 38
20 50 42
36 30 38
6 61 3
45 38 9
26 2 17
58 64 6
47 54 47
34 3 16
25 34 9
40 9 60
51 23 28
36 22 29
3 4 12
31 36 42
38 32 27
60 4 64
55 33 63
22 14 13
36 29 33
58 17 45
10 29 9
63 27 25
19 29 63
23 60 57
61 13 59
4 26 21
29 58 37
7 6 48
57 6 27
24 35 9
52 18 40
61 43 29
1 8 38
54 60 64
60 27 63
9 40 22
54 9 27
21 15 55
53 39 1
22 10 10
4 62 42
49 17 20
37 27 24
52 42 34
58 24 63
35 12 22
62 42 48
44 45 55
47 52 17
10 49 48
30 37 18
32 41 39
63 33 20
12 58 10
52 30 36
57 19 21
39 5 1
5 54 19
17 3 11
46 30 55
52 27 8
59 35 35
47 16 39
33 18 29
3 14 62
58 33 58
7 39 34
24 8 62
34 12 59
52 18 62
57 16 21
3 35 19
36 48 42
55 34 55
25 42 17
63 60 11
26 57 27
30 33 49
31 5 28
61 22 60
45 35 64
7 60 36
19 20 5
21 55 41
12 4 51
60 3 48
56 60 29
1 51 30
51 5 1
41 34 6
20 31 37
2 31 59
59 8 27
19 3 24
62 55 32
41 47 8
23 31 29
2 63 44
50 8 36
47 46 42
5 48 52
3 31 4
34 3 6
33 49 11
16 47 30
34 4 45
45 55 5
7 9 13
5 4 18
12 55 26
7 51 28
52 42 22
1 11 23
31 38 8
16 27 54
25 23 35
26 46 33
44 56 3
15 52 51
50 26 64
63 10 52
45 5 63
7 18 42
46 45 47
3 64 28
60 62 57
31 59 35
55 13 21
8 34 41
23 27 21
22 54 46
4 38 58
25 42 9
24 58 29
54 61 22
1 12 20
54 4 23
61 43 36
39 33 45
63 52 41
48 49 1
37 30 46
22 58 56
47 56 54
2 23 45
40 38 62
54 28 44
49 56 8
39 24 46
3 26 52
34 35 45
49 21 19
58 62 33
60 64 46
57 52 30
23 45 41
46 60 32
44 25 50
42 26 63
20 1 46
9 34 23
3 54 50
13 48 37
34 12 54
10 55 50
50 62 24
57 26 3
61 25 47
55 60 35
60 21 22
50 36 12
63 43 34
15 22 2
46 52 13
12 39 62
26 50 42
59 25 35
37 27 28
6 10 4
22 17 64
28 42 17
23 44 27
43 25 29
33 21 25
4 30 64
22 63 4
12 13 18
29 23 36
12 50 13
36 46 30
11 37 32
38 61 27
29 29 3
61 53 63
53 11 43
34 29 42
1 7 38
52 27 53
43 38 28
39 8 20
47 8 57
36 32 52
63 15 52
21 38 33
34 8 62
1 40 27
13 13 53
37 30 2
38 11 42
48 18 40
61 33 42
8 10 10
54 21 58
64 31 34
28 22 39
54 30 36
12 43 45
62 24 45
33 31 4
62 49 29
56 37 62
59 60 13
33 19 55
49 3 60
18 25 10
23 55 10
17 26 35
36 32 33
23 15 13
25 60 60
59 10 62
22 17 17
32 8 18
40 15 2
63 27 6
63 47 2
12 33 64
46 21 32
39 3 57
35 17 34
64 64 48
53 4 9
18 20 36
37 3 56
54 13 29
17 64 34
61 28 29
31 49 51
56 28 30
38 50 44
54 56 27
47 17 50
40 52 30
57 48 21
20 51 32
38 64 26
50 60 3
37 54 50
55 35 12
32 7 57
24 40 24
4 6 56
11 56 11
26 49 29
57 14 22
23 10 28
63 7 28
31 42 58
38 44 64
21 28 45
38 62 5
58 38 14
44 29 8
50 8 11
44 2 62
25 42 49
9 9 34
37 26 4
20 61 39
43 10 29
50 63 14
9 8 47
9 13 52
45 1 51
58 64 5
64 62 14
59 37 62
45 28 4
56 40 9
14 11 34
39 41 45
33 57 14
2 57 61
59 11 21
16 49 28
37 64 29
54 48 18
20 25 17
61 35 58
21 31 11
35 37 30
14 60 29
40 52 21
30 36 35
21 47 2
14 38 22
17 5 49
13 7 22
27 26 64
57 43 31
6 54 24
11 23 25
35 50 49
10 40 52
53 9 18
49 40 9
32 64 46
59 2 4
55 59 10
45 13 2
26 9 55
11 25 49
22 23 14
16 14 24
26 1 3
9 44 39
39 20 62
21 6 21
55 23 12
38 4 54
25 63 61
1 53 35
7 41 7
24 1 14
41 44 37
24 47 15
15 14 51
9 27 53
61 39 8
27 31 5
57 21 50
2 26 59
31 12 7
36 5 11
33 42 12
5 50 10
46 23 26
55 62 25
60 59 2
56 50 23
24 48 24
14 32 49
49 49 58
13 57 61
26 24 58
20 60 62
21 20 62
64 20 40
25 39 48
17 62 60
62 24 28
23 44 64
63 13 25
35 8 43
39 9 62
44 49 62
38 14 45
40 32 52
6 10 64
43 56 60
36 32 56
31 41 60
48 58 3
8 4 29
27 41 26
39 39 37
42 38 29
22 53 25
39 59 34
57 33 47
24 51 8
48 43 49
13 41 20
3 58 48
53 57 48
15 7 13
57 5 25
28 42 25
56 2 10
3 64 33
41 20 64
30 36 14
26 57 19
52 16 26
11 44 53
52 12 4
57 17 29
56 6 20
11 55 16
51 20 7
31 7 26
61 29 35
3 24 58
47 27 38
33 28 8
47 51 35
19 20 29
10 52 59
43 64 11
62 52 63
20 20 34
63 13 20
55 2 5
52 55 29
42 23 4
52 60 37
35 15 42
28 3 29
48 23 61
39 5 39
17 10 59
29 38 54
19 44 47
56 40 28
55 27 19
23 25 54
64 51 6
1 33 11
18 45 24
8 40 1
42 12 40
36 37 18
47 8 11
2 54 20
43 47 58
39 64 31
18 15 11
59 28 18
12 48 43
6 34 33
58 52 47
41 42 33
47 23 31
37 56 2
2 3 27
16 28 1
55 29 45
43 36 1
38 41 5
30 39 64
9 12 55
19 19 38
14 63 61
18 46 14
19 44 29
8 57 6
41 53 62
6 17 7
43 18 11
31 31 33
11 36 15
34 51 7
23 13 27
50 61 34
28 61 9
45 33 20
35 5 62
62 1 4
33 64 23
42 40 51
43 41 29
23 52 54
48 30 20
12 25 9
24 16 8
19 57 48
20 57 16
49 3 4
12 19 3
20 45 5
20 31 46
30 17 1
60 12 37
52 26 53
18 49 12
41 3 24
52 10 35
20 11 49
56 40 16
40 38 61
56 45 61
59 43 8
23 30 26
9 7 54
61 8 15
38 2 58
29 1 13
24 33 3
14 39 21
19 19 39
42 49 47
30 43 4
24 55 4
6 30 54
36 5 55
33 13 8
3 38 1
21 23 57
13 64 16
36 51 1
34 12 16
61 9 34
57 47 30
36 22 20
54 2 14
44 33 39
57 28 55
28 52 20
9 57 60
40 43 50
36 18 9
19 57 44
12 36 38
64 51 63
12 2 23
48 59 28
31 29 49
61 46 59
5 43 36
52 20 57
49 46 22
54 7 32
59 1 42
24 56 49
36 34 53
3 8 41
15 7 3
55 45 10
34 35 7
48 23 21
44 3 27
37 44 7
35 14 21
2 9 15
62 26 31
64 33 22
38 60 28
13 57 27
60 9 13
10 28 25
40 61 10
63 64 53
23 5 12
61 51 64
5 14 13
42 28 23
50 25 48
51 17 39
51 22 30
54 9 7
36 13 13
46 39 14
37 64 61
22 1 58
64 19 1
64 2 48
56 30 57
22 58 60
37 52 11
1 40 8
18 56 34
20 5 35
49 33 34
45 39 33
39 16 43
53 22 33
8 28 14
13 34 9
60 1 20
48 30 20
56 42 1
6 60 20
6 24 50
24 2 2
15 38 22
48 52 16
37 10 15
64 10 22
64 26 57
38 4 58
53 53 22
50 15 19
58 38 18
49 14 20
13 15 14
9 12 18
21 15 1
34 40 53
22 61 35
59 53 10
21 34 41
48 4 41
52 5 64
37 55 33
61 6 55
2 18 1
61 12 35
29 53 28
32 56 2
25 45 63
56 41 52
31 56 37
18 21 25
20 41 6
9 57 18
58 14 13
41 24 46
44 11 14
4 60 11
55 15 63
35 62 48
13 8 2
39 57 11
36 54 61
46 35 57
21 7 46
46 48 60
52 16 43
61 11 10
56 22 59
17 13 47
10 8 17
51 60 33
9 29 59
33 7 9
26 64 51
23 5 6
39 31 32
29 52 14
35 14 13
30 26 14
30 64 40
16 4 39
12 15 46
17 53 19
26 52 47
34 41 13
50 7 51
4 13 44
39 56 4
1 60 5
4 43 26
13 20 64
18 30 18
64 33 30
13 27 61
23 32 5
58 45 62
18 37 38
29 26 1
25 36 58
20 47 59
16 17 49
55 22 15
54 49 35
42 35 7
8 16 60
37 12 43
37 53 8
12 3 16
4 17 33
2 9 6
22 33 8
18 47 2
44 31 7
11 53 35
12 8 3
47 18 1
3 5 22
49 34 59
31 16 11
25 32 13
7 22 22
46 12 22
59 9 17
36 12 56
52 34 12
2 38 15
43 57 11
63 20 64
61 55 60
37 1 43
2 53 54
37 38 58
42 64 1
33 43 11
42 55 38
44 3 24
6 44 60
42 39 14
39 37 13
35 50 27
62 60 42
35 22 10
34 49 15
5 4 30
49 55 29
51 5 52
41 16 22
46 1 5
44 25 18
55 37 38
22 4 39
6 26 39
61 58 43
49 5 18
54 42 29
60 47 6
42 38 35
15 25 44
26 63 29
25 13 1
24 20 33
57 32 42
1 16 1
37 29 22
9 22 49
7 37 44
28 58 18
21 30 63
1 12 14
54 29 26
9 1 13
60 20 50
40 4 47
21 30 53
41 6 28
34 36 64
11 47 60
48 43 14
52 49 62
59 28 48
9 36 7
1 51 18
26 21 51
14 3 49
16 22 17
50 36 23
59 2 28
45 29 21
30 56 21
26 3 63
9 55 48
29 24 20
13 8 24
21 38 28
11 53 15
48 33 44
39 14 17
22 46 36
33 3 16
24 28 3
10 52 11
9 8 60
34 45 60
30 31 55
35 45 51
46 5 2
25 29 42
23 17 37
63 56 15
60 42 41
15 11 18
46 42 34
30 46 49
32 13 20
27 14 57
37 19 45
7 12 1
22 40 32
49 25 28
22 20 5
51 50 34
20 22 5
57 51 36
13 37 7
28 2 53
6 33 15
6 44 36
17 20 49
2 42 1
18 53 20
3 43 63
42 41 38
3 23 16
25 7 19
29 53 12
32 36 31
19 21 25
24 23 46
56 20 43
62 15 29
23 41 28
2 38 58
52 26 44
4 35 14
4 63 59
61 46 26
43 16 53
37 9 25
59 29 23
64 56 13
31 5 25
46 4 9
12 19 40
45 57 15
63 53 1
25 61 35
42 40 1
44 39 41
50 2 30
38 25 58
33 51 1
2 29 57
1 59 28
1 6 35
32 10 23
42 25 41
46 57 49
31 48 20
47 29 6
35 18 44
7 30 30
55 35 17
14 52 26
2 26 1
31 33 8
51 14 36
8 35 61
23 8 22
24 26 45
29 13 61
45 14 40
38 43 3
16 30 40
43 39 19
12 33 26
35 1 10
54 36 5
48 40 43
34 49 33
43 43 33
35 12 37
8 9 24
62 30 21
43 23 8
51 44 64
23 55 49
30 59 41
31 3 22
40 25 60
43 28 38
56 62 39
1 61 26
62 2 27
61 56 42
62 36 21
20 1 27
52 40 19
24 53 29
14 32 36
16 9 34
58 61 22
63 37 18
13 10 7
23 8 29
43 5 50
35 10 61
52 54 62
9 36 37
31 12 6
17 1 61
12 1 59
40 29 7
3 4 16
21 40 1
54 29 61
61 46 15
22 26 61
5 49 18
23 6 7
25 26 5
37 36 25
63 27 14
27 43 17
31 59 10
16 52 32
21 5 56
50 35 33
48 3 3
59 42 23
7 60 31
56 53 46
32 46 64
1 30 11
43 43 41
40 25 39
59 18 21
60 30 22
19 51 12
35 31 47
26 37 53
28 41 49
10 8 20
44 10 34
7 62 40
3 51 23
63 29 51
53 44 51
64 20 30
33 53 27
4 50 15
16 38 32
41 15 50
23 60 35
61 47 1
63 51 12
2 44 1
21 50 16
25 2 51
52 35 58
16 46 41
25 44 26
8 42 42
20 31 4
7 40 41
19 21 43
52 54 3
31 58 1
63 35 41
56 45 16
60 7 18
3 11 38
10 59 23
61 36 4
63 48 61
38 28 56
6 40 8
36 52 52
53 40 57
62 22 39
60 23 2
46 53 56
56 10 63
28 4 9
40 30 45
9 3 39
14 36 47
20 49 6
51 7 40
8 62 47
53 43 4
63 60 45
12 3 46
21 24 12
8 26 58
13 55 28
62 62 15
50 61 40
1 55 50
44 64 42
12 13 15
58 31 51
47 40 29
4 38 26
21 51 61
22 41 10
35 36 42
48 20 18
4 13 45
36 37 5
3 7 57
15 15 23
41 41 47
31 5 28
17 54 46
59 38 59
28 33 39
15 12 17
36 7 31
16 19 5
9 42 32
45 37 28
62 55 35
9 39 54
25 7 60
5 16 11
11 40 3
20 6 14
59 36 15
35 11 29
18 60 27
36 6 59
63 49 53
30 17 3
36 24 1
3 59 29
44 30 35
58 36 56
11 61 41
37 38 41
2 59 3
44 32 26
36 49 49
58 50 43
44 52 55
45 23 59
42 31 11
33 6 60
24 2 24
39 47 32
23 8 33
53 17 26
22 22 23
57 40 46
51 35 54
16 36 50
22 24 19
6 21 36
25 14 11
23 9 62
62 40 36
58 62 35
62 25 62
53 55 36
8 4 57
34 25 31
6 57 32
27 2 58
45 40 34
58 52 47
16 20 21
49 25 9
58 32 37
12 31 32
58 32 59
52 30 57
56 29 35
30 59 13
42 19 56
2 63 40
46 14 23
11 38 43
32 20 45
55 15 54
41 18 31
32 63 42
59 26 5
28 34 43
2 39 28
45 42 41
16 50 25
23 10 17
31 1 56
58 33 44
38 17 43
27 18 56
3 59 7
56 39 40
38 26 31
45 13 3
28 60 41
41 53 36
29 52 2
14 8 17
6 16 33
2 47 45
52 59 19
22 32 46
37 64 9
53 13 21
19 58 50
38 6 20
10 51 25
25 14 61
48 8 2
4 29 19
10 1 29
3 53 54
30 63 2
55 63 12
6 55 52
45 11 59
23 21 35
15 41 32
45 34 20
35 58 10
58 21 55
56 43 31
16 16 49
46 36 50
52 56 37
56 26 24
41 52 51
53 3 8
13 32 4
49 15 42
61 3 5
45 35 20
32 13 34
46 18 35
13 56 4
20 37 3
44 52 1
37 34 4
33 61 51
40 58 30
13 32 10
6 9 34
53 39 62
42 41 44
8 20 40
52 32 5
57 52 52
25 62 60
16 60 58
5 64 45
42 55 42
4 2 18
56 23 4
46 53 49
55 27 35
58 17 2
16 34 5
47 46 22
44 40 53
3 40 4
39 47 54
20 5 64
41 44 44
56 41 7
26 31 60
46 24 16
10 8 32
37 4 41
34 63 56
21 21 55
37 30 4
4 21 36
43 38 33
64 12 25
23 16 6
63 29 16
44 32 9
13 50 16
9 25 54
15 22 33
48 39 50
39 36 6
51 26 5
28 56 22
8 48 24
45 45 5
39 15 8
11 56 51
33 16 40
15 34 62
14 52 24
22 34 28
44 46 16
55 60 41
44 18 38
13 48 64
31 59 38
45 15 29
49 48 22
14 5 40
61 37 63
45 31 34
9 21 7
58 38 44
34 37 39
30 10 37
22 18 28
13 56 28
18 64 5
47 37 34
46 9 20
7 7 16
61 27 53
61 14 60
13 58 46
30 16 44
33 64 51
25 16 60
19 57 9
20 35 28
6 37 31
6 24 40
38 44 62
41 9 50
54 9 16
38 24 38
40 52 24
16 20 17
59 21 16
59 53 19
40 47 25
27 4 11
62 17 53
29 55 31
42 34 56
36 54 49
15 60 4
61 43 8
40 61 31
9 59 23
59 43 41
42 29 54
25 54 46
39 15 8
50 55 28
36 42 22
53 45 43
64 42 39
33 7 19
37 55 62
51 1 27
4 14 10
5 35 63
7 39 40
63 10 8
7 8 1
7 57 60
12 30 47
5 40 63
8 2 3
31 59 48
14 59 27
30 60 1
33 6 33
22 52 18
15 18 48
49 63 53
59 35 3
4 62 47
55 54 44
55 8 50
29 16 30
40 24 30
31 50 43
58 39 39
53 45 5
29 41 58
2 46 49
25 62 20
39 10 2
21 16 31
58 52 34
23 40 23
17 62 19
18 43 29
32 46 63
27 37 41
42 3 4
31 48 31
36 14 8
58 12 35
47 37 49
9 33 62
29 1 36
7 34 57
28 60 3
29 21 1
7 9 52
14 7 30
49 59 26
1 16 50
57 40 13
53 45 18
25 46 11
14 43 36
44 60 2
57 59 45
1 48 10
51 10 37
8 27 30
51 35 46
23 39 38
30 32 60
63 18 37
43 44 48
57 8 28
59 2 54
48 33 40
35 21 60
53 29 26
21 19 39
24 24 28
43 38 14
54 7 12
62 5 62
8 45 54
38 40 34
58 13 24
25 47 55
48 11 51
38 21 54
15 42 58
36 19 5
12 39 40
63 8 60
40 27 54
23 49 39
1 21 23
62 55 20
41 64 8
11 37 24
6 39 23
12 4 49
20 41 20
54 27 37
55 5 17
26 42 3
54 22 48
29 37 55
6 28 2
19 24 29
45 19 21
9 51 50
53 44 12
53 44 64
38 27 37
5 2 30
35 33 55
37 55 12
13 30 47
19 40 36
7 43 7
3 6 51
12 54 29
58 8 2
6 42 3
16 31 62
32 18 50
12 28 26
25 53 52
15 31 5
6 58 17
26 10 16
44 15 21
39 52 64
45 18 44
22 41 32
38 63 58
5 30 36
11 21 35
36 63 31
29 30 33
30 8 20
40 22 10
20 39 37
11 61 17
36 8 19
16 36 27
11 15 20
36 55 22
5 17 35
38 41 51
44 24 34
62 55 52
21 47 33
12 4 46
22 45 64
33 28 24
64 37 47
19 50 6
7 9 24
8 49 60
35 37 9
19 16 37
24 18 30
64 49 55
9 2 1
20 43 13
23 3 8
13 11 51
61 42 24
24 59 51
53 34 30
10 1 3
32 60 53
35 55 32
62 51 43
1 30 42
26 21 50
34 47 60
60 1 39
64 52 26
5 56 55
9 42 26
16 55 62
17 58 23
36 7 14
32 31 24
10 19 58
27 24 44
42 43 22
25 50 57
27 9 2
42 53 4
42 4 19
64 58 37
14 16 8
50 33 36
63 43 61
16 55 55
51 27 32
35 40 35
15 41 25
2 10 35
61 27 9
62 48 22
22 8 25
58 10 41
45 46 35
18 49 27
36 27 25
44 5 13
23 2 57
54 24 46
64 55 59
56 9 19
63 59 11
42 41 41
17 15 27
31 42 62
48 8 3
3 46 1
60 13 6
24 54 44
7 21 45
12 50 22
25 40 36
19 12 31
27 44 52
60 1 11
7 9 25
15 60 26
8 23 31
32 51 42
24 44 25
5 54 53
34 60 59
50 42 1
41 34 58
21 26 43
62 27 3
33 35 6
4 19 56
13 17 1
34 16 23
49 39 8
5 37 47
19 53 33
49 41 24
23 55 30
1 6 21
59 38 49
35 13 27
60 53 49
52 24 33
10 20 46
50 18 44
39 52 35
6 50 24
36 30 46
59 5 50
58 11 26
49 43 3
53 13 41
39 16 48
52 18 42
19 7 57
45 21 44
39 60 7
48 63 33
46 42 24
56 5 62
20 49 25
11 51 45
22 18 1
6 2 26
7 63 64
43 2 63
44 38 7
12 54 31
30 47 31
40 33 44
63 51 12
40 58 54
48 40 40
55 19 28
37 16 19
12 21 51
15 12 59
20 6 19
16 18 60
26 45 27
23 57 30
62 6 58
51 11 60
27 33 28
63 30 4
62 45 39
36 24 61
61 29 57
51 47 29
50 53 51
8 1 32
10 44 15
8 37 26
14 23 37
49 48 16
37 8 7
20 32 33
1 2 16
20 25 23
4 10 64
18 20 24
13 31 12
36 33 45
7 11 9
24 34 26
45 43 37
37 29 59
9 4 53
53 43 9
22 14 54
57 45 4
53 52 4
41 24 22
25 13 40
54 10 61
54 7 14
62 54 54
28 63 6
23 18 41
33 41 30
12 18 58
41 63 56
4 39 21
9 24 23
63 36 48
46 17 15
2 53 11
8 10 38
42 56 30
44 20 14
24 1 26
11 34 37
27 32 64
32 44 24
20 8 10
33 27 6
37 60 37
9 28 55
7 62 23
54 15 59
12 11 54
7 5 21
61 31 24
40 6 48
4 45 9
27 2 55
33 41 41
9 23 45
7 12 2
16 27 38
22 45 31
31 11 30
2 11 32
4 32 39
56 57 19
49 38 25
14 62 9
55 20 50
40 11 18
29 44 11
53 26 26
46 11 36
42 23 8
27 15 21
20 49 60
52 53 36
8 18 56
41 27 54
56 32 47
36 36 57
16 47 7
46 2 40
34 12 58
40 41 8
12 31 49
50 24 58
26 62 54
22 33 24
52 36 62
6 48 52
27 39 26
30 14 14
46 2 63
37 44 35
46 1 52
62 51 49
25 22 36
57 37 38
20 47 58
42 8 16
6 12 6
15 18 55
44 28 16
26 49 23
5 50 48
4 23 3
29 59 37
3 54 33
58 6 18
18 28 41
46 56 59
50 11 11
41 6 61
7 61 22
11 46 59
34 10 59
23 63 57
15 20 59
8 10 26
36 9 3
44 10 37
8 21 31
58 23 21
39 12 47
64 25 34
20 24 26
50 62 17
32 52 14
26 25 14
11 42 64
6 37 46
20 55 55
49 6 2
59 60 41
64 37 49
3 57 20
50 4 19
31 45 57
46 18 32
2 54 18
38 12 61
54 13 37
61 61 48
9 63 28
16 4 2
28 9 63
18 50 36
57 31 62
13 12 32
43 53 21
48 53 9
54 7 9
42 41 41
35 35 41
48 29 9
63 63 25
17 57 2
18 18 6
4 33 25
26 4 26
18 54 35
8 49 42
47 64 4
41 20 12
34 3 16
27 19 17
52 26 60
44 14 30
43 59 33
42 34 26
45 24 30
33 25 22
11 59 3
48 59 31
31 44 56
13 7 43
43 43 55
12 6 55
44 63 45
26 17 8
11 7 14
32 9 9
35 63 15
59 60 14
37 28 62
51 58 64
44 60 57
7 46 58
39 10 34
31 8 57
8 51 56
5 2 4
7 3 12
42 12 4
40 36 41
57 64 7
22 19 50
20 2 34
60 15 49
8 41 52
45 43 28
7 64 10
27 41 57
44 29 16
11 4 10
27 49 29
11 12 49
19 48 49
47 27 54
63 10 53
27 48 34
24 8 42
9 52 9
53 16 23
53 9 5
41 27 18
62 6 41
29 19 21
32 50 25
2 19 50
17 11 17
25 19 10
31 26 21
45 29 25
16 45 62
56 12 60
38 37 53
18 21 32
24 41 31
6 62 26
39 12 4
50 47 40
28 16 36
35 59 21
21 5 3
54 46 59
2 64 54
13 25 6
9 30 19
34 59 3
54 40 53
9 44 28
63 58 48
52 20 43
50 31 39
25 64 16
45 3 3
51 36 7
43 30 34
1 32 5
25 52 62
64 34 29
12 46 54
57 24 20
17 23 37
27 30 6
13 40 46
17 14 39
17 29 64
37 20 27
54 37 19
14 2 48
50 49 54
32 42 60
41 42 46
6 25 27
5 26 39
2 27 34
33 7 11
25 42 20
41 50 29
21 17 58
58 52 30
16 61 61
15 24 1
59 15 37
55 61 29
21 55 32
32 7 64
6 27 42
43 13 4
41 52 34
22 2 47
11 1 36
5 10 40
21 62 58
36 3 51
43 8 61
12 16 37
63 19 9
20 64 13
1 8 40
60 11 16
60 40 40
41 48 60
44 3 46
11 10 25
16 3 39
24 16 10
28 41 6
56 58 50
59 16 50
33 35 63
14 63 39
14 1 47
17 59 50
35 4 53
39 20 30
39 8 32
44 22 4
24 63 38
10 61 9
25 21 31
23 57 50
7 39 42
36 64 6
60 62 9
42 38 12
40 32 1
32 45 15
44 11 35
40 57 46
38 12 55
64 44 1
37 15 58
32 44 62
29 48 43
3 48 9
43 55 58
17 39 53
46 57 62
58 10 50
62 4 45
55 52 35
64 20 34
52 59 15
49 3 23
19 13 16
56 41 30
49 48 64
28 43 62
39 29 44
19 10 9
41 34 49
50 53 56
54 33 38
58 56 37
30 61 18
32 38 25
57 17 9
32 22 46
32 44 21
24 32 10
22 59 39
54 45 31
61 34 3
31 52 61
56 35 35
28 21 27
22 38 62
52 47 34
23 60 44
60 42 23
7 32 4
38 61 35
57 5 20
59 1 50
14 26 25
45 3 43
59 64 30
17 63 32
19 23 6
31 30 64
42 37 48
1 46 7
14 17 32
1 17 23
12 61 46
35 2 22
23 55 10
37 59 63
52 34 20
54 1 15
52 30 38
18 4 40
15 50 48
16 45 59
25 63 42
15 19 13
28 33 17
17 9 61
43 50 2
24 57 26
31 24 43
61 55 35
59 5 59
15 41 38
36 64 50
9 37 9
16 40 4
48 37 38
40 59 28
34 7 17
18 25 24
61 1 9
48 5 18
35 18 61
35 42 27
21 42 32
62 22 13
14 26 42
19 7 23
44 59 49
52 31 26
36 50 3
36 49 46
32 4 19
42 5 10
60 1 40
15 7 25
8 32 40
57 23 48
62 49 64
16 46 39
8 63 12
45 21 61
30 12 55
38 44 21
45 48 50
1 26 41
9 62 17
44 6 54
20 39 64
32 55 60
12 32 12
14 21 44
10 18 47
42 55 51
24 44 25
22 56 59
18 4 28
19 56 18
10 10 18
38 49 62
49 18 9
40 64 21
21 27 45
1 33 36
21 38 63
53 60 43
6 25 16
41 55 64
60 43 16
41 53 8
35 31 19
39 38 19
12 44 51
6 53 57
19 47 34
46 23 34
58 32 2
47 38 13
13 64 52
50 12 64
30 47 38
34 52 32
62 9 59
17 9 36
28 29 40
36 43 50
6 25 6
11 19 30
10 20 31
41 44 30
57 46 63
21 48 22
55 21 3
9 52 8
50 60 61
51 51 7
30 44 11
10 42 64
9 59 51
31 55 38
17 55 24
9 33 24
17 63 38
50 54 5
1 61 6
11 16 40
41 33 64
4 26 47
41 1 41
1 9 58
19 50 2
7 37 23
15 39 1
24 36 5
41 14 63
7 16 35
35 1 51
40 5 43
63 56 22
62 8 46
52 16 51
62 39 40
36 2 26
46 30 45
42 46 30
7 29 61
64 33 55
25 43 4
4 33 37
50 48 36
41 20 18
48 57 39
15 59 28
29 37 58
44 8 48
38 2 41
19 62 25
48 7 49
46 36 50
11 1 21
17 21 35
30 56 31
1 45 26
52 47 42
62 26 5
15 32 37
51 58 3
61 1 30
32 23 24
8 28 3
15 22 59
46 25 5
36 59 54
20 1 3
10 59 9
52 51 12
28 38 45
13 62 30
42 52 16
18 49 9
2 5 19
38 44 48
26 24 58
38 54 23
60 40 61
52 20 44
64 54 28
24 15 3
40 40 22
17 31 35
22 41 10
37 18 41
17 53 54
10 53 8
19 49 35
40 20 22
1 30 10
14 37 18
52 2 29
37 29 64
62 61 63
43 12 7
52 38 4
18 38 59
53 5 57
53 40 33
26 18 27
6 33 3
9 51 64
46 11 32
49 29 10
60 23 56
30 31 19
46 25 30
40 58 3
39 21 32
40 40 23
32 8 7
34 46 44
36 60 49
59 47 28
19 59 38
48 32 6
7 63 48
26 33 58
29 10 13
25 15 28
52 17 56
56 28 60
35 32 52
8 12 57
54 27 28
29 36 3
12 8 38
2 60 64
52 43 63
57 59 19
47 33 57
62 56 21
16 48 52
45 48 30
19 63 5
45 41 60
36 47 56
5 6 28
38 63 58
4 41 14
47 16 27
11 5 51
31 7 56
50 29 63
2 60 22
61 15 49
19 26 8
48 22 12
13 30 20
28 35 30
23 42 39
46 56 54
45 60 57
52 63 7
4 11 33
42 41 51
24 8 34
35 63 48
61 23 21
33 62 20
47 34 33
32 39 13
28 50 51
28 53 26
63 61 31
9 14 24
23 39 51
40 27 9
9 29 11
24 10 14
38 32 16
15 64 4
53 38 17
41 21 59
33 60 52
24 3 59
42 16 4
62 32 3
49 24 11
33 61 37
61 33 59
63 12 14
22 25 31
62 2 10
24 14 48
32 12 4
13 59 23
48 43 43
7 39 64
46 22 32
31 59 9
17 46 39
43 54 61
19 61 52
61 39 30
35 60 1
61 54 57
15 48 43
50 48 25
61 53 11
5 57 44
7 44 1
48 3 53
59 33 25
14 8 4
14 6 27
31 39 7
9 57 6
27 61 38
41 47 61
7 51 47
48 62 1
5 31 2
20 23 10
3 25 23
52 31 50
37 7 30
2 64 32
53 45 33
55 12 17
20 55 12
44 29 56
43 30 19
15 1 33
11 33 30
33 1 49
25 42 34
56 5 4
22 26 3
43 42 52
51 7 42
31 39 17
55 43 9
46 55 15
13 18 33
2 32 40
10 43 12
59 32 24
7 44 2
36 22 39
57 7 54
64 3 13
19 54 19
57 29 18
4 16 13
26 24 7
8 63 13
38 45 9
4 63 39
8 62 28
13 56 14
28 56 61
25 52 19
61 51 5
46 23 7
13 52 12
58 39 6
32 19 44
42 61 4
43 32 48
16 46 49
43 42 38
47 15 18
19 47 18
56 8 62
56 31 59
25 60 37
25 36 34
17 48 35
18 32 52
12 22 58
54 9 58
37 21 24
6 54 41
7 29 33
26 32 62
18 46 58
34 29 49
13 34 41
52 56 40
63 63 51
45 10 14
63 45 64
47 62 47
64 24 43
13 7 19
24 17 33
10 46 63
31 30 17
7 23 4
28 50 45
17 51 31
36 40 7
36 51 32
61 30 57
3 14 29
51 55 41
41 14 16
40 3 11
16 30 44
58 35 42
58 3 51
50 50 64
41 16 64
13 31 56
17 25 27
36 52 18
8 38 11
62 14 48
30 9 50
57 41 16
23 31 57
39 19 42
34 12 19
31 57 14
39 56 24
33 45 38
54 7 22
15 42 1
54 43 14
28 49 1
48 1 34
37 7 10
34 7 14
12 11 13
39 53 30
63 9 18
44 38 29
56 14 59
56 50 14
49 39 24
12 37 32
57 13 16
58 19 13
5 28 57
3 23 64
39 44 43
18 53 42
10 26 62
5 8 30
33 14 26
7 13 53
49 45 52
42 57 41
59 42 58
13 5 4
19 4 49
28 60 16
34 49 42
5 64 17
18 20 8
57 48 43
39 30 25
3 46 10
39 31 62
35 55 58
13 64 21
41 23 42
13 37 35
42 19 62
53 29 55
60 31 10
28 11 39
43 33 52
40 32 64
10 4 28
13 41 56
41 46 26
51 62 33
47 27 31
18 62 53
21 52 2
24 57 44
5 55 15
44 42 48
14 24 39
35 54 29
16 20 46
62 33 51
38 58 13
41 10 64
2 28 18
59 54 9
8 2 14
60 54 56
58 43 54
62 31 12
21 35 27
43 52 5
51 11 7
16 46 14
1 38 59
47 25 16
9 59 60
14 26 58
53 64 41
40 10 15
26 34 1
62 48 64
21 57 34
11 58 62
45 12 54
32 61 48
60 29 53
41 6 27
22 30 16
33 38 15
45 6 35
40 50 40
63 56 25
57 43 10
62 12 39
40 30 16
7 40 44
8 45 60
24 21 27
30 24 2
39 33 39
55 42 64
30 20 39
49 64 33
46 6 7
24 40 1
64 49 51
17 36 43
29 7 28
36 15 62
43 19 24
3 15 58
50 27 22
42 52 19
52 59 31
1 21 35
28 7 25
49 34 2
23 58 47
62 54 39
4 19 9
30 39 18
20 25 42
57 45 31
9 13 3
23 14 16
33 26 56
50 9 61
63 37 26
59 1 10
6 9 5
1 14 42
22 39 55
64 46 26
37 25 17
8 35 32
38 26 8
10 21 48
58 38 8
22 48 12
24 24 13
35 34 53
27 61 52
24 23 29
37 5 13
53 2 38
43 4 34
51 56 33
41 62 5
31 31 39
12 59 54
20 48 30
51 15 58
15 8 33
33 8 31
54 26 57
28 43 52
27 21 33
22 56 56
35 4 54
33 13 56
39 55 2
31 35 22
42 17 63
56 10 8
60 55 13
16 19 3
62 11 53
41 63 24
41 38 43
9 12 8
57 13 34
43 8 11
43 44 8
1 43 54
16 1 53
24 47 62
23 16 10
36 45 12
50 35 42
26 7 19
43 7 35
32 6 51
50 57 45
23 6 58
54 17 20
7 6 38
20 11 49
45 55 8
44 50 38
11 10 28
8 2 25
51 5 30
26 29 46
64 60 56
25 15 64
17 45 18
11 28 44
52 20 9
57 24 34
13 24 18
22 42 30
45 28 61
20 62 6
5 34 19
30 23 54
64 17 17
49 64 43
48 58 27
41 37 59
20 9 51
39 8 58
10 61 34
44 33 62
3 61 43
64 58 6
12 55 36
28 52 47
55 17 62
16 17 14
50 29 39
22 13 62
21 42 61
35 39 5
42 36 48
28 60 18
48 20 60
55 5 50
21 31 7
57 12 39
21 19 48
49 35 32
33 30 34
47 36 41
53 5 38
3 43 20
54 9 63
64 54 29
20 41 33
30 5 56
9 52 31
15 15 10
36 34 44
51 10 16
55 11 44
8 44 19
7 5 40
22 3 13
24 56 12
8 44 64
38 52 15
58 35 62
58 1 58
57 63 27
61 48 16
30 44 10
18 27 35
40 25 37
25 37 27
31 62 51
27 35 29
23 18 56
21 12 49
2 30 20
44 11 55
49 13 46
22 51 4
22 55 17
1 59 37
60 39 25
47 43 24
55 29 10
15 19 51
22 3 53
50 15 62
22 32 39
60 36 24
19 58 23
11 6 42
27 30 4
7 1 14
18 20 50
11 7 40
39 36 40
41 13 56
36 44 36
27 64 36
8 62 21
54 15 49
34 16 64
16 26 18
60 18 53
40 35 41
62 12 59
63 7 56
4 34 36
45 38 35
28 29 38
24 29 41
64 62 52
41 36 26
4 15 8
36 43 9
24 43 33
64 24 59
12 20 59
27 36 17
44 2 17
28 12 51
64 34 19
12 46 29
26 14 5
10 33 11
43 48 62
58 29 30
7 9 63
5 18 16
15 60 2
15 17 7
8 58 46
33 55 14
16 57 42
10 54 1
41 27 57
1 15 23
39 29 10
47 11 61
45 19 13
61 37 23
51 38 44
46 56 32
23 31 54
13 43 44
27 16 20
4 18 25
21 12 26
17 20 40
54 44 4
16 44 18
48 18 62
6 1 4
61 36 10
23 62 13
34 19 10
23 26 31
18 45 13
11 27 56
32 54 55
46 39 54
52 17 35
43 47 26
44 60 39
52 55 64
6 8 23
34 42 30
39 12 62
57 10 11
9 16 60
41 51 6
14 38 57
19 32 48
53 51 23
34 36 20
21 61 3
46 55 30
2 20 2
24 50 53
38 64 63
60 7 2
59 39 46
34 36 21
42 3 11
19 53 8
34 55 59
49 51 15
41 9 43
8 61 47
30 8 2
12 27 41
22 20 51
38 44 47
33 1 9
18 10 53
44 28 29
63 36 50
32 59 16
9 22 23
13 8 19
41 64 43
9 9 46
49 5 29
25 16 29
3 39 7
18 46 31
27 36 15
26 32 34
46 48 27
47 17 55
43 54 19
64 35 27
46 57 59
36 1 5
35 32 12
49 23 34
36 32 61
17 27 39
51 25 33
45 17 40
17 20 22
25 25 5
55 53 10
22 23 52
17 22 46
31 9 40
15 12 32
50 37 17
23 26 46
37 14 47
17 1 34
63 63 20
50 19 52
25 40 12
23 6 11
58 59 12
3 54 33
3 42 7
63 6 14
47 28 36
47 48 31
41 54 48
3 8 53
19 19 35
47 60 7
29 18 35
15 20 56
14 49 50
5 48 39
60 19 29
18 46 34
58 61 5
46 49 15
29 1 55
15 44 41
51 44 19
55 32 28
13 2 56
33 20 16
4 25 48
2 44 46
22 36 9
52 26 47
18 17 17
29 12 57
42 25 56
20 6 6
51 4 59
64 39 1
33 46 28
17 12 33
42 31 24
12 15 6
10 60 21
52 58 18
42 24 4
56 58 54
20 45 15
47 47 53
44 3 51
43 31 64
51 24 62
46 40 31
21 63 17
16 43 15
34 64 33
56 41 32
64 51 53
33 28 35
19 59 43
60 18 24
12 38 21
44 7 31
63 47 11
16 59 37
8 28 27
14 43 21
37 21 28
42 56 44
8 18 4
23 58 49
48 33 14
21 20 36
9 52 39
17 39 11
11 47 56
57 6 37
20 18 36
40 44 6
39 63 27
53 61 42
26 12 36
27 3 13
46 14 8
32 63 27
1 36 37
40 37 36
57 21 5
32 19 19
50 19 27
35 59 59
23 29 7
24 10 9
40 55 60
63 47 33
60 27 30
28 37 20
50 12 49
51 13 28
58 1 10
6 27 38
3 38 19
41 48 60
50 10 64
12 51 32
14 13 23
8 26 11
29 51 47
56 9 16
2 47 3
13 40 27
54 3 36
45 52 7
12 18 40
20 64 21
17 13 26
38 57 36
10 57 16
6 1 44
10 46 11
9 13 56
17 40 60
53 23 52
7 50 61
62 64 10
64 26 64
13 31 12
49 43 22
36 64 45
51 5 14
58 33 44
19 49 64
57 41 34
23 19 26
14 60 52
48 31 27
20 13 35
61 32 21
13 41 40
50 63 60
39 15 55
44 48 39
52 64 48
9 1 15
46 29 37
57 9 56
58 33 54
15 44 62
13 64 56
39 41 32
4 17 48
15 11 56
50 55 9
37 10 44
17 42 2
50 16 38
33 34 3
2 26 11
35 54 7
8 55 8
17 1 52
23 39 56
10 23 9
21 10 59
62 24 42
14 48 58
57 64 2
49 58 35
1 21 58
60 20 58
63 29 53
42 37 34
32 43 54
47 30 7
63 48 55
14 1 53
48 62 26
63 16 27
32 11 29
40 9 47
27 28 11
23 12 55
18 61 52
58 29 64
15 7 6
20 41 5
62 40 60
47 31 32
43 16 28
32 24 19
1 5 37
19 55 62
49 2 56
45 31 42
28 43 62
23 43 9
10 23 51
15 41 34
27 59 59
26 25 47
46 61 20
38 61 58
60 25 22
50 51 4
46 37 55
18 50 25
41 55 58
33 1 5
4 7 7
36 31 22
43 58 7
40 52 14
36 61 35
41 19 27
29 60 22
35 17 47
52 40 17
40 12 43
61 38 56
23 33 17
58 63 21
6 25 56
38 39 44
46 42 53
11 12 34
52 30 17
57 17 52
63 62 15
26 32 49
22 61 57
62 35 28
11 26 60
36 47 22
47 27 38
36 17 2
4 50 56
57 30 62
4 33 13
1 61 55
22 64 26
11 27 15
24 40 17
44 42 38
45 1 63
15 63 38
47 4 2
54 64 54
35 1 43
13 59 58
60 19 53
44 2 63
21 12 29
15 12 58
12 26 63
21 58 49
57 27 2
51 9 31
26 40 6
35 59 52
25 23 53
13 44 57
64 31 15
55 16 32
41 13 63
17 28 63
20 44 14
45 17 29
58 53 37
13 17 62
38 42 49
32 38 4
9 24 12
56 5 1
26 7 34
38 62 61
32 60 18
56 58 31
28 47 48
37 4 26
29 27 22
41 41 8
61 24 60
33 60 31
13 51 51
44 8 44
51 44 52
49 62 8
11 44 40
22 33 46
34 36 2
18 4 23
15 53 54
31 62 33
19 43 32
1 24 21
42 13 51
58 42 62
31 12 25
63 56 62
14 63 3
8 14 22
17 19 30
21 1 50
63 19 49
17 62 3
45 38 54
62 38 61
31 44 45
26 54 1
24 36 21
51 22 39
26 11 47
62 43 28
8 5 54
57 54 48
32 46 13
14 37 30
45 31 16
37 9 28
38 31 25
26 52 20
34 46 6
5 30 40
29 46 55
17 10 32
10 34 15
11 24 5
14 22 4
44 31 30
37 51 61
50 57 58
56 6 58
29 27 45
41 47 21
63 40 36
16 31 3
7 44 42
57 4 8
63 50 41
26 33 18
45 2 39
42 42 32
37 28 49
4 18 35
64 19 22
52 8 61
45 13 22
2 40 45
7 33 55
45 59 34
43 32 19
11 37 39
48 47 10
5 54 39
30 10 34
35 40 24
6 7 31
14 33 62
13 32 56
31 13 39
51 47 23
55 11 24
64 8 16
50 15 31
7 53 58
59 10 48
19 57 35
58 54 21
21 54 31
22 9 6
44 57 20
7 14 47
11 28 34
41 10 45
16 48 6
48 17 25
27 53 41
56 41 59
47 36 14
61 10 12
38 5 52
50 25 22
17 64 14
23 36 58
49 2 10
15 14 21
16 44 58
22 20 41
13 25 55
54 56 2
54 31 37
36 56 62
54 9 49
45 18 64
48 51 31
44 31 8
19 52 11
62 19 35
26 29 28
13 42 24
26 13 17
32 50 58
16 52 19
30 46 11
42 23 37
36 60 60
17 28 48
38 8 35
3 43 3
1 19 54
28 59 14
13 62 63
55 47 16
62 59 54
17 41 32
35 37 61
50 29 61
45 58 28
18 42 2
18 62 54
50 32 26
39 16 29
23 4 27
8 53 28
22 43 60
12 29 58
31 1 34
60 26 7
36 35 9
33 37 4
36 52 31
3 19 38
8 27 59
34 6 46
13 2 47
26 21 45
53 8 60
48 21 31
44 60 45
37 54 25
42 24 11
25 57 2
32 31 52
54 5 35
57 28 50
21 35 18
51 50 12
39 63 61
20 38 54
35 63 62
40 11 33
8 38 10
1 17 51
15 24 24
26 59 26
43 58 34
31 35 5
20 18 6
45 55 20
56 34 43
31 53 25
1 2 28
5 25 18
13 64 41
46 11 52
48 18 5
1 60 28
20 51 50
11 10 17
56 33 59
15 51 63
46 1 11
27 9 1
3 63 8
9 3 44
19 44 41
13 19 24
64 47 49
52 43 62
60 60 30
19 57 21
57 55 39
30 2 42
49 40 57
38 25 54
48 39 40
44 41 17
13 28 33
9 34 16
13 23 19
13 61 8
37 63 34
23 31 9
28 9 4
43 43 35
62 55 27
24 39 49
25 39 41
5 39 12
3 19 58
49 37 1
59 42 45
10 27 26
8 22 53
44 56 36
31 17 59
44 33 3
26 41 2
8 42 16
59 21 16
9 17 39
45 12 47
42 9 28
16 18 33
62 30 22
26 59 38
42 64 37
44 17 18
10 16 43
46 48 20
41 59 16
47 34 63
6 61 52
52 8 56
29 52 42
26 13 59
5 60 31
24 32 62
17 38 36
15 15 46
64 21 52
22 2 55
54 3 44
44 56 54
6 38 3
59 51 19
60 64 53
5 41 9
6 3 51
25 12 40
60 12 5
4 59 23
62 34 30
13 43 24
47 61 21
37 40 50
11 19 22
2 48 57
59 19 1
20 32 21
30 8 59
32 42 49
64 35 41
17 24 11
46 43 39
7 4 12
28 44 30
14 8 56
53 36 18
3 5 10
30 63 8
2 46 16
50 50 51
7 17 60
25 50 44
48 52 28
8 12 43
10 54 14
32 3 17
59 59 29
43 61 34
48 63 22
30 30 3
49 60 4
26 56 58
54 46 24
61 42 54
2 3 6
48 4 49
23 63 63
64 36 22
44 48 42
45 15 35
20 58 64
45 36 8
16 13 19
57 49 41
2 30 29
3 39 2
18 43 55
56 40 38
23 21 50
17 62 46
11 10 13
20 53 32
46 1 15
33 36 13
12 38 18
31 15 32
29 49 7
52 60 58
14 28 1
41 56 64
14 11 37
36 8 35
58 56 16
23 7 24
18 15 1
59 5 62
48 13 7
27 2 3
53 13 53
8 34 19
14 23 15
7 29 41
57 8 57
36 15 2
26 32 27
12 11 57
43 9 48
47 37 7
3 54 6
7 30 64
27 5 60
58 10 51
37 60 6
8 48 4
33 46 19
63 23 15
42 36 15
46 9 18
56 34 24
7 63 21
24 50 25
43 44 35
60 7 58
56 1 6
4 40 14
32 26 39
57 41 61
1 53 11
23 35 57
12 58 26
2 21 7
33 58 23
37 30 22
2 11 64
60 27 16
17 34 21
39 41 12
24 45 3
57 17 4
43 27 47
12 8 36
17 7 58
41 14 19
3 56 16
46 9 22
37 12 12
41 5 57
46 49 64
29 51 36
9 46 29
27 40 7
49 43 13
46 5 16
32 50 16
52 33 35
48 39 4
56 41 36
45 33 2
29 53 63
13 43 19
44 20 1
58 10 33
61 51 11
37 36 33
15 63 53
64 52 38
3 22 16
44 59 1
30 55 43
22 64 23
56 63 42
36 55 8
8 54 7
10 54 15
37 45 62
55 39 59
9 6 25
6 54 22
17 59 51
18 62 12
8 1 52
43 51 21
44 54 53
8 38 60
4 62 48
37 8 10
59 8 22
8 34 18
41 2 23
63 4 63
36 34 25
53 36 57
14 11 17
14 4 13
56 13 33
22 19 24
31 2 16
39 56 23
9 4 20
31 38 18
16 59 31
37 8 51
8 47 31
62 27 5
12 7 60
43 38 33
2 36 22
51 61 2
49 44 45
30 12 25
16 11 48
53 6 14
52 46 32
56 9 2
2 4 4
3 4 56
13 35 31
30 1 32
52 39 42
52 25 24
34 6 31
58 5 54
26 19 50
38 50 34
2 13 1
41 34 50
39 35 54
35 51 56
56 22 57
30 29 24
46 59 41
15 54 4
64 28 6
6 27 42
3 37 58
21 46 34
25 37 18
50 37 5
58 64 45
49 22 15
12 20 8
17 53 32
61 35 64
2 62 45
2 14 6
19 29 36
60 31 42
50 59 35
21 32 53
4 38 39
46 33 26
30 23 15
18 26 1
25 23 18
49 24 6
33 27 34
61 17 58
30 52 30
15 21 61
1 52 34
46 19 47
52 33 36
2 38 25
55 52 59
40 59 47
38 15 22
11 64 39
7 13 35
2 55 32
31 4 9
29 26 4
49 48 28
5 57 14
23 30 34
46 14 21
38 14 6
63 41 46
11 25 22
61 19 29
11 47 17
42 51 20
8 54 20
46 31 46
42 44 56
45 22 17
47 10 19
33 61 30
17 41 21
14 53 49
3 11 3
52 27 18
32 62 62
33 54 42
21 42 49
61 45 43
33 61 31
37 10 33
31 37 48
27 22 41
7 54 31
2 42 26
33 42 1
26 34 36
24 5 6
43 60 23
63 23 45
55 15 24
9 35 57
20 53 56
23 20 42
32 10 7
46 39 22
41 19 61
5 5 47
43 33 22
55 11 54
59 20 20
10 19 56
2 45 61
30 12 51
9 58 11
12 49 64
16 63 14
8 46 12
31 64 37
27 22 36
49 10 31
30 51 53
34 12 44
40 28 24
52 38 5
22 56 25
36 4 47
36 32 2
7 3 45
53 17 46
5 9 12
44 42 21
13 13 9
39 41 34
44 37 29
46 1 47
41 55 45
30 61 39
24 62 28
54 40 41
48 2 5
9 27 58
17 3 12
57 54 54
49 53 8
5 29 11
46 41 35
37 20 22
59 8 15
59 53 20
11 59 4
13 64 10
64 3 56
37 20 25
16 56 13
54 8 34
35 10 13
36 31 48
52 3 23
52 4 40
42 56 40
11 27 35
36 6 12
45 31 13
52 58 51
20 53 53
60 59 10
9 41 5
32 20 49
40 16 22
30 49 26
42 13 16
50 27 20
26 39 33
8 34 53
7 3 14
14 7 31
12 28 43
41 20 35
14 39 49
47 49 7
43 18 32
45 50 43
25 30 60
26 34 3
53 12 60
19 7 64
38 5 46
26 20 35
45 29 51
39 57 51
40 15 18
13 23 6
41 25 41
9 15 16
49 49 28
20 37 6
53 30 8
47 50 61
7 30 58
22 59 4
38 60 26
63 35 19
13 29 47
29 63 10
36 42 27
50 11 33
56 51 37
17 21 19
57 51 49
10 13 12
12 15 22
56 18 32
61 30 50
47 31 58
26 44 33
53 12 36
23 41 35
59 40 23
29 50 55
63 39 3
19 40 47
24 44 19
45 24 23
59 15 24
58 11 43
55 28 31
8 33 22
4 34 31
26 8 61
30 5 13
15 48 20
26 50 7
12 38 43
4 4 28
12 9 3
23 37 19
47 16 44
36 45 6
7 39 59
30 63 41
34 15 19
23 17 35
3 38 34
6 62 40
42 20 4
44 33 64
21 57 21
43 55 58
53 49 46
54 34 25
5 33 18
7 46 52
15 51 44
24 58 31
30 39 41
46 33 4
17 36 6
31 21 11
40 25 10
11 56 30
30 9 17
15 30 42
20 19 29
10 33 63
14 43 20
44 1 36
8 20 4
10 34 58
24 5 48
59 9 20
51 63 24
33 17 33
57 24 21
3 53 42
33 20 59
57 19 46
46 41 1
22 27 57
46 50 33
52 31 12
40 58 50
43 34 7
40 56 24
64 62 55
25 58 26
6 44 51
64 63 26
45 34 15
35 8 54
28 1 28
54 11 46
22 27 23
34 63 46
10 55 40
47 11 1
45 56 45
23 6 51
27 34 26
44 44 30
52 49 39
48 53 9
44 31 50
27 3 16
25 42 46
45 23 18
45 59 39
58 21 48
2 35 28
16 6 31
2 42 40
14 48 55
25 12 62
60 54 23
22 15 43
21 64 30
27 36 5
44 45 24
39 36 63
24 18 24
36 39 6
11 52 15
30 41 31
29 20 12
41 6 5
15 30 35
14 31 46
19 46 33
60 1 12
9 18 39
56 54 44
22 15 43
8 13 9
16 11 10
2 42 36
59 51 33
11 61 4
39 53 3
42 13 62
23 19 26
27 48 55
64 51 5
64 46 24
12 10 2
45 62 22
50 53 10
60 53 63
18 5 32
7 37 51
60 60 44
27 31 8
11 2 55
56 16 48
22 42 4
49 29 64
13 12 27
62 63 40
38 26 11
40 53 45
6 19 53
25 54 41
59 50 6
12 14 9
54 55 9
20 12 62
52 40 47
37 44 57
10 45 16
14 57 49
19 55 46
58 9 12
44 50 28
11 48 7
33 8 42
47 59 36
36 18 1
41 61 48
51 14 37
38 17 18
47 61 32
61 21 33
26 53 61
21 31 59
53 45 12
37 38 15
7 44 31
36 26 18
58 28 26
21 60 8
28 4 46
35 3 37
43 36 47
43 59 27
10 51 3
11 32 33
2 16 25
5 60 39
34 59 57
15 17 11
20 8 24
37 41 28
27 52 62
45 52 46
50 60 35
58 48 55
52 6 20
34 10 25
37 54 10
51 31 46
55 55 37
11 53 38
28 63 50
45 61 14
49 3 26
52 23 36
14 15 51
43 33 3
42 48 16
5 37 29
17 18 64
15 44 4
11 43 3
27 37 25
18 30 39
50 27 17
14 12 8
49 29 54
58 47 9
60 60 23
19 34 4
46 49 39
5 10 9
20 10 34
8 11 19
55 46 13
31 39 36
57 23 33
50 39 17
9 62 18
46 60 41
17 30 6
5 1 43
11 24 21
2 31 47
28 54 53
4 57 47
3 44 50
26 50 55
38 59 20
42 26 9
17 19 35
39 50 13
52 39 40
36 8 48
18 2 36
15 56 7
42 60 54
55 4 51
35 35 63
51 36 6
45 34 38
29 56 23
61 16 13
23 31 25
45 5 10
14 55 36
38 28 25
41 16 45
1 37 24
45 28 33
59 23 1
60 30 7
1 12 60
32 51 3
32 48 49
50 63 18
60 12 62
21 55 54
8 3 62
58 47 52
60 22 18
24 53 54
51 32 15
57 53 29
51 3 1
32 1 11
4 6 11
20 31 57
22 2 56
62 51 47
52 44 57
36 56 8
9 11 8
47 64 39
3 41 2
43 8 30
61 23 56
12 27 38
30 26 59
35 18 14
48 1 2
27 55 31
34 32 55
40 22 30
29 24 39
45 2 19
30 32 62
11 62 59
35 47 35
2 21 20
3 2 50
30 28 3
52 63 17
40 14 48
61 49 40
39 43 53
13 14 60
5 58 58
20 50 61
5 42 8
27 35 20
13 40 21
32 57 14
36 14 39
27 50 62
51 32 34
37 47 9
2 12 31
30 50 57
23 19 57
28 7 37
26 50 61
64 56 4
39 52 44
31 44 19
10 50 3
28 25 24
33 15 11
6 24 7
1 40 11
41 24 33
27 63 33
39 47 12
19 27 52
1 53 53
4 22 22
49 4 42
11 42 6
11 51 53
13 11 41
48 10 13
27 61 22
27 51 53
25 3 32
59 25 58
28 7 17
32 34 27
59 60 6
33 32 35
13 57 44
42 33 1
5 11 62
24 21 21
36 39 3
8 53 37
1 37 28
10 12 61
23 28 61
3 56 26
60 39 16
12 12 11
28 59 25
19 28 57
30 21 15
36 25 4
42 37 42
21 28 25
5 56 5
38 22 19
60 20 6
9 20 41
64 39 6
4 42 10
47 62 7
45 9 9
25 15 11
23 61 27
34 38 22
51 11 57
56 27 13
13 18 22
45 64 13
7 58 26
57 13 18
22 49 46
44 10 33
35 60 25
2 28 48
46 61 12
46 55 63
57 3 14
24 43 31
6 64 22
59 44 48
10 61 54
12 26 45
10 9 33
14 7 1
5 16 64
7 25 2
5 19 43
34 4 37
37 24 1
60 62 62
7 31 29
32 59 23
21 29 48
15 3 31
42 4 27
13 43 59
12 19 38
62 30 64
18 34 32
8 61 30
58 14 4
31 30 44
19 48 42
7 40 62
44 60 22
31 43 3
5 51 34
64 24 19
41 6 62
12 32 19
56 54 41
47 21 20
53 29 29
16 26 44
32 10 7
6 31 51
41 29 54
7 11 7
8 55 53
18 34 13
52 55 38
55 14 38
27 29 43
14 35 7
3 2 42
37 16 41
55 20 20
29 6 45
19 23 20
27 4 55
15 12 40
61 41 57
32 11 57
4 3 14
17 58 35
10 21 6
60 42 62
3 48 33
55 40 54
16 14 13
55 14 60
53 14 30
1 62 25
52 28 42
51 14 56
55 60 47
52 1 39
30 34 45
7 58 36
1 24 47
18 35 4
52 58 57
64 5 24
41 54 21
60 58 22
17 47 24
51 16 62
22 54 24
39 46 55
14 10 58
15 46 22
15 28 41
37 1 64
31 43 47
15 38 56
62 64 17
39 53 52
44 12 47
13 49 59
36 50 29
19 28 63
2 50 41
35 34 45
37 13 56
13 7 4
57 61 48
50 4 58
24 60 47
26 11 20
45 18 32
59 4 42
22 33 8
29 56 32
49 64 17
3 45 29
46 63 55
34 44 7
28 38 25
46 49 26
62 23 5
27 27 8
9 35 5
25 23 44
5 25 18
45 30 43
49 3 35
40 41 6
23 3 9
31 9 37
7 49 33
55 63 12
37 42 43
54 20 3
2 24 27
58 11 56
56 49 23
2 1 34
38 43 18
28 18 40
26 15 63
11 50 32
23 14 11
34 62 25
15 40 42
38 53 41
49 54 38
47 40 57
19 19 22
54 17 60
40 60 5
53 7 39
20 41 40
52 37 32
23 3 2
40 6 8
44 46 5
45 38 38
23 41 19
9 30 11
51 43 62
64 37 50
26 45 59
30 31 36
23 49 19
24 16 60
39 32 48
24 33 21
4 13 24
54 51 27
43 5 9
37 18 6
34 33 24
2 64 53
14 55 17
42 21 20
62 49 4
6 48 27
8 5 3
3 50 31
32 36 15
12 55 37
41 19 46
24 18 48
17 23 10
47 7 28
34 45 29
28 50 46
37 29 3
36 51 57
11 16 44
62 5 61
52 46 8
63 63 64
30 15 54
25 51 46
19 28 14
53 33 20
49 12 10
45 12 19
33 12 36
53 28 46
34 60 54
57 24 5
44 43 61
57 64 14
6 19 52
29 32 58
15 43 45
10 42 39
21 63 21
30 3 16
30 56 18
38 32 28
20 5 19
49 46 37
48 63 32
20 43 44
14 22 13
55 47 43
1 13 25
11 32 13
22 25 52
8 27 60
10 13 2
5 2 15
36 27 31
30 15 2
4 57 5
3 5 32
62 53 5
62 24 54
61 43 24
32 58 43
22 19 31
44 15 38
37 56 16
33 19 11
48 31 23
44 32 29
1 52 25
41 43 28
28 61 32
1 8 24
37 9 28
26 56 7
54 16 37
33 21 45
41 3 18
29 18 21
37 36 34
51 49 54
35 40 50
42 5 18
61 49 27
7 17 57
26 20 14
36 34 38
25 26 2
23 20 52
44 24 50
14 31 2
57 64 45
60 14 43
18 56 28
14 53 55
13 48 57
11 14 44
56 44 45
61 63 49
23 3 10
15 46 8
10 47 46
10 25 10
47 59 10
60 61 7
49 25 7
28 35 27
14 4 5
24 48 10
42 42 32
45 33 31
40 20 17
32 2 45
35 12 12
40 41 5
14 61 38
58 52 47
29 18 8
34 6 20
15 47 48
39 15 21
24 64 32
32 28 4
42 62 30
39 14 58
54 47 14
21 64 48
2 11 10
49 63 53
46 43 15
35 18 63
38 34 64
43 64 57
49 40 44
4 49 8
16 28 56
23 11 3
26 25 32
33 43 16
27 17 18
13 49 10
27 62 26
61 54 60
26 55 39
46 9 53
16 30 53
23 24 54
9 50 13
16 53 21
34 33 38
55 3 37
47 55 41
56 54 18
42 15 57
57 49 44
25 34 13
48 31 17
37 56 19
63 34 16
34 46 51
64 61 1
14 63 49
35 56 26
53 53 48
17 18 25
38 15 64
7 7 10
24 55 26
24 26 17
8 21 23
12 41 34
46 42 13
25 9 39
27 41 45
10 16 4
3 41 22
34 25 62
32 12 49
48 53 49
26 56 48
55 48 56
21 16 30
48 52 19
59 11 42
30 13 1
59 8 17
46 14 28
39 39 39
30 31 2
17 37 61
56 62 16
58 9 16
64 32 32
43 59 5
18 11 17
51 16 14
30 12 59
3 32 64
48 29 1
39 59 52
5 7 52
32 60 15
45 43 19
25 14 10
13 59 7
45 56 62
34 31 54
13 53 1
9 27 51
17 7 43
17 44 58
37 41 33
13 53 46
21 31 41
12 62 8
1 1 2
7 40 41
60 42 48
41 52 52
22 11 54
17 52 58
45 45 23
45 21 32
9 21 54
34 41 24
25 47 53
36 4 2
43 11 53
52 24 21
21 56 11
27 44 45
33 9 61
17 25 37
55 21 6
19 2 25
53 25 24
53 20 24
28 64 20
42 42 49
1 43 46
14 60 61
35 5 30
56 42 23
43 30 32
15 64 63
23 19 19
12 31 12
20 22 18
50 34 48
2 29 45
25 61 26
37 40 45
35 34 59
43 40 10
37 14 56
48 28 20
22 50 18
31 27 35
2 11 21
42 54 30
53 35 60
58 6 32
57 54 47
11 7 40
57 30 19
12 37 64
14 37 25
39 14 5
64 58 25
56 23 7
43 12 10
37 9 19
61 60 7
47 14 62
50 41 55
60 32 8
2 30 17
32 33 51
47 7 25
32 12 37
16 58 55
63 36 55
6 44 13
61 13 50
50 24 64
4 14 7
41 10 17
24 41 41
56 28 26
59 27 56
41 26 43
11 47 32
18 35 27
57 34 60
21 57 16
1 60 14
38 32 15
11 57 51
55 52 22
28 3 23
26 1 1
2 5 64
3 11 34
11 20 14
36 37 45
26 50 7
35 29 50
62 47 22
42 44 40
25 43 44
3 28 38
51 4 56
2 29 48
20 10 13
52 63 26
10 21 43
3 25 29
57 48 21
63 34 42
4 25 5
4 21 15
2 55 64
30 3 36
14 4 3
4 36 31
36 7 17
44 40 50
16 8 12
42 53 14
19 20 29
11 45 9
28 19 40
36 56 19
55 33 61
59 28 10
7 41 4
24 14 25
38 20 17
14 32 1
54 1 53
16 14 47
38 18 48
41 31 34
6 38 28
45 12 46
31 7 59
2 21 35
44 16 60
28 6 24
52 18 28
5 37 63
54 37 57
5 8 10
2 20 25
42 26 54
49 17 47
43 40 28
24 28 41
11 52 57
31 55 34
39 19 24
16 22 33
36 52 26
45 16 17
31 50 35
16 15 8
62 57 40
53 6 35
49 7 35
64 3 33
57 42 38
60 49 36
15 24 3
14 44 23
59 55 51
31 6 32
33 8 5
13 46 57
7 3 55
58 12 63
25 27 57
30 15 32
60 26 52
51 54 4
64 11 52
48 4 24
40 46 60
18 5 19
9 64 19
51 37 51
37 37 36
41 14 25
46 9 56
7 16 42
18 1 1
25 41 53
31 53 16
40 58 49
10 64 20
33 10 34
57 10 38
36 7 9
32 36 4
30 25 43
31 53 34
36 5 5
8 46 5
33 31 44
59 18 20
8 64 38
63 13 8
55 11 6
16 52 61
30 17 16
48 8 27
3 41 35
25 34 37
59 35 22
61 41 49
12 60 63
38 59 25
45 30 51
39 16 43
56 64 59
52 62 16
38 54 56
53 43 33
41 36 58
27 25 15
50 26 5
46 30 37
16 19 64
51 61 56
14 44 55
26 54 8
39 25 40
31 25 1
57 7 38
58 42 64
18 39 34
23 43 33
37 27 56
1 3 10
6 36 34
1 9 59
34 6 39
2 49 36
52 40 55
45 56 22
27 55 14
62 54 24
22 54 18
8 4 9
29 48 37
28 26 46
56 45 2
2 40 4
58 21 29
59 61 36
48 59 24
54 57 44
13 60 22
44 56 57
18 38 19
58 48 48
52 50 36
31 15 43
9 61 53
2 55 49
1 38 6
15 63 52
37 62 11
41 26 37
23 24 16
61 15 46
34 56 11
45 29 61
1 54 44
27 24 21
42 46 10
18 53 6
56 56 56
3 18 15
48 8 42
49 6 46
18 45 48
63 64 14
15 64 45
10 31 20
26 9 18
23 62 42
37 13 10
59 30 32
34 24 2
36 10 1
14 61 39
3 6 61
13 63 16
50 40 26
32 52 28
22 36 10
47 43 42
58 36 63
37 7 45
8 30 10
9 8 35
38 32 47
8 22 26
4 35 60
25 48 23
24 32 28
30 19 13
36 48 43
15 56 30
2 20 1
47 6 23
31 13 4
35 38 23
51 57 23
13 8 55
38 7 1
55 42 17
25 34 25
56 27 35
57 52 12
1 34 30
26 43 59
44 3 30
62 25 59
49 41 8
32 54 17
12 57 50
20 21 53
64 11 12
11 48 46
2 31 22
18 21 29
30 27 12
23 19 37
52 33 63
11 34 21
24 54 11
58 24 12
47 51 48
62 44 60
48 48 58
27 45 28
30 4 64
45 45 48
44 56 43
62 1 39
60 25 14
51 38 51
53 17 28
54 58 28
57 64 37
48 31 59
55 10 21
58 22 3
53 23 13
47 34 27
17 55 28
2 2 46
21 2 2
57 56 46
38 29 35
39 56 30
1 9 8
14 15 60
29 52 41
16 24 59
47 18 64
55 4 62
61 13 22
7 10 34
26 16 20
54 58 3
37 26 42
33 9 18
6 62 2
62 47 55
54 23 50
47 47 10
31 19 17
12 14 50
13 33 27
38 57 7
59 26 13
27 51 8
10 45 27
14 42 13
15 27 18
51 60 55
1 57 19
36 11 4
48 41 36
47 52 48
15 50 12
35 17 46
48 53 26
37 60 6
49 29 30
30 45 6
15 45 21
42 15 36
36 33 64
49 64 13
61 2 22
16 37 48
37 37 62
31 54 9
61 59 47
20 36 9
