3 16 1
30 5 4
23 16 30
26 25 18
20 32 11
29 10 12
7 15 21
6 16 19
31 8 9
30 16 16
10 26 25
26 19 27
17 31 9
20 15 25
27 10 18
9 19 10
22 17 26
30 16 19
26 19 3
29 12 3
12 17 22
25 18 15
10 17 20
29 7 21
20 24 15
19 16 6
11 3 28
13 5 5
18 10 16
18 4 5
32 11 25
17 8 29
26 27 7
6 21 31
15 3 16
1 6 11
15 29 12
23 13 21
26 24 24
6 31 5
5 17 4
14 30 3
19 2 6
28 29 30
6 25 14
22 4 14
31 19 14
7 24 24
16 32 24
10 6 14
21 22 26
10 1 14
11 22 9
19 21 5
27 31 30
25 22 1
15 22 6
13 7 30
21 9 25
13 29 4
11 1 14
23 20 23
27 18 18
23 27 3
25 1 10
17 22 12
19 2 23
6 13 28
28 27 19
17 1 18
9 23 29
28 24 17
28 32 12
5 3 6
9 7 10
7 11 11
32 19 27
29 24 25
8 17 21
3 25 27
30 29 7
1 9 26
14 30 1
10 32 24
12 22 22
23 26 17
17 8 10
7 3 18
26 29 17
2 20 24
11 20 21
26 15 24
30 12 5
9 32 21
25 11 32
21 5 31
9 24 22
7 31 31
19 20 27
23 32 20
24 5 5
6 10 9
9 27 1
23 9 10
21 23 3
18 29 28
18 17 12
19 6 10
29 23 2
18 22 15
16 23 2
31 25 31
27 2 22
24 18 20
25 10 13
20 15 31
6 20 31
18 16 9
10 12 18
27 9 3
26 28 1
17 26 17
23 16 20
29 27 2
26 10 9
17 19 9
13 16 11
28 26 1
31 32 12
8 29 8
7 13 9
18 28 5
14 9 10
20 3 1
12 21 28
20 16 8
21 5 23
29 22 17
28 21 23
26 28 30
7 16 1
6 6 29
9 28 16
8 32 11
12 30 24
26 20 29
9 16 25
24 28 1
5 2 26
13 23 31
28 32 16
2 25 28
12 23 18
31 28 4
17 20 28
30 31 32
26 12 27
10 8 21
28 9 28
9 27 7
23 18 30
20 24 29
5 22 28
23 16 31
9 17 3
25 13 8
23 18 4
20 14 26
19 16 20
28 16 8
24 2 9
29 14 3
32 31 2
15 25 27
25 15 19
27 7 12
23 13 20
27 17 22
7 9 19
23 5 29
17 5 6
6 7 2
30 17 15
26 10 15
23 22 5
19 16 8
14 26 30
28 13 12
25 31 32
9 21 16
10 13 15
20 19 9
25 27 17
27 17 27
8 18 31
8 1 29
22 27 26
9 17 32
21 15 2
12 30 2
19 12 29
9 31 5
13 20 25
2 4 10
29 18 11
10 31 1
8 10 15
26 8 19
26 27 24
1 6 18
11 15 23
15 27 20
30 3 13
20 4 5
16 9 27
31 27 17
16 8 27
18 7 20
11 14 12
17 11 4
24 19 19
27 25 9
4 26 24
25 10 22
27 28 25
8 31 27
15 2 21
6 3 11
14 9 27
4 6 10
1 26 17
15 27 8
27 24 24
2 17 10
8 22 9
6 12 16
24 4 15
7 1 1
21 3 20
31 8 2
13 2 6
7 6 9
22 10 19
15 7 28
2 22 32
17 20 10
30 15 15
28 32 21
10 15 4
29 23 11
26 31 8
14 7 4
20 28 11
2 5 19
29 13 1
25 4 9
12 31 13
22 1 6
19 4 4
4 9 14
13 32 9
16 3 24
28 29 10
32 2 21
7 12 32
19 21 4
7 32 4
21 27 22
9 8 2
2 11 8
19 5 29
5 4 32
14 24 15
22 27 28
28 3 1
31 32 12
18 23 2
27 19 21
5 14 3
21 12 26
5 21 28
15 30 29
3 5 23
19 8 21
3 31 27
10 13 12
21 2 11
2 9 19
21 8 26
7 5 26
26 31 12
25 23 6
27 8 32
18 24 23
7 11 9
31 9 25
6 27 23
20 18 21
31 27 4
15 30 18
10 5 19
18 11 15
11 2 21
23 7 6
8 10 27
16 30 5
24 1 3
9 12 18
32 26 27
22 12 4
32 22 28
24 16 6
25 8 26
20 22 16
23 14 1
23 16 23
27 27 23
7 7 29
3 31 18
25 20 7
10 21 29
11 24 21
15 18 18
12 28 11
19 31 3
31 5 19
4 31 18
29 24 15
2 30 12
13 8 22
9 4 31
26 7 26
2 10 5
29 6 22
22 25 19
30 1 18
30 32 26
31 30 21
7 9 9
1 31 14
11 7 27
27 22 28
2 22 28
9 4 6
4 26 13
18 15 18
5 30 30
12 19 13
32 27 19
30 9 29
15 29 19
29 12 20
11 1 19
21 12 6
32 2 3
28 18 32
2 18 2
30 2 8
10 3 28
23 23 18
26 16 26
21 31 11
16 32 21
3 5 14
17 3 26
8 17 30
22 22 18
25 10 13
12 2 18
26 32 3
20 2 12
19 7 8
24 5 31
18 14 30
15 27 2
27 19 3
22 16 11
32 18 21
14 25 9
7 22 13
31 26 5
22 9 12
32 30 7
9 7 19
12 23 11
27 14 20
28 19 17
14 28 26
24 13 13
2 2 13
18 26 32
14 29 27
7 25 7
20 20 22
23 32 20
2 22 13
26 29 26
21 1 11
27 23 32
22 3 24
18 31 4
4 4 32
29 30 21
25 3 26
32 28 6
12 17 15
5 23 16
20 2 19
1 17 28
26 11 13
14 10 25
24 23 30
7 24 16
28 13 28
26 23 25
6 24 20
20 3 24
8 15 31
4 18 2
10 28 4
17 24 9
18 26 6
29 20 21
19 12 23
16 18 9
19 17 3
30 29 14
20 5 25
26 21 31
27 31 16
31 15 12
15 24 20
3 24 8
20 17 4
9 14 15
30 29 12
3 22 18
2 31 12
15 9 8
23 24 8
1 15 6
30 25 25
9 2 22
5 21 1
30 23 16
19 25 21
24 4 28
2 12 19
16 29 7
26 13 32
9 26 27
28 17 30
18 29 30
14 7 24
31 1 28
15 17 14
21 15 1
3 20 20
26 8 27
11 7 25
3 15 31
20 22 10
22 5 18
28 31 20
25 26 3
6 9 28
9 20 10
31 11 32
4 22 17
4 23 20
7 19 6
14 13 21
5 2 6
11 23 31
13 17 22
13 7 21
30 21 16
20 14 16
28 7 8
9 29 2
19 18 29
30 18 22
11 6 10
18 24 12
7 23 30
28 17 11
27 19 12
21 6 6
23 28 14
23 17 32
21 9 25
9 21 17
2 7 10
8 9 19
3 13 7
16 11 23
21 2 19
10 10 11
21 16 8
19 13 4
25 10 29
18 17 26
24 13 28
24 22 19
31 32 6
8 8 2
22 21 7
25 31 23
24 19 13
24 16 8
13 27 13
19 7 2
23 29 19
26 29 17
25 7 2
15 26 11
20 18 13
16 17 7
20 11 9
15 14 12
23 17 10
2 30 30
31 18 32
7 19 26
25 20 28
25 6 24
14 24 20
13 13 16
14 7 3
30 22 22
31 25 25
1 10 32
19 24 29
24 19 28
22 27 14
17 7 19
7 19 31
28 28 5
8 5 32
31 9 10
8 14 21
10 12 29
24 13 24
1 18 18
1 17 4
21 19 14
12 11 15
1 28 16
7 31 23
29 3 30
10 16 21
19 32 17
19 5 15
27 2 15
32 9 5
13 17 30
3 25 26
21 32 28
18 26 1
18 16 14
2 10 12
27 13 29
22 23 20
6 24 22
8 1 3
15 27 1
28 16 2
16 30 10
3 2 32
9 16 26
15 13 22
14 26 20
21 29 4
9 16 32
5 20 5
28 4 13
16 18 21
18 3 8
7 24 8
26 32 15
17 15 16
32 17 31
3 7 23
8 12 24
1 26 27
5 32 21
9 22 21
20 10 22
2 9 19
10 11 32
22 30 20
22 4 22
20 14 17
10 32 2
5 31 30
24 24 26
17 28 18
29 30 10
25 1 14
13 24 4
23 1 3
2 31 22
9 32 20
15 5 20
20 3 12
30 28 19
3 3 2
29 12 22
3 24 31
19 10 14
24 21 7
21 20 30
19 18 1
11 18 31
15 11 15
5 26 13
3 30 14
19 29 20
4 9 26
23 29 7
24 4 18
30 22 7
16 30 6
21 28 19
14 12 7
30 23 13
4 14 14
3 19 18
31 21 31
18 15 25
10 22 21
25 10 14
31 27 24
27 27 18
29 29 8
27 17 24
19 24 8
19 5 2
7 13 1
29 10 4
32 3 19
23 14 14
27 2 6
19 15 7
14 11 30
18 11 7
24 3 12
16 26 3
24 8 4
14 1 13
1 3 21
31 24 13
5 31 15
19 14 25
12 2 29
12 26 30
12 7 9
12 29 27
31 4 2
22 22 22
8 10 14
30 1 6
28 24 2
3 24 9
5 13 27
23 14 29
18 5 7
32 11 26
23 6 15
5 12 5
25 31 11
29 1 5
31 5 21
30 2 24
27 4 26
2 16 21
13 15 29
32 3 22
14 6 27
23 20 15
30 24 23
15 29 31
27 19 31
3 19 13
12 3 17
17 21 31
19 17 7
32 8 6
4 4 8
8 3 11
19 2 29
13 27 28
26 2 2
19 28 15
8 20 19
3 30 28
21 2 2
32 19 9
28 2 12
16 9 27
13 8 11
16 28 22
11 27 20
4 5 2
27 28 22
21 26 16
30 27 20
18 25 19
29 17 1
21 20 24
3 22 4
25 20 2
31 6 28
3 8 12
1 19 14
7 19 7
32 26 29
29 1 31
19 1 2
19 17 31
13 20 8
29 1 18
30 10 15
16 8 13
7 7 16
4 30 17
13 24 16
10 29 25
29 3 30
20 26 26
13 32 22
14 23 21
6 9 20
30 21 3
19 18 27
32 32 21
24 2 15
13 8 17
3 25 1
10 20 3
10 28 32
16 29 13
25 2 2
19 30 1
23 23 15
31 19 9
4 21 27
23 9 32
9 29 3
1 2 13
12 6 26
29 28 16
15 11 17
3 5 24
9 24 20
27 1 15
32 5 9
14 15 13
3 5 22
24 17 2
27 16 7
1 2 13
31 2 8
6 3 7
14 1 29
23 16 32
10 4 31
11 18 20
32 28 2
4 23 14
14 1 13
21 31 11
1 15 17
32 18 29
12 24 15
31 4 17
15 6 31
3 30 20
26 23 20
10 27 23
30 29 1
4 8 18
19 14 5
18 28 9
16 2 18
29 12 28
3 8 26
19 13 32
7 21 18
3 24 10
10 2 4
6 3 3
30 22 21
1 15 13
30 11 11
7 8 31
26 1 7
4 30 26
15 25 12
14 10 26
31 22 10
22 24 18
24 22 12
31 18 15
3 24 20
25 16 3
21 27 31
4 8 32
10 15 5
24 2 30
17 13 20
6 19 4
18 24 19
29 18 8
8 23 19
11 20 12
13 17 25
17 22 2
15 5 30
12 22 32
19 23 25
26 17 18
7 15 1
16 23 27
2 5 10
26 24 4
22 19 29
10 10 28
17 24 3
26 14 5
5 9 32
6 11 8
16 11 32
18 17 30
29 32 24
30 10 20
1 1 26
16 7 11
31 8 8
19 3 29
12 31 13
2 27 11
16 24 4
23 22 25
27 28 4
27 26 5
4 32 16
13 5 12
15 26 27
24 3 22
31 4 6
32 10 17
24 14 27
9 19 1
29 15 11
19 9 24
23 13 7
31 17 29
28 31 5
18 9 9
10 17 16
2 14 13
20 22 27
17 20 2
3 3 1
23 15 8
25 13 26
17 14 12
10 13 30
3 5 26
30 16 11
11 29 24
2 6 13
18 19 28
12 7 30
6 30 22
30 10 18
26 22 32
4 9 5
16 1 10
4 12 31
10 14 17
14 5 7
12 20 18
24 15 2
2 3 16
20 22 31
17 20 31
23 8 3
6 25 30
27 17 30
4 27 14
31 17 24
13 31 17
1 7 8
2 20 23
6 22 7
28 5 26
17 22 2
24 11 19
28 15 11
11 4 3
23 3 8
30 25 13
32 2 14
9 20 18
18 2 7
26 25 13
11 13 17
10 1 2
25 14 23
15 31 5
24 32 29
12 32 14
4 31 12
26 4 6
11 15 18
6 27 14
10 7 11
13 4 28
10 13 7
11 21 14
28 5 28
28 6 25
3 6 10
16 17 28
22 16 13
30 12 4
21 23 8
19 4 28
20 28 29
7 2 6
1 14 10
2 2 28
16 32 10
12 18 31
16 9 13
24 11 9
10 1 8
32 3 4
28 5 7
18 28 29
21 22 28
30 27 22
11 12 19
2 10 7
17 11 7
17 3 13
31 27 2
4 3 28
8 6 11
20 12 7
1 5 13
8 5 24
8 22 3
4 13 26
27 6 2
16 32 9
23 28 29
3 23 20
12 28 32
2 19 22
22 16 28
8 26 28
8 16 22
2 2 3
15 1 1
29 30 27
7 5 12
3 15 5
17 5 2
13 30 8
27 32 1
11 19 17
11 4 17
21 18 10
22 3 29
19 14 21
26 13 23
2 20 13
27 32 10
3 17 22
24 18 26
11 1 6
18 5 25
26 27 15
2 9 14
7 7 7
26 3 12
14 11 2
31 9 9
29 7 17
28 10 21
20 13 3
28 28 5
17 14 12
22 6 24
14 13 24
13 17 24
28 25 12
25 10 25
30 10 20
22 27 26
30 24 3
31 16 30
3 18 19
23 27 31
28 8 20
2 3 10
2 9 7
6 28 18
28 28 28
6 16 28
29 3 15
17 19 12
22 9 23
28 31 25
21 6 21
9 28 16
6 6 29
22 28 26
12 15 4
3 13 12
31 17 28
30 12 6
24 28 11
4 12 17
1 4 3
24 13 1
11 26 1
19 16 10
11 26 5
23 9 25
16 9 17
30 32 29
18 14 18
16 15 12
15 27 9
4 22 21
32 29 6
7 6 6
15 21 31
19 12 28
8 8 3
12 23 32
3 7 22
6 13 14
8 17 13
19 5 8
13 4 21
32 27 21
31 18 9
6 13 31
21 15 26
4 30 31
28 6 29
23 29 14
23 4 1
14 5 23
3 27 31
21 26 26
16 10 4
9 8 24
25 30 12
3 12 22
2 16 9
6 18 8
4 18 30
32 26 12
29 26 20
8 18 7
24 7 20
22 6 32
14 5 4
14 18 29
22 27 5
11 20 23
9 29 21
22 30 24
4 30 3
26 4 2
8 2 29
20 26 25
3 15 6
25 3 12
21 22 10
24 21 14
16 24 5
27 11 15
2 1 22
16 29 7
23 1 17
9 7 22
29 32 9
5 19 27
32 20 19
3 8 28
13 23 30
30 6 32
27 12 18
6 17 23
30 3 5
32 21 14
30 6 24
15 28 21
13 22 16
31 20 4
26 11 32
4 20 30
3 10 6
15 15 19
18 25 2
9 19 25
26 27 1
2 23 12
29 11 28
5 25 4
7 31 12
1 5 27
28 24 14
8 20 24
6 13 2
14 27 9
28 12 25
25 14 28
5 22 22
22 20 30
6 4 29
4 22 19
1 15 3
14 21 30
21 28 24
12 20 11
18 16 21
5 27 15
20 30 19
2 3 15
9 18 27
20 16 11
26 2 20
2 32 23
7 21 16
27 18 7
21 7 14
14 20 10
5 3 29
15 16 20
20 23 28
23 21 10
7 3 21
8 31 9
31 22 13
25 15 30
13 14 19
10 14 29
17 20 24
27 9 26
1 14 19
22 2 3
11 14 32
22 14 26
3 17 22
16 16 31
4 6 8
13 5 28
24 25 13
17 27 14
16 10 13
21 30 21
22 3 15
26 25 18
29 6 8
3 28 24
14 1 26
18 12 14
3 6 8
25 16 28
16 16 3
9 28 5
7 19 3
24 8 8
16 16 28
19 14 11
19 12 7
14 31 3
23 17 12
5 2 25
5 26 6
5 8 29
2 29 27
5 19 26
26 18 1
23 25 31
30 11 20
22 31 11
19 2 27
26 25 19
21 26 13
14 6 10
12 16 9
13 23 27
29 17 23
7 16 14
1 17 10
7 10 5
26 3 4
19 1 32
16 9 5
24 11 21
12 9 9
6 26 13
21 4 27
6 20 1
26 5 21
20 8 18
12 13 9
23 14 15
9 3 21
2 25 16
3 19 20
15 2 11
17 8 24
19 6 21
32 8 24
25 31 3
26 14 29
11 32 13
17 17 25
26 7 3
4 11 19
24 11 23
3 29 1
15 23 3
20 6 21
22 6 9
3 13 26
10 4 26
28 4 2
14 2 2
28 9 22
4 11 8
10 26 6
9 12 10
27 22 19
21 31 11
17 13 22
30 26 19
14 11 3
1 15 17
9 1 11
14 29 29
29 29 29
32 20 31
12 14 1
16 22 21
13 23 30
10 28 8
11 24 9
20 17 10
20 14 1
10 7 23
2 10 17
21 28 5
27 2 2
1 6 27
22 31 23
2 8 2
21 11 32
28 20 23
11 20 1
28 6 28
18 30 7
25 20 3
10 25 10
5 27 10
19 22 7
29 11 24
23 30 22
31 19 21
2 4 30
5 16 23
14 24 17
30 7 15
16 20 18
9 26 7
6 28 18
12 7 20
19 8 18
7 30 6
21 13 22
16 11 14
27 16 7
10 16 4
5 13 32
10 29 25
14 7 27
6 20 16
17 15 30
11 17 1
32 22 5
18 26 29
12 3 10
10 24 10
19 30 31
15 29 26
27 28 5
19 22 27
4 19 1
28 16 16
1 14 27
24 12 30
4 8 1
27 2 11
3 5 18
8 26 19
9 24 27
23 20 11
27 2 23
17 10 31
15 10 28
11 12 26
18 25 18
28 19 32
12 29 26
15 6 30
28 15 1
5 5 19
28 24 19
21 2 23
28 2 14
17 16 13
8 32 14
26 21 6
7 32 7
31 26 16
27 31 14
15 3 7
25 30 6
13 13 6
6 1 15
13 2 27
9 3 25
21 3 5
22 32 17
23 26 25
28 17 27
9 1 29
30 8 6
4 25 12
6 24 29
7 13 18
26 5 30
15 21 32
27 15 31
8 30 23
24 3 12
22 14 19
14 26 18
12 13 23
18 29 21
29 13 26
17 15 22
29 26 26
18 3 16
20 10 4
32 14 25
3 30 1
24 24 19
28 32 26
24 25 14
32 7 21
25 1 32
32 17 3
24 13 12
28 25 30
8 15 24
12 13 27
27 1 30
4 30 13
10 31 29
7 8 4
26 4 1
11 6 21
26 25 17
16 30 23
23 20 16
1 6 32
13 28 5
21 30 10
25 2 18
28 20 28
25 16 17
3 29 17
3 21 8
13 4 7
23 31 26
21 7 1
4 23 6
3 19 22
20 24 2
3 10 31
13 6 28
8 13 28
1 19 25
8 27 9
2 31 26
13 21 17
26 30 7
9 7 24
7 1 25
2 20 3
20 3 23
29 30 28
2 20 11
4 5 14
24 18 10
27 12 2
30 20 14
5 25 19
21 25 10
15 3 1
19 19 32
3 27 15
19 6 27
13 25 2
12 7 23
21 1 19
28 9 28
5 4 21
11 30 11
8 25 29
18 24 17
24 8 1
30 2 5
7 3 4
17 29 1
29 29 30
32 30 17
5 30 8
16 20 20
7 23 3
18 30 27
18 14 20
27 3 28
20 19 10
10 12 20
13 10 22
1 25 12
5 21 26
20 21 20
19 6 18
19 3 3
24 31 9
18 17 25
23 22 15
3 11 27
13 26 3
28 7 6
26 28 23
31 12 11
19 17 2
19 23 9
29 2 14
24 17 20
4 2 6
30 25 16
15 21 32
13 25 9
5 26 30
23 11 11
6 17 27
26 6 30
18 31 8
9 6 14
25 31 8
19 21 17
12 2 8
26 24 21
22 11 8
16 6 8
4 15 28
1 9 16
8 30 14
21 2 21
24 6 19
20 26 12
24 10 2
15 8 19
29 18 18
15 24 5
22 30 18
31 28 3
10 13 8
27 28 13
8 26 6
19 28 18
17 27 32
25 4 18
23 12 31
30 16 6
19 11 10
13 13 9
2 26 14
7 21 24
15 29 12
8 8 23
30 19 8
13 8 29
17 22 5
6 11 12
8 3 29
32 3 13
18 8 8
13 16 20
18 21 15
16 2 2
16 20 17
16 21 11
9 7 25
7 25 27
25 31 8
1 29 5
18 2 4
22 7 2
29 26 31
4 18 21
2 19 9
29 1 29
31 2 24
27 29 21
26 24 32
14 4 13
26 20 27
29 22 23
24 7 13
18 30 22
9 4 22
20 23 7
21 28 2
24 11 18
23 29 14
29 18 13
10 18 20
18 6 20
2 8 27
7 25 5
25 21 5
14 7 18
5 20 2
3 4 27
2 16 29
22 18 9
17 29 18
30 28 14
1 22 29
29 27 11
2 12 26
6 9 5
20 26 26
19 7 10
24 31 12
16 1 15
25 5 20
5 32 22
20 6 8
25 30 11
25 5 31
24 3 22
13 27 16
31 9 8
7 28 10
2 10 30
22 21 30
7 4 14
20 5 2
11 2 25
23 17 13
5 20 32
2 12 24
8 2 5
30 31 26
25 29 19
22 8 18
12 11 9
2 32 14
19 29 31
26 17 16
6 16 7
8 21 10
3 6 26
5 27 20
12 6 8
19 14 5
31 23 32
2 18 5
8 26 4
16 10 5
19 2 6
16 8 25
21 1 3
32 26 21
10 32 5
7 21 9
4 14 23
13 23 17
28 11 4
25 5 22
24 18 2
10 27 26
8 10 18
15 9 29
17 13 8
12 10 17
23 27 13
10 20 23
8 7 26
1 13 12
21 20 2
4 24 2
19 16 6
20 11 2
17 30 27
22 23 8
21 10 9
26 16 23
27 19 15
21 5 31
13 8 15
17 24 27
6 20 6
8 3 32
6 29 21
20 9 28
1 6 22
2 14 14
5 30 28
23 22 12
22 26 4
26 23 10
8 19 13
28 10 27
16 20 1
13 12 31
23 15 20
29 5 32
8 3 30
31 20 18
17 27 28
18 15 22
3 1 12
17 30 18
18 6 20
7 29 20
20 20 12
25 24 6
14 4 22
24 28 2
26 22 20
12 22 28
27 13 21
14 13 25
9 5 28
9 17 17
9 28 17
7 14 11
20 7 19
5 8 19
6 31 30
16 26 7
14 9 9
27 13 23
31 20 6
24 24 27
13 11 26
30 20 8
10 30 17
29 28 22
10 16 25
4 11 24
32 32 22
9 11 14
25 3 25
32 11 12
21 17 2
29 24 23
6 6 3
26 22 9
11 1 9
27 19 16
27 9 14
25 28 26
14 12 20
31 13 26
16 24 19
8 19 25
15 26 2
29 3 3
12 21 27
22 24 19
1 31 15
26 14 27
22 26 32
32 2 23
31 15 3
28 11 11
1 31 18
11 19 2
27 6 32
25 23 7
28 8 19
32 1 13
16 17 15
30 2 1
15 4 13
29 1 2
32 10 6
12 28 4
7 28 26
14 28 27
11 10 17
2 5 10
6 20 10
4 14 16
12 29 2
12 7 16
16 24 13
21 22 6
19 27 11
27 30 20
20 28 28
1 7 16
28 5 19
27 9 15
5 24 14
5 14 5
10 24 10
17 13 19
24 27 16
28 12 13
29 15 29
24 2 7
20 26 16
29 15 11
19 10 2
24 19 21
3 23 10
25 8 12
20 11 19
19 7 32
31 16 28
23 18 28
14 11 21
23 18 5
6 23 20
16 19 23
2 10 16
21 7 15
14 28 28
12 29 19
8 1 6
30 27 4
15 29 12
26 26 22
27 9 14
16 22 2
3 11 10
28 20 22
23 13 12
16 2 1
29 24 14
29 15 8
15 10 3
5 8 13
12 12 21
8 3 3
8 25 30
20 28 9
32 18 16
25 23 5
10 29 18
16 23 22
12 10 32
17 9 17
20 27 5
19 7 12
26 31 2
19 23 23
24 12 29
15 15 23
16 28 19
24 29 12
4 21 22
28 24 6
10 28 9
19 32 24
17 1 3
31 8 11
31 23 4
15 18 15
20 25 29
21 16 7
31 24 15
6 28 32
21 21 24
23 1 22
19 3 17
10 22 10
31 29 5
13 24 8
31 7 20
5 9 30
4 19 28
2 14 23
15 31 25
20 23 2
20 27 19
29 29 16
17 2 20
32 2 23
31 7 14
24 31 21
30 8 29
10 14 20
16 2 28
11 18 8
10 5 32
16 16 16
7 4 2
8 29 5
14 18 19
17 12 11
8 13 23
9 16 29
9 17 27
27 24 17
5 29 4
23 1 9
15 26 26
3 25 13
27 19 3
15 13 8
31 5 1
1 13 28
13 10 25
21 27 23
26 5 24
22 19 7
27 16 31
20 8 12
2 26 20
17 32 8
25 3 12
15 29 4
25 17 1
24 16 16
13 1 6
26 13 13
17 13 31
9 14 16
9 19 31
30 25 21
6 7 5
30 4 24
5 12 24
21 22 25
20 23 16
28 20 19
7 24 4
30 16 18
22 5 28
31 1 30
4 21 14
29 4 16
26 10 27
19 2 21
5 26 4
13 10 30
29 17 1
27 2 10
16 25 7
28 18 30
31 15 15
31 9 8
22 4 15
28 32 15
13 12 19
3 7 8
6 25 12
16 27 27
13 6 19
24 32 21
26 18 19
21 21 10
27 31 24
24 5 12
3 28 24
13 26 12
24 27 16
23 22 15
20 32 26
7 10 22
17 28 19
6 9 9
21 14 13
16 18 27
5 15 23
26 8 26
28 22 21
20 3 20
23 2 9
20 29 23
24 15 11
28 16 4
22 10 23
4 14 12
28 23 13
19 25 10
2 26 10
24 17 9
6 9 2
11 3 20
26 3 19
3 4 24
1 30 18
28 10 32
29 2 10
27 25 2
15 26 10
8 14 18
3 28 30
1 21 12
2 18 27
7 2 16
4 16 4
10 15 13
26 29 21
17 9 27
8 32 18
13 5 26
20 6 13
22 28 13
23 8 25
5 26 22
18 6 29
2 9 1
22 7 3
1 26 1
16 23 28
28 31 3
24 32 23
15 16 5
5 30 6
1 26 21
22 32 13
23 24 2
17 7 20
18 21 8
24 5 32
28 18 18
6 10 3
3 2 32
23 28 18
26 4 19
27 13 5
22 20 28
4 8 12
21 28 7
15 9 11
25 16 12
30 13 22
32 7 1
27 23 27
11 15 30
4 13 21
30 14 10
15 25 14
21 7 4
9 31 21
12 2 26
16 25 16
12 4 21
16 31 14
13 15 4
10 29 30
7 6 20
3 3 16
1 2 26
10 5 5
21 8 18
23 20 7
12 27 26
15 21 27
15 7 25
26 30 27
20 5 21
26 15 24
32 7 17
10 1 1
19 8 25
25 23 31
27 13 8
27 3 4
29 8 24
5 2 8
19 5 30
23 5 32
19 17 25
3 18 23
15 6 32
1 13 20
2 12 7
4 18 20
7 21 2
31 10 13
5 23 30
27 4 11
23 11 6
20 3 5
31 7 2
27 14 12
18 32 14
28 8 4
22 9 5
16 19 6
13 24 27
11 1 22
28 2 7
3 24 5
21 24 30
20 28 5
2 26 26
19 7 29
5 21 22
5 15 2
11 6 22
24 19 10
8 28 5
18 29 7
17 21 13
25 6 17
12 21 6
23 3 26
24 16 10
31 11 2
9 21 20
31 10 23
17 32 22
3 16 9
12 14 30
31 31 7
32 4 23
25 31 3
5 2 12
28 3 17
4 12 8
19 4 25
23 16 18
26 14 31
5 9 31
29 7 20
8 16 15
17 30 4
11 31 28
3 1 21
22 3 13
14 4 15
5 17 12
28 16 8
17 9 6
2 1 10
20 14 12
1 28 25
26 7 18
24 1 13
18 1 22
2 7 30
7 15 23
24 9 31
7 7 28
10 18 32
21 16 18
6 17 25
3 22 23
22 30 17
8 26 16
28 20 25
4 13 28
13 9 17
18 12 12
18 18 7
14 7 24
28 6 10
16 28 32
24 17 7
16 11 26
13 32 21
18 24 9
7 26 30
23 22 7
24 11 32
14 21 3
29 9 29
31 29 12
9 24 28
22 14 31
29 25 4
30 3 22
32 17 22
23 3 8
32 1 8
3 21 26
9 11 12
10 7 5
8 26 3
15 18 11
9 10 15
9 30 25
25 10 17
28 22 27
10 19 6
16 21 28
26 22 11
5 19 17
16 22 30
9 20 32
15 11 11
6 7 27
18 23 28
2 21 30
8 2 17
30 15 4
17 32 21
19 26 29
9 13 26
3 19 12
31 10 5
23 25 30
4 8 24
32 20 8
16 32 13
19 3 4
18 3 14
20 2 16
29 4 1
15 4 28
21 1 13
23 11 8
17 15 5
15 7 32
17 15 3
26 24 17
1 2 17
29 6 1
10 11 2
26 20 5
18 30 20
23 32 30
8 4 24
3 32 28
22 5 31
11 29 8
7 29 11
27 22 16
10 15 28
3 25 6
7 23 1
30 10 7
22 24 21
30 9 12
21 9 2
30 31 27
5 14 9
21 4 11
6 12 26
5 10 12
17 2 15
4 11 4
10 29 24
29 8 17
15 6 14
1 8 23
19 8 20
14 24 6
10 29 25
16 19 26
32 2 22
26 25 17
25 14 32
15 25 14
19 12 12
2 1 29
17 19 25
3 5 23
10 29 29
8 5 2
13 16 17
8 6 31
30 10 3
32 17 9
25 29 32
9 14 18
21 22 17
19 17 32
26 32 17
6 2 8
30 31 16
11 26 8
5 27 15
2 19 21
11 30 12
2 7 25
14 9 6
25 16 28
32 30 29
14 4 28
16 19 26
3 30 1
21 24 7
3 20 19
31 29 31
22 15 9
10 20 17
29 9 7
21 29 3
6 30 20
20 10 26
16 16 29
13 20 26
26 28 31
5 18 13
3 16 26
10 32 4
24 16 12
24 21 12
12 17 14
13 9 3
26 19 30
13 26 19
8 24 3
27 1 18
8 1 9
32 10 22
8 22 4
12 7 11
10 11 13
9 13 26
2 18 30
23 24 4
4 24 19
22 13 30
12 30 15
25 29 4
16 22 2
27 15 2
16 19 15
22 27 23
23 6 27
32 11 7
20 15 16
6 32 24
13 10 16
27 6 27
5 13 2
19 2 9
29 2 29
28 17 9
5 10 16
22 22 9
16 29 27
4 15 15
25 27 23
28 11 2
25 21 23
4 32 2
6 4 31
5 20 7
13 9 21
8 29 13
3 7 24
1 7 7
20 13 23
10 32 13
22 28 25
29 29 18
26 19 16
15 32 30
30 3 11
17 7 20
11 16 32
15 9 8
31 29 17
28 17 28
25 9 24
16 11 9
7 30 5
26 25 28
26 4 15
4 22 7
5 5 1
8 15 12
9 27 5
10 15 22
1 32 3
11 19 14
15 23 24
6 27 20
18 29 18
7 9 12
22 20 26
32 25 17
20 25 8
13 13 22
17 1 1
12 26 3
16 22 6
31 24 20
2 24 25
6 6 26
8 18 11
17 24 11
19 6 4
6 30 3
19 19 28
2 13 6
13 20 6
24 4 20
26 9 30
14 13 4
25 27 20
22 5 4
10 24 10
19 31 17
3 15 8
16 29 22
20 6 11
12 11 10
7 21 13
12 31 2
14 10 16
10 32 10
16 8 8
13 8 5
3 24 32
8 23 15
12 16 8
4 16 12
25 30 21
24 2 13
24 10 28
11 22 22
10 6 2
14 20 32
2 27 22
17 26 1
27 27 6
25 23 32
12 14 28
19 26 12
26 12 25
26 22 30
7 21 22
24 22 1
4 20 14
24 30 9
11 11 20
6 11 29
31 20 22
15 10 8
12 2 8
8 11 15
5 13 3
28 4 22
26 20 23
30 1 13
26 30 15
21 7 21
32 32 13
6 30 28
12 30 31
13 6 2
31 22 28
5 7 26
8 21 18
10 12 26
21 19 18
8 11 26
27 3 2
15 3 12
15 23 11
4 7 32
19 30 25
20 3 25
5 24 18
3 13 30
3 3 24
2 29 3
2 5 4
17 6 30
7 14 26
18 3 28
10 1 2
10 12 1
29 16 12
14 12 7
27 22 13
18 12 21
24 7 1
30 2 8
19 1 26
32 22 25
10 17 23
7 32 30
18 12 29
31 18 25
11 5 19
11 21 4
15 13 12
12 11 15
11 2 7
12 25 29
5 29 13
7 9 1
30 19 17
22 14 11
23 30 32
29 11 24
24 29 11
27 11 30
3 8 27
4 16 28
4 25 29
19 7 32
20 29 18
12 6 27
1 14 6
13 4 20
13 27 31
2 26 14
21 22 4
30 30 11
1 4 5
31 20 32
26 1 18
30 24 12
4 32 4
10 24 14
1 30 17
2 16 11
31 23 18
3 12 19
11 32 22
8 13 24
23 16 25
14 25 6
16 25 22
28 19 29
2 16 14
29 7 26
10 4 1
21 28 10
27 31 1
22 27 25
19 25 6
22 29 32
2 10 27
32 15 4
1 8 13
6 2 21
9 3 25
2 14 18
26 25 29
6 23 19
20 18 10
28 19 21
11 12 27
19 21 7
9 13 23
3 28 17
2 23 6
7 16 26
8 18 14
18 23 5
4 28 30
26 4 32
15 23 10
7 3 32
21 14 21
3 26 18
18 26 12
15 28 27
23 5 11
29 3 23
25 28 27
12 9 9
6 15 32
18 9 1
29 23 9
16 19 6
18 21 11
24 13 9
13 17 25
32 8 21
26 19 17
10 6 20
19 26 31
29 6 1
22 2 5
27 23 9
17 18 24
14 14 29
14 25 11
24 18 32
8 20 21
31 7 11
12 27 20
26 8 23
17 10 31
4 24 9
17 10 25
20 11 24
6 20 6
27 27 1
28 18 17
28 32 4
12 17 16
30 11 23
25 20 18
4 31 4
2 22 11
26 31 29
27 31 1
10 16 9
11 8 5
9 4 12
9 7 12
25 32 14
22 24 19
2 29 5
4 25 12
22 26 8
29 16 15
26 32 21
8 25 13
18 29 17
10 12 24
2 25 1
26 3 9
2 8 30
25 5 29
26 21 3
5 29 18
13 25 4
14 23 28
24 15 18
17 17 7
2 24 4
27 8 13
20 3 5
21 12 19
10 30 12
20 6 6
23 19 28
3 11 24
31 4 21
11 18 20
10 21 7
6 12 14
10 9 13
23 11 7
25 30 23
29 15 12
7 31 32
14 19 5
28 32 7
18 14 6
2 17 2
19 4 17
23 19 15
12 2 18
29 5 25
18 16 25
21 18 16
13 20 29
22 20 3
13 19 5
20 3 15
13 13 1
13 31 16
6 25 6
31 14 5
2 7 32
13 18 20
9 24 31
29 13 24
10 29 21
29 2 14
22 4 11
15 16 13
8 27 23
18 1 12
9 15 14
5 8 25
21 28 15
9 17 25
6 26 4
4 24 30
11 18 19
10 25 4
15 14 22
22 13 7
8 2 16
4 14 24
13 19 8
1 16 13
21 6 29
10 9 24
32 14 15
25 11 25
27 25 26
14 11 26
28 28 20
16 31 14
8 7 20
3 10 19
16 31 3
28 23 31
22 8 17
32 20 24
14 31 5
20 21 14
7 21 29
21 6 13
30 18 19
30 12 27
9 13 27
8 21 20
16 5 4
5 7 19
4 7 28
13 11 21
14 4 1
7 22 9
24 21 9
21 1 12
15 29 3
18 26 15
23 3 8
7 6 2
17 12 30
15 6 5
18 32 27
21 32 27
25 15 19
24 22 1
10 3 13
15 10 32
27 11 23
14 29 16
15 29 10
6 3 4
19 3 16
16 10 2
10 23 21
20 22 28
20 31 15
8 5 1
29 25 25
10 32 12
26 22 19
19 11 5
8 17 9
28 21 9
20 27 17
14 28 9
23 13 10
31 9 13
15 9 9
29 14 3
3 27 3
12 25 27
16 6 3
26 28 28
32 19 20
10 13 10
32 30 18
28 30 9
12 30 5
19 18 28
9 2 19
1 21 14
24 14 19
17 1 7
5 9 19
11 2 8
6 27 1
25 29 20
28 7 22
17 16 27
18 3 19
1 20 9
27 28 19
10 23 10
30 27 23
21 6 24
30 15 29
15 31 29
28 22 20
26 11 19
3 20 1
32 15 11
25 15 30
7 16 23
20 26 14
21 24 26
27 14 31
24 14 9
9 26 14
22 2 18
5 30 15
13 17 27
2 29 12
31 4 29
28 5 6
17 22 31
18 9 26
21 10 19
6 31 22
5 7 13
26 1 28
26 4 16
7 11 23
26 1 20
4 19 25
13 25 5
32 28 9
23 32 1
5 25 13
18 32 25
13 30 11
27 25 28
18 28 26
18 2 12
11 14 8
5 2 10
16 6 21
13 29 17
17 25 10
18 4 31
9 8 32
22 17 4
3 32 29
21 26 18
12 14 2
1 7 15
30 28 8
3 11 13
20 13 3
2 20 13
5 9 12
29 13 14
22 32 16
19 19 6
19 11 27
29 16 32
23 18 19
29 28 19
30 29 8
9 2 24
24 9 28
13 3 21
13 10 29
9 23 22
9 19 8
10 10 13
13 30 3
26 20 12
26 2 12
31 24 17
22 10 22
8 2 25
7 30 18
7 11 17
5 8 12
12 13 1
31 20 13
10 29 27
25 26 21
30 27 13
12 26 28
19 9 5
6 6 20
2 8 9
17 5 12
24 3 22
6 29 20
24 14 16
8 27 13
9 27 9
27 4 32
8 25 28
12 6 13
5 7 12
27 15 4
31 4 15
6 27 1
18 16 5
11 32 23
14 4 9
9 14 28
9 21 12
6 3 10
23 24 13
26 11 21
26 27 27
12 20 1
5 9 12
20 16 4
12 14 21
25 3 17
2 21 8
21 14 24
8 5 23
9 9 21
31 12 26
19 12 17
3 24 4
2 31 24
16 18 10
7 14 26
7 3 2
10 15 24
19 32 28
6 27 13
16 30 9
16 17 3
26 9 11
31 9 11
28 9 25
2 28 26
16 32 31
25 11 2
24 30 30
15 23 26
26 2 15
14 18 25
24 14 19
21 4 28
5 25 28
19 26 3
7 32 5
19 28 3
27 1 3
29 19 10
11 12 3
20 17 20
9 3 25
26 8 21
19 11 26
26 3 27
6 6 16
13 19 23
23 30 31
27 14 26
19 9 19
14 6 2
5 28 24
24 13 14
16 17 1
8 4 9
9 14 16
26 18 19
6 25 7
4 10 31
19 6 22
16 13 26
21 31 29
8 26 4
27 16 7
11 16 31
4 32 13
15 18 26
5 14 24
21 29 5
4 20 23
13 3 4
26 23 12
14 2 8
4 13 23
22 18 24
3 27 12
24 9 29
6 3 3
22 12 5
27 7 17
31 25 31
11 5 22
26 10 7
25 30 1
9 8 19
18 10 12
5 22 22
31 26 5
31 27 4
5 3 19
14 9 21
3 4 10
7 25 21
10 16 25
2 16 12
3 23 1
5 1 12
21 25 16
12 29 8
30 12 16
18 1 13
2 24 16
23 28 9
8 21 6
19 11 1
19 18 7
7 15 32
4 9 2
22 32 13
7 11 6
14 8 10
12 20 21
14 15 4
27 24 22
20 1 4
20 5 17
30 15 27
25 16 20
13 28 17
7 3 12
32 22 6
13 31 31
5 30 9
8 1 9
24 30 8
2 27 11
1 1 26
9 27 32
2 32 19
3 13 19
11 13 19
10 30 13
26 12 23
12 5 15
22 1 19
32 13 25
2 11 28
29 2 31
21 24 2
7 27 10
23 2 28
18 16 18
9 9 16
12 17 24
28 30 28
12 32 2
3 19 30
29 6 28
4 2 17
9 6 22
27 10 24
23 25 14
20 15 29
5 25 2
12 13 29
18 18 29
29 4 1
9 10 1
17 10 2
18 32 5
4 14 26
14 2 12
22 11 9
9 28 10
21 30 13
10 18 4
17 4 8
14 19 8
16 2 24
21 12 1
5 31 26
23 2 3
22 15 24
12 19 15
25 2 31
4 32 17
10 19 24
7 4 15
2 10 6
31 2 20
24 30 6
27 16 31
30 20 31
3 21 10
9 29 25
29 29 2
7 30 19
2 32 2
9 25 15
19 13 11
6 24 10
30 7 15
23 15 9
10 29 16
9 4 24
20 2 24
16 31 28
30 28 28
7 15 8
2 1 4
9 18 8
6 32 18
13 13 7
14 23 15
20 30 8
20 28 13
25 26 12
6 32 3
32 25 15
6 30 16
4 21 9
3 24 32
21 9 13
8 8 6
30 12 18
13 8 12
27 22 19
23 1 29
29 23 24
1 17 9
1 32 5
30 4 16
24 2 11
5 3 16
22 27 29
29 7 19
17 11 18
11 4 23
9 18 5
11 20 25
14 30 7
32 10 31
17 16 4
17 1 21
7 12 24
1 22 5
26 22 23
11 6 12
9 11 32
22 5 11
25 20 30
30 5 3
11 4 17
30 5 25
6 21 5
29 25 16
8 27 16
24 29 8
1 11 31
32 22 6
2 20 25
22 18 24
12 12 27
1 23 18
20 12 9
4 27 14
7 22 24
22 8 29
6 3 2
12 30 25
1 23 26
6 3 1
12 16 31
6 17 16
7 7 20
31 25 26
30 13 1
17 26 22
20 21 17
20 2 31
23 25 7
8 26 12
24 12 15
22 25 23
22 30 28
13 18 26
1 29 8
30 19 25
17 11 27
8 8 3
27 9 28
14 3 14
17 4 7
22 11 10
16 21 27
5 12 15
27 31 4
22 1 19
11 13 14
24 7 21
19 15 2
10 20 8
9 27 13
18 30 24
7 32 8
2 28 7
30 2 1
12 13 25
18 28 9
3 28 31
27 6 29
2 6 28
28 22 21
19 11 13
31 31 26
16 22 26
18 31 31
16 24 9
29 14 11
15 13 17
29 29 32
13 15 17
6 3 12
29 19 32
5 18 28
7 1 5
10 6 8
5 23 27
20 15 32
15 4 3
11 25 10
2 21 16
25 32 30
10 8 7
20 1 12
12 18 26
26 31 20
26 22 27
21 23 18
8 29 6
19 11 15
3 3 22
18 31 23
24 17 25
12 5 22
3 28 18
28 5 12
27 22 8
21 5 14
12 19 2
9 5 25
22 9 16
26 26 8
11 15 21
13 19 1
28 27 20
20 25 31
21 11 31
19 7 10
19 4 14
16 29 11
4 14 16
5 25 4
9 30 30
10 13 20
24 28 16
32 30 12
6 1 7
20 19 22
30 8 2
20 14 22
13 23 32
10 25 30
19 15 3
19 16 30
5 25 9
14 9 1
1 11 30
16 2 18
24 6 18
16 7 19
13 14 23
26 20 14
19 1 24
9 8 8
3 19 7
2 26 26
28 4 25
16 19 7
10 7 25
29 16 9
16 15 32
4 27 16
11 21 16
8 17 12
5 5 9
30 27 2
24 8 26
20 15 6
7 10 8
4 31 5
1 24 4
11 1 15
10 6 29
4 23 6
14 25 17
31 9 17
8 21 11
31 22 20
22 2 10
27 9 24
30 12 12
20 15 7
5 5 28
9 22 7
11 29 25
32 26 10
23 7 27
31 2 27
17 18 31
24 10 16
4 8 13
2 1 13
8 30 15
32 21 1
26 21 8
14 15 11
6 28 25
29 1 22
18 15 9
18 25 30
10 11 20
6 14 1
21 29 10
9 13 12
32 26 5
31 6 9
27 8 8
25 11 9
14 12 30
8 20 12
27 1 7
20 9 19
28 27 16
9 30 25
18 15 25
2 14 5
6 1 11
27 1 26
19 19 28
13 26 4
23 2 12
30 25 18
24 31 29
21 22 27
25 5 9
6 26 16
15 29 8
9 31 8
24 4 32
27 19 6
10 7 30
14 14 9
6 24 11
21 4 7
28 10 11
5 2 13
30 7 16
10 10 10
16 14 3
3 20 4
22 16 6
15 26 16
29 27 23
17 7 15
7 15 8
7 21 8
26 23 14
24 17 14
24 5 23
2 3 25
13 19 30
11 17 14
25 6 17
27 31 4
20 20 31
28 29 7
6 20 10
17 9 9
26 12 29
30 10 31
31 4 14
24 13 5
32 16 8
14 19 24
23 30 6
21 15 9
25 31 9
27 17 21
26 24 16
18 12 27
9 8 17
31 25 22
21 15 29
6 10 29
29 15 27
11 9 19
25 19 30
29 2 14
29 13 10
19 15 21
11 10 8
4 22 17
25 5 32
7 7 25
4 30 3
16 1 22
6 23 9
26 10 3
18 4 15
17 6 30
3 21 12
19 32 12
24 16 29
11 7 12
4 14 10
19 25 32
8 4 22
32 5 11
13 11 9
7 23 26
6 5 20
8 16 1
14 16 10
19 8 5
3 15 10
30 31 6
3 27 2
2 11 12
23 12 4
10 28 10
20 11 5
7 16 2
19 2 19
10 20 21
32 11 9
7 25 17
27 27 24
20 18 8
20 22 21
2 20 3
1 21 28
31 15 2
19 17 26
11 19 31
17 11 30
14 28 7
30 3 17
12 15 23
10 14 11
18 27 27
13 29 20
5 30 26
23 22 20
11 1 3
10 31 22
32 13 6
28 21 5
32 5 30
6 24 16
25 13 12
20 3 3
30 2 14
28 11 15
18 2 24
8 21 31
18 25 27
21 16 27
31 6 5
31 25 17
2 29 31
13 19 16
28 28 13
10 26 28
26 8 23
30 30 11
8 29 18
6 14 31
5 28 3
25 10 28
32 29 4
31 1 17
31 7 20
30 28 1
24 1 24
31 12 2
7 21 12
23 31 5
31 25 13
7 15 31
20 11 25
14 27 7
3 32 12
21 15 24
6 20 16
24 14 32
4 6 1
11 4 9
24 21 14
9 3 6
18 19 5
4 30 26
14 14 32
9 6 14
25 1 24
13 9 3
32 10 27
10 6 7
8 30 29
18 21 2
29 16 9
20 17 11
8 29 31
15 24 1
21 13 9
32 30 21
21 17 4
30 5 16
22 6 18
30 31 32
25 22 9
26 6 20
30 23 24
18 27 18
32 24 22
6 21 32
2 29 19
32 16 7
23 20 15
22 26 15
31 1 32
26 18 7
20 20 28
3 13 26
18 28 6
13 15 6
5 8 22
6 32 23
26 27 9
7 19 31
6 17 24
16 28 15
13 23 25
24 9 8
13 26 25
25 22 26
9 23 24
24 15 22
8 31 27
11 20 20
32 11 17
27 13 8
27 17 12
26 18 19
22 29 26
24 25 17
8 15 1
17 26 19
2 32 17
4 16 15
9 31 23
19 10 22
20 21 13
25 14 23
31 10 17
5 15 9
25 9 22
9 19 7
23 24 12
19 2 1
26 24 17
5 12 11
10 15 20
27 13 11
30 18 32
6 30 16
1 14 29
7 2 23
4 22 3
6 8 14
28 8 4
20 8 31
25 14 21
17 22 32
20 31 27
23 15 32
2 21 7
2 28 31
11 28 16
12 14 23
32 14 16
10 2 13
3 24 22
15 4 19
15 26 26
8 1 23
19 11 31
25 30 4
24 5 32
17 24 16
13 24 3
32 3 23
5 16 10
7 25 14
24 5 8
14 30 9
29 19 30
13 28 11
25 23 7
18 2 31
32 18 20
18 8 32
8 13 18
24 1 8
29 29 5
25 16 26
28 1 21
18 31 28
16 3 10
10 25 21
6 29 12
16 17 21
14 20 31
16 19 26
28 11 21
22 14 23
4 24 30
21 12 6
13 14 22
24 31 12
29 17 3
3 15 15
23 24 11
27 31 21
30 16 10
17 16 18
2 24 17
20 6 26
30 4 15
12 32 7
21 8 6
1 30 20
28 8 29
14 31 16
13 16 10
9 21 31
23 18 20
6 15 3
22 18 21
20 7 3
4 12 27
8 29 31
6 22 8
20 1 22
5 28 27
3 14 16
24 10 13
3 12 14
29 7 4
11 7 32
17 30 17
9 6 13
19 14 24
8 28 16
23 3 13
32 23 16
18 17 8
17 11 32
26 18 11
5 31 17
18 11 21
17 4 1
28 3 15
15 22 30
32 22 18
2 19 15
8 16 30
2 17 4
17 19 17
27 27 26
10 27 8
4 18 32
11 29 16
12 1 9
26 21 9
27 12 13
15 23 32
25 25 18
14 24 5
23 22 24
3 22 15
17 4 6
10 21 13
20 24 18
2 32 20
2 2 7
8 32 4
15 31 19
2 32 23
6 28 32
29 19 4
23 27 29
16 3 24
9 30 9
18 13 25
10 19 23
22 28 29
11 28 25
26 4 14
10 24 17
10 8 6
11 2 10
10 7 29
3 10 22
27 5 25
6 5 30
10 21 18
27 19 3
4 4 11
9 22 10
21 4 7
11 29 28
28 12 20
3 26 29
15 23 9
17 3 32
3 5 26
32 28 23
17 15 6
21 30 10
26 19 1
23 16 14
9 7 16
8 2 20
7 7 31
23 31 2
19 7 29
2 7 13
7 11 31
5 23 15
27 14 30
27 24 17
19 21 4
11 4 32
18 2 19
8 10 14
18 9 7
21 21 11
30 26 23
31 4 12
19 3 19
20 19 32
17 5 8
30 7 1
24 19 11
24 6 21
21 5 9
32 28 29
29 7 13
17 28 22
24 6 9
29 24 1
19 24 20
8 16 15
24 24 27
26 27 5
13 25 17
25 17 29
28 16 29
20 30 2
1 16 28
25 4 15
5 7 27
25 19 9
28 28 24
16 12 1
21 18 20
22 19 21
28 25 16
10 30 5
6 27 11
24 21 25
20 1 9
22 4 4
24 21 22
19 24 22
29 29 28
7 3 3
1 25 24
21 15 28
22 23 23
17 4 10
31 31 2
10 5 25
22 24 30
11 11 20
28 26 23
21 14 20
30 10 11
13 5 25
25 17 18
26 12 13
25 2 12
16 10 18
28 26 21
21 18 11
15 19 17
25 7 5
11 28 29
12 6 1
15 14 6
16 21 6
4 23 15
15 31 25
26 8 13
31 18 19
18 9 7
24 8 20
17 28 8
1 8 23
27 27 4
17 28 18
10 29 10
25 26 18
18 28 22
7 31 23
28 17 6
3 15 21
17 19 12
18 19 23
15 30 18
16 16 15
31 7 3
32 8 5
29 19 28
22 29 3
18 12 5
5 31 7
22 16 32
4 9 9
7 2 25
24 30 28
4 30 2
19 29 15
6 26 6
20 23 26
25 21 24
4 23 13
13 8 32
19 21 18
22 28 10
23 14 25
22 18 6
28 24 2
9 1 18
24 15 1
31 21 21
8 16 10
9 28 26
31 31 32
16 10 29
13 24 26
18 20 24
8 3 26
15 32 11
11 9 8
27 15 15
17 6 23
30 2 31
11 29 23
21 27 22
18 6 32
29 19 12
31 31 13
7 5 30
23 25 27
12 5 4
18 28 22
10 23 12
24 8 8
22 13 6
20 3 16
15 26 4
11 8 32
11 5 21
11 11 7
12 8 6
29 31 13
18 15 19
23 10 5
31 22 29
5 27 12
32 20 22
12 19 32
2 18 13
10 24 32
29 15 18
22 24 31
4 16 31
26 2 23
7 24 27
24 7 11
11 17 17
14 21 17
25 8 10
18 24 16
7 2 15
25 5 20
6 26 23
11 31 26
15 27 13
7 14 9
31 10 29
19 25 24
10 7 31
28 20 9
22 12 23
18 12 29
31 8 22
26 4 5
29 31 4
14 12 22
2 32 7
6 24 8
26 31 5
23 9 16
5 23 21
25 26 13
25 20 16
21 6 15
12 1 1
24 18 2
16 12 12
25 25 3
21 31 6
5 15 8
28 3 15
1 7 19
4 23 31
18 8 7
14 31 21
7 31 4
17 14 11
27 2 5
20 27 3
4 9 6
17 29 26
1 2 7
18 17 21
15 5 26
22 10 32
7 10 15
1 15 4
28 3 26
15 22 4
22 28 20
4 13 26
23 9 15
2 11 2
1 16 12
23 20 3
16 1 22
6 10 7
18 19 3
28 1 1
7 30 9
16 1 21
26 2 27
32 15 3
28 16 5
5 7 14
30 26 12
14 4 28
3 30 7
24 30 11
16 30 24
24 24 5
15 1 31
2 23 28
2 26 27
19 12 16
20 1 2
23 19 25
3 31 4
2 26 12
32 3 9
2 22 11
28 5 13
7 21 30
23 18 27
9 24 5
13 9 3
21 15 28
13 15 32
22 10 1
4 5 26
30 29 3
12 12 6
16 25 14
3 28 29
1 30 30
19 13 6
21 14 30
23 18 15
6 14 27
16 19 20
27 16 15
8 14 32
13 9 22
23 11 17
26 28 14
31 4 2
26 8 21
28 5 26
12 32 16
15 6 4
19 29 23
26 19 7
32 29 6
16 27 31
10 16 7
16 3 17
21 27 8
27 10 21
32 28 11
10 14 25
5 5 18
27 14 26
17 4 31
5 16 9
2 2 25
1 23 14
4 10 24
23 32 9
18 16 25
24 32 15
4 31 25
18 25 13
20 1 2
17 10 14
6 23 15
4 16 31
14 11 8
25 24 19
23 2 19
29 5 31
28 18 31
27 13 17
8 6 32
15 7 9
27 18 1
24 18 26
31 1 14
25 3 27
31 27 32
4 10 13
7 26 16
7 27 1
2 20 26
25 17 32
28 5 25
8 5 5
17 1 23
5 24 7
30 29 31
19 13 15
8 17 26
22 4 17
3 4 26
2 28 24
18 3 15
18 29 13
6 25 2
8 31 7
27 6 8
8 18 12
31 10 13
16 26 13
13 18 7
31 9 30
13 30 9
19 24 12
18 19 28
1 17 13
17 7 13
3 10 4
27 7 4
21 9 22
21 3 10
12 11 29
20 28 4
11 16 19
21 21 1
25 1 32
20 13 12
19 6 19
24 30 27
19 10 32
4 8 4
19 25 13
3 9 22
11 2 20
17 6 11
1 2 15
1 31 2
4 32 18
10 16 12
17 5 30
31 26 23
14 7 17
12 6 11
16 20 14
7 16 26
5 29 30
27 9 22
25 28 9
3 4 30
24 26 27
27 14 15
26 27 16
11 18 17
19 22 18
5 23 26
16 5 6
1 19 20
11 7 11
20 22 31
1 24 9
4 30 5
24 22 32
10 6 10
11 14 26
2 29 1
30 17 25
25 1 18
6 1 19
14 19 14
25 14 23
29 1 4
25 15 11
6 19 28
10 3 12
21 28 8
15 21 2
12 8 23
23 18 14
31 26 16
17 3 12
18 31 14
6 21 21
30 21 6
27 23 20
2 31 26
24 20 11
10 9 3
29 32 2
22 17 5
3 19 1
16 6 4
24 26 20
26 24 32
18 6 25
18 9 15
31 6 13
25 30 6
13 13 18
18 19 4
16 7 26
2 15 18
10 11 5
30 23 20
23 15 11
9 24 31
17 7 20
17 12 7
12 28 8
24 5 31
25 5 15
20 12 29
31 10 13
8 18 10
15 32 28
18 18 13
8 17 11
10 23 4
30 25 23
15 25 8
16 4 8
21 10 23
30 31 30
19 9 6
13 11 9
5 24 21
31 10 13
12 9 11
24 14 7
14 1 16
28 3 22
20 1 11
25 15 24
5 8 4
3 26 31
15 11 10
17 10 22
24 2 2
32 32 9
4 27 22
8 16 24
20 26 10
3 18 22
6 2 28
18 21 21
32 30 6
5 3 27
9 14 31
2 30 1
20 10 15
4 14 27
21 23 5
27 13 9
20 21 23
6 1 11
17 19 16
17 14 22
14 21 21
7 31 29
23 8 16
19 21 12
11 15 12
15 29 1
27 6 4
12 22 14
8 14 29
7 26 20
7 2 32
16 27 18
1 3 4
29 22 28
12 4 30
11 27 21
23 30 8
8 25 27
11 11 20
19 29 16
14 6 2
11 6 15
15 23 10
16 14 4
23 13 2
20 11 19
20 20 21
29 20 26
26 31 27
26 30 31
12 14 27
5 12 23
3 31 3
18 18 24
26 20 16
18 20 28
13 6 26
14 23 7
15 25 15
8 23 27
11 2 12
19 6 28
9 10 13
24 30 6
32 11 24
4 12 13
2 32 7
18 18 10
24 2 16
29 11 22
8 4 23
30 18 15
19 29 12
24 9 10
20 12 29
14 29 24
12 8 9
14 8 5
1 28 4
8 7 4
7 25 9
3 19 17
23 4 18
25 13 32
7 15 15
4 18 5
31 19 14
32 27 23
23 13 17
7 32 29
30 12 18
14 19 16
14 15 32
7 10 14
18 8 4
11 5 4
17 24 16
11 14 5
2 30 17
29 15 24
30 24 13
12 19 22
7 30 6
12 17 24
7 25 14
10 3 9
21 16 18
7 3 16
14 26 28
17 4 9
20 1 20
12 2 10
9 6 7
4 2 11
15 28 9
6 21 23
2 24 27
27 31 22
7 10 14
7 11 22
9 2 2
30 31 29
6 21 18
32 29 18
30 12 4
31 10 26
14 24 4
9 3 21
20 17 31
32 29 27
31 18 30
14 19 8
14 14 4
27 15 9
8 24 5
14 25 20
27 18 10
8 7 2
21 12 3
22 29 27
15 1 29
15 29 9
2 7 11
22 7 14
1 15 16
28 14 15
26 24 13
3 13 30
18 2 20
31 10 20
3 17 6
3 2 7
5 5 21
15 14 1
9 26 23
31 28 13
11 2 32
10 8 24
28 4 2
2 15 24
14 29 9
26 11 13
4 4 22
29 5 9
2 29 18
19 29 27
11 25 16
17 21 20
10 27 32
1 26 26
4 8 17
14 24 17
16 25 6
3 4 18
21 23 27
18 17 1
28 3 32
20 13 21
26 18 29
23 30 5
27 13 14
31 16 10
11 17 29
21 13 29
18 5 11
22 18 13
25 7 20
28 27 1
1 25 13
10 32 6
20 23 25
31 6 30
14 1 11
32 30 31
28 13 3
21 2 21
28 30 11
15 29 4
9 28 21
14 25 1
31 24 14
24 5 28
23 16 2
19 25 30
30 11 29
12 20 7
2 9 8
21 10 1
20 23 1
25 16 29
18 20 16
25 5 32
6 11 15
10 1 26
29 32 19
29 19 24
11 14 15
7 3 18
26 19 17
7 30 13
27 15 30
1 32 32
6 16 7
1 23 13
8 29 9
32 31 9
13 4 29
18 12 16
28 27 4
2 22 3
24 30 22
11 28 15
18 21 30
23 4 6
5 25 18
18 15 12
25 19 9
27 32 15
5 11 20
11 16 32
29 11 15
25 27 12
4 7 1
22 28 7
2 28 11
18 21 28
9 28 30
24 10 21
32 26 11
23 26 13
28 26 17
17 32 26
5 6 26
26 13 29
30 19 3
23 19 16
12 20 24
8 1 2
8 4 25
5 14 27
14 17 10
24 8 26
1 24 11
12 7 3
11 30 5
18 6 19
7 26 10
19 13 32
22 10 22
23 13 5
10 28 13
3 7 14
12 8 3
18 19 31
8 18 26
16 1 18
31 8 19
26 25 12
12 21 15
19 2 18
6 11 14
23 27 31
31 28 6
11 7 16
30 22 15
9 7 22
32 25 3
17 22 6
31 11 15
1 31 2
25 6 25
31 29 5
25 13 21
12 14 11
6 9 26
14 10 16
28 3 11
5 5 32
27 29 25
15 17 31
13 8 20
13 16 32
32 26 23
3 13 13
8 11 11
18 27 4
32 7 32
16 32 12
2 4 16
17 3 13
4 5 13
18 30 26
16 10 4
24 7 1
10 19 21
11 32 30
9 26 21
5 25 29
3 28 8
25 20 29
14 7 32
10 13 23
26 20 30
25 23 17
10 26 8
27 21 16
26 26 17
9 22 18
21 22 23
7 22 7
15 10 6
19 20 5
2 26 16
27 19 19
7 24 4
26 24 4
23 20 5
12 21 25
3 24 27
3 29 25
28 3 3
12 32 25
24 30 21
27 1 2
3 30 8
2 2 19
11 6 11
26 25 12
2 17 30
5 23 15
32 10 13
9 29 28
3 19 12
26 7 21
2 17 16
11 27 22
22 5 25
30 15 31
20 23 30
18 32 1
9 14 17
17 10 14
13 29 10
14 23 27
11 7 21
9 23 17
17 12 6
31 26 21
11 9 31
23 14 1
17 29 13
2 2 19
19 11 2
14 24 20
8 7 24
9 6 29
7 32 5
1 15 9
32 22 31
22 13 24
23 6 31
19 28 31
5 15 32
13 13 1
26 18 9
1 7 13
26 1 25
13 1 23
26 11 11
9 24 6
20 19 23
4 3 19
26 31 31
32 21 21
16 24 14
13 7 29
14 4 7
10 7 3
18 1 4
31 29 10
19 31 5
3 12 1
12 28 31
28 16 32
14 21 30
26 1 6
22 6 32
29 26 19
29 23 1
31 13 11
6 24 27
23 23 27
16 30 11
31 1 6
21 12 9
18 15 5
28 32 12
11 4 26
8 23 6
9 10 16
14 6 31
11 17 19
5 19 11
1 9 5
16 30 26
2 22 21
9 28 32
6 25 28
14 4 15
7 31 5
22 27 26
10 7 29
14 10 2
5 19 23
12 11 8
31 4 10
7 32 18
32 18 13
6 4 4
29 25 17
30 24 17
23 1 32
24 24 32
10 7 4
11 30 16
10 11 13
9 10 13
29 21 22
21 6 1
32 18 13
19 31 23
18 13 13
19 9 23
22 5 6
16 32 14
11 29 11
19 32 29
3 11 7
15 29 16
19 24 18
26 16 2
14 32 25
15 22 10
15 1 26
16 25 32
30 27 13
22 27 19
25 2 18
22 29 25
23 11 32
10 19 30
29 19 5
26 23 10
28 11 10
4 25 1
5 22 3
28 12 10
17 12 1
13 18 6
18 32 30
30 32 31
30 13 25
31 8 6
6 31 22
32 29 6
22 2 20
16 28 9
30 18 7
4 28 27
4 24 7
1 10 6
16 10 11
26 1 32
16 7 32
24 12 13
8 27 4
11 5 8
15 25 1
11 7 4
22 14 2
18 19 29
17 3 16
16 25 9
29 4 13
12 10 30
24 31 19
2 23 6
8 12 25
19 29 13
5 10 12
29 1 20
27 23 6
31 19 17
21 2 16
5 32 30
27 21 5
5 24 5
13 26 3
3 8 31
30 32 19
26 12 26
17 26 21
2 5 17
15 13 23
18 17 26
20 9 5
15 4 14
5 28 28
4 15 19
17 14 26
10 27 26
18 12 5
23 21 22
25 12 10
16 5 13
15 23 22
27 7 14
5 18 15
7 27 18
18 4 4
23 3 28
31 24 6
15 12 5
8 1 7
8 29 10
22 23 20
32 9 20
21 25 26
17 29 3
14 9 3
21 2 26
23 4 8
18 5 25
10 30 18
4 7 21
4 28 13
15 24 19
29 17 11
11 7 22
16 8 14
10 20 12
18 6 29
5 3 3
18 26 32
17 18 10
24 14 15
24 26 6
21 22 4
20 8 22
17 19 21
11 21 2
11 10 19
20 20 20
25 32 7
2 29 5
7 28 27
28 10 19
15 3 25
3 1 23
18 32 27
23 1 8
12 31 2
21 28 10
21 15 15
6 31 17
24 13 10
2 9 11
18 9 20
3 16 28
31 5 26
22 13 13
32 27 10
20 31 7
10 29 32
6 10 11
8 19 18
3 21 12
26 22 14
25 22 16
3 22 27
13 2 6
12 29 7
20 17 27
30 15 28
16 29 9
15 24 24
28 22 13
17 26 20
31 27 8
26 13 21
3 7 12
14 29 25
27 32 26
21 11 28
28 23 4
3 11 16
19 8 12
5 9 3
22 19 19
19 11 9
28 1 7
21 2 28
24 17 13
10 11 2
6 14 2
15 7 32
27 26 18
23 6 17
28 2 26
30 6 9
31 3 10
1 14 9
24 24 8
5 16 15
21 24 28
8 30 11
29 3 19
25 22 22
9 31 6
12 16 6
8 31 5
17 2 23
16 14 21
20 2 2
8 11 18
10 16 12
22 28 9
3 5 8
12 10 26
11 5 10
17 16 17
20 30 1
13 21 19
23 9 11
13 11 8
26 14 23
25 5 6
10 20 28
7 13 3
1 4 23
26 2 21
18 4 31
17 16 12
22 26 2
12 27 9
10 25 29
11 4 21
4 24 20
18 31 1
23 10 6
12 16 7
31 5 17
20 28 21
8 4 30
31 3 13
19 21 13
7 27 14
15 24 31
26 11 26
15 10 19
24 23 23
16 22 17
2 6 10
1 22 30
24 23 9
20 9 8
29 13 14
19 24 28
5 24 30
27 4 26
5 19 26
21 32 29
12 18 3
18 7 17
18 11 19
10 8 7
5 14 27
29 9 3
17 27 13
3 23 14
25 29 12
4 32 16
29 2 25
23 8 26
31 19 25
25 26 6
6 29 26
27 7 7
17 32 30
10 1 22
22 28 23
10 16 29
13 23 7
5 24 13
22 8 14
13 5 1
10 19 13
13 2 7
13 7 10
6 9 3
16 13 1
10 17 12
29 10 14
3 4 6
29 9 5
5 11 24
14 32 13
5 31 20
23 13 18
13 23 5
22 14 20
10 19 13
26 18 32
13 22 14
28 15 7
14 25 32
22 13 4
9 19 17
2 5 10
2 26 8
14 20 10
2 11 22
2 26 24
19 11 19
30 1 8
20 20 20
10 25 6
27 16 4
25 5 10
18 21 1
4 6 29
28 32 12
18 5 5
5 15 23
4 31 10
18 26 21
32 13 22
6 9 5
13 16 10
17 17 30
28 21 3
7 4 29
3 9 15
13 24 11
13 18 30
8 15 28
25 18 10
21 15 30
14 13 31
20 22 5
8 6 11
4 17 23
7 6 23
8 17 1
3 9 17
31 32 13
21 9 25
8 13 26
20 20 21
10 7 30
28 16 5
18 14 17
25 7 32
8 16 8
25 29 16
1 21 10
9 25 20
21 24 32
2 10 14
23 2 32
16 17 9
28 17 2
28 32 31
3 11 11
30 16 24
12 6 2
20 19 17
22 6 23
12 1 15
18 19 26
20 3 28
11 4 11
30 27 8
28 23 27
10 12 15
25 22 17
32 18 27
22 15 6
21 3 9
3 26 3
17 23 29
7 2 27
20 14 20
8 26 24
21 7 11
26 30 27
1 27 28
32 23 18
14 30 13
18 23 17
21 25 21
5 4 18
16 1 15
31 4 17
2 6 10
6 18 23
11 2 8
26 3 4
9 21 7
22 8 15
1 15 2
32 27 10
2 25 18
2 10 30
6 31 11
18 21 13
7 23 16
8 13 25
18 29 22
28 3 11
21 29 7
10 9 22
18 22 27
16 7 2
8 24 10
11 5 28
12 14 8
24 8 29
12 4 30
11 26 25
21 5 12
18 17 8
31 24 9
13 13 24
31 13 27
6 2 12
7 1 25
5 5 20
15 17 25
19 21 18
30 27 32
25 26 27
12 1 19
26 4 12
32 26 28
9 23 14
7 28 14
10 31 11
4 11 4
18 15 20
25 19 23
12 31 16
4 30 28
8 20 26
15 29 27
14 19 23
27 10 11
28 22 20
9 11 10
9 25 7
15 32 15
31 4 26
3 16 10
31 19 15
1 29 7
23 26 22
19 15 12
27 24 6
18 10 29
20 20 21
23 24 3
8 19 11
28 6 16
7 27 3
1 31 17
22 29 29
14 2 30
4 23 29
25 9 28
31 12 20
10 27 26
18 29 15
10 12 15
27 11 2
3 28 10
22 31 1
22 21 17
3 24 17
29 28 31
4 9 28
6 5 13
4 9 18
2 27 3
23 3 31
4 23 3
9 4 9
7 26 12
29 31 10
5 4 8
29 31 25
7 26 30
26 30 32
21 10 7
14 18 10
21 20 10
27 23 16
23 26 18
12 26 15
9 18 28
26 11 19
18 10 32
3 4 29
27 2 8
28 9 32
5 25 28
14 28 28
11 30 23
32 27 16
10 1 17
5 11 1
12 14 25
19 1 28
2 23 17
1 30 32
5 13 20
18 28 19
29 9 2
11 9 14
18 13 27
22 20 16
21 5 20
8 9 18
27 26 24
10 31 3
2 32 23
13 21 3
16 19 5
32 1 12
4 24 18
17 30 23
9 18 24
1 29 4
2 28 26
26 27 11
24 2 23
12 15 15
3 1 21
27 5 1
9 13 31
8 16 21
9 26 6
27 15 13
5 8 24
27 29 10
24 31 9
19 21 18
25 18 12
29 26 11
26 8 2
7 32 10
15 8 22
15 4 11
10 17 16
24 25 12
19 14 12
32 25 16
20 28 9
1 23 29
24 22 21
25 20 28
24 26 1
15 16 18
23 12 28
12 16 10
14 28 10
29 3 4
20 32 9
30 19 7
18 27 8
21 20 27
26 3 26
7 22 15
25 8 2
11 1 16
26 15 7
26 4 5
27 29 5
18 14 3
12 8 13
32 16 3
19 12 4
20 23 14
9 10 26
24 2 22
19 19 15
22 21 19
28 3 20
26 29 15
13 16 26
2 12 5
5 31 22
29 30 31
8 16 16
4 18 6
24 8 11
5 28 2
13 20 14
25 13 5
9 13 8
19 26 8
26 5 2
6 30 30
8 1 8
5 23 30
24 12 24
25 24 8
3 31 22
22 27 19
5 17 26
16 25 10
8 23 13
3 16 10
1 3 16
23 15 6
23 27 24
31 16 22
4 3 20
21 12 5
5 11 19
4 17 5
17 1 16
7 22 29
17 13 10
15 6 21
19 21 18
19 29 15
3 17 27
18 15 2
25 31 30
24 6 32
31 3 4
28 23 20
29 10 5
20 22 13
2 23 16
1 12 19
27 8 32
8 19 9
23 14 31
16 5 17
22 1 5
21 16 27
26 25 26
29 5 19
21 16 23
8 21 27
28 31 2
19 25 14
6 32 21
4 3 15
3 4 19
29 24 21
17 8 30
3 16 7
9 13 25
28 17 18
11 17 23
7 29 9
31 28 22
12 31 32
5 4 29
24 5 3
18 28 29
30 1 12
7 1 7
14 10 7
2 10 26
7 12 14
11 31 28
2 1 23
10 5 17
20 1 14
25 19 11
14 27 13
16 29 19
7 21 3
28 13 23
10 18 29
3 28 22
1 29 8
32 21 29
30 29 6
9 13 16
21 21 26
4 31 12
26 25 11
21 15 2
21 21 13
20 5 19
20 22 20
18 15 31
8 28 21
5 22 19
11 29 5
7 8 2
2 19 22
28 2 30
30 32 12
7 5 27
22 11 7
3 8 6
21 17 6
21 2 16
2 27 13
27 6 7
10 13 20
6 17 6
32 5 30
2 23 4
5 4 20
10 14 3
28 29 17
24 10 7
28 21 6
20 12 9
2 32 14
3 20 2
30 22 14
4 3 23
31 7 15
8 9 7
1 28 27
11 5 17
4 31 2
31 31 23
12 14 14
17 26 2
7 26 21
5 16 25
8 11 22
15 5 19
29 14 24
16 17 8
22 12 10
21 24 17
5 13 23
20 8 32
17 2 8
12 12 24
28 30 13
4 29 12
3 11 9
8 9 22
24 28 12
23 1 24
13 21 2
31 14 28
31 32 4
10 19 17
17 31 28
29 11 8
12 25 25
13 1 25
23 26 20
24 24 27
15 27 23
23 10 21
22 4 17
23 19 1
2 23 18
9 29 12
10 18 21
24 5 21
27 20 31
29 11 15
27 2 1
18 21 20
32 9 2
15 5 30
3 1 10
22 26 20
2 9 24
4 24 22
28 4 21
19 22 24
17 4 16
24 12 14
28 28 16
8 31 28
4 26 24
23 15 12
14 12 14
8 3 21
24 27 12
8 4 29
7 20 11
27 2 4
5 3 23
6 16 24
14 25 21
18 26 30
19 19 16
16 6 15
9 21 26
30 11 18
23 5 19
32 11 12
22 23 24
28 4 16
14 23 18
14 1 29
12 2 21
7 5 23
17 31 15
26 20 10
11 27 13
31 26 3
8 15 20
27 22 22
31 1 6
20 26 30
24 9 13
7 1 12
15 21 10
1 29 16
10 29 1
20 9 5
4 13 27
32 13 21
7 22 26
17 8 20
26 15 14
4 31 32
31 20 22
7 32 8
16 20 26
28 12 18
14 9 7
20 26 23
9 4 15
12 1 18
24 32 17
30 24 22
9 31 27
17 12 24
7 28 19
21 9 26
23 31 18
25 6 12
15 27 7
10 10 19
18 26 14
8 29 12
18 27 26
31 26 26
31 20 13
29 2 22
10 1 17
26 20 1
24 28 18
16 8 29
11 32 30
26 18 4
12 14 3
5 8 19
18 2 17
11 20 23
12 7 25
1 25 25
28 6 8
32 26 12
19 25 5
4 23 19
23 18 8
11 24 29
14 32 9
13 12 24
20 4 7
2 21 1
29 12 5
14 7 8
8 31 2
17 14 6
5 24 11
31 1 26
22 23 20
26 8 11
2 20 17
14 29 18
18 17 25
26 8 11
13 31 6
12 30 11
22 24 3
13 29 15
29 6 5
17 25 24
11 18 12
7 25 8
12 31 30
15 7 13
11 1 26
16 7 32
9 31 32
14 24 1
11 21 19
16 10 6
31 18 12
14 25 15
31 24 31
18 14 25
27 3 19
3 23 5
17 25 14
27 8 4
6 31 4
20 29 27
8 2 22
19 17 23
9 22 14
17 5 31
23 18 9
16 13 8
27 20 15
32 21 7
9 3 9
8 30 14
6 30 21
28 14 32
26 1 24
28 31 12
30 11 14
7 8 23
25 30 24
23 24 4
10 2 25
7 23 28
17 19 23
13 18 27
13 13 25
7 24 31
3 4 32
10 4 11
16 24 1
1 20 7
23 5 26
22 30 30
25 12 18
21 11 21
32 21 25
21 14 19
4 7 6
4 14 11
5 2 19
21 30 12
17 30 13
9 17 11
12 11 5
30 23 25
19 4 4
2 10 3
30 25 7
3 10 3
20 32 21
17 27 3
8 15 14
18 20 18
8 25 4
9 17 27
4 24 1
5 13 26
29 2 7
21 14 9
5 30 26
25 15 31
3 24 29
3 10 3
9 32 4
23 12 23
13 21 1
10 2 10
5 9 13
23 8 24
23 26 5
19 8 16
13 7 3
5 7 5
22 27 6
4 24 30
8 22 14
11 22 10
32 9 32
2 2 12
9 11 9
27 14 21
27 1 14
7 19 28
29 32 18
7 24 23
22 27 26
28 18 18
29 30 24
18 10 14
29 16 1
16 18 29
30 19 3
22 12 23
4 16 21
5 28 12
29 18 11
30 5 12
18 32 29
11 21 28
21 17 31
1 19 30
11 7 25
17 4 8
29 13 26
18 29 9
1 28 5
29 24 14
21 3 29
4 22 3
16 16 14
7 15 12
9 14 6
2 25 14
11 28 21
22 26 23
17 28 20
6 9 17
25 4 15
32 22 29
12 29 6
29 29 21
19 11 18
15 20 27
30 19 27
8 12 10
1 22 32
9 9 21
19 26 22
23 22 14
20 24 17
19 22 7
9 32 4
21 1 29
8 25 26
15 22 20
8 16 8
30 12 31
22 28 30
3 5 14
17 18 21
21 24 9
8 2 30
4 30 3
5 13 17
26 4 9
24 25 21
9 10 25
26 18 14
16 14 11
1 5 1
15 29 27
6 19 8
30 25 10
28 3 17
30 15 6
6 10 5
19 10 25
26 27 21
13 9 11
12 31 14
15 27 10
19 9 19
8 15 27
16 6 28
9 19 24
19 1 17
28 3 11
26 20 2
9 23 30
3 21 9
26 14 11
30 30 20
20 16 9
21 13 11
7 16 10
15 14 30
19 25 6
27 22 31
31 22 27
28 27 31
18 19 2
16 22 19
29 26 2
8 22 31
22 14 24
31 3 4
15 20 30
20 3 12
25 13 25
4 29 26
13 15 9
8 12 5
6 28 7
27 30 12
1 1 18
28 16 21
21 6 17
31 13 20
5 18 1
4 24 29
23 20 24
27 6 26
17 9 4
26 23 2
1 27 21
14 16 17
32 28 5
7 32 26
14 19 32
29 9 13
5 28 2
5 22 13
16 30 22
9 25 23
2 21 22
31 4 9
27 8 25
3 20 8
17 27 7
21 10 1
6 25 17
12 31 6
10 6 30
16 14 15
28 5 15
23 16 28
19 21 7
19 5 23
18 30 1
1 4 23
20 20 19
30 18 11
13 5 9
30 1 18
16 28 15
32 25 29
21 22 23
4 5 20
5 30 14
23 17 7
27 16 30
24 32 9
6 21 6
17 4 19
30 13 10
16 23 28
7 25 18
26 12 1
12 28 9
13 23 6
10 22 22
27 13 15
30 22 26
9 31 32
6 23 24
23 21 18
11 12 14
15 1 2
16 8 15
5 26 3
4 15 30
16 15 26
16 8 5
17 3 27
15 25 27
22 27 24
25 1 23
10 32 21
1 6 6
7 19 6
16 14 26
31 22 15
1 17 15
3 23 22
1 14 4
25 1 22
16 13 3
10 5 19
29 9 5
4 22 29
1 31 5
13 12 18
12 1 26
8 26 6
3 30 6
23 16 10
7 21 23
21 9 9
11 21 12
19 20 12
27 1 30
25 24 8
17 14 23
14 16 17
14 14 23
9 11 18
28 18 15
5 21 24
14 20 29
5 25 7
29 1 28
2 27 12
23 12 11
28 3 24
20 24 32
26 18 13
14 8 19
10 29 31
6 29 28
5 16 16
19 11 10
29 4 21
30 2 1
18 26 9
15 10 2
2 18 22
30 6 26
1 16 29
26 4 12
12 1 24
28 16 30
23 13 18
16 32 9
24 31 4
5 10 1
5 29 20
4 3 14
8 8 16
23 7 32
16 32 2
8 16 1
1 32 2
32 11 3
4 28 14
26 16 25
2 13 19
5 23 23
19 16 8
1 25 20
26 29 12
14 2 32
26 21 28
9 28 5
12 30 10
21 30 22
26 12 8
1 12 16
5 24 5
11 13 29
31 16 1
9 1 26
3 11 16
7 17 19
31 31 10
9 16 18
1 10 4
7 14 21
31 17 13
28 14 14
15 17 23
2 31 8
3 19 12
22 28 22
29 23 18
14 26 11
9 15 15
13 8 24
4 2 27
1 21 1
7 2 6
2 12 3
26 4 1
12 5 17
29 3 30
6 31 15
32 21 30
27 19 5
25 21 29
6 26 1
18 20 29
7 2 1
24 32 30
14 12 9
15 27 17
27 31 17
21 9 22
6 9 32
12 12 8
7 6 24
29 21 21
30 3 7
15 17 5
30 32 5
28 30 32
26 12 2
3 29 20
7 11 21
28 10 4
31 15 27
13 29 24
25 8 15
14 15 8
13 8 26
9 3 9
20 2 8
9 32 18
7 30 6
1 13 28
24 6 6
4 23 27
9 22 28
3 17 21
6 25 19
5 32 6
15 1 8
22 15 24
18 17 20
1 27 5
23 24 29
10 31 4
19 26 15
16 20 26
18 20 27
32 14 18
19 11 25
12 24 12
32 9 8
30 19 19
23 3 10
5 3 2
11 12 15
27 17 22
10 26 2
4 25 7
10 11 27
7 12 30
8 2 6
20 19 14
31 18 1
25 20 14
6 30 20
20 1 4
25 21 12
21 29 29
32 23 22
15 2 2
4 19 19
22 6 4
28 27 12
7 10 17
25 27 22
32 10 16
10 24 2
28 22 15
23 7 11
22 16 8
24 4 22
4 5 30
2 16 19
2 13 17
14 19 15
23 22 4
21 7 12
4 18 5
32 29 17
21 5 22
32 23 19
6 9 22
20 31 12
10 24 14
21 6 20
1 11 4
2 23 22
15 26 28
15 13 4
18 22 8
4 28 27
28 2 10
15 16 3
5 13 24
2 2 32
32 16 30
15 10 25
25 29 28
2 6 17
32 18 25
8 9 3
19 18 14
12 31 5
1 14 13
1 11 15
11 26 26
31 3 30
8 12 4
5 31 14
26 23 1
15 27 13
7 18 27
5 14 13
19 15 16
3 5 27
9 26 29
22 7 7
25 6 23
16 31 3
6 30 10
10 14 21
21 20 16
25 31 32
23 17 13
27 4 28
17 9 14
15 25 18
8 24 23
6 9 3
1 16 31
6 20 15
26 17 11
32 17 31
28 15 28
4 26 7
15 4 11
1 25 25
25 16 32
11 18 21
24 19 17
11 16 1
18 31 10
12 31 25
20 9 24
20 27 27
16 12 18
25 8 8
9 8 7
21 24 1
13 17 22
4 10 27
6 19 13
13 18 9
31 9 20
16 18 21
28 26 5
13 31 17
4 14 9
17 27 7
30 25 28
7 3 6
27 13 7
12 6 28
18 21 10
24 14 27
4 13 2
27 26 25
17 19 22
21 13 9
22 11 17
17 9 5
28 14 13
25 29 14
14 1 22
13 23 26
16 31 14
31 3 24
16 32 13
4 26 3
19 13 6
2 10 7
1 3 32
19 13 28
29 25 29
24 16 31
22 3 1
25 15 5
6 11 32
13 15 8
18 19 31
16 13 26
22 28 30
3 23 14
11 26 20
23 10 28
7 21 9
3 32 27
25 24 27
27 15 29
27 25 9
13 2 11
8 26 23
26 22 30
22 15 2
6 6 11
2 28 7
7 1 5
6 26 14
26 18 25
3 9 15
7 9 15
27 26 21
2 21 17
29 30 8
21 29 23
3 14 5
20 5 15
1 15 1
21 10 20
29 3 28
29 24 1
32 32 10
17 6 12
29 4 30
8 24 11
29 31 3
20 24 9
28 9 7
20 6 15
25 16 3
6 3 25
24 19 7
17 2 17
20 9 28
16 10 2
14 1 26
22 25 7
31 21 17
5 8 31
5 21 20
12 28 27
16 9 14
22 4 23
22 3 26
3 13 20
9 13 24
9 30 8
13 23 25
8 29 15
15 23 13
10 9 13
20 12 1
29 31 10
12 25 20
1 28 17
28 28 6
15 28 9
6 32 11
1 10 25
4 27 25
22 29 28
1 28 9
30 32 22
6 12 8
21 10 11
15 28 5
9 16 8
12 1 6
14 2 28
21 24 20
2 6 22
22 26 6
7 29 7
29 17 8
27 31 24
10 24 2
3 21 31
27 29 28
31 30 8
21 16 3
21 12 22
2 25 22
5 7 27
15 9 12
6 13 19
5 17 31
3 6 7
29 7 25
32 32 5
26 14 11
18 28 3
21 7 8
22 6 11
14 32 15
16 20 1
10 22 32
16 21 24
30 19 19
26 23 27
4 15 3
30 27 1
13 25 25
1 8 9
14 25 27
1 8 10
21 27 31
28 10 15
28 20 28
11 17 5
14 32 12
30 9 5
19 4 7
31 19 27
12 23 2
27 27 20
2 15 28
29 16 21
16 6 15
11 29 8
6 14 15
1 13 22
7 18 17
4 15 24
5 2 30
31 19 19
14 11 17
7 26 8
2 3 14
22 2 22
20 13 16
5 18 5
31 13 4
12 25 19
13 22 17
17 22 24
26 17 6
23 21 32
16 9 28
9 8 16
24 21 2
32 7 25
8 29 25
8 17 2
21 26 20
28 24 24
6 23 26
15 23 22
7 8 1
28 24 7
16 28 27
1 14 8
24 30 11
10 14 10
28 17 12
18 7 10
24 7 22
9 10 16
6 16 17
17 27 6
1 16 20
22 22 25
16 32 15
26 10 26
10 31 23
4 29 24
27 14 5
18 4 8
24 30 28
19 20 9
2 6 18
7 12 15
2 2 7
24 25 15
18 28 18
1 12 3
11 27 2
15 30 29
32 4 30
11 9 24
29 6 9
11 22 19
21 30 1
5 16 30
29 24 21
22 20 1
17 5 16
27 13 1
16 25 7
3 23 12
24 24 8
15 11 28
23 2 23
6 31 27
2 22 22
12 19 28
25 4 13
2 1 23
24 32 24
32 31 14
1 14 5
6 14 29
25 32 15
16 23 10
30 16 20
3 16 23
4 22 25
24 16 5
9 30 30
29 7 23
5 20 27
27 15 16
3 2 13
17 31 2
22 26 24
24 23 2
24 24 21
24 2 16
21 19 19
22 8 8
9 22 13
12 31 7
15 29 2
15 22 2
20 24 13
9 3 3
27 22 32
14 24 26
32 26 16
31 27 4
20 30 28
28 21 25
6 13 10
21 29 12
21 8 14
4 15 12
5 4 3
24 21 9
16 3 25
22 18 30
27 22 15
22 21 3
26 23 3
17 23 29
4 25 8
23 26 22
6 6 8
28 4 13
22 13 23
24 23 17
5 30 9
4 7 11
25 21 15
9 2 30
27 27 14
6 30 19
7 32 6
8 20 31
24 18 24
13 30 12
28 7 25
5 2 15
14 22 20
27 12 19
6 4 23
28 6 6
1 19 16
27 3 18
20 27 21
32 5 17
16 16 4
6 5 22
28 12 13
20 18 11
26 9 29
5 15 27
19 5 28
28 9 25
27 17 1
15 22 22
12 3 9
2 31 22
4 23 5
32 2 30
29 20 8
28 29 4
9 19 10
4 22 14
28 26 28
24 13 24
27 9 3
27 30 18
29 16 3
20 27 2
13 26 3
27 4 29
1 11 19
31 16 13
32 25 23
13 22 14
32 1 15
29 19 15
21 13 13
29 31 12
2 21 16
26 32 32
13 12 29
19 22 7
32 18 11
14 26 30
14 28 24
27 10 5
10 25 29
14 20 18
13 8 2
30 14 7
26 6 28
14 12 2
29 20 28
3 17 16
14 19 31
32 1 27
8 1 26
10 24 26
10 15 9
1 8 23
30 25 25
30 24 16
31 6 12
16 30 12
25 28 22
18 24 18
3 24 20
21 13 20
5 2 9
12 18 2
24 2 9
4 24 14
10 30 10
6 4 19
9 9 18
14 4 13
7 7 29
9 8 12
2 31 8
32 30 28
23 29 32
2 16 29
29 12 31
8 32 10
16 14 24
32 3 1
4 4 27
20 22 7
13 13 18
4 32 18
12 29 9
21 23 6
23 4 28
1 23 29
1 12 27
5 11 28
17 24 4
16 15 8
6 29 29
10 5 9
32 3 15
11 30 31
1 26 2
25 6 13
24 15 18
29 20 28
19 12 25
9 22 30
24 23 8
18 21 30
11 6 16
10 2 17
8 21 25
11 31 6
29 11 4
14 2 20
26 14 13
20 5 3
29 4 17
15 3 13
7 15 30
25 19 6
8 27 23
22 25 12
23 21 22
2 27 26
12 25 19
11 3 10
29 12 28
10 11 6
5 16 28
15 32 3
2 9 32
6 19 30
10 24 19
5 20 4
24 30 2
3 23 18
20 9 19
2 32 20
22 28 32
5 23 26
29 32 7
11 3 26
20 3 19
1 5 29
13 12 23
9 26 10
19 28 8
24 27 10
26 32 31
21 32 14
12 16 31
22 3 27
29 23 30
12 21 26
19 6 31
5 16 32
4 23 24
17 28 24
18 30 19
32 3 3
20 2 12
6 11 19
20 11 21
19 19 17
29 15 2
28 7 12
5 30 24
23 11 4
31 19 31
5 12 16
10 4 19
12 5 8
1 27 8
15 1 29
1 28 15
21 30 25
19 6 5
16 17 17
27 14 21
28 11 26
30 26 3
29 18 26
19 23 19
22 13 28
28 10 19
21 22 2
18 24 28
32 24 13
19 21 3
28 28 29
1 26 17
17 10 23
6 20 1
23 20 2
30 24 5
13 6 4
12 9 12
9 10 20
2 11 31
6 9 28
12 28 26
12 20 24
14 10 12
32 28 21
31 12 7
11 1 28
13 13 1
13 4 3
32 28 27
15 17 25
16 11 5
32 6 19
26 28 6
4 18 21
19 23 27
17 22 1
8 7 18
1 24 6
2 17 14
26 32 15
12 32 29
28 31 27
8 21 18
8 5 4
19 11 5
5 6 30
29 20 23
22 26 32
1 10 23
24 3 4
4 29 3
27 32 12
3 17 17
13 16 22
29 31 8
25 20 19
30 9 13
23 13 26
23 26 28
19 6 28
5 27 1
9 27 17
15 7 6
4 10 25
10 27 20
30 1 26
24 9 6
18 11 15
14 12 8
9 14 2
8 9 17
2 1 7
4 10 15
5 5 18
13 1 4
30 21 4
18 27 26
11 2 27
32 15 7
29 4 28
29 26 2
22 27 22
26 10 14
5 20 29
19 17 31
14 15 29
10 31 13
31 18 4
1 25 18
3 29 28
32 3 4
24 2 10
5 21 31
23 9 12
4 32 3
29 13 21
27 12 9
21 3 16
25 22 10
7 7 8
2 20 29
1 16 31
21 3 24
14 30 21
23 29 22
31 14 5
12 25 12
24 3 12
4 27 5
26 17 28
15 15 27
26 25 15
11 29 30
23 23 28
1 5 28
22 23 20
20 29 18
28 20 21
26 19 32
4 13 21
21 31 20
22 6 17
17 16 2
1 1 7
15 11 20
23 23 24
5 28 14
5 7 17
27 7 28
12 17 23
15 16 14
17 6 29
2 6 23
10 1 23
8 13 21
18 29 24
14 20 13
7 20 8
20 9 17
12 27 30
22 30 29
22 18 3
18 1 5
3 24 25
19 29 17
28 26 12
11 1 24
13 16 21
19 21 5
25 24 14
18 8 23
5 1 21
26 30 22
12 31 16
2 32 16
1 17 4
25 26 18
31 3 26
30 29 15
24 14 24
16 11 6
32 4 3
6 23 12
19 10 4
11 9 4
12 25 23
22 5 11
5 4 14
26 8 6
3 22 2
3 24 3
10 8 15
16 27 25
23 15 3
32 13 9
15 15 10
9 4 24
26 14 30
19 5 2
18 1 5
26 5 18
12 14 32
19 28 23
14 11 23
13 27 10
23 19 22
4 1 7
27 6 12
29 24 13
27 17 26
31 32 14
18 9 15
23 17 28
20 19 20
27 27 29
31 3 5
11 14 30
19 11 6
1 31 20
1 32 23
3 4 30
25 13 31
29 17 17
25 6 16
21 24 13
25 6 8
19 24 31
30 31 23
9 13 21
4 11 12
29 8 9
20 25 8
7 29 16
6 15 25
32 12 30
3 4 28
19 6 24
25 23 12
18 10 7
7 30 28
17 16 21
7 10 5
21 24 12
27 14 23
32 29 32
23 23 7
19 32 11
28 23 20
17 32 18
4 25 5
4 20 26
14 4 30
2 30 31
4 14 12
20 6 27
25 16 10
8 22 3
6 32 24
5 16 18
20 2 14
31 2 5
1 1 15
31 10 2
27 16 19
16 5 8
17 31 7
24 12 8
3 18 15
2 4 26
23 21 2
27 32 22
16 12 32
21 13 10
29 1 15
7 5 30
4 17 12
17 10 12
15 23 32
7 7 30
17 7 27
7 21 25
19 17 6
9 27 7
9 20 15
14 30 18
21 2 27
13 27 7
12 9 4
27 14 32
6 5 12
8 9 27
14 2 12
1 26 1
17 4 3
23 16 9
8 11 3
12 32 9
24 11 3
20 29 23
10 10 26
19 31 23
15 27 19
6 16 32
32 13 1
30 24 5
17 3 11
17 28 10
23 5 25
30 12 14
16 19 18
1 21 32
32 11 12
27 17 10
29 23 16
26 1 30
26 15 10
5 8 28
7 23 3
12 28 18
15 4 3
16 18 7
11 14 7
6 14 3
18 13 21
30 28 3
17 10 15
29 25 32
23 7 22
32 15 14
8 20 3
32 24 7
21 1 27
18 20 31
2 13 1
29 7 20
31 25 24
11 15 30
18 18 5
7 27 18
31 10 26
11 19 28
26 11 9
27 3 12
28 20 1
13 17 24
3 30 28
20 23 14
11 4 12
19 16 7
11 1 20
29 13 15
9 8 31
17 25 11
8 28 5
1 20 25
27 27 30
15 25 21
14 8 32
13 30 21
31 24 12
17 23 1
4 28 13
7 9 9
31 4 29
16 22 15
27 27 32
10 15 32
29 7 9
27 13 10
29 3 15
11 20 8
18 10 28
22 7 24
27 1 24
20 8 3
23 11 20
10 3 31
22 6 31
13 11 19
28 4 29
29 12 18
16 28 15
21 22 6
13 8 29
3 9 26
2 24 17
11 27 8
9 12 11
5 11 5
10 4 26
28 1 14
14 24 2
4 3 6
25 25 19
29 8 9
15 32 9
17 8 14
14 31 30
10 26 28
8 10 9
25 13 13
27 23 19
7 22 17
9 27 29
19 3 32
22 19 10
15 14 11
9 22 8
14 9 26
24 18 5
13 8 5
15 22 3
20 9 27
12 13 20
16 8 25
23 7 8
32 3 26
30 27 24
32 24 30
29 5 1
26 3 2
28 13 27
31 18 16
16 25 28
14 21 5
1 17 3
11 16 22
18 14 17
21 7 23
30 23 2
28 18 2
19 11 2
27 23 5
31 28 22
3 24 19
3 3 20
12 3 19
18 17 29
4 11 17
20 2 31
14 31 16
3 13 23
24 21 10
15 25 7
32 27 30
9 32 3
26 2 8
5 30 15
5 11 1
24 23 2
8 19 29
12 13 8
32 26 14
10 29 29
8 31 29
10 9 32
15 31 8
14 13 10
23 15 32
26 11 16
11 17 2
14 4 23
18 15 29
1 26 26
32 13 17
12 14 25
1 19 9
9 5 13
24 6 17
32 12 1
30 19 27
11 16 11
31 30 26
20 22 1
29 28 15
27 18 6
13 6 31
11 22 8
22 24 30
14 9 14
4 25 27
22 12 17
5 9 19
7 17 23
18 16 32
17 2 13
20 13 20
13 20 22
14 6 7
6 15 29
17 15 25
25 21 28
8 11 12
23 10 24
7 30 2
7 19 18
1 23 3
24 22 25
19 23 16
18 17 13
3 18 16
26 15 10
2 17 24
8 2 9
19 20 21
26 6 13
8 14 15
20 19 2
7 1 15
4 1 24
15 15 10
11 15 3
11 16 12
6 29 5
13 2 3
15 28 30
26 32 4
9 21 2
4 5 2
25 19 26
8 21 23
18 14 26
31 2 30
29 32 27
19 25 32
6 4 25
21 27 15
12 10 5
19 23 5
21 14 26
11 28 28
16 31 12
12 9 23
25 2 23
8 30 23
16 23 5
12 21 3
19 29 21
11 17 20
28 8 30
21 28 7
11 10 27
28 14 16
21 19 29
19 10 25
11 21 27
27 6 23
24 32 1
25 21 10
4 29 24
28 21 3
27 14 29
24 10 7
26 31 32
29 24 13
28 2 1
6 15 8
9 32 27
4 26 21
13 11 24
9 6 26
24 30 19
31 12 8
21 19 4
8 24 5
3 19 19
20 19 10
28 26 28
9 31 13
25 26 22
11 14 12
3 16 1
31 10 30
18 25 19
12 7 13
31 17 21
2 22 19
14 18 32
16 19 20
32 12 32
10 16 31
1 9 24
10 2 21
25 4 11
7 4 19
11 15 24
4 13 26
25 13 1
25 17 28
18 3 10
26 28 12
31 3 24
11 16 31
14 23 30
21 2 6
13 14 8
29 20 6
22 1 15
15 21 12
32 13 30
26 14 10
28 3 11
20 6 16
8 10 10
12 25 22
27 29 28
17 6 32
5 26 3
20 5 13
16 32 14
1 14 29
32 14 1
14 31 16
14 21 28
21 20 18
25 24 25
27 31 27
19 29 16
23 22 18
14 27 18
5 20 23
2 5 18
21 3 12
5 10 25
29 29 1
32 25 19
9 30 22
17 2 8
24 29 27
8 17 18
26 24 4
14 24 32
26 23 8
16 21 11
29 28 15
3 13 6
9 4 23
18 26 6
20 14 15
31 11 11
22 8 4
11 23 23
7 28 17
27 14 16
4 20 6
31 19 10
8 25 18
30 2 8
2 14 1
10 19 3
13 14 28
2 5 26
24 3 23
3 23 15
23 15 29
32 8 15
25 15 28
15 32 22
3 32 9
24 22 30
1 1 23
20 30 28
24 12 13
16 23 7
11 13 9
8 16 19
30 25 14
23 24 21
32 5 31
28 17 22
13 12 14
8 26 3
14 14 11
25 3 29
6 3 23
24 22 17
2 14 11
29 3 10
6 23 18
28 26 26
23 32 23
19 19 2
19 8 23
10 28 17
26 12 20
30 22 24
6 5 13
18 12 22
18 10 31
28 27 12
30 3 23
27 13 15
16 6 8
11 13 2
25 14 16
8 15 6
10 21 6
11 9 24
18 4 26
25 13 32
17 24 27
2 14 7
4 7 10
6 23 6
32 23 31
8 8 19
23 31 14
9 28 16
4 11 31
8 12 23
27 2 18
8 6 6
30 21 6
16 5 21
15 30 13
22 25 27
18 19 21
14 19 10
17 28 24
28 30 15
30 22 3
9 17 1
26 27 3
30 22 28
31 30 5
27 24 1
15 20 17
9 29 6
1 31 13
10 14 21
1 7 10
32 16 4
7 32 5
17 5 31
16 16 2
19 3 16
5 14 2
29 18 9
2 32 16
29 32 26
10 13 14
4 13 23
19 13 25
30 28 22
20 10 26
16 7 24
8 19 25
27 22 2
21 5 21
11 5 2
2 19 22
30 16 8
31 1 27
13 1 12
7 12 4
29 17 4
22 5 10
26 1 4
6 29 27
27 12 28
9 7 19
22 32 11
22 11 5
26 29 25
24 8 8
1 5 6
29 16 9
21 29 13
8 3 11
11 19 25
2 7 21
32 16 24
18 7 25
29 9 29
31 13 11
22 29 18
19 30 22
9 15 13
12 32 15
16 8 2
14 8 8
13 15 8
32 19 32
8 30 11
22 29 14
3 4 15
20 28 31
6 23 5
30 16 15
23 30 27
22 1 23
8 20 11
17 23 15
31 3 27
5 18 23
19 31 25
16 2 4
13 4 31
16 6 4
9 4 15
29 7 31
31 9 22
13 23 26
3 21 30
15 10 10
26 17 30
28 27 32
7 9 3
24 32 13
13 6 15
3 31 13
21 15 26
12 10 16
23 15 2
7 9 17
5 11 4
11 26 3
2 4 21
1 26 5
27 21 14
24 29 27
10 32 24
5 31 14
17 17 29
13 6 32
1 2 12
1 1 13
15 17 27
24 23 16
3 7 11
10 23 21
1 20 7
4 21 11
7 7 14
21 7 1
10 9 17
19 31 28
14 8 8
22 3 24
26 32 18
22 1 25
22 6 18
17 6 17
21 9 26
22 8 24
15 4 2
30 22 18
32 7 23
20 22 19
18 11 7
17 24 4
13 15 27
31 1 29
32 26 15
18 30 15
13 28 1
25 7 30
6 23 10
10 24 26
19 23 27
6 7 10
12 29 21
28 28 32
10 2 19
3 22 15
6 15 31
26 6 17
26 28 3
17 6 12
19 9 2
32 5 9
19 32 15
26 6 30
30 27 10
19 3 25
1 28 1
9 19 26
24 26 30
8 25 9
19 26 21
21 12 24
4 26 25
23 2 7
27 28 5
5 8 15
2 29 28
26 19 11
26 22 20
9 8 2
13 4 3
26 8 7
25 9 7
8 26 23
14 29 24
21 5 12
27 14 15
14 2 22
8 23 2
5 30 30
16 20 23
24 32 10
19 10 7
26 30 28
31 17 1
20 8 10
17 25 7
1 17 1
5 6 22
32 30 2
27 6 19
12 3 5
18 28 23
1 32 8
6 3 14
12 10 7
19 11 25
6 3 11
9 29 10
27 15 1
20 27 6
11 24 9
11 8 16
13 2 19
11 4 14
11 13 16
24 22 10
26 2 27
9 25 6
5 19 14
9 20 29
29 12 3
3 14 10
9 12 23
13 28 29
5 21 18
20 4 4
14 22 26
3 20 26
11 24 17
27 18 9
14 14 12
9 4 6
7 30 30
2 31 4
4 7 17
7 18 21
28 15 9
22 23 3
12 17 19
15 18 13
25 17 21
6 15 4
15 5 2
11 6 3
21 24 5
3 24 9
7 1 17
18 28 8
29 4 1
16 16 30
3 18 6
29 25 18
1 10 13
26 26 12
23 16 7
12 14 5
20 22 22
23 9 5
16 9 9
30 24 21
12 9 30
31 15 2
4 32 21
15 26 9
28 1 23
23 12 2
14 9 2
3 5 22
25 30 20
11 10 5
5 13 5
32 8 28
30 26 22
1 19 28
21 27 3
10 14 13
23 1 13
17 6 18
19 19 16
23 16 29
29 27 2
10 15 28
22 13 9
14 24 21
23 16 10
17 27 5
4 17 9
32 8 32
16 9 32
3 5 31
15 1 21
3 15 12
1 9 9
25 31 15
29 28 23
15 18 24
12 4 14
25 3 14
2 9 21
26 10 23
15 19 23
30 27 27
11 21 8
11 31 29
19 9 25
32 13 16
9 24 28
3 30 17
9 5 22
5 22 21
6 6 15
12 4 21
19 24 9
3 2 9
5 17 21
4 26 13
16 11 28
32 21 17
9 2 2
24 18 21
31 19 26
6 13 18
22 7 16
22 10 23
14 1 27
8 31 9
32 4 28
3 15 12
21 1 14
8 31 1
29 20 22
20 29 20
28 2 8
9 1 24
27 15 25
3 31 5
8 5 14
21 29 10
20 7 29
21 22 20
23 8 11
13 13 7
31 15 10
13 11 17
27 19 15
20 14 12
25 29 23
29 29 23
5 30 23
32 9 25
15 20 6
23 26 7
3 26 26
18 21 8
18 15 24
32 29 19
11 9 21
19 25 3
29 10 24
17 18 21
26 4 18
19 30 4
15 26 18
10 14 3
31 16 14
4 5 9
22 7 27
28 15 25
14 16 1
18 32 13
23 4 7
29 14 24
17 14 26
8 5 30
16 4 29
15 10 22
14 5 12
23 16 7
13 31 10
30 4 22
3 28 12
19 1 4
10 9 5
19 8 5
18 24 27
10 25 29
22 19 32
28 24 23
15 18 28
2 19 16
11 22 32
21 30 17
11 7 8
3 23 20
12 32 32
19 20 26
25 22 16
16 21 10
22 7 12
7 21 19
7 19 4
7 10 31
13 27 24
11 23 6
25 25 30
24 31 2
13 24 18
15 6 30
1 6 4
30 2 18
2 20 7
12 22 9
23 10 31
13 10 20
25 5 17
15 20 18
22 13 2
18 29 5
8 19 5
24 28 14
14 22 15
29 31 2
28 19 8
24 14 31
29 28 25
20 28 32
15 32 18
6 25 1
15 19 9
26 9 31
1 20 9
14 9 29
19 11 4
31 26 12
5 10 25
2 31 29
24 13 8
19 17 3
18 10 15
22 8 22
24 6 25
23 16 8
22 17 4
8 31 19
24 14 31
15 6 11
3 11 9
4 22 1
16 29 29
21 4 29
19 24 23
8 8 19
5 19 5
12 29 13
26 16 6
23 9 7
4 15 24
3 1 19
20 19 30
20 9 27
2 18 12
29 9 13
17 17 4
27 28 23
21 11 27
9 12 32
3 29 32
23 32 5
24 25 13
23 30 11
24 12 5
30 16 28
31 28 30
18 8 9
6 1 25
4 4 13
26 3 27
19 11 28
32 21 28
15 3 7
19 15 30
2 32 13
18 8 25
13 21 28
9 4 7
30 12 1
16 26 27
11 14 2
6 22 16
3 30 24
20 24 13
3 15 2
21 20 1
26 6 32
1 7 9
31 25 9
22 14 21
3 25 20
2 13 30
29 25 28
13 27 5
4 30 27
7 19 11
27 2 9
27 6 11
24 8 29
25 21 28
23 24 17
16 26 16
23 22 8
8 3 31
27 14 23
23 29 22
14 30 14
2 16 12
9 21 14
10 31 12
28 4 14
1 10 29
19 9 27
3 10 21
15 4 31
28 27 5
2 20 9
10 9 32
2 5 23
18 9 27
18 3 24
13 15 25
30 19 22
1 19 31
19 12 3
20 12 30
8 13 2
21 28 27
30 25 4
12 23 10
8 19 1
17 8 17
24 20 8
1 28 27
32 19 8
22 12 31
3 7 20
11 15 21
13 25 3
26 13 19
2 15 16
2 8 18
29 24 32
7 13 29
10 23 20
7 9 29
28 21 19
13 6 5
28 17 2
5 1 20
7 12 2
2 30 23
5 23 2
11 15 14
30 23 14
18 20 4
26 13 7
1 4 10
20 25 19
23 31 2
13 2 18
32 3 21
24 15 30
3 21 24
27 24 29
28 22 16
27 1 15
22 25 5
15 14 16
10 28 5
3 11 24
29 18 23
32 18 12
30 17 32
28 12 27
22 14 20
20 28 26
32 10 29
4 12 18
15 7 4
31 29 4
22 6 1
30 27 16
9 6 13
1 2 26
30 29 31
13 31 30
25 6 13
21 15 17
26 13 2
19 11 11
31 7 13
17 28 27
15 1 18
18 28 14
19 1 15
23 29 25
24 28 12
23 27 26
6 22 25
20 5 27
29 23 5
30 10 23
2 8 1
13 9 32
23 14 17
1 15 22
18 19 29
17 16 10
2 30 32
17 19 4
17 27 19
17 10 10
9 9 7
24 17 13
16 11 24
32 25 26
10 29 9
30 3 7
28 11 10
13 17 21
7 13 21
12 11 28
27 18 15
26 28 27
8 5 25
13 22 19
18 5 26
23 2 1
31 15 22
3 5 20
32 6 9
12 17 22
30 29 12
31 5 25
21 11 5
5 4 31
6 13 1
2 2 18
17 25 21
19 12 2
15 24 31
20 14 32
1 6 27
17 1 12
13 28 13
2 14 24
12 8 29
20 14 28
3 30 27
28 25 4
10 9 9
26 5 26
30 10 14
19 30 24
29 14 15
8 28 18
12 29 4
23 27 22
17 26 28
4 5 18
22 29 6
4 24 18
21 29 1
21 32 29
20 11 27
24 2 31
26 27 16
17 10 14
9 20 29
1 26 18
3 15 15
21 7 14
4 12 15
18 3 10
11 29 32
17 3 24
9 17 18
12 25 11
11 29 12
3 19 19
7 21 11
6 23 26
6 4 15
27 1 23
26 8 24
9 13 10
13 8 31
11 6 5
5 25 20
18 28 8
18 20 29
30 9 15
1 26 22
11 10 8
10 23 12
14 15 10
20 26 22
23 20 28
5 21 26
14 7 24
16 19 29
32 8 23
22 17 6
26 13 16
31 6 2
18 8 3
32 14 32
27 13 12
25 7 29
32 19 13
30 14 3
8 32 25
28 21 21
5 15 30
24 27 7
20 14 6
18 23 1
9 6 16
16 20 6
23 2 4
21 19 9
5 27 26
26 6 9
31 16 20
16 11 31
30 3 17
18 6 17
6 15 11
26 23 4
21 26 1
2 28 5
15 32 31
9 20 19
31 16 28
23 32 32
26 26 17
1 16 9
21 18 26
25 5 24
2 30 28
30 24 16
28 32 16
16 2 21
22 20 1
32 1 6
1 18 3
9 7 31
22 11 3
12 24 12
7 31 7
18 23 27
3 7 32
24 12 2
8 8 23
10 8 32
14 19 21
31 15 18
28 1 27
4 16 21
2 1 27
13 25 1
10 2 6
29 8 1
21 8 1
11 14 17
1 23 3
13 9 23
18 1 23
17 31 2
17 28 3
1 30 4
16 13 26
7 2 18
19 32 7
26 11 5
12 32 7
26 28 25
29 12 27
12 19 15
28 22 28
31 15 22
17 23 14
16 20 12
21 14 27
16 13 17
4 12 3
22 14 8
1 22 19
21 5 8
10 16 14
18 32 24
25 25 8
27 30 28
25 6 17
18 19 3
12 28 14
3 13 15
11 22 12
7 10 24
26 14 13
29 28 18
11 27 8
31 9 10
16 15 4
14 14 21
12 9 15
12 19 1
6 26 3
1 19 19
10 7 27
25 22 21
29 7 28
31 14 11
27 17 17
19 15 29
11 13 7
10 2 21
2 23 32
27 12 3
13 23 1
28 15 13
1 10 30
4 8 23
9 14 26
12 15 31
2 23 10
22 7 14
26 27 5
18 18 11
32 5 13
11 26 13
30 26 12
25 32 6
14 20 25
18 30 27
6 16 7
3 18 31
20 12 1
26 17 4
31 4 28
7 1 19
16 13 1
20 16 28
18 12 29
4 32 19
8 28 30
10 5 22
30 22 26
23 32 20
29 18 30
32 30 18
14 7 19
6 17 13
30 16 4
29 20 16
31 23 6
25 8 8
32 2 14
3 21 23
23 18 15
22 5 6
17 23 25
22 15 18
14 22 3
16 29 13
32 19 17
20 6 9
2 26 28
18 18 23
31 5 14
22 16 15
2 23 3
1 24 6
6 32 32
17 30 5
25 22 2
12 5 3
23 29 15
17 10 28
13 18 31
9 15 32
10 24 5
27 6 8
28 14 26
15 11 9
25 6 32
16 17 32
29 16 16
5 25 16
5 27 9
30 8 11
30 10 5
5 8 12
16 29 6
6 1 24
18 30 13
14 30 3
3 10 2
29 30 22
6 24 14
26 4 3
25 30 20
7 22 30
26 15 16
21 19 8
23 20 22
26 15 32
19 14 10
11 30 27
22 31 25
30 5 27
20 28 28
30 5 16
14 22 9
15 17 8
25 31 29
15 23 32
31 20 3
5 21 9
29 16 18
29 8 16
10 26 12
25 24 14
25 17 1
18 3 21
18 32 10
4 9 5
17 23 32
3 27 5
6 32 4
24 32 4
18 32 32
31 16 3
21 2 22
20 24 24
1 15 31
26 24 3
27 19 16
1 12 8
18 4 27
25 22 28
9 19 31
5 17 12
23 31 11
16 19 21
20 28 17
7 6 23
15 3 31
18 1 24
12 17 32
26 32 2
18 28 19
17 12 31
17 3 25
9 32 24
27 5 2
22 17 29
31 8 31
12 26 27
1 22 25
11 18 21
25 9 26
5 7 2
1 7 30
17 31 32
7 14 29
28 1 14
16 9 1
2 21 5
12 28 1
20 15 27
11 27 7
19 23 6
23 20 9
11 9 14
32 12 32
14 10 8
22 12 11
19 17 10
3 3 29
13 2 31
6 8 7
31 30 22
17 19 4
16 18 4
18 30 25
12 1 16
21 4 26
29 13 30
1 8 26
8 23 18
17 22 29
27 13 10
11 32 19
3 17 13
19 12 20
18 16 22
9 7 32
7 1 9
25 7 32
7 14 15
24 20 4
16 20 26
21 24 22
15 32 22
21 31 19
22 32 3
15 14 8
18 26 28
30 10 8
14 6 23
26 17 10
8 24 31
23 22 10
4 23 31
25 13 19
2 5 17
12 14 16
20 2 7
10 22 30
20 25 32
26 28 13
5 4 4
26 11 27
10 20 2
15 11 3
16 3 16
32 11 12
23 24 6
16 22 3
4 3 32
31 20 1
5 12 27
4 11 17
5 20 10
25 10 14
18 5 3
7 23 31
7 21 26
11 11 1
21 11 32
21 27 7
18 20 6
29 2 20
31 19 24
10 4 29
15 27 2
10 24 9
11 11 25
21 7 29
31 1 24
32 17 15
23 3 14
6 26 10
28 14 3
16 13 15
1 22 32
2 13 31
32 27 18
13 22 15
12 7 24
3 12 9
8 8 4
5 1 1
13 26 16
24 3 10
23 26 2
5 3 23
27 29 1
12 18 21
29 2 27
7 30 7
25 22 19
13 31 32
22 25 9
8 27 25
26 30 24
20 11 26
5 7 10
16 19 29
10 23 17
31 5 5
9 13 17
20 22 2
2 6 12
27 1 29
30 28 5
6 18 2
32 3 26
12 15 9
20 6 8
19 24 13
23 30 15
10 2 22
30 25 10
10 9 7
27 7 14
15 28 14
19 7 25
8 7 29
23 1 21
26 15 28
32 3 29
11 25 30
31 18 31
6 15 11
23 20 32
6 31 14
27 17 3
20 25 14
21 22 24
31 15 2
9 2 9
9 3 15
5 7 28
19 30 8
19 21 16
9 24 7
23 27 26
28 12 26
22 29 21
3 25 4
8 10 13
24 10 17
23 29 8
15 6 18
12 15 8
19 22 24
14 23 5
28 17 15
20 1 19
18 15 30
11 31 19
12 29 18
13 9 10
21 13 2
10 10 24
11 19 1
22 17 30
25 13 13
31 15 28
1 7 16
2 24 31
4 21 30
3 6 17
1 3 32
15 24 25
8 2 17
4 4 11
25 2 14
32 30 14
15 25 7
25 24 7
17 7 31
27 26 22
20 7 8
20 23 19
31 14 29
14 23 26
7 12 11
22 4 31
7 14 5
4 14 17
24 11 20
7 31 9
12 30 7
22 21 20
14 11 14
17 32 31
23 23 20
3 28 20
31 12 26
20 29 15
23 30 28
20 1 25
30 23 2
18 7 21
9 18 16
28 7 8
14 14 21
18 28 29
17 6 8
4 15 8
32 5 5
17 27 28
7 9 12
1 16 23
15 11 2
23 3 8
21 5 8
26 16 29
32 27 21
5 11 7
3 18 30
16 1 6
13 30 3
24 1 4
8 29 28
25 1 13
4 24 30
20 3 11
31 12 6
11 5 32
24 10 29
8 12 32
17 17 13
5 16 18
15 3 9
29 27 30
30 6 5
6 3 11
4 10 24
16 21 20
24 15 5
11 11 30
8 32 27
7 5 10
16 3 10
13 25 15
14 30 27
19 32 19
26 25 2
29 11 17
8 30 13
23 8 28
11 2 5
9 8 18
12 32 30
10 6 7
20 1 13
26 4 24
19 30 26
8 27 11
24 2 20
30 16 32
28 30 8
14 14 22
5 12 16
29 24 10
23 23 27
29 20 25
29 17 27
10 15 2
32 10 27
17 5 1
26 29 8
19 11 7
29 4 24
17 13 15
25 10 1
30 1 28
10 28 17
25 23 15
14 15 11
1 6 19
17 14 10
23 23 7
13 15 5
30 28 20
26 28 16
16 16 5
26 2 18
21 12 18
5 7 29
23 26 29
16 19 7
27 26 26
27 17 8
30 20 12
12 29 7
20 17 11
15 26 23
22 5 23
15 13 31
6 28 15
31 31 18
29 27 6
22 6 27
14 15 17
19 20 24
20 9 24
19 31 3
2 5 10
32 1 28
24 24 27
9 11 29
4 19 17
12 4 17
14 6 25
9 1 6
15 26 28
11 32 26
9 29 4
1 1 26
27 8 26
15 14 15
24 28 19
28 9 29
1 25 3
29 3 21
26 2 25
16 32 18
19 21 10
7 17 5
25 32 13
5 1 19
29 4 25
4 1 19
5 6 9
6 19 12
2 6 16
23 8 12
7 19 7
22 3 14
14 19 7
16 27 19
13 9 18
27 16 9
13 11 23
16 13 12
27 8 2
24 20 11
31 24 3
4 3 17
30 30 21
3 32 28
1 23 5
4 7 3
16 8 28
10 31 1
19 24 22
18 26 3
16 31 30
28 14 24
15 15 2
25 5 2
25 27 31
11 7 31
10 7 7
20 29 29
6 31 9
24 3 29
30 9 25
17 18 5
11 2 22
7 27 15
27 24 30
24 20 10
26 29 27
12 1 3
11 11 23
24 13 25
22 21 22
22 9 6
19 22 21
8 17 21
13 25 24
8 26 26
3 30 20
7 31 15
3 28 5
30 5 13
20 6 25
13 16 18
3 31 11
26 14 23
23 3 3
8 19 24
4 19 9
15 32 21
20 4 14
8 7 2
5 29 8
1 17 23
12 14 22
27 25 29
3 5 19
7 10 32
11 9 4
23 16 7
3 19 9
7 11 18
23 22 30
6 18 16
16 1 21
14 4 26
2 11 3
28 22 22
10 13 21
6 18 30
29 13 12
18 6 9
4 24 19
21 31 7
11 21 21
20 17 15
10 32 7
24 16 21
19 20 23
12 1 5
17 24 15
3 25 22
10 24 17
7 13 28
32 9 7
17 20 2
29 21 18
32 9 2
25 13 4
8 8 3
7 28 18
30 30 11
6 18 25
26 27 10
27 15 15
32 22 30
6 29 9
7 18 3
28 13 22
28 23 10
21 25 25
15 14 10
22 14 8
2 12 27
30 18 25
14 15 15
29 16 19
26 16 20
1 19 23
16 31 15
10 4 19
29 13 24
30 24 32
14 5 13
6 27 8
10 2 17
2 17 25
30 1 31
19 26 19
13 30 25
18 3 24
8 6 28
29 24 21
24 23 6
9 28 3
30 4 23
13 30 27
4 10 22
9 29 31
1 2 14
5 24 4
25 27 17
5 2 6
9 22 22
7 2 24
12 30 31
32 25 27
26 1 6
7 15 25
2 7 22
5 26 21
7 8 23
5 24 9
3 18 16
8 17 28
15 15 24
6 30 20
13 27 30
25 26 10
11 26 2
19 4 6
13 19 32
18 19 5
1 24 1
5 21 12
16 1 32
19 9 32
8 4 25
14 29 26
8 16 7
30 16 9
16 20 29
19 7 26
16 25 15
28 7 8
10 14 28
13 18 16
19 17 12
8 12 11
26 14 1
2 7 4
25 22 3
18 12 10
14 26 23
9 8 2
19 31 15
13 30 3
26 21 15
23 26 23
25 27 2
19 26 25
15 27 22
3 32 9
2 25 24
8 27 9
25 5 19
32 10 28
24 21 28
15 20 17
22 27 3
1 8 7
32 19 29
22 1 12
20 17 13
32 30 16
4 3 7
19 11 11
12 3 18
30 10 24
1 12 20
16 18 7
19 12 27
20 30 11
32 31 15
6 26 23
22 3 13
7 18 19
8 24 21
22 6 13
9 13 6
3 13 4
32 23 5
25 27 32
30 27 5
32 17 7
16 31 23
24 25 14
9 16 16
11 32 29
21 5 22
30 29 7
6 14 28
29 31 6
6 25 22
15 5 11
1 22 14
14 12 24
15 10 12
22 27 23
18 28 32
25 3 17
30 11 10
30 17 31
3 31 29
12 12 12
12 16 32
12 4 26
1 25 2
21 6 5
25 29 4
24 32 14
26 14 5
5 22 29
20 11 29
4 5 26
18 29 1
24 7 11
4 18 27
32 3 6
24 14 22
23 4 1
31 21 14
19 6 18
27 6 10
2 17 15
21 9 5
22 13 28
26 23 22
11 32 11
5 12 26
28 7 24
21 15 25
31 10 3
29 30 18
3 23 32
15 27 30
23 31 9
21 26 12
11 23 6
32 9 12
19 23 31
5 13 32
12 11 1
2 17 20
14 16 3
19 10 27
16 3 23
26 32 1
6 17 30
18 26 22
10 26 21
23 8 10
23 6 21
15 6 21
11 8 31
28 20 8
29 15 1
23 31 11
18 25 23
2 18 2
30 8 20
16 4 20
6 26 24
11 30 3
10 8 31
17 13 14
12 2 9
31 25 31
13 26 1
5 14 10
31 24 7
19 23 5
7 14 17
24 3 4
20 7 7
1 8 31
1 11 2
26 27 31
26 30 3
7 20 22
24 4 31
7 23 21
11 7 19
18 16 22
22 18 16
11 20 11
18 6 22
22 3 10
7 16 6
24 29 19
28 14 24
16 8 17
13 24 18
23 1 17
5 20 6
13 4 4
21 17 32
7 14 9
9 29 19
9 27 19
4 18 24
25 19 1
5 20 26
24 14 30
6 20 27
14 11 21
10 11 7
20 10 22
13 29 30
10 12 30
1 20 25
18 32 15
1 29 8
11 1 29
31 30 3
6 24 18
10 5 26
24 24 27
25 24 3
11 27 14
7 9 26
9 18 16
11 20 17
10 21 24
19 32 8
8 7 32
12 3 27
31 27 29
22 12 20
20 1 4
2 4 1
4 21 29
24 8 13
1 18 21
4 25 13
32 8 13
29 7 32
12 32 10
12 20 27
21 26 20
18 16 27
8 23 7
23 30 9
21 8 11
3 15 18
17 7 19
22 15 30
22 15 6
10 3 8
19 23 15
21 12 30
28 15 32
5 20 13
3 27 7
7 28 18
26 17 6
19 27 17
13 17 23
4 13 21
1 18 16
23 31 21
2 3 21
28 9 21
10 10 17
9 9 7
23 19 24
30 28 17
25 13 6
3 29 28
22 27 14
14 2 5
8 18 2
12 19 27
5 20 16
14 1 6
13 2 16
8 22 12
30 18 8
5 8 19
21 10 28
18 8 22
23 24 23
16 28 21
7 2 20
5 13 21
12 28 17
26 26 7
31 5 21
27 30 27
25 16 8
28 24 22
12 13 3
7 31 32
31 29 24
3 2 6
24 1 30
23 22 11
4 3 2
2 1 31
9 27 15
19 25 21
9 28 23
25 23 31
16 30 32
26 13 13
15 26 21
22 23 26
29 4 29
18 17 17
22 17 24
21 22 12
26 19 2
6 8 3
10 21 29
27 12 30
24 24 24
24 4 29
29 29 10
13 20 16
17 14 27
19 30 12
16 24 22
26 28 14
24 25 13
7 25 25
14 4 4
27 21 13
15 20 4
5 23 15
19 25 22
28 13 28
24 12 14
6 22 24
10 2 31
16 13 7
10 4 23
5 7 18
27 19 31
20 18 27
28 8 13
15 6 29
30 16 23
25 19 21
20 22 1
27 7 27
30 19 29
6 8 2
14 24 9
27 5 31
12 25 2
6 6 10
21 17 22
7 19 26
20 9 19
21 18 6
28 18 11
2 16 26
25 26 10
25 30 25
25 14 15
11 10 24
20 1 1
9 13 10
4 14 3
12 25 10
4 26 8
7 30 29
13 13 26
20 15 21
7 7 28
28 9 3
3 12 25
28 8 21
25 20 21
19 8 30
27 19 21
23 1 4
10 4 20
16 25 11
28 16 4
7 29 23
13 7 14
2 30 31
19 15 28
10 28 1
25 1 25
12 19 19
32 31 32
2 26 29
25 31 20
30 15 3
13 25 22
2 21 4
1 23 32
3 31 4
25 28 7
6 9 11
8 13 17
15 27 19
28 13 5
23 31 12
23 16 30
21 31 1
28 10 26
11 17 13
8 29 8
3 23 16
31 20 30
14 31 24
21 21 6
5 31 7
11 18 19
14 13 24
17 21 9
24 3 7
3 29 32
4 13 27
1 3 32
5 9 12
24 5 4
17 21 3
13 23 22
11 13 32
15 11 29
3 3 19
1 9 25
7 8 29
14 16 23
26 13 11
27 6 23
21 19 7
23 16 4
12 27 14
24 17 7
2 17 27
25 30 15
26 17 18
14 15 7
18 11 3
20 26 32
21 26 28
21 17 14
11 20 31
31 6 2
7 8 20
7 22 17
19 23 13
24 1 24
17 15 25
2 4 29
14 14 9
5 10 32
5 25 19
13 31 4
9 25 1
7 27 23
17 11 11
27 13 12
9 25 18
16 17 1
26 17 25
27 31 10
26 13 20
8 1 5
24 13 28
18 12 11
28 28 9
31 27 1
3 18 5
8 9 23
11 29 1
25 8 9
4 3 1
23 11 20
24 29 11
29 15 14
15 12 10
15 4 14
8 15 26
18 28 19
26 13 27
29 18 4
7 21 14
14 30 31
21 7 31
9 23 14
1 3 3
2 12 12
4 29 6
21 10 21
16 1 9
32 14 10
29 20 2
5 7 23
15 4 3
32 1 20
3 22 14
22 5 17
11 19 27
5 13 18
15 22 10
6 9 30
27 4 5
12 7 10
27 2 15
22 21 11
23 30 22
12 24 18
8 9 17
9 11 13
28 23 19
29 29 23
31 19 4
12 26 3
16 30 8
11 3 25
4 2 31
27 25 15
5 14 7
6 24 9
20 6 4
30 25 1
18 4 8
19 13 13
7 20 30
21 31 11
6 24 6
9 1 29
32 14 5
19 21 18
27 25 12
12 7 25
20 29 11
21 9 21
18 18 15
28 31 13
8 10 8
1 32 11
2 6 19
22 14 8
2 7 8
20 26 25
20 16 23
4 8 2
26 11 29
3 14 1
20 28 11
1 30 25
12 32 23
8 18 2
10 21 21
11 18 22
1 26 18
18 21 27
31 31 22
27 30 28
22 9 4
20 3 23
5 23 10
5 22 24
9 1 29
31 7 14
3 7 15
9 10 15
2 30 17
7 5 8
22 5 18
15 28 10
20 25 14
11 26 1
7 9 23
27 23 27
27 3 27
17 11 22
26 23 5
4 12 19
6 14 17
10 27 3
3 18 11
4 7 11
2 24 12
26 22 12
12 1 13
4 28 22
10 12 29
9 24 6
2 26 27
3 12 26
23 21 27
31 2 23
18 19 30
19 16 28
15 12 25
2 5 26
28 12 32
18 32 25
3 10 28
14 7 8
25 19 19
26 13 28
23 1 18
13 30 4
19 14 15
10 16 2
18 30 4
11 22 32
13 16 3
25 29 21
6 23 12
2 27 7
16 13 8
32 8 27
25 29 31
22 3 15
22 29 28
29 15 7
31 20 9
14 31 27
24 19 14
5 16 32
11 27 6
30 18 15
3 23 13
25 10 15
13 16 19
23 12 15
12 4 30
10 2 1
14 26 27
14 17 12
10 17 19
5 30 11
31 9 5
9 29 30
14 27 5
32 3 11
10 27 23
15 31 30
13 22 14
26 26 1
14 29 19
8 9 16
5 31 12
29 31 25
12 8 16
24 14 2
22 23 26
30 10 32
10 2 24
31 15 5
22 14 6
12 3 22
4 2 27
17 11 6
15 3 22
31 18 18
11 23 8
2 10 25
17 24 4
22 26 4
11 13 19
4 2 6
7 6 21
19 26 24
6 3 1
30 20 22
18 5 6
30 21 9
23 32 23
15 17 25
2 10 5
17 3 9
21 26 12
16 16 9
29 12 14
28 17 10
25 26 28
18 9 27
32 5 6
14 22 3
14 23 22
31 20 11
13 7 19
24 17 4
12 5 6
12 15 15
5 15 27
3 29 2
4 18 26
5 32 26
17 5 6
13 29 14
25 17 29
28 26 10
5 21 31
29 21 27
26 31 8
29 2 7
14 11 2
5 7 24
5 18 31
3 7 20
32 26 7
13 30 13
26 28 4
30 14 7
20 28 12
11 18 4
1 30 25
19 18 14
9 21 13
3 28 24
7 16 9
16 18 15
20 31 20
3 15 2
8 32 24
7 9 4
7 22 10
17 6 13
13 18 19
24 19 6
28 26 22
11 4 6
24 20 17
22 26 8
10 2 13
9 8 19
19 1 18
30 27 23
20 32 14
25 19 19
2 18 10
21 9 28
31 10 8
22 2 7
19 7 21
27 6 30
2 13 19
26 21 24
10 2 24
10 25 18
17 14 28
23 14 20
25 16 5
17 12 7
5 32 18
32 27 21
25 3 30
6 5 19
3 5 6
4 24 16
5 4 6
1 26 23
28 28 22
26 26 23
29 11 6
11 8 32
26 29 29
31 12 12
1 5 13
3 23 11
12 25 19
6 16 25
32 30 2
18 22 10
18 25 1
24 22 5
17 3 2
10 5 11
15 8 10
26 24 15
17 2 14
28 14 32
32 5 27
26 15 17
7 20 19
9 28 13
1 3 11
27 4 28
16 22 24
2 6 11
22 2 7
23 10 12
31 18 30
27 1 12
11 20 14
15 12 21
21 25 18
11 3 28
27 8 3
1 8 8
18 21 21
32 25 22
17 16 26
30 1 32
26 12 12
2 23 7
30 9 15
10 14 13
31 1 12
29 27 12
5 28 26
20 21 31
3 13 32
14 1 26
30 15 17
16 20 28
12 17 21
24 5 23
16 5 21
21 18 9
22 2 11
16 13 23
5 28 3
23 11 1
31 9 13
3 2 12
23 3 21
8 13 8
11 7 1
32 13 6
16 2 28
1 18 1
19 15 28
17 11 27
19 15 29
18 10 20
17 21 6
1 19 3
4 14 21
14 6 29
13 3 19
19 6 16
11 14 22
7 11 28
16 21 12
4 28 8
15 25 1
30 2 15
16 26 7
14 2 11
28 11 15
20 4 18
28 20 11
29 10 10
9 8 30
4 18 15
22 20 7
12 21 10
23 30 1
32 18 4
18 7 25
1 11 2
30 6 31
7 14 16
31 21 25
28 20 20
3 19 1
32 2 31
22 10 21
3 14 1
25 26 25
1 28 29
20 13 7
23 14 30
11 12 17
16 19 21
13 32 18
29 9 8
7 4 26
17 25 26
19 19 13
12 23 9
29 32 30
29 24 12
30 15 22
27 14 32
18 32 3
31 4 18
18 14 21
25 18 27
25 11 1
32 12 1
21 2 31
27 32 10
29 30 5
30 27 4
26 7 9
7 15 12
26 5 2
14 20 30
6 6 9
26 21 26
10 23 10
6 22 13
16 32 11
2 18 19
6 28 20
27 5 32
21 8 2
12 10 19
17 24 21
18 1 18
32 3 11
19 6 19
27 23 11
11 4 22
25 26 18
22 21 12
2 27 30
13 22 6
9 24 9
22 20 21
9 27 16
15 16 23
28 13 15
9 19 29
4 30 2
16 32 4
8 20 21
29 29 29
30 28 22
24 6 31
24 30 18
23 10 28
21 15 17
28 13 19
32 2 15
10 32 11
24 15 12
2 31 1
12 28 32
28 13 1
14 11 8
5 11 12
2 22 29
14 6 8
14 6 29
11 15 10
21 5 29
32 26 1
30 26 18
10 16 4
14 8 1
9 19 23
10 15 11
8 29 17
32 20 26
32 7 23
24 12 32
4 32 13
30 1 17
26 3 5
9 11 13
15 23 29
8 23 23
20 3 12
28 24 29
22 28 30
32 12 31
1 12 23
7 10 14
17 22 19
1 22 2
25 17 14
9 11 26
2 32 1
27 12 22
4 9 9
17 7 9
5 29 11
25 1 23
29 12 4
21 7 25
24 19 16
21 21 1
14 17 10
6 21 19
28 7 6
3 2 3
1 12 30
25 18 31
26 28 20
23 17 10
4 10 20
28 32 26
28 20 29
30 2 18
25 9 11
26 12 21
32 16 20
30 7 28
12 31 26
5 6 18
32 19 14
5 27 27
16 3 11
20 3 28
30 1 24
30 19 17
2 28 25
11 5 11
12 26 14
12 4 25
23 21 24
10 10 29
9 13 21
25 24 28
9 14 17
11 9 8
26 12 26
14 24 27
3 11 7
21 4 31
18 9 30
25 17 9
14 18 22
16 10 7
15 3 24
6 26 14
9 31 7
23 27 5
32 4 8
15 7 2
18 6 6
13 21 2
9 31 1
12 31 1
10 16 10
19 32 21
7 28 1
25 2 8
25 24 31
19 20 9
8 20 5
25 3 25
29 11 14
23 20 30
25 18 29
7 10 14
3 26 4
1 25 15
18 8 16
6 25 20
30 18 1
11 29 6
7 32 22
29 1 8
1 32 26
7 27 7
11 24 19
11 18 6
9 22 21
13 21 10
27 31 10
23 30 9
14 8 30
31 3 11
16 1 28
14 14 8
16 24 7
2 28 2
8 8 31
30 2 23
14 2 15
6 22 10
11 2 29
19 9 28
15 13 9
32 2 4
13 1 12
21 22 18
4 4 32
14 30 19
7 28 7
11 25 29
13 5 16
22 7 32
24 8 10
8 26 18
31 20 18
32 3 25
26 32 6
17 30 11
19 1 12
8 30 32
1 15 17
22 29 12
10 13 11
13 17 24
1 3 3
11 27 16
31 31 18
29 5 1
13 26 7
32 30 13
6 2 6
3 4 23
29 26 31
25 25 17
17 3 24
11 21 24
11 24 15
12 23 17
18 12 18
5 6 25
4 2 20
2 14 12
23 30 25
8 27 31
20 22 29
2 26 27
10 30 22
18 28 14
22 6 28
3 29 19
18 14 9
3 30 20
25 29 24
31 2 32
27 27 23
16 4 7
27 32 5
18 16 6
22 14 3
18 15 32
32 18 26
9 5 32
9 15 10
32 11 13
14 31 25
24 8 30
22 20 18
16 16 18
22 23 4
28 32 26
26 7 1
8 27 5
20 32 25
17 12 10
26 24 24
27 19 24
25 2 31
16 1 16
19 3 15
14 21 11
3 12 21
30 11 11
22 30 23
18 28 23
5 15 17
31 19 26
29 11 23
24 26 10
12 15 27
15 5 30
19 32 21
5 3 26
13 15 15
21 16 1
8 17 21
22 21 30
26 30 11
32 32 20
16 4 13
4 10 12
10 2 24
10 14 17
1 9 3
21 7 8
27 11 9
27 7 23
27 6 14
22 19 8
22 17 11
24 2 29
18 32 24
27 16 28
10 32 8
11 29 5
14 22 14
1 22 25
3 27 19
32 20 32
6 30 15
22 11 29
1 27 6
31 5 26
4 12 31
24 5 6
11 29 1
31 6 16
3 21 28
29 3 15
17 30 8
31 16 14
26 9 22
3 20 10
29 14 26
15 19 24
10 20 25
3 2 24
4 20 29
4 7 8
12 26 23
10 20 12
8 19 20
19 29 24
29 28 22
29 29 2
29 6 14
23 30 12
29 28 23
16 1 10
6 9 31
31 2 32
16 3 12
17 31 25
4 12 5
8 28 29
16 30 12
11 3 24
19 32 16
12 11 31
23 1 4
13 30 19
16 18 8
23 23 11
19 27 1
2 24 16
9 19 5
21 22 14
29 2 22
2 7 22
25 7 20
9 32 5
21 18 1
22 5 14
27 3 6
3 11 19
12 19 32
4 9 11
1 14 29
13 32 9
10 10 25
3 12 13
9 32 9
27 18 11
16 32 17
21 9 29
20 4 23
32 30 31
28 2 19
2 21 15
23 2 10
10 31 26
23 3 31
29 12 16
28 9 23
11 4 15
19 22 24
32 14 24
3 23 20
25 12 17
20 16 12
27 5 1
25 25 27
9 24 29
24 4 5
21 2 27
1 32 16
18 6 2
20 13 18
24 4 9
20 12 22
15 32 12
6 16 4
13 2 16
24 32 26
8 2 2
21 15 13
25 1 17
15 19 17
12 25 20
8 11 29
7 32 29
6 8 20
21 30 6
14 11 26
2 27 2
4 22 23
28 21 8
4 16 22
32 16 31
18 24 26
25 25 15
31 32 31
4 10 31
6 30 4
18 6 23
18 21 9
14 11 2
15 4 1
32 21 29
14 20 32
29 13 32
18 3 26
6 15 29
11 25 1
2 1 11
26 8 10
11 6 28
9 15 24
13 9 29
32 13 4
14 30 25
19 15 16
28 31 26
26 12 32
17 17 5
9 32 17
28 15 12
32 26 27
9 4 25
17 9 24
24 27 22
10 26 4
18 23 23
21 21 2
10 16 19
4 29 16
8 19 10
19 9 29
17 27 4
7 5 11
31 10 25
4 17 5
32 19 5
29 24 30
24 32 5
14 8 2
5 14 3
26 17 32
27 19 14
31 29 13
21 28 19
13 14 29
31 22 10
25 18 5
31 1 15
27 15 27
13 23 5
19 9 1
23 21 28
17 3 29
7 25 26
22 21 7
12 3 8
9 20 1
29 2 4
31 25 4
23 4 28
19 9 12
9 17 6
27 32 9
31 9 4
