34 76 31
50 38 68
61 79 83
43 2 69
55 42 60
80 32 83
40 76 39
51 84 53
80 6 57
83 26 38
11 29 1
37 12 69
9 31 48
20 84 34
37 9 8
26 41 53
1 70 54
32 70 50
45 23 23
45 61 63
36 65 44
65 21 10
57 21 53
35 20 26
46 44 46
63 12 9
39 8 85
40 65 36
58 81 17
50 80 16
54 27 21
7 59 81
1 57 7
63 28 23
39 15 21
72 83 14
33 47 76
85 79 74
16 81 26
77 74 9
36 88 79
53 78 86
25 14 81
61 59 69
13 43 84
62 51 67
81 50 56
41 1 43
48 58 77
85 81 41
48 6 21
68 47 81
8 29 69
4 4 37
55 30 71
3 26 37
49 87 83
9 1 19
13 58 44
75 17 9
20 10 43
78 10 79
75 39 76
24 88 4
34 44 53
32 38 40
56 11 70
75 6 16
37 25 38
9 86 27
31 11 51
49 46 83
33 76 60
35 36 5
62 10 43
10 63 49
81 40 28
74 66 67
21 41 24
86 82 73
53 29 2
62 40 77
77 80 42
46 21 68
19 46 46
36 23 23
39 7 63
55 31 18
15 14 33
64 75 66
27 57 50
53 88 79
80 6 4
38 10 63
1 88 38
16 62 11
71 80 84
49 57 34
66 11 87
44 47 13
68 70 22
65 40 43
37 83 1
36 5 13
66 23 16
51 30 9
84 16 56
88 10 5
11 41 61
44 72 44
50 34 46
69 65 35
37 74 66
38 14 77
73 34 26
62 61 2
21 26 67
4 61 27
14 6 5
66 36 66
80 13 2
17 68 18
10 66 20
19 23 48
40 6 52
2 60 72
9 46 38
85 26 8
10 15 57
40 41 39
7 6 65
22 26 43
85 82 8
2 74 23
55 6 87
41 33 5
52 50 1
64 61 20
58 85 44
25 53 25
84 24 77
80 78 56
24 64 54
66 69 1
50 29 55
22 61 12
75 88 53
17 17 71
80 29 87
18 72 45
73 35 71
68 39 63
5 58 7
14 30 51
33 54 10
66 38 60
77 9 88
69 13 8
30 73 80
63 56 57
26 68 61
18 14 69
63 63 58
75 47 75
66 16 53
28 7 69
9 61 55
41 11 64
58 87 85
82 8 29
27 61 68
40 56 55
69 69 81
41 17 50
7 33 57
33 53 65
78 11 66
28 24 69
24 29 46
31 54 7
67 48 79
35 1 86
41 23 82
66 81 33
14 62 11
41 46 64
38 44 10
40 26 55
34 60 45
67 36 15
38 69 10
24 21 35
13 14 4
47 23 46
42 86 81
10 50 38
57 52 16
10 59 18
30 79 35
2 47 30
34 33 68
61 39 27
20 54 31
42 3 8
35 46 66
19 8 20
48 2 41
80 53 22
52 39 55
41 2 9
20 59 23
66 9 20
19 34 67
85 33 74
73 16 28
19 67 59
24 26 17
66 47 27
56 59 44
54 13 77
23 35 51
10 26 78
63 21 8
5 40 21
2 44 17
70 38 80
33 40 42
41 76 60
2 51 36
3 62 55
61 54 5
20 45 67
10 50 70
33 20 10
22 19 2
61 75 23
80 43 64
57 3 44
63 46 32
30 86 9
17 48 79
29 6 55
14 2 87
1 10 50
22 47 15
64 44 67
39 24 81
44 73 46
45 82 78
46 65 76
13 78 86
31 58 61
16 16 72
86 55 56
55 62 50
29 44 9
54 47 86
71 33 39
12 55 76
28 43 22
77 61 5
40 63 44
22 45 22
27 81 82
62 49 40
64 73 9
38 6 37
40 51 10
31 79 38
79 21 47
10 88 4
19 12 63
54 12 14
44 78 26
57 54 19
81 61 4
3 72 6
2 4 34
83 47 9
14 1 18
74 82 11
45 6 26
68 17 72
82 46 17
44 15 40
9 29 54
28 18 9
31 40 82
83 19 85
46 58 48
13 6 81
62 19 3
71 73 31
11 15 25
85 81 64
73 22 29
40 18 88
82 23 68
17 56 53
64 56 58
48 51 36
86 78 31
42 71 59
80 29 49
34 87 74
59 83 27
67 82 65
87 47 20
4 14 4
20 81 47
32 22 48
87 53 57
28 43 21
83 75 83
51 59 13
76 18 75
70 19 80
70 73 87
4 79 18
53 73 25
33 83 51
81 18 35
70 7 32
11 81 22
51 21 38
56 63 66
20 37 15
43 39 54
74 88 15
7 38 71
32 35 68
82 38 28
6 39 9
60 76 49
17 6 7
25 32 74
65 37 26
7 77 40
85 73 36
9 34 30
69 68 20
30 18 8
76 65 80
41 71 65
41 10 61
46 42 7
14 67 59
5 55 53
35 14 55
84 63 81
52 72 45
7 63 21
2 71 4
43 62 12
66 31 74
31 10 19
45 74 80
81 55 86
83 47 54
51 6 55
43 42 62
87 76 35
80 15 65
52 58 54
22 84 86
79 40 29
11 41 18
63 3 11
71 12 53
13 55 66
28 87 85
29 27 86
57 81 68
45 42 62
50 38 1
70 56 82
20 32 63
60 32 25
4 86 80
71 4 63
85 35 74
48 18 79
26 84 55
50 83 20
31 45 45
61 66 88
84 14 59
12 15 25
10 52 60
82 50 13
60 31 4
74 39 30
53 85 76
23 85 24
59 33 35
3 56 79
65 25 40
24 55 25
35 52 72
44 73 10
71 6 18
46 72 15
62 88 12
74 16 76
81 66 44
37 44 47
40 5 70
79 27 31
27 44 36
46 65 35
47 36 65
20 28 66
30 51 8
81 50 61
87 64 38
16 72 36
50 31 35
27 61 30
46 21 77
44 8 41
37 73 48
61 33 37
16 2 53
83 51 42
1 29 66
58 1 69
50 48 22
76 50 73
64 4 60
19 70 30
66 56 29
8 21 18
64 66 32
20 36 14
6 85 49
17 8 79
29 39 57
13 34 27
38 44 40
10 24 9
63 81 56
9 47 5
56 73 43
75 37 33
79 29 30
70 64 9
76 4 67
39 74 62
39 35 44
70 84 57
49 24 17
16 48 5
3 29 24
26 47 35
3 77 75
21 14 58
80 37 80
55 62 51
33 45 4
19 26 76
30 19 39
18 47 25
46 74 56
1 20 29
33 64 28
71 72 41
70 62 4
42 33 6
36 55 40
30 8 44
69 10 48
69 19 66
62 78 65
46 12 50
44 42 31
32 68 61
77 87 33
63 71 6
35 20 29
46 62 39
67 49 49
34 42 33
9 83 11
12 73 42
67 34 1
70 16 78
55 14 51
62 19 24
9 65 65
84 87 3
51 53 7
8 31 47
42 82 54
27 13 74
55 42 40
19 11 7
71 65 82
32 20 58
58 49 22
30 24 50
54 71 19
48 18 43
22 72 42
80 32 16
14 45 72
53 76 49
86 77 30
24 42 88
36 23 60
53 53 67
75 31 65
35 12 2
62 50 17
60 14 81
76 30 84
47 52 60
51 44 38
58 62 70
33 24 47
73 26 81
78 35 8
16 5 22
62 64 55
82 4 56
33 50 27
41 87 8
75 34 54
27 37 68
76 68 71
69 85 25
40 67 69
81 59 70
75 59 48
68 60 41
6 15 88
31 33 80
13 86 72
68 34 81
62 20 68
84 62 82
40 36 67
42 87 74
88 48 63
36 88 50
66 42 28
74 60 31
69 8 10
65 77 51
4 74 49
32 67 20
3 84 5
48 6 46
83 30 51
9 87 56
17 67 16
9 52 81
67 51 16
59 30 49
23 10 47
33 54 73
47 65 26
28 14 24
69 82 49
63 58 39
7 80 27
45 46 51
79 88 64
3 84 15
67 31 48
12 87 36
58 5 22
77 46 72
37 1 44
82 26 6
39 62 66
56 88 72
63 13 39
17 46 76
21 64 3
69 62 67
1 77 70
53 44 45
2 10 49
74 27 66
5 59 13
53 52 26
32 57 67
15 73 79
68 1 41
44 87 63
26 30 35
60 49 47
68 39 77
24 47 31
37 70 70
74 58 75
36 25 76
51 67 24
71 15 6
10 3 11
38 86 18
63 29 31
11 54 68
76 76 8
56 77 73
20 17 12
9 87 75
51 45 71
55 50 41
10 9 52
12 22 77
62 70 46
55 4 40
32 84 10
81 17 54
31 13 66
62 10 80
51 73 32
56 60 5
87 25 65
78 26 72
63 72 68
4 46 69
85 18 76
78 4 77
28 67 1
85 15 20
12 78 60
6 44 60
86 20 27
42 63 49
65 80 9
81 64 26
7 64 37
72 41 77
62 64 36
56 25 79
78 86 75
33 87 22
76 28 87
36 44 33
77 4 24
12 76 57
76 35 70
12 50 44
12 77 58
68 5 35
88 70 75
19 32 30
13 12 44
31 8 25
21 42 14
72 66 83
1 35 32
47 18 27
51 64 20
22 55 87
37 63 71
84 26 65
72 26 54
30 48 9
88 24 64
70 69 7
8 63 25
77 57 24
35 81 72
87 82 19
14 39 65
56 56 54
80 15 13
81 82 37
4 7 40
33 63 9
58 64 87
63 66 64
66 63 60
11 33 34
23 82 79
41 2 86
34 68 78
18 37 7
81 30 2
72 27 58
87 54 22
2 34 20
72 41 81
3 86 6
68 81 23
34 66 30
57 83 37
41 5 37
76 46 53
34 72 83
86 57 84
52 40 56
41 82 16
6 50 51
20 6 57
46 6 23
80 69 29
8 69 75
2 30 6
22 59 65
43 4 57
72 69 62
61 17 85
19 67 20
22 25 51
56 24 88
36 67 8
17 64 76
74 13 75
84 30 22
63 16 87
68 16 74
30 60 72
66 83 55
51 61 41
7 63 41
46 9 33
14 7 15
68 48 42
9 57 4
8 25 31
52 42 28
17 17 81
37 59 86
16 76 76
66 53 43
86 80 25
88 69 85
20 7 31
83 42 60
66 25 52
65 7 76
39 36 84
25 85 23
73 3 71
62 70 85
87 10 38
45 66 80
5 40 5
7 52 50
83 19 52
71 73 13
36 87 40
51 61 43
54 73 87
63 33 48
21 78 10
1 29 33
19 52 63
40 49 51
31 69 26
26 14 31
73 62 46
82 77 85
87 56 31
87 7 7
35 77 45
29 19 25
14 53 5
33 23 16
39 86 31
3 86 52
85 26 50
79 50 19
62 50 5
28 66 29
44 17 69
18 24 74
55 41 13
48 14 16
2 16 64
79 66 31
3 57 14
7 36 41
22 57 61
15 43 67
16 85 86
85 61 62
25 64 37
48 76 69
6 10 49
2 13 44
22 86 16
77 19 66
71 59 82
39 65 42
72 55 13
62 29 1
9 80 39
14 73 50
63 70 42
50 22 69
26 50 63
9 59 83
36 81 25
10 1 79
33 87 42
56 50 63
8 21 12
64 5 9
50 53 32
20 63 25
61 70 9
53 37 37
54 53 18
40 82 82
25 75 46
43 67 82
86 65 58
66 79 38
22 32 49
80 49 20
45 86 55
4 51 49
11 9 37
61 61 60
88 30 86
25 72 62
80 45 18
46 8 40
55 46 20
7 47 12
80 13 24
63 36 27
52 80 7
70 3 46
55 61 27
69 43 63
18 37 79
60 15 48
42 65 27
77 73 52
57 80 53
30 37 15
3 43 26
5 49 65
50 39 85
7 67 11
12 4 30
85 2 56
12 38 82
58 21 16
20 16 15
66 81 29
9 74 41
7 68 51
9 75 39
34 8 33
32 88 63
30 69 9
81 18 75
19 80 7
52 9 4
7 30 65
77 51 68
74 30 59
7 68 29
67 11 50
54 50 65
45 9 29
48 68 67
75 17 17
40 65 3
36 5 35
80 65 74
42 15 80
28 19 8
39 49 12
66 81 20
73 54 43
88 88 70
2 9 22
27 16 84
83 41 19
27 61 62
29 69 42
30 11 72
61 85 19
9 33 46
68 9 79
48 8 13
75 22 73
75 49 70
8 84 2
75 49 25
37 1 81
62 11 68
35 51 54
84 14 14
64 17 39
86 35 81
17 3 42
21 38 13
70 22 60
2 71 4
41 9 5
71 56 72
15 25 39
52 79 19
9 69 51
55 44 51
52 29 56
10 46 6
36 77 70
84 9 66
63 49 40
41 12 82
81 13 56
77 60 45
86 62 70
29 43 26
25 47 7
26 86 70
30 2 40
9 41 32
68 14 45
32 60 1
15 63 34
59 39 29
67 32 42
76 64 72
30 63 31
80 61 60
27 23 33
27 46 21
79 69 12
87 23 69
3 76 9
40 58 52
64 81 11
63 47 65
45 69 8
10 4 41
61 76 33
69 78 29
3 52 39
40 13 7
71 13 74
68 25 58
3 49 37
69 22 27
37 35 24
56 58 11
43 26 24
71 83 47
14 52 5
78 13 39
18 34 16
3 69 6
25 59 81
24 36 64
10 30 27
2 53 48
27 81 17
65 32 12
52 73 47
23 86 17
3 8 71
22 70 45
81 16 47
81 52 4
11 54 53
81 60 46
23 86 71
72 57 72
81 63 22
86 33 57
64 55 66
17 11 17
77 83 33
63 1 84
11 65 33
81 20 79
65 56 17
55 56 82
69 45 42
48 18 84
66 59 76
69 60 47
49 24 57
26 29 39
81 45 26
52 83 59
70 30 50
6 85 23
26 86 51
64 67 59
52 47 2
62 65 67
83 40 7
31 36 5
44 21 35
69 61 35
87 69 79
28 58 66
34 25 69
10 41 79
65 67 65
35 43 61
83 42 61
87 86 36
18 87 63
18 78 72
80 66 35
53 87 66
29 53 7
56 8 65
37 40 38
39 55 21
87 18 31
56 28 35
10 57 32
11 69 27
21 76 19
81 47 23
2 37 62
42 22 22
61 36 74
63 85 63
18 45 22
38 34 8
79 1 81
74 3 49
13 38 80
75 17 15
44 52 63
77 58 26
59 76 55
18 69 48
30 60 69
9 56 11
5 75 55
33 73 72
10 74 81
69 66 57
76 4 69
67 86 38
61 68 57
38 52 55
19 86 54
82 81 61
82 71 26
24 20 58
56 77 78
13 78 50
20 21 42
64 13 84
46 50 61
44 42 3
26 6 31
12 22 74
49 6 65
15 79 28
43 56 14
88 29 69
1 63 44
2 27 73
64 47 16
66 39 12
16 59 34
9 44 20
59 23 42
47 19 27
62 16 36
84 84 52
72 4 72
9 51 52
34 10 10
37 50 55
60 27 37
51 32 61
23 88 69
84 79 76
53 70 34
30 64 85
65 44 28
33 25 39
73 65 40
69 35 67
28 49 74
47 33 62
72 64 22
8 69 85
34 60 11
70 36 48
69 49 20
3 23 87
81 6 10
13 15 64
17 16 25
33 17 6
46 88 79
20 18 56
13 62 38
46 24 61
65 34 79
53 8 49
72 84 33
68 3 33
72 3 67
86 10 82
22 28 80
47 56 37
24 39 51
42 13 24
48 3 68
69 27 65
86 54 21
28 54 16
57 80 24
32 16 43
19 18 44
26 42 18
41 86 57
23 28 51
76 67 52
30 4 80
31 32 5
83 61 35
3 33 58
28 86 26
52 1 28
41 21 77
33 59 46
73 18 26
15 32 14
84 7 65
58 40 20
50 5 84
33 1 37
52 80 83
78 9 84
84 23 29
3 8 67
39 19 58
79 49 46
29 8 25
41 38 5
51 4 77
23 58 1
7 5 55
12 68 79
30 3 57
79 69 4
57 69 3
8 14 27
78 2 48
67 39 21
64 66 28
70 18 60
54 42 42
17 63 15
39 25 64
86 32 42
42 2 63
12 26 48
29 55 47
68 49 78
87 66 10
77 74 22
28 83 20
52 7 71
31 25 3
75 62 51
74 18 49
45 27 30
77 78 50
88 20 17
19 73 57
58 39 87
18 25 11
28 66 6
60 40 48
49 26 87
84 40 22
24 63 62
8 30 74
34 65 76
85 6 26
87 84 29
2 53 8
87 87 71
9 37 44
21 57 9
33 62 44
71 17 41
66 6 43
5 59 41
26 15 78
41 74 63
32 86 79
25 49 13
61 14 10
20 65 2
34 22 31
12 68 77
24 59 26
62 47 2
84 73 70
57 29 46
83 10 44
3 83 2
1 37 86
29 72 46
27 67 13
6 28 6
29 87 55
52 56 6
73 58 66
4 10 51
78 66 7
4 42 31
69 51 10
76 37 59
9 63 12
51 32 85
87 71 82
77 23 3
70 68 58
47 12 13
60 76 73
24 14 57
4 16 47
35 22 53
35 22 23
30 78 59
58 76 4
36 57 27
68 24 73
42 58 17
43 39 72
85 24 42
68 30 77
75 38 82
3 25 31
33 72 81
75 4 44
66 17 8
75 10 35
70 69 79
13 7 32
42 16 49
35 79 43
46 8 5
36 72 20
57 40 28
70 22 60
26 22 23
85 44 66
54 73 46
5 52 66
20 81 79
56 72 28
4 15 33
70 39 48
13 84 44
11 68 14
36 55 34
61 78 88
71 68 51
85 79 32
50 11 18
55 77 53
60 38 53
74 83 46
31 62 18
84 80 44
70 10 64
7 9 16
57 30 72
59 41 42
47 42 55
29 16 80
24 70 21
2 21 40
32 83 1
70 53 18
76 29 81
84 24 68
10 13 80
48 37 37
27 20 64
75 76 44
84 28 9
8 70 1
39 24 10
23 33 4
42 30 26
11 87 7
59 12 29
16 10 32
19 34 29
67 16 30
74 66 31
4 86 69
13 39 64
71 19 27
24 9 35
43 9 71
59 70 4
56 48 21
74 73 60
86 55 53
82 9 71
83 43 57
35 82 71
56 24 85
20 70 28
70 49 52
84 3 6
77 68 47
82 69 22
9 68 39
74 45 85
48 74 86
28 19 83
77 76 32
52 2 58
26 71 50
19 42 78
7 9 48
15 38 13
21 22 73
41 18 82
12 1 48
8 67 5
47 11 14
2 12 42
57 55 25
67 45 51
28 71 20
37 9 31
7 10 70
44 67 1
80 53 72
46 88 5
86 37 39
27 80 18
34 41 72
77 15 79
83 38 25
36 68 8
70 34 5
41 1 55
79 84 47
1 57 42
23 13 52
26 12 39
7 59 14
87 34 36
77 19 21
69 55 14
44 19 71
81 55 20
80 77 49
84 36 48
42 15 82
9 12 48
75 71 79
37 5 61
1 57 70
86 25 55
30 12 5
44 34 22
81 49 44
74 14 34
17 79 85
2 28 35
29 75 4
20 70 67
9 59 52
32 19 29
29 70 70
13 82 20
56 68 45
45 80 69
80 73 67
38 71 7
81 82 87
46 42 22
34 70 44
13 82 78
82 37 17
64 27 4
60 72 64
47 74 76
2 18 52
23 15 82
21 62 85
55 78 69
54 25 51
81 47 4
66 20 54
23 25 84
85 48 23
85 76 32
38 64 3
55 33 38
28 58 85
58 73 11
12 3 29
68 7 32
30 71 20
16 42 81
45 74 87
4 63 13
82 37 15
83 79 46
47 60 47
52 76 1
72 49 82
49 78 53
44 35 15
70 72 27
77 48 44
39 1 29
61 42 47
47 26 44
86 71 87
52 74 20
8 62 3
36 86 6
42 66 24
3 30 77
29 31 79
76 21 34
31 34 16
45 69 71
80 60 55
26 9 74
85 24 52
6 4 85
58 77 42
48 17 70
27 57 81
50 33 3
77 4 68
88 6 74
75 24 63
62 73 76
76 79 63
80 76 29
47 63 86
3 54 10
50 24 65
32 34 27
81 10 26
28 33 29
27 62 27
23 12 85
9 51 49
66 65 40
22 6 51
50 12 18
48 52 67
42 42 54
1 88 3
38 61 27
87 76 66
39 17 60
77 74 24
25 38 50
68 83 69
65 72 61
22 8 25
41 70 48
74 1 54
69 84 65
6 53 59
35 42 72
33 50 4
85 75 85
7 75 40
59 17 50
19 86 75
83 36 66
43 49 21
22 80 47
34 3 87
70 75 42
43 45 63
55 21 28
82 74 16
66 23 83
12 26 2
18 65 82
15 18 48
26 15 75
8 51 40
41 54 54
35 18 14
10 18 73
64 45 63
70 69 42
5 77 66
43 42 42
56 13 61
81 16 45
6 78 45
84 46 9
19 51 29
66 60 58
51 40 76
80 38 12
44 16 24
29 64 78
46 43 23
70 39 28
64 11 18
81 67 33
61 35 16
32 31 83
16 45 40
50 30 43
23 36 61
78 52 33
2 51 59
77 51 71
85 67 19
88 24 77
66 38 3
88 20 73
49 39 87
11 6 47
9 80 50
22 43 72
71 66 24
44 75 86
12 81 39
29 19 73
15 60 55
58 30 26
5 42 51
33 53 37
47 33 18
26 27 28
34 65 45
70 44 45
80 49 36
62 23 35
4 71 31
6 29 60
37 22 57
8 87 51
19 57 52
34 14 61
59 57 43
6 83 16
12 72 61
49 54 34
41 13 19
54 24 54
69 36 44
56 57 61
85 60 52
11 54 63
19 23 77
34 88 20
69 75 74
9 6 31
26 23 69
42 86 47
1 21 1
80 50 70
37 30 32
13 84 48
39 50 56
37 24 28
13 62 64
13 21 84
85 21 19
43 63 33
18 67 31
63 64 15
83 79 32
54 14 3
69 72 52
52 68 52
62 26 32
13 56 3
39 69 48
76 24 15
2 81 73
71 28 1
11 8 77
58 42 70
19 75 55
19 20 10
14 33 9
4 65 50
17 9 83
83 85 55
79 72 37
61 24 88
28 34 29
61 11 39
10 51 62
74 48 26
3 15 82
9 11 65
79 85 51
18 74 55
50 16 37
59 74 41
5 16 81
52 16 21
33 77 48
69 3 37
52 66 76
64 25 37
57 7 57
43 84 86
45 37 50
27 30 85
5 51 14
68 39 61
88 16 13
40 34 40
77 7 69
68 19 46
57 57 6
20 45 57
37 44 85
81 67 45
81 13 32
11 40 27
33 87 66
20 40 9
8 60 80
40 28 67
15 63 27
8 15 17
69 67 63
31 53 34
33 33 7
23 9 2
68 22 19
1 20 87
37 78 26
68 49 18
81 71 63
77 36 88
11 84 57
57 60 87
9 9 24
11 58 68
63 18 28
8 22 57
14 78 76
22 16 73
3 86 87
12 39 77
74 9 20
61 34 7
84 15 37
7 80 80
1 48 8
11 21 14
67 22 8
47 69 75
45 30 30
41 66 14
69 12 85
30 78 76
68 20 19
75 19 24
86 24 61
83 33 61
55 56 10
12 77 30
34 27 6
62 59 10
30 85 48
57 68 78
26 77 38
76 12 7
21 84 65
49 15 5
19 86 8
79 25 21
57 2 22
27 44 79
73 13 66
83 16 13
22 85 14
72 65 78
44 17 56
48 64 45
78 48 56
79 63 7
63 23 68
10 30 64
27 20 57
3 66 2
20 48 46
19 53 52
17 44 29
52 25 33
15 56 70
83 24 35
34 80 7
46 15 74
37 46 12
63 52 81
17 62 30
15 52 3
68 38 57
3 83 57
31 47 65
3 88 16
30 48 34
45 54 13
6 84 5
77 55 85
21 69 11
2 17 87
12 47 6
77 30 34
2 10 43
4 20 79
11 13 14
22 69 45
6 42 37
66 87 82
45 22 40
80 55 77
21 72 56
59 46 13
86 66 42
35 4 50
2 13 64
9 69 2
14 81 83
34 41 59
23 79 68
2 49 9
60 7 61
75 27 48
39 52 69
87 56 87
63 54 10
80 11 25
16 28 48
54 74 14
50 17 78
62 73 74
82 27 86
79 65 10
71 64 69
37 49 86
9 10 54
86 88 28
37 37 3
10 12 32
79 81 12
57 55 56
5 9 40
66 50 16
79 32 21
54 76 11
34 78 26
52 26 61
82 19 32
9 8 78
23 78 53
18 21 56
87 45 6
38 63 86
2 1 45
68 8 44
57 4 82
26 70 69
20 72 83
35 64 43
38 1 28
9 68 8
8 9 16
7 12 32
4 67 24
11 17 19
78 44 86
69 67 69
73 45 17
84 71 79
64 17 6
75 24 6
64 39 12
33 1 58
2 50 15
61 37 71
88 75 56
42 2 82
24 11 51
7 4 23
7 4 50
57 29 35
25 10 15
12 57 74
26 63 57
88 42 19
9 25 51
74 59 79
2 79 3
24 26 8
21 72 57
13 10 39
1 3 80
59 37 10
64 31 5
20 10 40
40 31 76
80 56 18
61 14 43
36 19 73
3 35 17
42 66 85
11 48 81
35 11 68
77 39 70
47 86 61
39 45 26
31 34 58
43 60 64
41 7 78
12 59 65
33 32 40
43 43 83
1 78 59
80 22 48
36 10 32
32 64 71
55 77 74
71 11 5
62 76 85
33 46 26
78 75 35
29 32 14
10 37 4
60 34 22
74 69 48
40 85 32
31 28 4
73 2 26
28 86 88
23 8 48
39 37 75
83 13 72
87 35 34
86 69 60
26 24 77
17 38 27
62 31 12
71 18 53
19 88 42
9 33 76
50 72 6
44 45 17
14 34 5
26 18 11
29 29 82
6 8 33
13 2 69
39 28 50
23 45 71
26 57 78
8 35 31
66 50 68
15 50 88
2 61 57
30 10 17
5 15 16
5 56 61
47 46 58
8 41 80
39 49 8
58 35 25
17 40 68
69 13 67
70 30 38
71 19 32
15 56 14
24 57 23
51 67 6
85 19 34
36 45 70
85 23 85
87 65 66
4 5 41
59 9 58
36 40 27
74 57 61
24 69 54
22 65 61
50 11 22
18 25 32
64 68 54
56 5 51
1 51 9
33 83 17
72 10 58
84 58 84
80 19 79
84 31 18
44 69 51
27 50 1
71 38 32
12 36 48
14 74 26
61 76 34
41 5 16
56 45 55
67 36 33
32 31 78
11 35 78
74 67 45
80 48 59
61 2 48
74 16 17
51 65 22
15 59 53
50 4 49
3 48 43
49 14 36
10 45 32
36 80 50
73 42 13
8 66 5
38 22 69
25 24 52
12 11 58
52 58 23
13 11 11
46 15 14
38 45 6
34 85 57
42 65 28
5 16 31
68 39 41
8 39 20
30 81 10
59 14 59
29 49 2
34 33 79
65 11 52
6 18 6
59 54 63
22 76 18
10 31 57
70 56 22
51 15 58
55 42 63
83 19 25
59 52 43
61 87 44
33 40 12
24 75 22
49 72 72
58 24 57
43 52 46
58 88 14
20 18 59
10 20 55
65 87 62
37 47 85
60 26 43
4 56 50
80 54 28
45 3 15
51 13 2
19 79 70
68 59 7
68 73 42
81 57 35
38 30 64
42 61 48
44 6 51
78 43 53
82 40 64
39 78 79
59 63 45
25 80 5
72 84 36
25 48 52
44 5 51
10 38 54
79 37 14
74 41 42
10 53 88
57 73 9
73 46 79
70 30 1
67 77 39
69 39 25
10 69 57
52 54 83
8 24 88
56 75 63
73 77 76
48 71 11
18 9 4
3 51 56
45 65 87
37 72 29
51 53 16
72 87 35
61 50 70
34 47 4
43 24 20
43 49 39
86 28 72
64 16 85
39 34 36
40 10 82
30 9 44
5 66 77
10 4 71
46 75 28
43 6 46
31 49 62
61 41 28
85 72 26
64 17 76
5 6 18
19 49 78
23 72 4
66 34 18
46 5 58
12 81 71
4 11 59
20 56 31
28 5 6
34 85 87
41 67 82
80 83 16
37 76 28
12 7 33
46 18 10
82 33 73
15 64 6
49 1 79
37 62 64
6 15 61
28 84 12
2 31 22
86 23 7
87 4 72
63 54 78
83 28 64
22 77 10
13 1 8
18 20 51
50 78 2
17 71 86
4 81 77
36 59 51
81 17 56
54 16 86
39 55 85
40 68 29
80 76 8
39 48 46
59 62 4
44 48 78
27 31 51
63 10 8
62 83 29
88 48 29
76 82 51
8 86 21
79 80 58
73 41 83
38 52 27
64 37 4
13 50 21
18 15 24
56 63 76
88 52 84
71 32 42
58 47 18
65 1 85
52 66 3
15 87 85
26 78 84
31 16 79
83 3 47
39 9 26
67 13 34
66 22 87
14 54 45
18 76 38
31 39 59
78 66 57
12 45 21
29 12 24
25 45 54
73 72 56
22 63 5
64 66 29
77 72 36
9 41 47
40 50 76
58 22 73
60 80 65
21 1 31
68 70 16
43 19 72
20 63 47
29 17 81
7 46 36
15 73 53
20 33 5
75 19 61
29 41 88
87 86 41
65 56 25
37 17 48
69 70 2
68 9 31
60 70 53
83 76 50
31 73 66
32 43 29
61 72 81
42 27 10
73 78 85
74 61 58
29 77 36
16 68 36
1 62 57
53 13 15
54 18 61
85 39 54
37 74 12
53 74 15
24 31 9
6 26 18
15 7 74
23 64 78
33 15 62
23 56 4
81 46 41
28 18 53
45 45 50
84 8 39
12 47 20
39 42 88
20 53 14
14 3 63
73 27 81
45 31 1
59 65 45
60 14 83
81 25 63
7 22 84
10 77 66
50 46 26
84 71 84
27 15 46
78 10 5
10 86 45
3 61 12
42 3 38
79 42 44
64 21 49
85 58 57
45 36 3
7 20 40
68 61 85
40 63 28
53 44 22
46 67 23
26 40 83
63 57 46
56 23 47
36 52 68
57 63 83
2 79 5
84 77 2
21 15 46
57 23 61
54 15 35
62 21 2
27 9 71
69 25 82
7 70 86
35 86 36
9 67 68
67 84 45
27 77 20
23 78 39
4 12 33
6 83 55
49 56 44
4 70 37
73 83 10
84 20 73
28 11 40
77 26 24
31 70 60
29 69 50
73 1 42
40 23 27
15 28 48
43 88 51
45 3 75
88 13 30
41 55 78
42 38 7
20 63 41
75 43 42
85 4 65
88 32 18
17 16 18
78 68 63
54 21 51
17 84 50
54 63 25
79 74 88
43 64 11
72 32 62
81 5 71
49 44 33
22 85 81
55 3 6
65 23 43
58 79 55
66 74 73
5 78 10
29 48 69
63 69 48
70 87 85
83 39 13
16 16 18
36 86 46
85 12 53
20 53 13
24 40 20
44 47 26
87 11 15
23 38 36
67 11 33
63 38 62
11 41 34
63 4 70
42 38 2
78 3 78
29 24 44
24 32 60
10 2 52
19 9 21
81 10 33
22 44 88
13 49 71
52 9 43
78 54 48
19 79 18
84 7 1
42 77 47
73 73 55
7 33 31
19 15 46
6 41 83
57 55 27
5 65 48
35 52 51
16 4 17
87 25 40
46 45 43
6 74 82
64 48 51
41 32 30
6 82 28
65 46 83
54 55 69
5 21 9
58 10 35
14 22 43
39 9 4
57 5 2
13 14 27
17 33 74
72 35 17
84 45 33
81 25 43
25 3 38
80 39 11
53 60 34
77 85 64
20 62 61
25 27 74
83 62 61
48 14 67
25 4 42
28 10 30
62 34 39
35 41 43
37 4 52
31 35 6
21 15 58
57 8 39
85 67 19
55 49 37
52 48 24
42 9 87
28 41 12
4 2 82
57 76 45
23 62 30
87 25 14
32 1 81
24 20 11
12 55 38
75 44 36
20 78 23
72 55 54
15 84 45
40 79 28
52 20 75
44 6 20
62 35 44
25 12 45
57 23 41
27 58 13
67 48 83
13 15 85
20 27 60
87 63 37
17 46 33
87 65 52
87 68 2
31 4 8
44 21 80
16 52 41
36 42 66
45 48 48
53 78 2
33 71 77
15 7 7
27 85 5
81 49 79
38 79 26
74 71 86
31 70 63
15 34 23
24 23 72
37 4 39
43 1 26
43 87 53
68 77 14
8 29 68
21 6 61
87 42 62
57 87 86
21 54 34
53 30 24
58 34 54
34 40 80
40 67 37
87 86 52
27 6 11
14 31 47
36 21 6
26 62 32
73 78 66
12 69 27
59 24 14
40 16 67
51 19 40
24 10 75
45 78 85
84 81 5
10 3 75
25 68 59
57 68 23
44 29 44
62 24 60
75 42 7
70 41 14
48 51 52
37 42 21
38 67 70
15 78 70
45 37 4
62 46 19
51 82 10
59 3 82
34 30 14
87 71 84
55 65 15
36 17 39
14 67 36
66 41 8
80 36 47
22 55 2
66 40 29
25 5 5
33 81 39
23 30 71
43 49 69
42 70 14
49 85 35
10 64 10
73 24 38
13 39 41
69 32 51
55 4 85
18 53 87
29 79 1
39 3 58
34 50 63
81 62 61
84 50 79
18 34 53
43 68 30
52 30 88
45 34 85
25 68 1
52 16 81
67 39 70
80 41 84
2 54 14
23 47 48
24 86 27
70 54 11
2 21 12
16 30 60
40 35 37
49 55 54
85 11 60
43 11 41
14 14 1
2 13 33
78 60 30
58 81 13
35 62 72
39 5 39
8 87 22
30 76 47
24 1 81
1 18 85
32 52 71
75 25 12
40 79 84
70 49 70
56 13 2
73 50 39
64 38 60
37 25 33
22 63 47
69 13 69
18 3 31
73 3 88
75 80 73
81 30 58
55 41 24
75 67 5
32 49 4
23 33 26
69 24 14
49 83 53
87 84 19
59 36 3
24 23 77
66 13 13
41 62 65
30 49 5
83 57 26
76 82 79
88 18 77
63 22 27
61 66 24
85 58 5
87 88 14
37 33 11
30 43 57
40 41 70
79 70 86
75 76 65
57 62 6
30 8 77
32 12 22
42 33 69
75 40 62
25 2 15
45 48 42
82 77 87
75 67 3
34 86 78
60 45 30
43 18 64
1 82 22
20 58 5
70 15 43
15 25 39
14 33 41
37 7 10
20 55 74
15 5 74
8 44 56
46 18 62
31 26 25
63 60 17
86 31 76
48 31 5
70 53 41
45 68 36
82 18 32
79 79 12
68 85 78
38 23 69
8 14 73
63 7 9
22 88 38
45 34 62
60 32 19
28 55 49
70 65 10
17 42 75
70 59 30
64 53 56
67 10 20
75 61 36
57 74 82
75 11 53
33 56 43
62 33 80
46 4 9
4 54 22
54 24 54
54 76 2
37 81 43
41 76 53
84 17 5
58 14 12
70 9 35
68 19 68
13 49 56
54 12 50
86 11 67
68 76 57
75 36 41
11 11 58
12 65 59
87 13 45
55 51 55
42 67 72
23 42 9
29 7 34
74 46 77
21 57 13
11 33 14
84 80 41
30 12 22
15 23 42
28 46 50
45 31 1
85 19 30
84 74 34
29 64 41
2 24 54
74 23 40
56 16 55
76 6 9
20 14 49
15 72 81
9 34 34
45 66 28
74 63 9
19 1 2
68 88 14
60 23 78
88 33 62
62 54 34
26 17 23
22 18 64
85 15 15
13 82 78
56 38 22
25 37 80
21 78 42
22 51 27
46 55 76
21 16 88
44 82 53
3 76 39
29 79 86
64 67 66
10 64 70
80 61 41
59 50 56
35 29 49
87 47 60
38 32 24
24 27 63
86 61 2
2 86 4
12 31 17
26 4 72
26 74 57
66 34 86
37 7 43
81 60 58
5 87 63
79 85 35
76 1 71
44 82 46
42 77 15
78 5 18
26 75 63
13 53 85
37 57 70
57 12 5
83 71 71
57 13 61
75 22 79
57 82 40
13 46 44
69 86 43
28 38 47
78 13 59
7 7 72
19 45 26
46 73 58
5 35 32
83 6 18
20 69 37
59 37 45
41 68 24
1 23 53
30 51 36
64 10 34
55 42 3
70 3 33
75 37 18
38 41 54
6 17 39
53 34 82
11 33 21
31 52 84
74 62 82
85 52 1
26 81 3
82 19 56
39 59 46
88 72 9
60 81 47
73 38 60
6 64 31
56 33 34
22 38 42
66 20 31
43 32 53
76 84 12
62 56 57
25 34 2
83 61 61
31 46 54
4 15 6
39 68 29
31 82 84
35 56 60
61 72 68
53 39 74
65 25 13
71 87 39
29 73 84
80 12 7
49 34 72
68 61 35
56 59 34
77 18 13
49 3 39
24 66 41
69 63 32
80 77 22
64 3 15
26 4 6
6 45 73
36 70 52
77 17 16
41 73 31
40 28 63
86 61 10
1 67 23
10 67 5
1 14 44
76 70 43
78 12 57
37 47 32
86 81 35
37 39 11
13 81 32
65 81 12
70 79 69
84 5 80
16 88 74
41 84 2
35 38 53
64 31 28
29 37 66
40 80 84
47 80 36
68 49 10
28 6 57
82 74 81
11 56 8
34 42 77
88 47 3
4 13 19
77 26 81
23 88 11
42 78 68
51 40 19
64 3 47
49 16 56
50 8 7
20 59 79
37 36 39
78 86 80
6 46 46
22 61 32
51 84 49
24 76 19
6 48 48
44 13 7
31 66 51
71 70 33
24 33 81
40 54 11
20 47 1
53 70 62
52 84 55
58 86 25
32 83 78
21 24 9
83 15 37
31 14 76
77 59 21
38 9 9
64 85 68
12 77 87
51 52 75
26 33 10
66 41 45
65 23 40
60 11 56
82 77 69
33 35 20
8 57 69
24 56 69
41 49 76
27 48 67
4 23 12
57 16 21
39 58 10
88 58 45
25 54 4
23 85 31
37 45 62
16 27 28
58 53 60
31 48 54
12 75 70
48 28 84
27 87 86
14 8 72
58 28 33
41 63 61
42 42 88
18 37 38
2 84 38
55 9 47
54 58 14
57 45 32
25 16 39
41 75 47
50 23 21
60 59 58
27 81 58
26 35 17
10 53 69
33 74 53
50 12 6
55 28 18
35 84 26
62 48 66
65 69 59
88 74 68
35 83 75
82 37 66
56 19 58
53 80 83
18 10 38
45 83 74
77 38 29
2 13 31
35 33 65
44 50 51
39 53 41
4 4 44
47 48 57
41 63 58
6 33 65
45 54 6
47 26 48
57 22 62
54 26 78
17 51 58
49 87 21
50 30 51
4 35 43
6 36 27
5 14 22
85 63 55
76 66 26
5 50 8
15 64 28
34 88 57
45 40 76
58 57 57
8 31 1
61 76 50
27 76 28
2 46 36
78 82 8
77 42 29
13 26 56
46 60 83
61 36 27
10 74 34
77 3 24
18 78 47
2 50 31
19 18 25
73 50 64
53 25 44
68 57 62
6 60 17
47 58 80
33 87 60
8 30 38
13 38 84
71 88 14
23 34 86
79 59 54
66 39 9
64 47 86
44 82 23
36 57 47
41 27 64
86 72 40
21 51 48
67 45 45
62 15 45
24 53 45
81 72 61
17 14 6
6 12 43
63 69 48
2 43 25
18 8 13
30 75 70
5 27 25
23 83 2
85 83 74
23 73 8
19 68 84
33 31 74
21 17 72
40 63 21
71 72 20
61 69 38
52 47 63
21 85 81
61 79 77
11 67 14
25 64 72
40 1 40
15 69 56
47 87 60
62 50 82
61 45 25
70 48 16
73 14 2
23 14 29
34 6 38
4 57 37
46 56 16
67 82 38
78 24 63
25 77 64
9 31 21
15 64 63
57 87 11
24 75 24
86 27 12
85 1 65
83 32 86
37 49 80
40 40 3
26 19 3
39 6 8
6 46 30
8 75 81
44 62 88
87 47 54
60 62 31
12 26 6
13 58 17
9 62 44
10 43 54
1 79 78
10 85 33
35 32 2
31 71 30
78 59 75
76 62 59
16 21 73
45 21 61
1 80 60
54 25 53
79 4 80
4 40 62
15 86 25
45 53 53
10 77 26
48 33 66
32 46 77
74 65 17
17 11 42
3 79 85
42 15 40
81 71 19
14 50 5
4 57 69
71 62 79
86 47 49
87 63 34
30 55 88
31 18 35
55 67 24
2 44 41
15 54 66
49 25 32
61 32 80
60 34 32
58 4 50
84 28 22
77 6 31
61 11 24
79 64 31
28 5 82
10 82 44
20 68 78
84 1 82
79 50 40
64 27 39
63 41 48
48 44 4
65 61 35
28 58 23
29 39 18
76 20 27
65 83 25
28 54 20
17 88 85
75 60 43
40 58 20
2 48 74
76 34 79
71 23 52
84 48 41
18 76 30
4 76 17
60 64 28
7 20 20
11 68 4
70 38 61
32 40 59
54 24 2
67 84 37
62 48 30
20 56 8
38 7 29
21 13 67
3 76 33
25 54 16
29 71 3
34 38 84
17 64 49
11 55 67
61 39 31
51 87 21
3 19 20
60 72 33
86 38 60
15 63 38
12 50 35
29 15 48
51 16 88
9 10 55
12 71 26
19 75 9
51 11 31
7 45 33
7 30 71
47 65 75
39 70 85
83 88 32
30 26 9
29 34 31
34 36 42
36 71 51
39 70 66
28 9 27
11 54 74
26 5 40
24 52 68
60 4 56
18 14 19
71 20 58
51 12 5
13 29 18
55 24 29
55 14 17
3 68 26
17 49 27
59 44 85
81 29 59
35 2 25
5 86 81
66 61 63
70 57 78
43 83 63
19 5 45
10 42 86
26 84 33
27 19 19
22 42 27
87 27 40
42 16 73
30 28 80
45 72 19
5 69 7
64 40 33
71 66 81
37 55 82
18 67 8
50 31 54
3 2 12
8 81 17
19 3 68
74 29 62
61 57 42
45 69 2
82 79 23
87 40 70
51 2 28
3 15 76
71 88 2
25 35 52
41 16 42
69 85 26
75 78 35
33 14 53
26 32 3
62 17 31
24 49 45
56 57 1
22 55 67
40 77 31
85 37 73
37 16 78
23 66 48
85 56 62
40 85 23
65 77 32
2 22 44
60 70 66
11 46 6
20 64 7
32 54 56
14 58 84
13 9 32
43 44 40
78 20 10
83 45 86
54 35 84
83 11 88
9 79 36
12 60 22
60 23 41
17 71 24
37 46 17
78 36 70
30 83 39
48 27 26
62 15 39
20 68 74
7 78 40
74 76 10
79 10 3
57 31 1
61 69 35
21 6 67
70 9 71
7 35 81
32 87 15
60 57 16
60 24 30
65 75 17
74 51 44
7 65 37
67 9 13
62 77 57
70 64 46
5 3 83
76 31 11
62 16 1
67 6 35
78 71 41
54 27 83
36 13 54
12 56 67
28 26 76
51 28 81
29 42 53
21 85 4
58 88 16
55 39 1
35 75 41
70 26 77
48 10 13
61 4 41
29 50 18
21 3 38
47 74 7
63 64 86
41 41 36
57 53 48
29 45 80
84 21 35
44 50 37
40 55 30
74 56 32
61 34 64
34 79 45
19 14 72
51 56 28
68 53 74
21 74 42
83 15 74
31 85 40
63 64 29
37 42 17
53 6 53
78 63 67
52 2 8
85 30 60
80 85 46
83 45 78
64 67 34
74 83 55
46 73 37
11 11 21
19 62 21
37 45 35
17 1 57
34 61 19
63 59 74
2 5 57
85 54 69
16 62 19
32 61 32
73 34 66
84 76 61
41 38 71
86 58 76
78 66 7
61 76 84
73 82 49
48 52 24
22 4 25
7 86 81
10 28 26
68 25 34
3 75 44
82 66 19
47 29 68
11 82 76
50 54 65
8 26 4
42 17 53
40 83 59
45 21 49
36 16 3
76 18 40
16 1 67
88 56 69
40 59 10
9 44 77
30 48 26
66 5 81
55 62 19
44 60 2
22 42 24
20 34 15
33 48 67
57 35 17
87 65 12
51 44 62
48 62 76
4 68 72
66 74 78
69 45 36
47 57 64
61 28 53
2 13 59
66 48 74
31 50 66
40 56 49
62 65 49
1 32 78
6 29 62
32 64 66
53 26 65
55 84 38
30 13 56
61 12 59
2 33 79
2 38 12
72 51 81
56 36 50
45 41 81
44 75 60
49 36 70
27 5 48
69 69 86
35 59 67
40 19 61
81 81 36
54 11 33
63 75 78
5 25 25
21 83 60
67 71 50
17 66 68
71 61 53
19 16 8
54 29 77
27 56 50
51 73 7
53 16 21
88 30 77
5 49 9
12 88 47
6 79 70
50 55 50
84 31 13
85 34 79
83 62 80
7 14 70
75 30 71
20 35 71
26 75 13
5 3 70
28 64 59
52 25 76
32 50 31
3 19 31
72 74 14
75 46 75
76 47 39
36 18 62
10 31 44
17 77 27
33 36 33
83 47 46
58 68 31
10 16 65
61 82 74
20 42 9
88 2 62
74 58 75
44 47 33
51 86 8
72 9 12
39 2 83
17 17 14
70 7 58
69 37 66
52 67 71
48 1 27
7 77 3
88 5 61
59 10 13
12 20 11
66 11 9
9 28 15
58 2 40
44 44 29
23 45 26
14 88 70
35 11 19
64 44 26
20 66 72
45 5 84
14 32 77
31 39 34
78 31 86
5 2 77
25 12 47
21 18 4
76 48 49
43 46 17
28 49 42
26 87 30
3 55 34
12 46 52
84 84 55
9 31 1
60 14 88
62 65 32
83 86 32
10 2 12
34 32 21
20 28 54
66 21 24
12 49 39
19 50 23
3 5 20
65 38 65
63 26 31
62 68 80
66 1 20
1 24 56
87 32 46
49 30 48
12 11 77
25 28 78
16 84 77
74 65 28
56 18 85
45 10 55
21 4 53
26 31 32
58 51 45
61 62 4
23 30 84
17 70 2
65 67 51
14 8 80
5 60 65
83 19 86
4 33 32
17 75 57
48 67 9
56 37 23
26 20 46
14 30 69
72 20 35
65 67 4
56 79 4
47 16 12
16 39 73
75 27 52
62 85 77
34 48 37
41 74 86
27 79 15
52 63 26
29 21 38
53 81 56
34 51 26
38 52 69
84 19 37
53 54 80
31 36 81
81 17 9
5 76 14
52 84 40
51 34 57
34 40 32
35 64 17
52 21 1
32 64 66
21 59 22
36 46 32
58 88 5
22 28 66
54 80 47
52 51 24
46 5 10
67 26 71
27 47 24
51 85 44
77 28 50
58 73 69
63 25 85
43 67 29
54 77 64
33 49 26
85 9 52
33 60 88
81 73 15
4 25 67
56 75 40
15 61 55
52 48 10
36 53 17
84 68 24
3 32 64
80 88 21
28 45 72
1 28 25
18 52 59
7 23 70
58 77 3
51 80 84
46 53 46
66 11 85
2 71 27
43 78 47
33 43 32
27 83 33
36 29 13
27 36 69
4 8 55
79 45 88
12 76 30
7 12 59
58 88 64
83 25 36
42 33 88
63 25 1
58 70 87
53 25 67
82 65 7
12 45 46
80 87 57
59 69 9
13 50 60
22 7 12
16 88 49
58 12 16
9 48 71
45 32 67
22 2 88
5 46 74
7 12 70
31 13 55
55 13 74
79 56 67
12 12 31
58 47 57
56 75 24
53 28 73
20 82 8
69 69 58
58 53 40
5 80 19
30 37 79
57 65 68
6 54 1
17 32 12
8 22 60
4 63 29
42 56 28
34 33 25
44 86 40
7 54 26
80 73 48
86 17 57
47 12 85
25 54 75
28 15 17
52 18 77
19 72 73
30 18 26
15 17 16
10 1 26
80 39 63
25 78 41
56 7 47
46 52 14
20 40 18
74 20 56
64 33 9
88 77 74
63 74 46
17 26 8
18 11 67
64 45 59
26 36 16
24 84 55
49 6 39
32 19 58
81 34 31
31 61 44
20 42 60
60 82 24
55 35 53
20 16 35
55 22 86
59 49 10
32 11 11
58 18 57
12 57 27
85 63 76
50 53 26
13 53 47
30 87 87
53 70 61
14 62 38
7 23 37
47 25 29
4 8 44
74 39 85
19 33 9
34 55 75
24 2 15
76 4 57
70 46 47
83 76 79
36 19 8
58 79 11
64 42 72
78 24 11
82 17 25
84 26 72
77 1 77
50 22 16
79 52 49
62 10 60
84 25 23
70 83 24
23 87 57
63 58 35
29 19 32
81 69 17
67 39 39
6 29 6
6 48 18
5 19 76
26 11 51
35 23 87
78 39 62
33 50 1
24 53 45
37 43 10
28 74 87
54 57 4
86 30 58
48 42 27
28 75 63
59 76 6
46 68 22
55 43 56
51 27 3
8 60 79
57 58 32
42 87 61
87 52 67
39 86 15
40 74 35
82 20 80
83 42 60
80 11 72
34 11 35
78 37 50
44 27 33
55 46 25
35 21 12
16 20 23
41 84 9
77 14 29
60 73 31
8 38 8
64 73 59
53 74 79
83 39 54
72 7 50
80 6 62
6 40 59
1 51 85
19 13 74
5 1 10
57 44 78
4 32 41
19 71 36
50 46 1
3 43 62
82 2 18
21 76 85
70 56 68
19 87 82
46 51 63
79 25 6
17 42 69
14 12 25
68 51 76
46 68 20
54 30 66
28 44 70
18 57 65
75 31 25
70 41 35
10 36 62
74 3 12
45 77 72
46 58 51
52 68 80
28 10 6
70 17 23
5 18 65
63 23 10
61 41 24
28 5 5
11 17 9
68 29 62
60 88 45
86 78 7
73 46 2
58 60 40
40 9 52
51 67 1
50 39 77
35 43 33
46 15 22
42 22 43
73 44 74
12 27 37
80 56 5
4 22 45
76 38 29
14 48 32
50 60 44
15 68 16
82 64 43
24 69 18
87 5 55
78 33 53
13 81 35
54 1 76
74 41 49
22 42 65
31 33 22
82 32 25
71 37 36
5 23 32
51 48 38
30 50 86
34 60 73
1 36 35
27 35 55
21 81 68
69 11 78
49 20 63
6 25 73
14 18 68
80 50 55
54 40 6
47 51 45
18 7 51
35 43 16
42 21 29
22 20 61
85 86 63
42 13 86
65 21 77
8 71 47
53 77 8
49 79 38
50 73 39
6 30 12
80 31 33
73 73 70
56 45 63
64 2 57
29 6 59
19 22 80
30 70 46
7 8 67
41 73 47
25 72 44
73 17 11
58 21 32
57 77 23
88 72 14
62 41 33
25 60 28
40 3 6
24 60 80
7 30 45
7 4 31
79 39 36
46 65 10
65 78 85
86 17 29
46 8 47
61 49 37
48 16 34
11 8 36
53 54 69
2 7 58
23 11 79
65 14 80
77 34 19
87 38 14
29 26 74
72 84 1
68 77 1
40 72 50
68 75 66
45 52 31
88 4 68
22 64 48
34 78 21
58 62 35
13 7 19
25 10 25
48 3 21
37 11 50
44 18 88
55 18 78
7 83 17
76 50 24
78 50 31
16 77 44
60 34 72
35 81 22
24 87 19
5 40 24
61 13 23
51 74 67
85 31 41
28 43 49
42 30 81
88 46 55
74 17 59
52 50 56
4 84 38
41 81 66
3 71 85
17 29 49
68 63 1
26 80 31
11 2 16
60 47 87
70 33 33
40 18 5
52 36 59
43 56 84
69 35 1
82 25 64
13 24 25
64 77 42
82 2 55
47 4 34
68 64 8
57 60 74
3 24 22
35 68 10
63 34 12
29 13 5
9 83 3
78 31 4
5 35 83
57 36 80
71 14 73
84 40 55
23 65 6
10 74 38
13 14 21
51 14 88
53 41 66
18 49 37
20 71 27
69 42 82
77 9 86
21 60 36
51 55 26
87 54 54
64 18 11
83 36 50
3 48 15
34 75 13
7 12 7
62 70 19
36 59 27
38 87 32
8 82 2
80 34 7
58 20 18
85 82 43
33 6 65
36 71 10
56 39 27
73 45 82
68 57 45
76 87 76
18 78 62
83 57 44
24 28 39
29 5 38
58 22 85
45 36 52
39 21 13
82 38 39
56 80 13
40 56 28
31 5 78
52 64 28
43 37 9
67 78 86
32 41 85
72 69 68
35 82 21
1 46 2
12 40 3
77 19 28
37 11 72
19 6 48
11 44 66
26 77 88
86 18 72
53 82 62
20 80 30
10 53 14
66 47 58
36 45 67
43 2 36
10 3 78
66 40 72
52 37 78
50 50 34
21 25 26
88 78 34
74 66 42
16 82 35
60 88 73
87 61 88
18 9 58
43 15 78
42 57 32
27 75 19
53 15 19
35 21 52
86 17 58
68 83 9
80 73 2
88 46 77
57 19 44
12 36 17
27 78 12
67 56 72
3 17 71
30 71 78
76 2 65
26 6 26
3 17 47
27 65 32
17 75 88
40 70 10
54 83 57
58 66 34
81 78 87
49 67 19
26 41 84
82 2 17
50 6 48
13 72 2
5 2 6
23 77 41
62 35 9
5 13 51
11 68 25
87 10 72
39 4 44
8 36 16
81 52 48
61 43 88
64 20 57
4 18 66
80 5 82
20 85 12
71 78 33
86 5 9
34 39 9
14 4 24
42 7 59
80 38 74
83 62 23
27 83 44
13 42 14
44 57 86
29 41 80
79 6 82
6 54 64
86 24 62
79 32 45
78 54 41
84 68 43
63 59 40
24 23 19
25 22 23
17 13 8
71 12 72
76 81 60
30 48 54
69 83 68
80 59 84
55 4 23
4 34 76
62 87 75
86 58 87
49 80 1
47 36 57
77 57 42
82 62 68
47 8 19
21 12 32
22 45 37
17 88 18
86 9 70
45 3 38
67 18 49
30 65 64
35 30 51
32 40 36
41 50 15
58 60 68
66 46 83
77 78 46
62 71 24
86 51 50
36 55 48
82 45 71
35 3 16
40 66 49
61 82 39
4 44 58
30 27 21
32 27 15
32 53 62
27 38 76
7 23 12
66 33 82
55 41 48
78 68 25
70 19 25
67 55 54
20 35 6
33 84 50
15 81 49
54 23 28
61 56 8
27 21 37
10 50 24
39 54 73
24 81 63
22 70 64
84 31 27
68 22 37
77 52 61
3 12 39
5 31 35
55 41 51
47 5 29
1 56 65
21 62 29
71 24 78
27 85 46
65 82 84
77 74 32
53 26 63
16 73 53
2 69 47
46 6 26
62 75 75
87 26 34
80 70 84
27 10 56
75 4 19
76 54 68
22 18 43
30 81 47
51 42 7
68 61 47
43 32 55
74 68 21
20 58 69
39 56 38
75 86 18
31 88 36
83 63 69
67 51 38
86 72 7
11 46 56
6 6 24
26 47 66
65 57 86
10 25 24
34 8 32
40 87 8
13 5 70
17 49 36
82 49 10
69 80 45
1 51 61
54 85 14
51 74 59
43 69 26
40 1 72
75 70 42
77 42 1
11 73 30
68 26 82
16 84 59
24 25 25
72 35 10
61 64 20
16 80 13
75 73 4
31 41 73
34 34 15
72 15 18
67 47 57
23 28 54
83 47 43
55 74 11
43 57 35
24 60 18
87 48 87
32 1 49
18 80 38
28 61 22
45 52 39
44 2 21
61 49 81
57 84 67
15 54 17
21 20 75
39 15 37
5 64 23
45 3 69
72 6 34
44 74 11
60 17 1
37 53 75
75 5 9
62 57 46
8 32 85
60 71 49
41 59 55
61 20 65
58 17 54
67 29 57
64 24 17
36 68 32
76 77 55
34 66 10
3 31 42
84 66 87
56 19 87
32 56 24
14 35 81
64 29 66
7 11 74
44 40 53
23 70 24
13 8 64
68 60 18
35 28 20
45 75 60
61 81 73
23 39 19
6 72 84
24 56 31
21 44 18
20 82 6
5 21 84
72 2 21
69 5 18
14 69 35
50 88 51
32 66 54
11 85 86
62 7 77
45 71 16
15 66 1
28 82 46
26 57 66
23 75 64
65 85 21
35 52 6
20 39 48
50 59 24
12 62 80
49 33 68
50 84 88
23 55 69
14 7 88
13 41 85
86 77 66
86 24 67
60 2 8
59 53 44
32 64 62
76 57 35
53 22 71
34 7 84
10 56 9
3 5 63
11 64 76
51 77 84
52 41 45
79 2 74
5 40 41
76 40 38
84 48 5
58 36 75
14 31 40
3 22 9
18 45 31
69 83 66
52 78 46
48 45 49
53 2 30
56 38 9
59 66 72
59 10 44
60 8 5
63 75 38
49 21 11
34 62 42
37 78 80
70 14 43
54 14 78
80 18 19
46 23 79
87 1 38
38 57 39
66 23 56
79 80 11
85 61 49
82 42 30
19 8 48
66 13 49
43 83 52
28 38 23
9 17 22
48 13 10
11 49 30
4 41 18
61 55 52
42 56 86
47 70 24
28 81 57
73 27 83
75 33 58
81 10 62
78 5 20
72 74 71
85 21 80
71 64 26
50 47 17
29 24 39
7 64 63
15 48 71
72 48 10
28 44 73
69 68 72
17 31 34
84 53 85
37 35 82
77 85 28
68 35 5
7 14 55
21 53 9
57 57 25
77 60 34
32 53 48
45 5 84
69 9 36
31 86 56
38 48 32
76 45 81
71 23 78
36 81 21
31 30 3
47 47 67
30 47 81
50 28 48
40 58 59
10 76 86
3 26 10
19 66 66
40 86 62
8 55 47
20 61 41
30 44 88
40 44 76
79 11 77
28 43 51
21 31 66
15 39 73
59 59 52
66 10 75
21 21 14
24 82 29
81 11 48
34 46 68
6 21 16
34 20 59
50 17 59
45 64 82
73 47 28
16 76 26
39 48 4
4 67 76
68 54 28
33 61 80
61 42 39
3 83 81
19 13 34
37 16 71
61 13 25
52 12 28
27 19 8
60 4 63
84 61 46
38 69 7
55 31 74
40 54 65
33 9 2
42 18 35
26 46 12
80 80 49
1 19 79
30 82 47
70 87 63
8 45 77
56 13 23
44 54 14
55 12 41
68 83 27
56 58 17
57 39 22
7 68 26
26 15 35
78 74 87
28 23 63
50 35 13
14 55 9
15 45 37
20 50 62
30 36 88
16 6 79
59 13 16
83 25 55
35 76 63
26 58 83
73 81 15
72 12 3
15 36 80
67 47 49
83 56 28
4 40 8
23 25 58
13 41 48
40 26 25
44 36 29
16 34 25
23 33 83
47 28 1
23 52 31
68 80 57
32 47 38
78 3 53
77 45 36
42 48 28
33 49 56
71 31 22
35 56 63
87 21 55
45 85 2
63 17 53
11 10 62
51 66 25
48 7 60
24 73 6
82 49 83
52 70 63
52 31 28
30 80 6
41 51 35
50 7 72
43 5 34
39 28 31
24 28 7
56 31 15
34 61 34
62 22 84
49 5 39
41 48 66
66 7 13
4 43 29
70 34 81
58 7 64
86 28 20
2 22 10
37 58 51
70 52 14
30 59 76
60 66 49
34 47 79
63 22 72
74 63 51
40 78 65
62 5 28
86 41 39
31 54 81
84 18 58
58 10 70
4 57 36
66 65 19
50 42 20
20 20 38
47 25 67
87 41 36
12 9 35
24 43 7
47 67 48
12 30 77
80 80 53
25 71 83
81 61 1
4 64 15
1 39 54
48 3 69
81 81 76
56 41 24
78 76 61
13 86 9
34 14 40
64 82 88
1 63 83
64 84 37
82 59 53
21 9 63
46 47 75
50 30 7
4 19 61
39 53 79
36 48 73
49 39 62
84 31 9
54 5 28
5 25 77
84 86 65
5 18 59
65 81 71
54 78 50
81 4 58
8 21 57
10 11 9
75 31 26
57 48 56
58 14 69
23 33 20
60 69 74
25 31 42
3 52 54
18 12 36
81 48 70
53 57 46
61 45 3
4 16 87
9 63 15
83 34 84
12 12 26
70 44 31
73 17 73
63 54 1
78 63 37
69 47 58
76 22 19
76 30 67
70 49 24
83 40 44
1 74 73
75 75 83
19 59 74
78 62 33
29 49 30
57 50 77
79 44 20
54 59 66
71 82 20
7 1 62
19 27 49
16 19 35
49 26 59
67 8 19
67 80 58
16 81 50
3 47 84
48 27 34
34 47 24
64 31 16
82 49 34
86 82 47
26 24 65
41 74 51
67 77 14
6 50 39
30 87 8
43 27 58
55 3 20
70 23 70
87 8 82
42 10 40
74 49 86
70 26 83
19 36 83
24 39 14
65 64 28
23 28 79
57 12 59
16 50 60
77 57 79
85 36 36
76 76 25
68 23 16
60 4 4
2 63 80
26 47 54
37 52 86
36 37 65
75 69 17
69 52 36
11 27 82
27 82 30
45 36 18
22 41 88
29 12 76
9 56 44
5 54 13
24 75 72
6 82 67
83 41 35
32 64 72
7 38 28
1 10 76
10 59 9
31 42 86
63 20 84
34 26 71
8 38 56
70 69 44
65 20 27
5 34 7
55 27 26
70 33 35
51 65 73
74 59 6
15 87 48
42 10 22
41 44 80
7 26 58
32 46 33
35 67 42
35 63 74
58 84 72
25 33 69
14 40 41
57 52 84
46 83 57
39 19 58
11 18 47
38 12 21
30 46 54
18 15 88
19 65 85
34 69 8
39 44 80
70 63 18
61 9 9
34 42 27
39 76 64
71 81 57
14 86 74
41 17 84
50 85 46
65 25 51
76 25 49
29 21 12
19 81 35
59 48 36
79 5 37
77 43 25
10 31 65
8 73 61
65 30 63
39 45 31
67 81 7
23 58 50
65 74 70
10 43 79
35 13 58
31 23 80
32 10 60
40 42 68
88 52 49
54 63 31
16 45 19
34 3 63
28 42 1
12 85 88
65 16 63
75 62 72
11 25 12
69 69 1
9 87 28
9 80 79
57 77 6
70 52 18
51 46 12
75 73 5
20 37 67
6 33 52
73 78 50
9 58 23
76 3 72
25 3 34
63 67 83
63 3 67
21 50 82
76 34 29
61 70 72
63 27 8
53 63 59
49 44 42
14 21 11
42 28 37
42 25 20
64 19 4
34 86 68
36 7 73
70 54 42
32 83 83
16 56 86
41 72 18
88 56 70
79 23 38
30 41 37
77 68 10
29 67 7
26 45 22
51 14 58
25 67 50
49 57 80
17 9 5
32 6 88
81 46 29
85 74 29
17 63 56
44 32 55
14 72 73
15 32 66
39 10 28
70 52 14
39 18 50
41 19 83
12 54 76
77 46 63
31 70 87
25 14 58
75 18 58
75 20 79
66 21 63
65 77 55
46 32 86
1 71 71
11 29 81
56 74 73
72 7 54
58 38 30
72 57 80
87 88 79
58 73 6
4 44 18
64 52 82
20 11 19
39 65 87
14 84 80
40 36 6
81 63 63
28 17 49
23 19 34
81 76 37
55 88 1
74 72 57
26 82 59
33 11 85
20 2 73
9 68 15
33 43 65
5 65 10
3 74 23
59 33 41
44 35 3
37 78 41
22 66 88
45 53 14
29 7 3
81 39 26
80 5 47
69 25 75
49 64 21
87 41 48
46 25 42
34 2 6
30 11 37
34 8 28
19 84 86
46 56 15
84 38 33
67 13 59
76 79 8
34 62 61
1 86 4
67 12 18
55 87 7
74 58 84
27 86 5
79 56 52
16 78 28
44 27 81
22 1 10
84 7 78
60 13 62
68 86 46
9 84 62
39 64 42
4 81 24
39 52 61
41 27 3
26 10 33
17 85 86
62 10 81
31 60 33
29 16 88
4 78 48
7 85 31
69 42 70
6 86 60
37 62 7
77 21 43
78 69 37
83 32 43
35 72 77
42 27 80
54 52 1
10 55 64
82 70 83
44 48 1
16 29 38
72 31 13
21 53 62
26 49 15
5 36 31
17 15 46
28 29 83
24 67 42
44 71 52
48 78 62
88 74 47
57 48 26
20 78 68
44 86 70
51 29 8
21 78 69
39 72 45
86 13 39
25 65 50
41 24 11
81 45 11
1 19 42
10 72 27
74 88 3
74 8 17
43 47 11
71 32 13
19 66 55
58 53 86
60 86 63
20 15 47
67 57 16
43 57 86
73 57 49
53 21 8
43 20 16
83 33 72
7 33 54
12 47 23
29 36 2
88 31 34
15 36 42
36 84 22
9 33 32
50 31 21
85 47 69
27 9 20
67 69 15
41 29 78
18 20 39
30 55 66
66 71 83
22 56 84
78 76 77
64 80 12
19 39 43
51 74 43
69 43 80
76 66 74
27 61 64
69 87 57
80 20 44
86 33 5
81 40 43
27 69 69
10 21 66
75 19 56
34 39 16
39 14 79
76 61 55
23 72 13
28 39 31
41 36 78
28 19 74
6 42 34
32 38 3
87 84 11
72 66 54
2 61 6
77 36 26
47 42 35
79 49 54
50 16 12
6 41 72
31 22 62
67 70 84
3 78 22
5 69 57
50 11 57
8 18 2
71 86 1
76 33 74
27 28 11
55 14 42
33 56 10
79 60 80
76 77 41
45 23 68
22 49 66
13 6 87
47 31 44
80 13 18
36 81 79
71 21 8
66 73 51
88 13 78
21 68 70
25 1 37
40 13 84
8 2 62
6 71 26
83 54 49
38 21 17
82 16 73
14 70 13
43 24 49
72 61 80
26 63 55
1 37 73
44 79 5
55 13 7
35 57 49
49 53 85
71 79 22
62 69 75
17 87 21
78 58 64
26 11 82
65 11 58
18 7 47
41 44 44
62 35 63
15 53 81
88 75 81
50 67 32
21 54 53
51 39 17
13 27 69
87 26 39
82 26 28
75 30 42
12 24 80
88 12 61
75 8 8
37 85 80
78 18 80
72 44 11
56 16 34
16 34 49
6 40 27
20 38 22
57 39 37
55 24 8
54 83 21
14 37 59
42 11 4
69 82 2
16 14 85
5 13 49
63 51 5
77 38 42
1 16 23
51 34 59
77 43 14
86 29 3
73 22 1
40 75 13
62 71 87
15 7 53
79 68 25
62 8 4
38 22 51
25 10 36
65 36 26
32 10 64
50 43 38
67 49 69
87 58 70
57 5 1
16 84 27
17 50 24
1 78 21
16 5 72
47 80 34
88 34 27
59 60 70
6 85 42
85 75 23
17 66 15
31 59 41
14 42 82
54 29 38
28 3 58
32 52 33
6 11 59
9 75 75
80 67 71
8 45 5
24 6 29
57 40 14
6 84 38
14 7 67
74 69 4
33 23 4
41 2 27
36 65 11
42 20 60
4 37 28
80 4 82
88 84 58
49 14 63
38 21 77
71 27 65
63 9 44
42 71 14
70 8 30
61 61 14
57 68 1
10 52 75
74 79 83
83 67 88
29 40 25
21 21 51
37 75 32
6 50 86
59 70 39
66 46 37
34 70 22
20 1 64
12 3 68
19 11 13
73 11 83
58 20 53
64 7 81
17 52 55
66 18 27
64 15 10
12 76 34
21 15 55
9 87 6
35 34 11
77 71 57
56 48 39
15 5 80
33 12 27
17 53 22
39 5 62
74 42 58
28 6 64
21 5 84
10 85 69
4 75 80
6 5 80
48 78 6
82 33 59
70 45 50
65 45 35
36 34 38
65 18 56
25 75 26
66 37 33
53 28 1
76 11 12
58 35 69
76 44 78
77 62 58
19 3 38
46 40 65
38 37 8
36 41 88
55 67 24
19 12 4
3 52 49
52 66 19
52 9 71
72 34 74
54 31 80
67 14 9
27 16 26
37 19 21
17 45 73
49 37 10
34 46 20
51 21 28
22 25 54
73 47 62
49 50 17
41 38 21
9 53 13
39 77 17
13 48 86
53 45 5
9 81 60
43 37 81
1 43 5
31 7 60
73 25 17
82 62 57
84 84 55
51 25 39
11 75 37
11 35 83
69 43 33
65 20 24
88 73 88
59 85 17
39 29 46
37 38 10
22 22 60
46 80 15
83 11 1
25 57 32
10 60 52
58 56 75
31 85 48
2 76 36
87 37 8
4 40 38
88 4 26
8 50 27
56 42 3
83 33 71
31 51 55
17 63 78
71 61 32
81 63 22
46 72 14
8 3 39
41 40 33
30 8 61
7 62 3
36 86 76
34 87 25
44 26 85
78 36 49
85 25 26
24 80 52
48 78 75
45 59 75
77 85 57
72 15 88
1 45 9
83 52 31
16 41 67
57 19 69
2 17 20
44 75 41
47 42 71
85 69 6
81 62 27
41 22 58
79 44 34
11 28 78
81 65 33
51 15 71
30 48 82
31 11 85
65 40 78
72 60 4
15 71 65
18 66 27
57 55 85
61 57 59
25 80 24
44 81 38
30 88 67
51 24 87
49 1 47
3 88 5
9 28 82
46 83 14
53 71 69
74 29 26
31 8 13
86 29 35
86 3 18
83 69 66
67 8 28
52 58 64
23 60 64
42 40 1
32 45 62
24 45 80
81 46 58
35 40 55
47 18 57
20 46 41
31 70 43
54 2 15
40 41 8
27 25 33
24 55 48
60 78 14
24 14 77
68 53 64
1 2 42
84 16 3
53 32 61
45 55 77
4 47 16
78 65 15
66 20 47
12 69 83
64 6 44
59 9 62
1 47 47
30 6 77
25 84 32
60 82 5
34 77 54
16 74 40
78 61 47
20 26 70
8 32 81
35 4 48
46 5 85
64 59 84
2 81 6
80 46 71
75 26 57
7 70 49
34 77 1
14 76 20
58 78 70
54 18 56
26 1 1
47 51 59
85 8 38
25 38 52
71 51 70
77 14 51
38 83 3
28 28 80
33 41 64
68 73 84
81 50 26
6 51 62
23 48 61
59 16 85
79 55 58
13 76 85
38 59 50
88 78 22
7 13 84
50 55 53
13 30 72
11 1 51
86 83 9
33 65 81
39 42 57
23 3 56
27 27 81
31 75 61
6 18 40
8 33 34
24 68 11
44 60 74
16 64 64
71 50 8
58 62 22
48 31 44
46 67 50
43 57 68
57 84 26
32 68 65
33 42 61
78 4 39
16 8 79
21 4 46
21 31 29
25 9 20
64 87 43
56 13 69
31 79 84
79 32 6
83 25 7
85 65 73
62 69 52
59 5 75
35 38 73
58 55 79
68 18 60
78 50 83
38 47 80
88 1 54
48 30 63
65 5 21
29 72 12
54 55 24
64 79 44
21 29 86
8 27 12
47 38 11
67 18 44
46 19 31
55 1 26
25 85 7
55 47 16
68 20 54
36 86 79
6 29 74
64 2 7
43 53 15
86 55 78
49 81 64
34 16 81
81 87 75
55 46 49
12 49 22
10 16 12
20 29 23
19 43 73
12 41 3
68 32 69
44 37 51
78 22 55
8 32 6
81 33 78
37 7 72
68 16 34
1 12 52
15 25 68
41 63 12
35 57 24
76 82 77
76 9 58
9 38 69
69 85 73
29 75 45
14 64 38
15 66 53
48 15 54
82 25 78
68 24 83
23 58 70
43 14 57
46 12 54
14 55 70
77 70 14
72 27 65
57 86 86
6 37 23
48 51 85
13 78 60
4 35 1
31 36 75
12 44 22
36 69 67
74 50 20
52 20 84
29 62 58
31 11 15
54 66 39
83 63 13
2 21 85
18 28 41
30 86 29
88 79 13
35 8 41
18 84 3
71 26 40
41 36 9
42 28 34
6 53 58
62 3 51
29 47 75
55 85 74
59 65 28
13 68 46
34 51 53
55 82 26
75 32 25
28 86 87
81 65 25
27 32 22
4 58 78
56 4 29
71 2 33
7 68 88
7 59 77
19 14 30
7 44 39
18 54 32
68 5 87
82 9 22
22 29 50
56 9 38
9 43 54
49 85 23
3 21 63
32 75 42
11 86 52
56 84 68
21 32 74
36 74 75
85 3 19
49 74 10
84 57 34
88 75 51
61 42 59
71 39 43
84 85 71
25 15 73
59 78 40
15 38 48
62 41 6
35 20 72
68 65 49
42 9 4
82 68 29
12 62 60
26 32 30
35 72 29
61 21 75
77 60 14
28 45 22
52 35 31
66 85 19
30 6 61
77 41 69
84 30 45
72 2 23
71 20 84
82 3 56
66 33 42
18 56 85
41 17 18
48 57 25
40 22 59
34 8 40
24 15 78
34 36 70
62 9 45
51 42 11
3 55 30
10 13 86
76 75 41
13 14 88
36 16 30
44 86 32
39 60 58
65 53 75
43 67 60
57 84 67
32 76 62
47 65 50
30 77 8
55 42 14
88 42 58
80 81 18
64 84 36
34 19 48
41 44 59
51 38 27
73 69 51
20 14 45
73 56 20
38 80 50
77 75 1
2 84 76
69 85 8
62 86 82
2 21 12
34 62 56
67 73 47
33 79 32
38 70 65
22 51 29
88 77 4
75 25 54
40 23 27
22 54 84
46 47 22
8 2 12
36 36 8
57 49 79
57 2 7
34 63 87
48 83 8
55 74 80
7 20 25
54 22 9
5 13 10
85 52 66
74 79 5
73 86 79
4 51 20
50 26 72
56 69 15
81 79 25
58 86 7
69 59 10
81 12 17
16 87 2
77 88 3
40 79 49
54 45 7
3 6 42
79 38 70
20 84 55
28 40 82
48 15 45
7 13 26
4 77 7
56 20 51
38 60 54
50 58 85
68 4 84
76 61 79
14 14 61
50 60 72
32 27 22
39 85 24
11 74 2
7 26 46
5 15 15
24 24 51
88 86 67
17 56 47
76 11 65
15 77 19
44 80 71
74 21 69
6 11 33
50 54 10
79 65 40
52 66 64
87 50 15
49 28 21
49 6 33
41 75 60
53 38 27
14 35 34
44 57 65
44 84 2
67 30 63
40 6 29
66 76 36
47 81 62
66 42 73
54 50 43
21 24 53
61 77 55
47 3 74
54 73 63
42 76 22
69 16 47
41 37 54
40 11 13
74 64 33
37 46 70
76 70 46
41 50 37
71 13 27
74 1 42
1 7 22
43 24 33
51 66 50
45 18 21
66 14 45
38 54 79
1 62 10
79 82 37
29 74 48
19 24 83
80 8 74
78 88 57
73 82 40
46 78 22
72 76 48
28 64 11
48 50 51
56 68 82
3 86 64
9 77 26
9 4 9
88 78 57
2 13 16
1 32 5
67 45 16
17 19 65
40 25 69
5 79 70
37 53 67
36 2 74
49 40 41
80 14 37
28 4 47
69 54 43
49 23 1
81 12 4
61 5 44
10 75 72
79 40 3
63 86 46
46 33 55
45 39 57
79 25 19
9 31 8
37 23 55
52 48 50
32 20 80
81 19 35
8 11 69
9 25 46
5 53 18
21 68 25
85 65 68
79 87 24
56 51 45
29 71 77
63 7 8
18 30 56
19 65 53
60 34 24
15 40 56
14 77 77
24 48 50
19 40 34
71 39 20
39 84 28
42 31 12
53 51 11
69 30 53
46 71 18
78 16 65
31 59 10
75 49 60
33 17 44
38 86 86
80 39 26
2 24 7
71 19 48
30 60 52
46 16 21
57 16 68
87 16 33
74 45 34
44 53 12
78 26 1
49 70 61
36 40 69
22 60 76
45 70 22
29 45 83
4 59 59
55 85 81
65 9 65
68 37 9
82 61 65
8 9 76
53 86 27
67 64 85
18 77 63
86 7 25
87 72 16
56 82 3
58 8 51
4 26 82
84 64 82
68 69 84
30 86 55
81 74 17
9 62 19
80 85 35
68 18 62
78 85 82
26 32 85
40 30 84
3 10 56
40 75 1
28 69 72
59 15 80
63 73 62
5 25 57
87 83 39
9 74 42
51 35 44
79 35 45
88 66 38
46 36 15
18 30 59
79 80 73
49 39 25
77 34 31
77 45 70
86 21 14
48 86 6
35 50 60
83 9 8
45 18 74
53 32 71
72 6 68
35 17 65
82 44 73
49 71 40
7 4 21
82 10 6
25 13 34
51 33 31
9 79 74
30 11 28
46 76 59
65 36 35
36 63 47
35 58 1
23 60 1
59 21 28
76 80 80
35 47 4
72 76 75
82 53 61
32 80 11
43 53 73
6 46 36
41 35 22
10 23 16
4 13 20
74 58 23
16 40 39
37 88 2
30 69 80
26 6 55
88 45 88
88 84 21
45 81 72
49 67 71
64 62 10
50 69 76
66 2 35
60 1 72
15 74 60
41 44 46
53 32 41
36 68 79
10 62 51
57 44 63
44 24 76
65 34 56
66 82 13
34 15 72
75 61 2
15 22 3
30 63 25
75 62 33
40 33 10
73 71 14
31 75 47
63 14 28
77 48 56
6 62 88
34 54 18
61 31 53
82 52 41
87 60 75
53 31 44
45 82 13
9 53 3
55 77 61
13 46 48
37 83 71
41 40 17
72 48 17
71 82 85
56 3 31
68 79 1
73 34 62
85 74 16
67 9 61
1 54 5
39 7 4
74 82 80
70 9 15
60 44 6
3 46 8
88 12 29
1 74 45
79 64 27
1 30 26
78 82 32
35 42 76
1 66 30
60 32 4
76 64 7
5 41 68
88 83 1
53 15 75
88 78 30
41 30 68
2 27 88
38 78 88
51 36 57
18 2 50
4 73 56
7 43 44
82 60 39
23 57 87
3 39 56
46 1 18
35 23 34
8 13 20
25 73 31
36 17 33
84 32 40
84 54 17
4 20 78
3 32 8
62 53 49
35 62 34
47 70 66
47 44 14
50 9 36
21 67 70
7 54 32
45 13 77
61 81 57
55 15 3
49 31 35
42 53 81
48 33 40
66 4 43
41 69 85
80 34 80
79 63 52
16 58 25
66 20 23
50 74 62
6 88 61
23 2 57
37 45 55
16 69 76
27 67 63
20 62 28
59 28 10
84 45 36
32 63 47
9 72 79
18 3 5
81 60 85
42 61 21
81 46 63
4 84 15
50 30 4
12 62 12
68 56 42
29 43 27
64 30 1
7 6 73
40 16 72
58 64 2
80 28 72
82 49 80
83 75 23
40 25 20
78 16 53
52 74 15
1 53 36
17 28 36
34 12 62
68 49 51
59 12 72
66 46 21
18 8 57
64 73 53
8 74 1
3 55 56
72 31 69
65 80 30
13 34 15
16 1 82
61 76 82
26 48 75
49 40 31
2 54 12
56 33 67
68 86 82
29 76 39
27 30 44
65 58 28
79 67 78
41 88 2
37 15 49
39 76 68
83 72 25
77 43 15
49 77 20
12 82 69
37 14 1
66 5 3
17 72 42
56 67 6
7 48 61
52 52 57
16 23 42
67 64 1
51 24 30
82 73 20
56 4 66
58 18 42
16 30 63
78 85 26
38 37 80
9 39 7
32 70 41
63 28 13
67 13 50
16 41 83
46 72 41
86 65 73
37 51 17
51 64 9
72 8 24
71 64 85
17 41 67
49 83 64
22 60 50
86 83 83
11 67 17
66 76 53
15 1 15
45 11 22
61 36 80
48 78 60
65 22 18
38 19 11
4 64 20
39 32 49
78 59 30
26 69 23
68 33 64
78 27 40
3 59 80
27 86 84
79 75 81
62 46 84
47 25 37
45 59 52
17 55 56
23 70 28
2 6 9
50 81 3
27 12 85
57 24 46
32 52 2
64 33 67
76 23 46
40 55 39
23 45 39
27 4 86
59 39 70
56 20 27
27 20 7
6 26 19
11 20 51
30 34 53
78 50 48
63 36 25
82 10 12
39 59 79
48 39 9
49 63 80
73 63 72
48 34 41
86 23 3
21 61 33
41 38 63
32 67 26
15 32 18
50 44 73
48 4 38
9 73 24
62 28 44
85 68 23
9 2 44
47 18 48
13 58 23
80 85 62
88 54 54
56 50 50
74 31 23
73 78 15
78 4 68
30 37 19
66 74 59
73 12 22
58 87 61
11 25 32
68 36 74
86 86 59
9 19 37
76 20 7
69 63 4
59 7 69
64 62 57
86 33 80
76 83 8
30 3 21
19 24 13
85 19 57
13 35 65
33 73 19
74 78 45
51 72 38
44 83 45
84 11 36
8 56 61
35 88 1
84 29 43
13 9 43
2 48 56
25 65 70
35 11 37
48 30 77
21 69 14
88 4 47
67 54 3
86 47 49
30 88 6
60 88 12
63 62 45
24 53 69
68 58 76
25 71 71
74 86 34
10 78 39
53 44 23
79 57 54
27 13 27
84 40 75
76 10 2
33 77 80
9 62 59
3 83 8
35 65 61
12 66 38
79 88 64
51 81 20
35 84 49
53 27 46
8 38 55
78 47 43
50 17 8
79 36 45
54 73 49
8 83 75
46 23 15
68 28 61
22 56 74
44 82 67
4 50 30
80 74 45
83 16 22
52 30 25
34 17 1
53 77 48
81 62 33
42 12 3
52 61 17
26 44 70
1 53 59
2 55 70
66 78 48
62 49 42
35 70 17
6 37 48
4 31 63
82 56 77
51 76 68
3 55 69
34 28 65
85 74 41
57 64 67
26 39 44
48 50 38
7 65 86
85 50 86
23 1 5
64 1 31
17 22 31
27 24 50
81 78 27
55 48 51
50 82 54
6 9 43
83 73 21
16 10 82
25 22 71
80 46 6
59 43 69
85 73 32
46 13 60
78 35 47
82 79 84
65 87 85
57 21 66
41 29 81
10 57 9
58 44 76
19 67 66
12 56 86
53 4 12
24 45 49
31 81 69
26 72 23
13 79 88
23 36 74
7 22 57
81 58 81
41 87 68
60 38 2
5 61 73
45 70 74
59 56 16
53 61 20
58 84 75
68 64 73
50 47 7
13 53 81
84 20 62
5 79 15
59 54 57
7 55 86
66 74 24
43 77 36
51 10 36
37 24 63
4 65 23
9 16 1
84 8 82
27 31 47
80 61 7
23 42 19
35 4 69
27 87 24
4 17 17
65 69 38
42 72 83
66 37 33
70 12 70
74 53 45
19 6 84
26 58 27
66 48 7
40 41 34
39 82 4
44 60 27
65 27 12
70 34 20
69 7 69
82 39 39
52 61 80
66 34 55
67 33 71
50 6 53
71 42 37
38 38 86
51 30 19
39 78 15
43 65 16
70 56 86
2 42 48
32 5 22
50 81 1
40 57 7
8 32 85
15 12 36
83 62 28
73 62 5
66 55 69
37 65 42
83 80 42
5 48 81
83 25 46
88 15 72
36 26 11
65 29 59
6 10 81
24 20 7
41 9 12
75 87 3
12 28 50
17 44 66
11 38 56
24 80 84
39 84 16
48 76 1
2 48 70
74 61 34
1 19 62
51 35 16
55 1 25
37 33 78
85 41 40
18 9 4
70 36 8
48 55 30
49 70 25
75 4 36
87 54 8
3 1 44
61 54 69
74 85 20
28 14 25
61 85 24
14 58 85
76 19 86
69 81 8
38 44 21
36 70 23
70 10 62
75 29 16
47 73 72
57 49 52
48 65 73
57 24 23
55 28 19
44 53 45
12 30 25
29 86 63
44 66 24
77 48 81
51 59 83
26 67 55
7 2 52
39 2 61
66 60 48
57 65 18
49 7 31
32 53 29
63 18 66
80 54 48
2 43 11
55 14 78
16 25 62
13 14 12
27 87 10
29 45 27
24 6 81
15 6 17
18 81 31
88 49 64
61 16 59
61 67 14
78 43 9
4 82 27
32 68 85
59 76 35
51 40 12
79 8 80
80 63 38
22 31 10
51 16 63
47 4 37
76 76 49
56 86 70
60 12 45
79 55 31
86 2 58
21 36 42
9 73 2
38 38 54
19 30 68
26 51 57
79 49 9
20 5 83
59 14 80
44 30 5
50 43 39
71 25 71
51 3 29
70 77 55
61 34 24
23 48 39
36 50 49
59 53 60
33 37 40
10 18 69
30 36 18
55 23 57
64 87 39
4 53 61
84 4 38
36 72 54
31 37 62
4 52 23
16 77 21
25 88 27
5 68 22
33 49 27
14 56 84
14 71 63
18 22 68
57 61 27
38 81 77
2 74 75
16 69 51
62 80 14
31 19 64
75 25 31
82 15 33
63 16 30
63 15 21
16 20 86
8 82 1
6 8 19
87 33 30
22 66 10
14 88 73
1 85 20
24 28 73
20 55 58
65 38 65
83 27 77
11 40 9
27 10 53
78 24 72
25 6 65
31 6 29
34 28 64
62 45 62
65 58 63
57 40 8
5 55 25
68 37 3
46 40 71
88 38 7
81 77 24
28 86 33
18 76 34
70 51 63
69 21 69
22 67 23
62 34 27
83 62 12
6 86 15
80 29 10
77 12 85
48 14 53
30 65 75
42 40 37
27 29 43
30 57 44
44 69 72
84 50 73
51 1 61
15 81 45
44 36 25
67 36 31
49 61 65
49 67 29
81 82 75
6 34 69
87 41 78
24 71 9
3 20 3
9 24 79
66 59 38
71 69 44
16 40 30
36 6 31
43 78 25
68 33 55
52 77 70
22 11 28
3 88 32
52 62 4
38 27 39
61 60 3
86 69 26
19 24 25
74 37 15
71 45 45
56 47 37
10 36 62
67 40 6
57 63 87
21 1 6
57 65 31
10 26 14
36 56 21
12 32 66
28 72 30
16 9 30
86 25 42
76 1 49
36 83 35
38 35 55
25 87 30
63 27 12
33 80 27
75 72 50
70 1 60
13 17 65
27 20 13
38 37 19
75 2 52
16 79 14
5 85 19
19 32 50
52 86 52
83 16 21
74 80 17
8 43 47
70 49 16
85 66 52
56 9 38
57 47 11
71 60 75
6 78 60
32 56 18
74 44 62
42 86 35
46 34 64
49 67 33
40 11 25
43 25 44
16 87 39
22 34 45
11 24 34
36 66 7
51 14 35
52 36 81
61 22 6
27 32 8
16 12 80
6 75 72
24 17 38
62 1 63
23 88 73
63 84 4
66 83 53
74 39 65
13 36 21
32 70 79
14 61 51
78 57 70
18 5 56
8 24 63
75 83 19
10 33 37
24 3 33
40 57 74
51 38 2
77 35 81
22 82 67
21 84 86
11 72 75
53 19 68
28 65 36
34 13 88
39 25 75
10 24 46
18 49 1
40 61 17
7 42 10
50 25 74
84 6 11
9 81 39
44 55 38
84 37 42
87 56 45
32 67 22
71 44 35
50 88 40
52 53 48
40 2 24
19 76 11
38 37 34
55 51 48
85 40 52
31 1 44
21 68 74
37 55 81
31 67 70
63 79 71
23 27 35
35 55 79
20 39 66
9 28 37
81 38 10
46 19 62
21 60 17
21 3 87
30 22 73
36 20 63
5 13 9
16 53 26
86 77 59
85 51 14
24 54 48
76 48 48
49 31 23
48 5 42
40 81 7
9 25 30
10 35 14
7 87 63
27 23 46
82 71 23
81 45 43
37 78 58
39 56 17
85 16 61
43 70 11
45 45 58
28 25 38
55 41 18
14 78 5
65 59 88
58 17 74
21 48 11
20 14 66
24 75 26
10 88 23
24 8 20
71 83 70
14 75 13
53 68 56
73 29 21
52 68 30
49 86 38
3 37 43
20 53 18
19 76 13
78 29 11
26 79 34
50 24 10
10 88 78
14 54 1
78 27 71
67 35 78
86 14 30
66 79 45
85 33 30
72 84 11
80 34 19
47 64 55
67 61 71
4 58 50
32 18 21
46 5 54
51 10 55
7 64 20
70 75 83
40 37 78
1 5 49
35 22 23
61 12 30
70 22 3
69 77 19
39 48 88
48 55 58
42 11 50
55 20 11
34 86 24
2 41 19
35 45 51
16 9 87
25 56 80
16 5 40
18 8 35
27 83 65
4 33 14
47 79 39
68 27 82
31 48 16
75 33 47
73 30 77
38 24 67
33 64 41
45 16 77
55 48 48
78 7 5
88 63 41
75 27 45
70 70 65
70 83 44
52 15 4
53 2 20
50 21 38
59 22 10
26 63 56
29 1 63
86 19 10
78 52 87
4 56 59
41 75 60
39 16 46
20 34 15
60 54 58
13 28 30
58 16 82
8 75 45
53 13 86
42 20 41
82 37 24
63 78 81
3 8 57
25 77 60
66 62 85
20 62 15
20 19 14
19 9 23
51 45 68
7 73 31
24 73 26
12 6 81
74 41 66
18 61 60
43 79 64
15 66 33
74 36 14
3 34 62
64 50 69
83 29 65
26 20 52
55 47 19
76 36 53
20 76 48
11 31 56
26 61 82
59 7 18
43 13 32
38 88 56
79 3 42
45 3 33
45 14 29
38 61 67
84 11 84
58 8 79
46 67 8
82 38 86
56 39 46
59 40 49
45 73 20
6 6 20
4 87 76
54 9 20
18 17 14
71 56 54
58 37 84
29 43 24
70 5 58
33 77 73
54 86 67
16 50 63
20 13 43
22 47 44
82 23 42
25 68 3
59 10 63
30 32 79
24 14 10
68 61 76
6 67 20
54 61 57
27 54 61
84 40 40
28 4 85
49 27 23
84 14 34
30 15 29
17 82 76
81 85 67
82 40 40
60 26 67
62 71 75
68 45 13
60 20 54
60 82 35
59 56 43
58 64 61
26 32 85
14 31 14
12 15 9
9 5 37
84 4 74
25 77 19
4 4 12
53 85 88
51 36 52
83 67 37
14 38 52
41 27 59
50 3 32
37 32 67
42 12 19
60 12 71
39 80 63
69 68 16
85 66 54
29 15 88
39 15 30
83 60 42
76 26 33
42 23 62
78 35 64
8 66 69
83 43 83
74 34 4
56 61 52
31 7 23
44 67 2
35 73 53
73 50 77
57 84 12
24 44 52
3 46 40
58 75 85
79 57 8
30 57 4
31 48 74
15 17 28
67 72 39
52 74 52
58 12 33
86 30 29
60 65 38
73 63 13
36 81 71
14 87 59
75 72 3
63 38 1
1 3 1
27 28 47
24 42 70
88 71 1
42 5 50
73 23 50
83 70 63
76 75 86
50 23 52
8 44 88
21 49 42
33 74 14
49 85 40
48 32 72
46 42 35
21 32 17
54 28 41
64 85 31
45 24 52
28 40 19
72 63 8
4 38 24
68 34 59
38 25 50
74 86 31
49 23 17
19 10 1
83 33 65
68 27 81
66 64 85
8 81 83
84 55 24
31 76 40
82 8 4
57 62 33
70 12 34
57 10 15
37 58 49
18 62 8
67 6 79
58 33 50
8 15 54
54 9 45
41 41 54
59 19 60
45 76 19
60 34 61
33 27 42
28 40 26
86 45 85
11 61 76
62 51 81
58 61 7
27 2 26
34 37 81
49 33 26
18 51 44
52 21 57
11 47 50
18 57 42
54 58 53
73 86 44
36 20 73
16 88 6
33 20 11
87 2 85
66 46 6
5 50 63
1 75 42
59 28 56
40 50 10
26 1 64
60 7 13
54 14 87
53 77 53
12 3 33
83 55 56
63 49 30
79 25 16
40 18 38
58 11 53
49 43 1
72 32 68
14 78 66
65 86 47
25 34 30
50 2 60
32 17 63
17 20 84
42 79 66
20 74 66
87 6 54
1 16 54
63 31 26
82 72 24
39 54 46
39 1 25
31 44 5
7 87 85
43 83 36
60 85 23
77 2 36
28 60 2
22 17 28
81 28 21
64 87 5
9 41 69
55 86 55
76 57 68
66 61 31
65 10 66
79 52 10
86 20 53
12 86 9
79 74 46
74 51 4
30 39 81
68 71 4
56 78 88
1 44 12
83 67 86
63 83 52
2 55 70
82 76 58
37 2 59
88 13 40
38 1 25
80 65 7
60 77 4
10 36 42
44 36 87
50 46 30
53 61 63
66 76 66
78 58 44
37 39 29
40 28 64
43 70 39
84 1 17
58 85 18
11 46 27
87 5 40
83 64 19
19 69 28
85 45 82
19 61 4
51 18 23
15 81 34
56 49 66
43 40 4
78 79 18
38 25 57
73 34 67
31 7 69
6 59 11
43 54 53
60 10 33
25 3 41
41 55 9
56 17 3
27 71 82
19 35 8
86 57 40
46 80 4
88 82 32
49 22 71
64 12 52
65 57 16
35 45 1
22 8 25
17 87 52
29 22 78
44 39 57
14 28 11
34 78 10
54 86 45
78 51 14
49 77 6
22 62 58
78 66 25
3 38 12
13 53 33
52 9 32
78 9 35
11 70 16
52 88 19
45 17 38
22 11 75
61 10 72
39 44 29
59 79 28
60 46 58
30 46 13
27 85 37
58 22 71
16 81 6
32 2 52
8 52 67
32 59 38
41 85 50
65 3 54
45 56 28
42 3 65
12 44 22
2 48 6
61 45 2
84 20 4
30 9 72
61 37 25
67 84 25
29 1 13
72 51 73
69 29 42
71 50 48
38 13 60
6 69 37
66 74 81
59 25 85
70 45 21
47 82 88
71 18 22
76 55 57
71 63 55
68 2 11
66 85 36
4 31 26
36 61 59
5 78 44
49 16 68
22 64 8
32 21 62
17 42 24
3 43 46
88 6 10
26 75 71
24 42 70
39 4 37
56 44 27
78 80 58
45 31 7
50 15 29
34 29 20
63 80 23
86 77 1
57 48 83
78 49 78
56 20 40
23 59 13
56 37 71
51 77 82
80 67 29
39 14 51
21 23 2
19 5 33
58 17 48
37 29 88
58 64 72
85 77 11
74 49 29
53 42 32
2 74 62
15 12 10
72 36 6
8 32 67
55 80 59
23 77 70
37 26 23
31 23 86
63 7 71
3 30 36
36 13 56
22 60 4
63 67 60
26 87 27
72 47 29
61 1 20
42 77 24
1 43 58
53 63 68
21 58 62
63 60 29
10 21 55
70 39 85
35 32 70
6 81 12
84 39 88
39 62 58
8 81 71
54 58 38
55 22 23
80 47 63
12 78 70
48 48 4
45 11 3
81 20 5
66 29 67
20 60 55
25 50 35
7 5 84
11 36 16
15 38 40
19 59 45
11 9 69
34 87 49
54 65 76
18 84 43
35 44 39
13 45 21
51 61 52
63 42 78
53 72 51
31 53 68
81 35 15
69 37 44
27 3 76
82 40 69
54 29 34
43 52 35
4 50 7
51 56 58
23 5 52
8 18 4
54 67 54
69 47 71
47 75 59
13 47 11
22 68 52
54 66 9
71 70 24
1 45 50
45 49 30
31 13 12
53 71 76
27 40 45
84 79 75
88 2 50
30 52 15
73 58 80
34 63 80
18 75 5
49 78 21
83 51 86
24 46 75
46 82 37
34 36 31
82 27 55
81 84 32
69 20 58
18 83 1
40 35 53
87 12 27
39 87 26
31 12 53
82 51 3
45 3 44
34 42 7
34 84 41
19 13 8
57 31 4
28 54 49
25 5 85
70 69 60
20 23 7
49 16 30
20 87 21
62 8 51
84 21 77
46 57 64
43 10 61
25 27 5
52 70 3
38 42 56
60 87 51
70 65 5
53 36 80
24 21 45
7 78 87
1 59 57
28 9 4
23 7 66
42 12 3
44 4 81
79 80 86
48 41 45
30 20 37
82 70 87
87 37 66
33 39 62
46 60 56
36 82 73
9 7 68
3 50 15
57 26 36
62 8 78
67 25 56
40 33 28
75 85 29
78 60 5
48 7 3
11 2 2
34 23 54
14 51 44
40 22 70
20 43 86
60 4 32
42 9 18
24 58 79
38 86 13
78 24 40
22 84 83
16 88 19
40 38 44
85 74 48
53 25 71
26 87 54
62 45 70
22 86 50
65 46 18
45 28 5
66 6 37
70 13 54
51 3 7
56 2 43
57 34 19
58 46 14
22 60 6
18 60 23
45 28 72
52 71 53
40 80 5
78 12 62
70 32 74
60 73 1
30 23 4
87 6 58
20 21 79
88 20 57
54 66 82
88 77 13
10 21 1
15 68 83
58 63 5
37 8 79
16 35 5
78 81 48
66 45 80
12 59 86
10 22 56
25 52 14
23 25 50
53 17 66
21 80 42
46 19 50
56 60 55
44 19 25
12 56 59
68 7 42
53 21 59
62 9 82
9 20 23
71 48 25
12 80 57
24 58 87
55 49 36
13 75 20
10 3 11
22 18 32
32 66 75
44 18 65
37 78 57
65 82 43
25 20 21
81 66 2
29 1 9
43 18 6
14 35 16
47 70 33
2 86 37
5 57 64
88 4 28
5 25 23
18 32 82
41 39 59
84 39 84
73 35 71
45 13 6
56 49 27
42 16 16
4 26 21
71 76 81
69 27 63
29 75 58
20 16 27
24 39 74
42 51 45
30 85 61
46 19 19
4 11 4
34 73 51
61 56 2
64 59 16
36 41 67
74 44 16
80 65 36
77 37 83
27 25 22
48 82 20
84 31 8
7 83 63
24 3 67
33 54 30
30 45 82
43 10 45
16 45 7
10 2 67
4 77 30
73 59 22
50 81 50
84 66 27
3 35 29
16 34 2
15 48 37
21 65 44
55 60 14
55 61 7
31 77 67
10 14 66
33 18 80
21 52 75
29 21 63
18 73 13
45 50 28
29 40 19
13 29 9
82 41 9
53 21 62
18 70 64
48 25 32
30 75 40
14 47 72
33 55 86
9 49 11
20 37 66
71 68 57
73 40 23
1 24 16
10 29 41
6 36 88
69 65 70
9 58 18
11 40 63
57 86 88
26 84 67
20 18 8
47 85 17
64 12 49
34 37 25
7 28 79
79 70 37
31 74 19
32 5 81
70 12 66
50 81 9
64 44 56
37 37 67
56 31 52
54 75 47
14 83 28
58 57 62
39 80 74
38 69 30
53 19 1
39 27 25
16 32 59
55 29 62
83 50 15
2 19 37
16 24 53
83 85 59
67 9 5
59 51 36
20 85 61
1 38 23
18 45 59
14 61 7
29 72 60
34 13 47
7 56 43
36 21 61
26 81 4
71 19 21
25 41 78
65 2 3
13 64 69
50 71 21
86 74 64
54 1 64
65 44 37
5 66 8
58 2 39
46 44 22
21 80 2
13 77 46
68 49 62
3 30 18
4 17 30
63 13 70
2 32 72
54 35 61
21 22 79
86 21 47
83 76 42
23 55 10
10 83 46
19 78 11
29 46 47
56 36 79
62 40 78
57 19 57
20 30 80
88 38 86
7 2 2
10 47 72
44 67 54
81 21 86
62 85 81
48 46 48
87 7 63
48 48 15
24 21 30
14 19 76
1 76 66
46 60 82
66 79 14
54 45 20
46 83 78
62 14 18
84 72 54
45 35 24
86 13 34
3 63 48
69 37 3
13 71 37
65 76 42
32 35 84
24 34 22
19 55 15
2 80 23
68 50 49
67 16 79
13 27 47
74 63 44
39 84 31
48 27 46
81 75 59
68 29 44
30 52 75
18 77 3
14 10 7
82 32 29
6 33 3
22 61 46
75 71 23
5 18 43
13 81 76
46 41 53
3 74 48
52 19 60
44 6 71
40 11 66
78 61 85
45 80 6
61 8 5
51 44 65
13 22 15
25 3 76
77 65 1
50 64 1
39 74 66
72 8 88
10 51 68
87 26 6
48 27 87
6 28 87
37 28 28
10 41 5
69 40 26
64 51 65
60 81 39
64 28 44
63 70 34
61 40 51
73 35 72
53 19 67
81 55 45
63 46 45
15 17 71
53 73 82
35 82 77
4 42 54
68 63 29
20 76 24
26 20 9
21 50 84
54 27 35
11 62 3
27 55 80
77 82 18
31 74 80
60 72 32
7 85 12
18 6 15
16 86 60
14 69 4
83 5 38
15 69 84
55 83 32
87 51 35
68 48 20
63 41 87
7 60 61
41 70 26
54 14 47
79 58 23
51 10 22
35 49 28
38 68 19
45 45 10
35 69 43
19 29 82
27 52 80
1 27 75
58 22 59
41 65 16
73 46 33
52 32 83
23 1 12
30 3 16
48 11 3
4 63 58
36 77 76
53 51 29
57 41 63
87 87 39
12 10 45
5 47 11
25 53 56
26 40 71
86 41 10
75 45 37
27 18 43
1 14 13
14 35 53
86 53 86
80 38 73
36 59 50
40 84 12
52 41 6
62 45 79
53 68 59
54 24 60
10 76 82
26 34 60
16 43 74
41 5 21
64 29 81
8 58 20
31 43 56
8 11 80
42 11 64
77 44 80
2 8 87
61 45 46
32 7 35
65 45 18
68 42 4
35 20 22
53 2 86
43 7 29
83 69 9
4 68 76
5 41 28
61 42 56
17 62 38
85 4 52
41 52 17
38 32 56
19 2 42
1 64 80
66 15 6
72 42 35
6 4 28
11 71 67
37 19 12
70 2 2
72 85 7
52 59 60
63 79 76
53 65 19
36 30 61
2 7 15
88 38 87
7 75 46
34 67 79
11 59 61
56 43 59
62 55 72
35 41 68
22 35 57
53 42 30
44 29 12
59 46 11
51 72 17
54 17 27
57 80 82
78 30 57
30 84 63
68 5 69
34 25 56
84 69 8
37 19 53
70 9 76
25 73 7
74 79 30
11 41 6
34 27 54
60 24 21
76 42 43
85 27 63
49 27 11
50 35 47
81 11 75
19 62 88
85 6 20
34 57 2
85 53 32
42 50 66
3 11 77
37 23 73
17 22 70
31 7 85
63 78 31
3 69 35
60 84 42
64 59 81
7 48 43
45 9 42
30 22 76
52 81 5
31 2 8
12 47 56
78 30 2
36 41 75
17 13 13
14 3 80
46 31 78
70 57 26
36 16 33
15 79 48
72 4 18
87 1 52
75 32 30
12 53 48
31 44 36
87 51 74
14 77 38
87 30 35
14 11 48
83 83 5
14 53 24
33 35 35
61 23 43
79 78 52
5 70 70
81 73 45
47 19 62
8 70 38
64 37 83
34 20 34
3 32 6
57 77 66
7 35 69
30 83 56
59 54 82
34 40 17
74 8 41
78 84 6
40 53 45
86 85 87
30 19 2
33 79 53
32 49 36
72 60 17
23 67 56
51 12 2
4 7 43
30 51 85
88 43 8
32 12 65
73 68 36
66 44 55
57 87 75
24 79 76
39 80 59
54 47 65
82 80 58
4 87 8
39 32 7
74 58 35
30 83 12
84 24 65
59 88 19
80 7 44
30 85 21
36 53 28
29 77 65
65 26 13
42 43 55
86 80 25
79 54 55
27 17 76
48 34 33
60 22 26
40 54 61
9 40 52
1 79 40
17 78 10
76 58 6
27 43 22
28 13 75
6 61 17
8 35 2
8 7 3
40 38 26
88 34 69
46 88 63
56 14 18
60 87 13
42 78 56
8 35 75
50 50 11
82 46 12
45 53 68
67 43 38
30 24 4
42 40 8
38 72 84
27 22 77
10 77 39
80 33 42
49 35 87
33 68 55
53 58 74
78 6 38
2 46 67
83 13 18
3 30 81
45 61 34
20 87 37
19 85 34
16 23 23
62 59 16
14 26 57
80 1 21
69 75 62
49 17 23
2 31 80
70 2 88
11 77 28
81 40 38
19 44 28
39 70 20
83 71 70
1 1 86
15 52 47
4 1 77
31 57 23
34 85 36
83 1 28
38 29 31
40 29 7
39 33 49
87 26 40
88 7 68
18 19 78
31 1 62
33 45 58
60 5 57
45 45 19
51 15 71
29 78 18
39 60 42
5 54 12
38 79 16
56 14 15
88 33 45
33 1 30
51 22 85
79 65 45
31 81 4
68 19 50
55 72 35
62 10 86
51 16 82
62 75 61
9 75 60
21 70 76
10 80 51
85 32 46
59 34 42
79 20 13
27 65 85
19 60 22
86 41 7
77 7 60
11 64 30
13 5 18
21 7 51
80 67 59
37 10 58
69 77 16
50 31 87
38 61 8
42 76 54
32 46 12
8 82 23
10 58 2
45 12 29
63 1 11
74 70 49
84 87 29
56 75 35
46 67 25
60 63 30
36 37 67
10 87 4
51 47 25
68 64 29
54 4 17
49 19 31
47 52 68
36 69 48
59 51 61
34 32 74
28 50 9
42 19 60
13 4 84
70 84 11
33 28 82
37 86 24
66 51 78
70 13 44
79 57 82
66 12 44
25 73 56
8 67 27
12 81 28
40 18 17
10 19 6
78 74 76
62 80 69
57 73 53
10 57 11
18 24 28
63 24 14
51 56 21
46 80 39
27 48 19
73 57 50
13 52 35
28 52 42
44 73 67
65 27 75
61 88 86
18 78 75
85 24 56
81 80 27
1 68 1
77 88 53
41 11 72
60 38 66
45 76 42
30 53 26
31 72 83
72 67 4
13 40 87
53 2 45
57 39 47
76 25 30
24 86 45
30 58 32
38 33 84
14 38 51
7 85 68
54 75 84
35 88 69
31 20 24
11 69 44
56 29 45
71 43 58
51 31 28
3 11 67
40 1 63
9 56 70
55 61 55
50 61 26
38 65 20
19 29 4
56 34 59
2 71 11
42 7 22
75 28 8
66 19 61
43 22 65
63 32 5
2 29 44
11 25 4
63 23 14
11 4 10
6 17 28
61 4 37
67 22 70
70 9 77
33 25 74
48 52 71
71 13 51
31 46 10
6 52 53
81 69 22
50 18 36
62 50 75
54 28 5
1 28 49
60 47 24
21 55 20
74 22 44
67 61 28
10 88 81
4 56 78
29 77 7
60 74 66
24 3 22
35 28 70
11 45 27
1 55 75
61 14 65
33 22 33
58 75 36
87 49 34
41 46 16
34 30 47
19 28 8
2 79 44
26 76 3
78 73 86
12 62 50
41 18 39
7 53 73
82 45 68
9 43 76
6 36 6
71 44 25
17 8 11
23 50 28
36 70 85
76 38 81
25 7 70
26 79 5
80 84 23
37 48 51
54 87 11
66 9 59
62 5 33
61 7 36
12 59 63
40 7 11
50 52 23
68 64 38
86 23 65
78 67 40
59 22 2
82 25 24
34 2 1
75 75 76
52 73 17
17 31 41
51 14 28
27 87 20
57 43 62
20 16 70
57 28 50
86 51 80
78 5 29
60 86 52
3 9 43
72 44 38
18 37 20
66 51 6
16 64 87
64 67 49
47 16 48
82 17 13
61 33 8
44 88 25
53 87 35
9 88 41
86 71 7
38 16 32
84 17 52
61 35 33
47 68 17
77 30 46
53 23 80
44 57 26
27 31 67
12 22 13
36 74 15
18 46 46
88 10 70
20 11 6
6 18 44
41 22 1
13 78 82
48 40 83
14 24 31
9 48 27
47 17 85
11 50 19
68 81 85
41 65 77
38 69 13
82 32 32
52 79 68
11 33 34
73 62 7
21 68 18
43 11 40
17 82 2
74 25 4
32 87 28
37 20 48
84 83 54
54 43 35
39 6 30
54 20 22
16 68 4
24 21 28
21 13 15
8 1 78
68 35 60
58 42 9
78 33 65
4 60 76
82 46 56
3 86 56
75 87 51
18 5 13
80 86 6
63 1 72
72 11 76
61 8 32
22 65 18
67 14 33
58 65 62
39 61 81
27 82 9
10 33 61
77 23 30
4 47 53
60 21 44
32 41 88
54 48 87
12 74 77
44 37 31
81 9 58
16 63 82
86 42 17
14 28 77
83 79 32
38 71 11
31 64 54
52 43 39
55 87 80
15 23 10
84 51 67
30 1 6
56 47 11
51 15 78
13 56 1
8 48 26
17 19 10
14 72 76
16 4 18
12 67 86
21 14 63
32 47 88
1 10 73
62 32 43
17 50 74
47 36 40
47 39 37
11 42 4
51 81 42
81 87 16
53 10 41
70 63 52
6 49 1
56 52 57
62 51 66
30 61 25
77 60 78
68 47 52
12 12 60
20 7 68
31 5 39
59 56 85
56 2 37
54 31 39
33 35 32
67 8 87
50 85 19
58 20 87
74 27 39
36 53 14
61 54 44
75 47 55
75 9 6
46 15 36
35 60 50
3 16 36
24 23 61
19 86 15
49 28 72
33 34 49
72 21 88
74 60 34
17 20 29
41 63 43
74 66 80
75 33 82
31 76 7
27 19 12
10 72 16
28 30 21
72 80 82
19 79 75
44 19 64
70 9 86
32 88 68
71 70 44
27 72 45
48 32 59
87 61 36
56 35 19
5 56 15
38 6 88
67 61 85
2 61 82
4 59 42
51 69 35
20 44 22
41 6 82
19 51 78
81 5 14
78 55 49
34 70 56
5 88 86
36 36 54
27 65 69
41 39 82
8 75 36
47 52 74
21 13 75
20 40 66
77 5 51
71 37 9
85 86 49
44 52 39
84 82 70
17 31 19
51 10 25
20 48 37
52 24 44
75 60 79
43 10 13
56 47 67
30 87 14
29 11 8
47 6 51
59 34 8
9 9 31
14 28 13
81 5 43
16 37 59
50 88 8
10 57 33
58 65 16
26 12 58
5 81 16
81 58 12
70 54 52
42 18 45
73 13 32
81 15 29
45 35 16
81 48 75
54 85 53
48 79 9
22 79 45
39 47 35
7 74 25
35 26 58
13 1 44
57 67 63
32 57 39
26 17 11
84 88 76
9 72 12
87 60 26
74 17 37
20 48 71
34 82 50
38 3 13
44 48 32
45 29 78
20 12 58
80 87 80
54 15 66
83 52 31
30 20 37
73 1 33
14 64 73
80 39 20
30 65 87
17 57 17
50 53 42
42 27 73
23 85 9
13 9 53
16 67 21
81 76 85
36 88 7
44 3 43
31 56 62
27 86 48
78 28 15
61 67 19
59 51 28
10 74 67
22 25 51
52 56 36
8 59 21
72 64 12
77 56 61
30 16 39
41 27 20
23 86 67
77 19 55
71 82 69
23 24 64
48 32 76
87 30 55
59 40 51
57 47 5
51 83 43
57 27 1
59 77 24
15 80 64
2 31 4
62 72 6
26 53 45
68 81 39
87 27 3
4 73 14
60 13 36
84 52 32
51 67 13
39 6 53
53 76 77
60 72 79
83 61 12
88 45 69
67 43 65
21 15 25
51 31 55
14 11 23
19 14 44
72 84 88
37 11 27
50 13 53
60 79 57
19 24 48
3 22 15
71 81 87
45 36 82
59 44 32
80 43 67
13 62 79
72 50 49
58 61 76
78 33 84
12 46 19
72 27 22
81 56 41
6 4 4
61 28 59
88 19 82
38 35 39
3 33 85
73 39 42
35 18 15
32 59 16
26 61 5
67 11 16
48 41 67
48 80 54
39 2 21
83 10 61
38 54 82
71 16 87
85 55 64
75 28 23
41 33 50
67 20 10
63 55 36
2 74 86
37 67 71
23 20 37
45 80 26
16 25 49
12 24 85
79 65 82
16 45 14
58 74 48
48 56 45
49 88 59
71 6 42
59 46 65
61 43 28
68 70 62
79 20 77
14 44 65
40 6 30
23 58 41
60 12 56
2 49 66
51 49 45
50 47 83
12 27 70
2 55 1
55 10 37
45 24 65
73 58 34
25 73 88
19 41 8
80 77 45
19 28 33
3 68 11
16 57 1
26 3 75
48 56 6
37 82 56
68 77 60
40 83 10
56 54 87
62 27 15
33 16 16
81 68 85
81 54 80
86 7 88
2 8 3
55 25 43
76 71 58
71 10 58
44 81 31
16 31 31
31 48 22
48 85 88
18 50 3
37 71 25
26 87 84
78 49 46
19 19 25
63 39 4
2 47 17
9 84 72
43 36 78
29 18 21
74 53 50
48 80 15
54 64 17
78 55 26
50 26 6
66 73 48
22 33 39
84 14 56
28 40 70
74 10 55
77 83 34
73 43 25
85 38 29
37 13 12
76 55 60
21 26 36
16 73 24
7 46 79
61 51 59
55 32 39
16 56 6
87 10 87
30 84 63
80 82 75
16 68 48
1 62 76
40 25 52
5 59 51
44 9 69
38 22 69
54 86 75
57 77 62
25 66 17
59 45 71
11 55 69
12 83 78
56 39 65
61 61 9
27 70 62
56 75 37
53 71 4
88 29 44
63 78 81
1 10 82
76 35 50
59 84 26
5 22 30
9 44 63
83 42 69
3 34 79
42 30 55
57 44 81
63 64 61
59 83 10
85 52 37
64 87 50
75 41 7
22 72 42
42 67 64
54 25 2
69 2 74
41 22 40
17 63 63
11 43 58
75 13 50
54 55 21
12 11 50
14 48 87
31 14 6
29 43 50
48 60 50
66 45 9
25 64 21
52 83 49
81 6 59
52 46 24
61 67 40
68 11 57
84 52 74
28 50 61
61 2 59
61 7 36
30 25 14
19 2 13
25 41 85
18 76 49
11 16 23
34 26 26
42 77 58
5 39 23
6 65 84
35 77 8
2 48 60
71 8 52
62 41 34
27 79 16
75 81 13
17 45 5
4 62 30
12 3 42
46 6 85
86 23 22
50 13 88
72 42 39
79 28 76
14 10 44
48 29 64
82 20 87
45 53 41
58 60 13
19 57 18
66 2 71
30 20 64
13 80 35
77 75 8
28 7 78
33 88 65
15 60 74
30 35 32
57 17 60
22 86 45
48 73 38
87 8 45
4 14 28
63 85 76
25 58 70
69 59 6
44 35 85
42 73 74
31 42 86
5 32 74
37 36 30
2 75 2
60 56 65
31 18 24
33 10 47
38 82 47
48 56 16
38 53 34
12 21 75
61 16 28
2 36 47
70 41 3
72 31 53
59 45 49
13 37 46
60 65 81
57 9 71
24 62 88
78 77 43
13 85 18
71 81 67
13 49 21
43 59 20
16 61 69
40 56 82
14 54 62
10 53 11
15 26 77
16 58 10
82 27 60
60 7 32
61 61 72
48 49 60
70 85 9
26 41 62
69 43 23
7 35 5
1 63 82
85 38 8
57 27 78
59 47 81
54 62 30
35 31 65
69 67 50
10 34 10
44 53 15
57 8 32
62 61 84
4 76 1
45 32 4
8 53 38
56 67 5
88 79 52
49 21 69
42 71 16
47 48 13
73 6 74
30 75 56
16 20 51
77 57 38
47 79 79
33 4 35
45 15 82
63 8 68
42 38 79
84 69 2
35 5 74
52 63 1
14 68 58
31 53 16
42 35 66
63 19 30
73 3 19
73 9 83
38 17 6
46 68 34
19 28 68
17 88 30
52 55 51
10 75 16
1 49 30
12 11 20
1 26 22
60 23 39
32 34 45
44 52 46
81 33 5
46 11 27
84 33 15
39 31 60
74 4 80
75 36 78
76 20 77
85 25 59
78 36 70
11 8 59
60 87 30
69 70 55
18 35 52
17 79 36
86 26 1
74 87 37
54 57 8
22 19 13
18 58 45
9 17 19
49 64 51
27 74 39
67 21 66
52 19 41
55 31 28
71 25 3
63 3 47
16 9 70
72 68 36
26 60 5
61 11 65
51 11 52
48 68 1
42 6 12
7 36 88
59 49 55
66 66 52
32 6 74
17 71 50
84 83 20
82 5 73
72 66 17
82 61 50
24 27 75
71 11 35
13 64 41
34 41 54
69 58 26
58 29 88
11 14 69
7 52 25
81 61 3
50 20 48
43 25 34
2 37 63
24 38 19
26 40 12
6 11 30
74 14 2
3 45 80
33 18 42
23 52 75
52 1 78
78 53 44
2 42 23
81 85 48
72 72 25
57 17 47
87 54 14
25 88 10
71 67 20
9 15 47
20 76 48
24 50 84
18 76 10
46 2 45
72 23 47
35 37 13
17 11 17
34 29 66
56 5 73
83 65 35
76 68 13
80 5 52
42 51 80
71 28 14
36 30 41
43 80 79
25 22 71
20 67 51
79 87 42
23 85 31
59 36 39
25 1 79
71 7 37
64 8 18
11 35 38
61 56 84
43 49 77
68 39 2
1 41 53
30 82 77
49 60 79
34 72 2
33 38 52
85 11 47
26 77 2
58 12 43
33 31 24
40 58 26
5 63 84
81 69 84
10 27 48
43 67 52
8 35 45
63 37 51
2 71 86
86 75 74
62 38 5
76 45 18
15 84 79
39 76 77
12 39 23
41 54 64
30 19 74
34 56 30
41 66 42
42 61 60
43 18 46
84 78 60
28 1 55
54 69 50
58 57 50
64 44 77
62 10 53
50 67 52
84 49 28
48 8 7
66 66 40
43 39 13
33 56 52
82 21 74
73 28 6
40 53 68
57 56 61
83 19 6
77 13 7
75 8 79
10 50 22
76 13 2
72 50 39
47 66 76
78 66 28
43 47 38
50 32 49
76 2 88
13 25 51
26 77 39
79 38 60
24 28 62
52 49 6
85 21 84
9 85 5
71 38 42
40 67 8
15 19 9
2 17 44
87 60 67
12 49 68
20 26 8
85 36 7
20 45 22
57 28 67
45 73 27
41 75 70
53 48 70
71 56 51
11 46 53
3 88 59
26 84 6
65 30 70
62 69 54
27 49 50
69 65 29
69 71 43
86 50 18
26 78 53
37 85 57
80 14 36
25 18 37
3 34 8
58 2 17
68 73 76
56 45 25
45 45 88
33 69 50
35 9 76
52 33 80
10 47 60
64 86 60
3 4 55
57 46 28
47 24 25
6 37 24
38 48 2
58 45 14
21 79 51
4 27 20
53 55 14
18 63 56
12 82 1
50 22 5
74 32 43
8 34 49
77 45 45
62 55 69
68 21 64
85 34 55
8 65 29
12 6 44
63 2 41
74 60 62
15 63 50
85 68 27
36 72 24
18 51 16
53 70 80
24 11 7
62 51 45
28 11 70
20 41 17
15 16 48
45 72 25
65 64 27
23 61 37
73 29 84
25 12 78
48 43 33
80 75 53
42 25 39
51 36 24
7 57 24
13 16 18
70 14 13
40 59 40
44 6 19
72 20 5
38 18 20
61 9 65
56 17 79
88 21 67
47 47 42
41 20 43
61 88 5
46 47 25
7 81 82
76 43 68
26 72 68
21 40 18
8 17 44
53 28 27
42 64 64
31 76 56
7 66 33
11 16 25
77 10 67
7 86 88
18 38 17
1 39 73
14 2 1
64 86 62
74 31 68
60 6 87
56 77 68
64 55 37
25 53 25
19 10 5
57 37 53
65 46 60
44 12 23
50 52 37
47 37 73
26 60 53
48 68 79
47 14 64
51 45 19
22 80 42
34 4 85
35 56 47
30 83 86
21 62 69
1 33 68
36 74 15
36 27 1
79 13 65
22 19 67
24 88 48
71 86 20
12 81 57
85 87 3
29 44 17
2 23 55
34 31 32
22 17 78
82 37 63
60 32 33
5 44 77
10 1 8
20 69 19
77 49 30
31 51 44
61 42 83
45 34 75
41 70 2
38 83 3
71 46 64
31 2 84
58 57 63
49 44 60
75 66 77
53 51 62
31 70 23
4 76 86
2 55 81
53 36 15
30 26 77
72 28 55
23 22 61
87 44 27
71 30 14
64 71 9
8 29 67
86 25 25
61 45 57
21 41 17
58 15 10
83 81 34
64 71 75
41 43 81
3 69 26
11 58 52
45 33 3
69 85 28
40 42 16
8 56 83
32 58 9
38 26 6
67 82 79
82 12 23
74 42 17
20 85 49
51 12 88
41 50 44
41 77 14
80 27 10
47 2 17
22 8 81
3 1 25
11 54 65
56 75 23
4 36 31
44 57 44
16 32 68
2 88 17
10 29 25
57 42 36
36 6 11
70 32 16
12 20 19
88 12 52
65 72 79
87 32 2
43 17 49
73 80 56
44 74 75
12 16 36
27 36 14
61 47 72
73 84 67
14 44 15
54 85 40
7 8 86
11 57 61
26 88 14
29 8 86
48 34 82
79 14 67
25 68 19
55 2 34
28 31 73
49 12 39
57 17 40
43 8 20
86 15 12
13 10 55
5 21 9
37 54 46
46 73 44
87 15 32
41 85 40
63 42 46
30 5 62
77 56 75
26 62 66
72 79 13
31 8 37
84 19 2
53 46 25
61 76 47
28 25 10
53 49 22
52 79 16
53 87 21
55 64 5
74 21 84
54 87 24
66 18 76
68 40 79
25 77 80
58 33 4
36 66 88
48 62 59
38 69 56
36 42 71
26 29 35
55 36 52
59 42 69
61 6 30
3 7 75
56 17 41
64 33 30
19 13 13
15 87 69
53 16 65
88 51 36
68 39 76
18 35 17
69 13 57
53 31 61
50 22 27
68 52 23
76 39 9
74 36 84
58 88 79
4 13 23
4 10 43
70 28 5
70 10 45
41 54 14
10 81 6
74 60 19
4 58 75
28 61 21
9 21 63
45 62 36
5 81 18
28 71 63
74 30 65
72 70 59
37 43 72
52 80 15
67 19 39
52 47 75
77 25 28
41 42 82
7 65 56
49 83 12
71 45 52
36 62 5
30 38 26
8 34 33
45 85 6
1 54 83
5 1 5
40 54 38
53 34 4
52 59 67
34 3 51
39 11 59
18 7 55
46 68 65
49 3 4
64 55 8
38 19 55
43 60 32
57 73 29
42 46 79
67 25 76
86 58 37
20 13 82
71 31 12
42 21 19
59 87 7
45 45 38
38 44 75
65 25 67
52 16 50
4 16 79
78 85 26
72 26 45
23 53 52
52 65 59
15 36 24
49 48 23
68 48 64
83 19 49
84 77 75
64 8 75
40 51 65
51 36 1
15 86 55
72 51 5
69 47 44
3 31 3
35 45 54
76 39 83
77 40 3
68 36 69
51 77 45
70 10 74
26 73 72
52 32 15
37 5 86
54 35 33
47 37 59
84 52 84
79 41 43
57 64 63
18 61 62
18 24 56
36 3 26
57 20 29
23 68 68
14 65 50
81 12 42
73 2 8
86 4 25
61 49 25
40 19 28
22 48 88
88 55 71
37 46 69
43 1 61
7 11 55
8 66 72
45 24 30
1 79 53
55 24 11
4 39 66
54 40 32
37 78 65
76 4 57
46 49 9
8 18 64
82 74 43
18 60 28
84 52 63
84 57 66
27 48 71
41 59 8
67 6 58
2 38 49
75 6 65
25 21 86
71 38 29
47 40 63
41 26 23
57 12 82
11 70 71
68 87 22
11 62 57
38 78 59
88 86 62
59 40 55
83 64 20
23 32 65
24 5 20
65 55 21
71 55 2
61 66 52
62 27 5
87 6 7
74 53 71
72 32 63
44 14 62
8 8 84
74 32 74
82 31 37
5 38 6
73 70 79
48 7 31
9 86 35
65 74 46
66 40 35
72 22 40
6 69 20
78 20 22
87 63 36
46 71 72
38 20 35
4 43 81
69 55 28
54 43 54
71 56 78
6 56 68
42 58 72
37 12 4
61 2 24
4 5 69
70 60 16
46 86 60
83 12 74
82 70 80
60 34 70
73 85 43
18 32 19
42 75 27
53 40 29
69 6 84
34 57 71
14 29 81
55 44 47
42 73 67
86 53 1
62 5 81
70 39 71
66 75 38
70 47 71
57 16 76
18 67 2
24 17 82
8 64 16
43 37 74
7 18 3
15 69 44
68 30 6
44 64 3
35 59 54
70 74 71
60 82 80
68 66 59
45 35 63
6 83 4
46 12 7
51 67 9
3 80 35
1 53 16
14 6 25
16 22 49
54 65 41
23 9 5
42 67 48
85 24 11
28 64 14
4 75 59
58 4 51
55 87 15
40 51 67
81 13 16
54 78 27
79 57 44
77 39 46
6 34 10
18 4 62
36 80 9
23 75 82
67 35 35
17 31 65
68 82 39
1 42 72
84 32 72
67 17 33
37 14 40
33 19 15
27 36 17
66 42 36
84 59 51
44 21 61
87 78 36
63 12 44
39 55 63
63 82 83
42 61 44
82 14 70
50 72 9
72 22 3
16 71 27
36 74 86
84 8 48
87 37 14
77 39 88
38 71 78
15 54 22
32 11 66
81 21 48
80 34 9
32 79 18
13 70 11
76 88 36
59 57 50
70 55 25
70 5 2
75 34 14
16 46 33
12 43 85
43 6 27
5 6 54
15 12 69
30 22 14
33 73 50
49 45 81
26 10 36
85 19 69
77 85 31
1 34 28
58 12 25
15 3 22
6 65 73
41 18 52
59 74 29
23 30 76
83 55 26
34 44 17
53 66 44
31 68 2
27 56 45
64 2 87
50 2 54
86 17 62
42 2 18
22 42 68
13 54 25
16 48 66
86 84 51
48 1 8
77 21 4
82 66 77
37 41 44
77 71 28
43 33 6
52 73 50
24 2 3
7 67 24
22 10 37
9 74 56
79 72 66
88 43 11
76 50 25
19 7 5
55 63 37
78 52 24
6 56 9
74 66 34
52 10 31
27 40 5
51 35 51
79 10 70
78 51 88
22 50 46
2 24 9
36 25 2
86 53 43
16 56 24
56 12 24
53 61 14
78 28 50
39 44 68
20 10 76
50 50 74
49 50 11
69 12 49
39 73 65
67 79 37
44 32 33
4 19 64
87 28 26
48 22 25
71 88 83
19 51 3
84 8 61
51 52 80
21 9 37
50 1 67
46 28 31
37 53 45
78 85 34
88 17 21
42 62 12
82 40 31
76 22 73
60 10 46
4 57 12
48 37 8
25 58 72
11 24 68
2 16 13
25 23 62
3 49 40
88 24 10
85 41 20
53 6 22
8 83 31
86 12 5
75 2 59
52 86 51
4 85 28
76 45 15
57 30 10
1 79 78
83 65 51
59 59 17
64 26 20
39 67 67
61 59 74
38 26 21
2 12 70
39 75 47
69 38 84
87 74 69
52 8 39
19 20 59
60 55 70
52 3 12
39 10 13
33 70 44
53 38 67
38 50 31
63 52 8
87 19 61
15 52 86
42 70 11
72 70 4
73 85 51
12 19 27
76 54 43
65 6 44
4 42 18
67 85 35
33 2 68
68 54 40
64 81 12
26 74 8
26 11 78
6 85 64
48 61 62
71 80 38
56 7 81
33 74 78
17 23 63
60 67 44
20 2 21
32 6 30
17 59 50
25 7 68
62 26 1
13 7 11
51 82 63
17 15 7
43 71 59
43 8 35
5 88 46
81 50 40
63 67 81
24 76 33
14 6 42
16 78 23
74 26 80
54 86 22
3 71 88
25 50 69
46 59 76
36 88 18
2 70 26
33 72 66
25 86 55
78 36 81
26 88 55
37 67 11
68 30 21
21 84 40
18 80 55
27 73 84
25 36 18
34 9 36
85 29 14
22 37 40
5 88 11
47 13 45
42 74 46
55 81 6
34 24 13
46 25 65
11 27 72
42 57 67
36 51 83
70 86 56
31 57 72
79 16 25
21 19 10
3 50 53
50 61 68
73 78 18
31 50 35
46 75 37
20 80 78
51 8 65
85 61 62
82 46 41
59 46 78
63 34 69
85 28 27
43 40 41
34 69 75
72 76 47
59 62 64
31 72 49
38 42 69
28 9 46
84 29 59
5 39 29
27 48 40
88 40 2
56 8 27
7 49 84
4 75 12
36 21 28
32 69 11
40 57 50
8 23 76
2 59 38
19 57 84
52 52 20
9 85 71
20 44 35
6 55 44
13 17 39
53 58 75
41 73 26
35 64 41
21 32 26
29 80 82
51 67 39
6 22 70
55 70 30
72 45 82
56 68 6
47 61 39
35 85 73
35 61 5
83 22 41
82 13 25
1 71 36
78 75 5
12 40 39
54 88 63
72 25 14
19 7 26
62 83 70
69 46 21
26 6 1
80 13 69
70 47 62
12 2 1
70 72 67
11 69 48
40 75 20
22 37 61
19 87 79
62 64 14
62 61 84
43 56 37
67 39 80
40 30 53
35 45 13
9 10 59
7 55 15
1 13 57
56 1 14
7 71 3
56 62 23
33 86 34
56 31 42
16 3 2
7 75 15
40 20 83
60 20 61
86 6 1
69 2 22
83 84 59
12 10 53
61 8 46
76 78 3
40 30 5
59 56 1
24 74 67
38 50 76
74 2 3
35 26 67
52 81 81
63 8 10
79 62 77
42 72 48
87 14 37
16 9 2
66 23 10
82 51 63
67 12 37
4 60 59
62 2 38
57 37 58
41 7 4
70 53 58
40 44 32
45 58 2
69 84 80
73 8 85
14 66 63
23 48 58
83 48 56
55 62 45
45 52 55
26 36 5
13 35 8
75 27 61
34 50 15
22 29 73
40 87 40
26 88 85
63 22 71
32 74 63
82 59 75
18 48 65
72 47 3
45 60 56
40 58 59
68 48 78
15 84 19
88 66 86
44 60 61
53 22 67
14 60 33
27 61 8
17 24 45
15 10 36
77 74 52
15 18 11
46 50 71
14 59 9
68 9 67
78 31 37
1 10 20
5 57 21
62 62 11
5 78 86
17 21 35
37 23 40
33 40 8
32 27 37
42 74 79
1 54 39
42 41 47
62 3 46
31 18 24
88 13 4
86 79 6
66 20 72
32 50 11
45 83 54
14 77 23
50 54 63
6 44 86
54 78 41
63 83 1
22 38 12
9 66 78
46 61 70
85 79 26
42 41 8
54 66 1
66 77 51
38 35 1
41 9 33
28 43 23
80 3 16
88 23 26
42 35 81
32 7 40
56 86 20
85 7 85
24 41 39
43 14 82
24 37 57
21 69 30
40 52 51
46 31 81
25 24 6
55 13 75
22 69 5
61 11 11
18 31 85
11 70 79
81 74 11
23 2 81
57 38 81
55 41 33
3 45 85
30 67 13
28 59 70
31 83 9
66 33 79
61 67 84
23 74 25
33 4 21
2 5 57
2 82 66
10 56 46
26 78 87
60 85 71
63 40 16
26 19 78
75 46 49
29 4 51
66 67 66
62 33 69
1 32 41
21 47 32
56 4 53
49 60 25
24 39 26
38 6 21
6 7 4
38 34 29
17 49 49
14 36 77
2 38 75
21 67 4
45 3 18
48 7 11
68 25 87
9 55 14
66 36 86
32 14 1
34 42 88
33 3 21
9 61 82
3 19 30
27 80 57
69 81 4
68 22 33
66 30 22
36 80 61
18 33 42
53 25 55
20 56 39
1 77 29
53 22 68
73 17 19
65 75 29
34 60 74
2 84 55
11 67 61
7 76 10
19 86 81
19 18 82
36 69 6
6 46 14
81 87 27
34 52 6
54 42 35
27 11 24
77 88 64
10 70 57
18 59 11
29 25 68
87 3 33
53 17 57
49 40 3
37 66 38
57 3 63
67 66 75
25 80 1
9 69 88
25 16 13
20 49 69
50 86 82
23 68 85
87 7 88
41 49 88
62 13 30
86 40 9
4 76 55
87 53 46
4 66 51
6 61 63
18 34 16
58 10 33
84 75 47
71 35 4
61 88 67
33 43 77
67 25 56
44 70 68
64 45 34
65 75 40
86 57 3
80 88 84
84 1 49
11 14 11
61 67 36
30 61 6
48 80 62
53 19 14
72 27 82
75 9 14
74 4 50
43 68 81
76 40 2
35 41 14
76 28 37
26 76 16
4 38 29
55 25 6
44 3 45
49 16 38
53 12 78
75 34 16
76 45 4
40 50 63
76 81 4
61 82 16
4 84 69
71 31 24
53 38 73
34 73 38
39 1 74
54 76 14
2 36 6
68 83 13
47 65 57
48 65 19
70 77 67
42 39 12
43 4 72
40 62 43
63 25 1
44 84 35
40 67 88
25 47 19
1 17 50
80 70 80
19 72 83
7 17 75
14 69 62
62 30 31
63 88 8
29 76 51
33 23 50
54 86 87
83 71 85
75 66 35
69 69 57
41 7 52
39 32 63
9 39 82
88 69 22
30 19 34
8 32 24
45 58 10
3 53 23
74 79 81
53 37 22
33 4 72
45 69 12
29 20 27
87 22 88
35 57 76
5 6 86
35 29 64
7 10 46
30 3 62
49 85 56
75 20 22
73 38 76
21 51 22
63 78 8
78 27 13
12 75 59
47 80 65
83 81 60
47 6 54
58 78 26
69 17 48
30 61 29
16 46 35
27 79 72
64 65 80
72 73 28
64 30 69
27 8 59
56 10 3
45 55 15
66 2 83
71 27 41
39 32 39
71 52 46
84 54 19
29 78 5
29 9 66
15 21 36
34 83 53
33 59 27
39 45 56
46 47 77
41 59 66
66 88 82
17 49 22
41 69 41
86 22 2
67 55 61
8 24 57
17 34 5
52 77 21
38 10 18
47 7 11
71 82 45
74 60 46
60 37 9
15 85 59
5 23 28
22 88 36
55 45 43
51 14 23
75 80 46
48 88 77
33 79 85
53 80 23
22 57 58
72 33 88
12 45 77
19 36 59
55 54 55
45 7 49
17 69 26
23 60 40
5 20 12
4 57 51
32 48 47
35 45 68
10 42 40
2 80 17
75 22 21
9 17 23
33 41 50
87 44 20
27 4 16
22 6 25
81 9 64
50 12 42
24 16 67
5 12 73
31 66 30
87 82 23
40 54 17
78 21 2
1 65 78
12 78 24
75 30 1
50 23 85
67 46 33
16 69 48
61 64 48
66 72 75
53 56 19
66 40 72
82 66 65
76 28 87
62 83 79
73 56 28
78 16 33
83 67 37
30 40 18
24 28 24
28 23 77
11 49 65
26 28 64
76 37 6
76 29 76
8 87 64
23 5 23
77 70 70
69 63 59
86 78 40
25 30 84
58 61 16
48 35 44
50 56 24
2 5 8
81 60 38
74 63 30
49 29 43
24 86 43
18 57 31
70 63 65
41 32 7
47 48 36
67 64 58
58 83 53
83 3 43
41 85 9
72 7 57
59 37 48
39 19 83
88 38 7
12 13 30
55 22 63
30 35 45
1 40 15
55 21 18
52 65 57
14 83 85
81 27 71
4 67 39
30 66 55
54 8 39
75 77 19
9 83 31
49 1 17
80 85 74
47 14 42
37 9 24
33 86 86
40 40 47
30 2 51
44 9 16
19 34 82
73 59 55
6 72 64
15 78 80
55 27 71
60 45 11
48 11 25
42 58 58
65 73 42
18 26 64
49 6 58
87 67 44
23 21 84
37 58 1
57 4 52
10 78 54
2 63 76
63 9 81
42 15 36
14 48 58
43 85 33
79 30 79
44 79 13
79 51 57
33 27 69
46 1 38
87 75 45
52 49 86
85 36 20
27 49 43
85 31 52
33 31 45
26 84 26
22 88 1
29 40 73
43 3 25
75 34 41
62 22 16
84 51 86
11 82 32
25 82 57
5 2 24
33 56 87
32 31 83
58 77 19
62 32 39
84 76 59
70 81 54
75 56 43
48 37 65
8 44 82
64 87 53
32 87 19
55 83 22
54 14 48
24 64 77
41 4 2
46 15 74
40 60 44
55 72 14
9 51 78
21 77 39
56 13 23
26 73 9
69 54 5
31 52 55
84 56 32
87 78 81
74 28 38
40 17 48
77 40 39
53 59 16
58 84 27
74 21 53
53 57 22
42 65 14
36 45 81
62 8 2
38 51 64
56 64 52
32 10 5
86 69 25
4 68 77
64 55 23
65 44 10
1 12 22
64 27 68
58 23 31
41 10 67
84 16 66
59 49 23
34 53 59
62 84 3
51 22 14
88 7 9
38 37 68
83 24 21
78 81 15
9 44 88
69 64 35
46 59 49
7 20 87
10 21 29
4 9 75
88 83 46
40 46 6
78 55 28
56 75 67
63 6 31
78 56 17
39 39 27
48 37 37
41 57 20
32 81 57
88 80 70
79 37 8
55 7 37
30 9 66
11 54 68
16 68 41
65 51 7
17 77 27
44 34 21
65 26 54
87 75 60
50 50 22
28 80 14
54 37 78
70 41 82
44 85 69
72 57 62
58 20 25
27 63 62
55 12 60
30 31 75
66 50 82
31 59 7
35 43 28
40 52 27
81 51 32
59 34 88
70 17 79
65 86 20
59 19 1
38 41 76
39 43 35
11 21 66
69 6 3
2 3 63
68 49 32
25 49 51
48 46 70
54 73 68
32 19 10
70 88 11
13 43 53
71 3 37
15 76 50
69 23 43
69 66 46
38 59 15
35 78 32
23 19 67
1 74 87
25 88 20
18 29 8
2 6 27
